nohup: ignoring input
Regenerating dataset.
	Done.
Loading existence torch dataset.
	choice channels ['PV001', 'PV002', 'PV003', 'PV004', 'PV005', 'PV006', 'PV007', 'PV008', 'PV009', 'PV010', 'PV011', 'PV012', 'PV013', 'PV014', 'PV015', 'PV016', 'PV017', 'PV018', 'PV019', 'PV020', 'PV021', 'PV022', 'PV023', 'PV024', 'PV025', 'PV026', 'PV027', 'PV028', 'PV029', 'PV030', 'PV031', 'PV032', 'PV033', 'PV034', 'PV035', 'PV036', 'PV037', 'PV038', 'PV039', 'PV040', 'PV041', 'PV042', 'PV043', 'PV044', 'PV045', 'PV046', 'PV047', 'PV048', 'PV049', 'PV050', 'PV051', 'PV052', 'PV053', 'PV054', 'PV055', 'PV056', 'PV057', 'PV058', 'PV059', 'PV060', 'PV061', 'PV062', 'PV063', 'PV064', 'PV065', 'PV066', 'PV067', 'PV068', 'PV069', 'PV070', 'PV071', 'PV072', 'PV073', 'PV074', 'PV075', 'PV076', 'PV077', 'PV078', 'PV079', 'PV080', 'PV081', 'PV082', 'PV083', 'PV084', 'PV085', 'PV086', 'PV087', 'PV088', 'PV089', 'PV090', 'PV091', 'PV092', 'PV093', 'PV094', 'PV095', 'PV096', 'PV097', 'PV098', 'PV099', 'PV100', 'PV101', 'PV102', 'PV103', 'PV104', 'PV105', 'PV106', 'PV107', 'PV108', 'PV109', 'PV110', 'PV111', 'PV112', 'PV113', 'PV114', 'PV115', 'PV116', 'PV117', 'PV118', 'PV119', 'PV120', 'PV121', 'PV122', 'PV123', 'PV124', 'PV125', 'PV126', 'PV127', 'PV128', 'PV129', 'PV130', 'PV131', 'PV132', 'PV133', 'PV134', 'PV135', 'PV136', 'PV137']
	train: 24096
	vali : 3072
	test : 6576
agga-fln

Experiment Start at <2025-02-19_15:55:52>
	PID: <2500129>
	Notes: <None>

Envs Setting:
    loss: "l1";      dataset_prob: "[0.7, 0.1, 0.2]";      data_scale: "True";  
    date_scale: "True";      c_out: "137";      regen_dataset: "True";  
    check_dataloader: "False";      muti_process: "False";      seed: "42";      device: "cuda:1";  
    dtype: "torch.float32";      adjust_lr: "False";      save_best_model: "True";  
    load_best_model: "False";      inp_len: "96";      pred_len: "336";      epochs: "42";  
    batch_size: "32";      optimizer: "amam";      learning_rate: "0.0001";  
    weight_decay: "0";      dropout: "0.3";      c_in: "137";  
Model Setting:
    name: "agga-fln";      order: "2";      dilation: "1";      kernel_size: "3";  
    emb_dim: "8";      dropout: "0.5";      sta_layers: "1";      share: "False";  
    use_update: "False";      c_date: "5";      n_nodes: "1";      c_in: "137";      c_out: "137";  
    device: "cuda:1";      inp_len: "96";      pred_len: "336";  
Dataset Setting:
    name: "solar";      channels: "137";      n_nodes: "1";      lens: "35040";  
    time_window: "15mins";  
    channel_info: "['PV001', 'PV002', 'PV003', 'PV004', 'PV005', 'PV006', 'PV007', 'PV008', 'PV009', 'PV010', 'PV011', 'PV012', 'PV013', 'PV014', 'PV015', 'PV016', 'PV017', 'PV018', 'PV019', 'PV020', 'PV021', 'PV022', 'PV023', 'PV024', 'PV025', 'PV026', 'PV027', 'PV028', 'PV029', 'PV030', 'PV031', 'PV032', 'PV033', 'PV034', 'PV035', 'PV036', 'PV037', 'PV038', 'PV039', 'PV040', 'PV041', 'PV042', 'PV043', 'PV044', 'PV045', 'PV046', 'PV047', 'PV048', 'PV049', 'PV050', 'PV051', 'PV052', 'PV053', 'PV054', 'PV055', 'PV056', 'PV057', 'PV058', 'PV059', 'PV060', 'PV061', 'PV062', 'PV063', 'PV064', 'PV065', 'PV066', 'PV067', 'PV068', 'PV069', 'PV070', 'PV071', 'PV072', 'PV073', 'PV074', 'PV075', 'PV076', 'PV077', 'PV078', 'PV079', 'PV080', 'PV081', 'PV082', 'PV083', 'PV084', 'PV085', 'PV086', 'PV087', 'PV088', 'PV089', 'PV090', 'PV091', 'PV092', 'PV093', 'PV094', 'PV095', 'PV096', 'PV097', 'PV098', 'PV099', 'PV100', 'PV101', 'PV102', 'PV103', 'PV104', 'PV105', 'PV106', 'PV107', 'PV108', 'PV109', 'PV110', 'PV111', 'PV112', 'PV113', 'PV114', 'PV115', 'PV116', 'PV117', 'PV118', 'PV119', 'PV120', 'PV121', 'PV122', 'PV123', 'PV124', 'PV125', 'PV126', 'PV127', 'PV128', 'PV129', 'PV130', 'PV131', 'PV132', 'PV133', 'PV134', 'PV135', 'PV136', 'PV137']";  
    choise_channels: "[0, 1, 2, 3, 4, 5, 6, 7, 8, 9, 10, 11, 12, 13, 14, 15, 16, 17, 18, 19, 20, 21, 22, 23, 24, 25, 26, 27, 28, 29, 30, 31, 32, 33, 34, 35, 36, 37, 38, 39, 40, 41, 42, 43, 44, 45, 46, 47, 48, 49, 50, 51, 52, 53, 54, 55, 56, 57, 58, 59, 60, 61, 62, 63, 64, 65, 66, 67, 68, 69, 70, 71, 72, 73, 74, 75, 76, 77, 78, 79, 80, 81, 82, 83, 84, 85, 86, 87, 88, 89, 90, 91, 92, 93, 94, 95, 96, 97, 98, 99, 100, 101, 102, 103, 104, 105, 106, 107, 108, 109, 110, 111, 112, 113, 114, 115, 116, 117, 118, 119, 120, 121, 122, 123, 124, 125, 126, 127, 128, 129, 130, 131, 132, 133, 134, 135, 136]";  
    nodes_info: "['None']";      choise_nodes: "[-1]";      folder_path: "./dataset/solar";  
    file_name: "solar_Alabama.csv";      adj_path: "None";      period_type: "None";  
    c_date: "5";      raw_path: "./raw_files/SOLAR/solar_Alabama.csv";      data_channels: "137";  
    dataset_type: "['train', 'test', 'vali']";      scale: "True";      inp_len: "96";  
    pred_len: "336";      dtype: "torch.float32";      num_nodes: "1";      n_channels: "137";  
    data_scale: "True";      date_scale: "True";      dataset_prob: "[0.7, 0.1, 0.2]";  

Epoch: 001
State: <train>
	iter    Loss        MAE         MAPE        RMSE        Speed (/iter)   Time Cost   
	0000    3.8506      0.8874      114.2340%   1.0339      1.1963 s        1.20 s      
	0100    3.3028      0.5620      178.8489%   0.7548      0.0281 s        4.01 s      
	0200    2.7714      0.3741      223.6279%   0.5667      0.0281 s        6.82 s      
	0300    2.5013      0.3265      254.3082%   0.5008      0.0259 s        9.41 s      
	0400    2.3108      0.3033      257.9500%   0.4792      0.0273 s        12.15 s     
	0500    2.0450      0.2975      258.7542%   0.4817      0.0283 s        14.97 s     
	0600    1.2966      0.2940      268.4840%   0.4793      0.0283 s        17.80 s     
	0700    0.3952      0.2912      265.9451%   0.4790      0.0280 s        20.61 s     
State: <vali>
	iter    Loss        MAE         MAPE        RMSE        Speed (/iter)   Time Cost   
	0000    0.2803      0.2803      245.3045%   0.4875      0.0099 s        0.01 s      
State: <test>
	iter    Loss        MAE         MAPE        RMSE        Speed (/iter)   Time Cost   
	0000    0.3935      0.3935      159.3354%   0.6534      0.0114 s        0.01 s      
	0100    0.3183      0.3183      243.7122%   0.5504      0.0099 s        1.00 s      
	0200    0.2748      0.2748      275.9212%   0.4720      0.0102 s        2.02 s      
Info Report: <Epoch 001> 
	State   Avg. Loss   Avg. MAE    Avg. MAPE   Avg. RMSE   Time Cost   
	train   1.9648      0.3455      245.8542%   0.5305      21.95 s     
	vali    0.2467      0.2467      285.5000%   0.4323      0.97 s      
	test    0.2984      0.2984      261.6029%   0.5145      2.07 s      
<Latest 5>	1           
    Loss	0.2984      

Epoch: 002
State: <train>
	iter    Loss        MAE         MAPE        RMSE        Speed (/iter)   Time Cost   
	0000    0.3285      0.2958      286.7363%   0.4870      0.0337 s        0.03 s      
	0100    0.3113      0.2828      267.4857%   0.4698      0.0278 s        2.82 s      
	0200    0.3018      0.2797      265.5254%   0.4661      0.0268 s        5.50 s      
	0300    0.2959      0.2784      271.9532%   0.4663      0.0278 s        8.28 s      
	0400    0.2893      0.2752      264.8488%   0.4624      0.0271 s        10.99 s     
	0500    0.2866      0.2752      271.4441%   0.4632      0.0308 s        14.07 s     
	0600    0.2809      0.2715      266.1625%   0.4595      0.0416 s        18.23 s     
	0700    0.2785      0.2707      271.3794%   0.4586      0.0462 s        22.85 s     
State: <vali>
	iter    Loss        MAE         MAPE        RMSE        Speed (/iter)   Time Cost   
	0000    0.2200      0.2200      273.3274%   0.4058      0.0228 s        0.02 s      
State: <test>
	iter    Loss        MAE         MAPE        RMSE        Speed (/iter)   Time Cost   
	0000    0.3594      0.3594      156.6984%   0.5981      0.0134 s        0.01 s      
	0100    0.3015      0.3015      246.2577%   0.5374      0.0235 s        2.36 s      
	0200    0.2612      0.2612      279.6623%   0.4642      0.0254 s        4.90 s      
Info Report: <Epoch 002> 
	State   Avg. Loss   Avg. MAE    Avg. MAPE   Avg. RMSE   Time Cost   
	train   0.2912      0.2760      268.7958%   0.4635      25.33 s     
	vali    0.2317      0.2317      293.0012%   0.4231      2.47 s      
	test    0.2831      0.2831      264.3837%   0.5038      5.00 s      
<Latest 5>	1           2           
    Loss	0.2984      0.2831      

Epoch: 003
State: <train>
	iter    Loss        MAE         MAPE        RMSE        Speed (/iter)   Time Cost   
	0000    0.2710      0.2645      222.5959%   0.4468      0.0515 s        0.05 s      
	0100    0.2765      0.2706      267.9785%   0.4602      0.0475 s        4.80 s      
	0200    0.2713      0.2662      269.3651%   0.4540      0.0438 s        9.19 s      
	0300    0.2697      0.2653      277.9979%   0.4539      0.0417 s        13.35 s     
	0400    0.2707      0.2668      273.6480%   0.4559      0.0445 s        17.80 s     
	0500    0.2676      0.2641      271.6800%   0.4531      0.0485 s        22.65 s     
	0600    0.2668      0.2635      275.7925%   0.4529      0.0463 s        27.29 s     
	0700    0.2664      0.2633      270.6514%   0.4536      0.0340 s        30.69 s     
State: <vali>
	iter    Loss        MAE         MAPE        RMSE        Speed (/iter)   Time Cost   
	0000    0.2273      0.2273      257.0053%   0.4135      0.0142 s        0.01 s      
State: <test>
	iter    Loss        MAE         MAPE        RMSE        Speed (/iter)   Time Cost   
	0000    0.3375      0.3375      151.7493%   0.5664      0.0127 s        0.01 s      
	0100    0.2907      0.2907      242.2772%   0.5273      0.0257 s        2.58 s      
	0200    0.2509      0.2509      274.7505%   0.4560      0.0237 s        4.95 s      
Info Report: <Epoch 003> 
	State   Avg. Loss   Avg. MAE    Avg. MAPE   Avg. RMSE   Time Cost   
	train   0.2697      0.2656      272.6757%   0.4549      32.63 s     
	vali    0.2262      0.2262      293.4077%   0.4186      1.89 s      
	test    0.2724      0.2724      259.8427%   0.4946      5.11 s      
<Latest 5>	1           2           3           
    Loss	0.2984      0.2831      0.2724      

Epoch: 004
State: <train>
	iter    Loss        MAE         MAPE        RMSE        Speed (/iter)   Time Cost   
	0000    0.2711      0.2679      229.1999%   0.4576      0.0318 s        0.03 s      
	0100    0.2644      0.2615      274.2855%   0.4514      0.0487 s        4.90 s      
	0200    0.2656      0.2627      276.6089%   0.4536      0.0450 s        9.40 s      
	0300    0.2636      0.2608      274.3422%   0.4511      0.0463 s        14.03 s     
	0400    0.2611      0.2584      271.8359%   0.4481      0.0466 s        18.69 s     
	0500    0.2613      0.2586      276.0781%   0.4497      0.0458 s        23.28 s     
	0600    0.2597      0.2570      270.2827%   0.4463      0.0459 s        27.87 s     
	0700    0.2618      0.2591      275.5226%   0.4497      0.0471 s        32.58 s     
State: <vali>
	iter    Loss        MAE         MAPE        RMSE        Speed (/iter)   Time Cost   
	0000    0.2414      0.2414      329.3391%   0.4523      0.0274 s        0.03 s      
State: <test>
	iter    Loss        MAE         MAPE        RMSE        Speed (/iter)   Time Cost   
	0000    0.3159      0.3159      156.0744%   0.5303      0.0274 s        0.03 s      
	0100    0.2843      0.2843      245.4866%   0.5223      0.0203 s        2.05 s      
	0200    0.2473      0.2473      281.3072%   0.4550      0.0166 s        3.71 s      
Info Report: <Epoch 004> 
	State   Avg. Loss   Avg. MAE    Avg. MAPE   Avg. RMSE   Time Cost   
	train   0.2624      0.2597      274.5175%   0.4500      34.80 s     
	vali    0.2201      0.2201      298.5165%   0.4159      2.15 s      
	test    0.2674      0.2674      264.8811%   0.4916      3.83 s      
<Latest 5>	1           2           3           4           
    Loss	0.2984      0.2831      0.2724      0.2674      

Epoch: 005
State: <train>
	iter    Loss        MAE         MAPE        RMSE        Speed (/iter)   Time Cost   
	0000    0.2519      0.2492      293.2702%   0.4503      0.0323 s        0.03 s      
	0100    0.2592      0.2566      272.7254%   0.4463      0.0382 s        3.85 s      
	0200    0.2592      0.2566      275.8011%   0.4472      0.0487 s        8.72 s      
	0300    0.2581      0.2557      272.8639%   0.4474      0.0426 s        12.98 s     
	0400    0.2602      0.2577      275.4289%   0.4498      0.0474 s        17.72 s     
	0500    0.2570      0.2544      276.7460%   0.4456      0.0445 s        22.18 s     
	0600    0.2590      0.2564      281.9529%   0.4487      0.0487 s        27.04 s     
	0700    0.2544      0.2518      277.3258%   0.4418      0.0472 s        31.76 s     
State: <vali>
	iter    Loss        MAE         MAPE        RMSE        Speed (/iter)   Time Cost   
	0000    0.2105      0.2105      329.0971%   0.3981      0.0125 s        0.01 s      
State: <test>
	iter    Loss        MAE         MAPE        RMSE        Speed (/iter)   Time Cost   
	0000    0.3179      0.3179      150.7691%   0.5357      0.0249 s        0.02 s      
	0100    0.2785      0.2785      237.8623%   0.5148      0.0237 s        2.40 s      
	0200    0.2383      0.2383      269.1867%   0.4447      0.0242 s        4.82 s      
Info Report: <Epoch 005> 
	State   Avg. Loss   Avg. MAE    Avg. MAPE   Avg. RMSE   Time Cost   
	train   0.2579      0.2553      276.1389%   0.4464      34.19 s     
	vali    0.2189      0.2189      292.1352%   0.4113      2.27 s      
	test    0.2599      0.2599      254.9819%   0.4827      4.94 s      
<Latest 5>	1           2           3           4           5           
    Loss	0.2984      0.2831      0.2724      0.2674      0.2599      

Epoch: 006
State: <train>
	iter    Loss        MAE         MAPE        RMSE        Speed (/iter)   Time Cost   
	0000    0.2582      0.2556      262.9303%   0.4449      0.0429 s        0.04 s      
	0100    0.2558      0.2533      275.8337%   0.4451      0.0458 s        4.63 s      
	0200    0.2557      0.2533      279.8799%   0.4461      0.0404 s        8.66 s      
	0300    0.2550      0.2525      278.2419%   0.4446      0.0362 s        12.28 s     
	0400    0.2546      0.2520      271.3530%   0.4429      0.0439 s        16.68 s     
	0500    0.2547      0.2521      279.9130%   0.4441      0.0476 s        21.44 s     
	0600    0.2540      0.2514      279.5724%   0.4438      0.0503 s        26.47 s     
	0700    0.2545      0.2518      279.2343%   0.4443      0.0454 s        31.00 s     
State: <vali>
	iter    Loss        MAE         MAPE        RMSE        Speed (/iter)   Time Cost   
	0000    0.2386      0.2386      333.9213%   0.4480      0.0214 s        0.02 s      
State: <test>
	iter    Loss        MAE         MAPE        RMSE        Speed (/iter)   Time Cost   
	0000    0.3029      0.3029      164.2869%   0.5067      0.0160 s        0.02 s      
	0100    0.2752      0.2752      242.3161%   0.5117      0.0249 s        2.51 s      
	0200    0.2387      0.2387      278.6723%   0.4465      0.0304 s        5.55 s      
Info Report: <Epoch 006> 
	State   Avg. Loss   Avg. MAE    Avg. MAPE   Avg. RMSE   Time Cost   
	train   0.2547      0.2522      277.4518%   0.4442      33.38 s     
	vali    0.2151      0.2151      296.0312%   0.4097      2.82 s      
	test    0.2584      0.2584      262.0115%   0.4819      5.66 s      
<Latest 5>	2           3           4           5           6           
    Loss	0.2831      0.2724      0.2674      0.2599      0.2584      

Epoch: 007
State: <train>
	iter    Loss        MAE         MAPE        RMSE        Speed (/iter)   Time Cost   
	0000    0.2448      0.2422      238.8780%   0.4249      0.0480 s        0.05 s      
	0100    0.2517      0.2492      276.6039%   0.4412      0.0446 s        4.50 s      
	0200    0.2499      0.2474      278.0274%   0.4382      0.0455 s        9.05 s      
	0300    0.2536      0.2510      275.7788%   0.4445      0.0500 s        14.06 s     
	0400    0.2533      0.2507      283.4814%   0.4446      0.0399 s        18.04 s     
	0500    0.2513      0.2487      273.7506%   0.4410      0.0361 s        21.66 s     
	0600    0.2512      0.2486      280.9275%   0.4418      0.0463 s        26.29 s     
	0700    0.2529      0.2503      283.8811%   0.4448      0.0468 s        30.97 s     
State: <vali>
	iter    Loss        MAE         MAPE        RMSE        Speed (/iter)   Time Cost   
	0000    0.2286      0.2286      304.0658%   0.4312      0.0342 s        0.03 s      
State: <test>
	iter    Loss        MAE         MAPE        RMSE        Speed (/iter)   Time Cost   
	0000    0.2988      0.2988      167.0950%   0.5017      0.0280 s        0.03 s      
	0100    0.2704      0.2704      242.6953%   0.5066      0.0232 s        2.35 s      
	0200    0.2351      0.2351      279.5432%   0.4442      0.0210 s        4.45 s      
Info Report: <Epoch 007> 
	State   Avg. Loss   Avg. MAE    Avg. MAPE   Avg. RMSE   Time Cost   
	train   0.2520      0.2495      278.5939%   0.4424      33.45 s     
	vali    0.2124      0.2124      295.9741%   0.4064      2.08 s      
	test    0.2541      0.2541      262.5679%   0.4780      4.56 s      
<Latest 5>	3           4           5           6           7           
    Loss	0.2724      0.2674      0.2599      0.2584      0.2541      

Epoch: 008
State: <train>
	iter    Loss        MAE         MAPE        RMSE        Speed (/iter)   Time Cost   
	0000    0.2641      0.2615      267.3926%   0.4559      0.0370 s        0.04 s      
	0100    0.2527      0.2501      283.5245%   0.4447      0.0461 s        4.65 s      
	0200    0.2518      0.2492      281.2763%   0.4426      0.0461 s        9.26 s      
	0300    0.2498      0.2473      278.4840%   0.4410      0.0463 s        13.89 s     
	0400    0.2514      0.2489      279.1042%   0.4438      0.0477 s        18.66 s     
	0500    0.2480      0.2455      275.6334%   0.4382      0.0482 s        23.48 s     
	0600    0.2480      0.2454      279.3424%   0.4384      0.0449 s        27.97 s     
	0700    0.2494      0.2468      277.9035%   0.4406      0.0366 s        31.63 s     
State: <vali>
	iter    Loss        MAE         MAPE        RMSE        Speed (/iter)   Time Cost   
	0000    0.2419      0.2419      303.8790%   0.4557      0.0165 s        0.02 s      
State: <test>
	iter    Loss        MAE         MAPE        RMSE        Speed (/iter)   Time Cost   
	0000    0.2920      0.2920      167.5971%   0.4917      0.0262 s        0.03 s      
	0100    0.2697      0.2697      247.3685%   0.5109      0.0290 s        2.93 s      
	0200    0.2352      0.2352      285.0889%   0.4484      0.0286 s        5.79 s      
Info Report: <Epoch 008> 
	State   Avg. Loss   Avg. MAE    Avg. MAPE   Avg. RMSE   Time Cost   
	train   0.2499      0.2474      279.5056%   0.4410      33.64 s     
	vali    0.2111      0.2111      302.2611%   0.4116      2.68 s      
	test    0.2538      0.2538      267.7259%   0.4823      5.91 s      
<Latest 5>	4           5           6           7           8           
    Loss	0.2674      0.2599      0.2584      0.2541      0.2538      

Epoch: 009
State: <train>
	iter    Loss        MAE         MAPE        RMSE        Speed (/iter)   Time Cost   
	0000    0.2420      0.2396      295.1342%   0.4307      0.0264 s        0.03 s      
	0100    0.2490      0.2465      278.5122%   0.4405      0.0464 s        4.66 s      
	0200    0.2483      0.2457      277.2087%   0.4390      0.0467 s        9.34 s      
	0300    0.2490      0.2463      279.8212%   0.4411      0.0469 s        14.02 s     
	0400    0.2480      0.2455      283.3078%   0.4398      0.0444 s        18.47 s     
	0500    0.2474      0.2448      281.9539%   0.4392      0.0453 s        23.00 s     
	0600    0.2473      0.2448      283.1224%   0.4393      0.0440 s        27.40 s     
	0700    0.2476      0.2450      276.6712%   0.4404      0.0492 s        32.32 s     
State: <vali>
	iter    Loss        MAE         MAPE        RMSE        Speed (/iter)   Time Cost   
	0000    0.1849      0.1849      224.0378%   0.3575      0.0166 s        0.02 s      
State: <test>
	iter    Loss        MAE         MAPE        RMSE        Speed (/iter)   Time Cost   
	0000    0.2964      0.2964      167.9169%   0.5010      0.0128 s        0.01 s      
	0100    0.2649      0.2649      241.6324%   0.5039      0.0141 s        1.42 s      
	0200    0.2276      0.2276      274.5041%   0.4395      0.0165 s        3.07 s      
Info Report: <Epoch 009> 
	State   Avg. Loss   Avg. MAE    Avg. MAPE   Avg. RMSE   Time Cost   
	train   0.2481      0.2456      280.3897%   0.4401      34.70 s     
	vali    0.2098      0.2098      294.9649%   0.4053      1.95 s      
	test    0.2476      0.2476      259.4594%   0.4743      3.15 s      
<Latest 5>	5           6           7           8           9           
    Loss	0.2599      0.2584      0.2541      0.2538      0.2476      

Epoch: 010
State: <train>
	iter    Loss        MAE         MAPE        RMSE        Speed (/iter)   Time Cost   
	0000    0.2450      0.2422      269.0901%   0.4381      0.0371 s        0.04 s      
	0100    0.2476      0.2451      280.2851%   0.4401      0.0365 s        3.69 s      
	0200    0.2456      0.2431      278.9113%   0.4369      0.0464 s        8.33 s      
	0300    0.2477      0.2452      277.3752%   0.4406      0.0477 s        13.10 s     
	0400    0.2482      0.2457      285.8726%   0.4417      0.0482 s        17.93 s     
	0500    0.2458      0.2433      280.0523%   0.4383      0.0458 s        22.50 s     
	0600    0.2459      0.2433      280.8122%   0.4391      0.0470 s        27.20 s     
	0700    0.2449      0.2423      283.5515%   0.4377      0.0460 s        31.80 s     
State: <vali>
	iter    Loss        MAE         MAPE        RMSE        Speed (/iter)   Time Cost   
	0000    0.2105      0.2105      359.7712%   0.4220      0.0177 s        0.02 s      
State: <test>
	iter    Loss        MAE         MAPE        RMSE        Speed (/iter)   Time Cost   
	0000    0.2939      0.2939      160.5141%   0.4996      0.0308 s        0.03 s      
	0100    0.2633      0.2633      239.8814%   0.5022      0.0243 s        2.46 s      
	0200    0.2260      0.2260      274.2307%   0.4378      0.0255 s        5.01 s      
Info Report: <Epoch 010> 
	State   Avg. Loss   Avg. MAE    Avg. MAPE   Avg. RMSE   Time Cost   
	train   0.2465      0.2439      281.1737%   0.4392      34.24 s     
	vali    0.2091      0.2091      296.8701%   0.4057      2.14 s      
	test    0.2460      0.2460      258.4315%   0.4726      5.11 s      
<Latest 5>	6           7           8           9           10          
    Loss	0.2584      0.2541      0.2538      0.2476      0.2460      

Epoch: 011
State: <train>
	iter    Loss        MAE         MAPE        RMSE        Speed (/iter)   Time Cost   
	0000    0.2466      0.2439      263.1442%   0.4413      0.0549 s        0.05 s      
	0100    0.2466      0.2440      285.8683%   0.4403      0.0510 s        5.15 s      
	0200    0.2440      0.2412      279.9681%   0.4351      0.0397 s        9.12 s      
	0300    0.2440      0.2413      280.6879%   0.4361      0.0362 s        12.75 s     
	0400    0.2453      0.2426      285.4584%   0.4397      0.0447 s        17.22 s     
	0500    0.2476      0.2449      283.2349%   0.4416      0.0491 s        22.13 s     
	0600    0.2422      0.2396      275.2981%   0.4340      0.0465 s        26.78 s     
	0700    0.2461      0.2434      276.9451%   0.4407      0.0449 s        31.27 s     
State: <vali>
	iter    Loss        MAE         MAPE        RMSE        Speed (/iter)   Time Cost   
	0000    0.2118      0.2118      328.1595%   0.4203      0.0189 s        0.02 s      
State: <test>
	iter    Loss        MAE         MAPE        RMSE        Speed (/iter)   Time Cost   
	0000    0.2824      0.2824      166.7566%   0.4778      0.0176 s        0.02 s      
	0100    0.2615      0.2615      243.9052%   0.5011      0.0244 s        2.46 s      
	0200    0.2268      0.2268      280.3904%   0.4404      0.0256 s        5.02 s      
Info Report: <Epoch 011> 
	State   Avg. Loss   Avg. MAE    Avg. MAPE   Avg. RMSE   Time Cost   
	train   0.2451      0.2425      281.3482%   0.4383      33.63 s     
	vali    0.2071      0.2071      297.5854%   0.4049      2.18 s      
	test    0.2454      0.2454      263.6649%   0.4733      5.14 s      
<Latest 5>	7           8           9           10          11          
    Loss	0.2541      0.2538      0.2476      0.2460      0.2454      

Epoch: 012
State: <train>
	iter    Loss        MAE         MAPE        RMSE        Speed (/iter)   Time Cost   
	0000    0.2519      0.2493      315.7919%   0.4541      0.0535 s        0.05 s      
	0100    0.2442      0.2416      285.3112%   0.4387      0.0474 s        4.79 s      
	0200    0.2444      0.2418      281.1441%   0.4381      0.0453 s        9.32 s      
	0300    0.2445      0.2419      280.8335%   0.4387      0.0461 s        13.93 s     
	0400    0.2445      0.2419      282.0300%   0.4386      0.0440 s        18.33 s     
	0500    0.2427      0.2401      278.2611%   0.4359      0.0352 s        21.85 s     
	0600    0.2455      0.2429      287.3749%   0.4403      0.0389 s        25.74 s     
	0700    0.2411      0.2385      279.7009%   0.4336      0.0451 s        30.24 s     
State: <vali>
	iter    Loss        MAE         MAPE        RMSE        Speed (/iter)   Time Cost   
	0000    0.2182      0.2182      277.9809%   0.4195      0.0188 s        0.02 s      
State: <test>
	iter    Loss        MAE         MAPE        RMSE        Speed (/iter)   Time Cost   
	0000    0.2806      0.2806      175.6117%   0.4725      0.0118 s        0.01 s      
	0100    0.2585      0.2585      242.3351%   0.4960      0.0272 s        2.73 s      
	0200    0.2240      0.2240      279.1665%   0.4367      0.0253 s        5.26 s      
Info Report: <Epoch 012> 
	State   Avg. Loss   Avg. MAE    Avg. MAPE   Avg. RMSE   Time Cost   
	train   0.2438      0.2412      282.1439%   0.4377      32.74 s     
	vali    0.2059      0.2059      296.2999%   0.4014      2.33 s      
	test    0.2425      0.2425      262.1349%   0.4687      5.31 s      
<Latest 5>	8           9           10          11          12          
    Loss	0.2538      0.2476      0.2460      0.2454      0.2425      

Epoch: 013
State: <train>
	iter    Loss        MAE         MAPE        RMSE        Speed (/iter)   Time Cost   
	0000    0.2289      0.2262      242.1035%   0.4102      0.0416 s        0.04 s      
	0100    0.2432      0.2406      284.2326%   0.4380      0.0456 s        4.61 s      
	0200    0.2419      0.2393      281.5735%   0.4354      0.0475 s        9.36 s      
	0300    0.2424      0.2399      284.0009%   0.4360      0.0466 s        14.02 s     
	0400    0.2421      0.2394      284.0143%   0.4369      0.0451 s        18.53 s     
	0500    0.2427      0.2401      276.1402%   0.4371      0.0474 s        23.27 s     
	0600    0.2433      0.2407      281.6568%   0.4381      0.0451 s        27.78 s     
	0700    0.2436      0.2410      284.7837%   0.4389      0.0340 s        31.18 s     
State: <vali>
	iter    Loss        MAE         MAPE        RMSE        Speed (/iter)   Time Cost   
	0000    0.1902      0.1902      256.5966%   0.3816      0.0162 s        0.02 s      
State: <test>
	iter    Loss        MAE         MAPE        RMSE        Speed (/iter)   Time Cost   
	0000    0.2873      0.2873      167.8055%   0.4889      0.0315 s        0.03 s      
	0100    0.2586      0.2586      242.7769%   0.4987      0.0251 s        2.54 s      
	0200    0.2225      0.2225      277.1826%   0.4367      0.0313 s        5.66 s      
Info Report: <Epoch 013> 
	State   Avg. Loss   Avg. MAE    Avg. MAPE   Avg. RMSE   Time Cost   
	train   0.2427      0.2401      282.7351%   0.4372      32.83 s     
	vali    0.2058      0.2058      297.6501%   0.4035      1.95 s      
	test    0.2418      0.2418      261.3860%   0.4702      5.77 s      
<Latest 5>	9           10          11          12          13          
    Loss	0.2476      0.2460      0.2454      0.2425      0.2418      

Epoch: 014
State: <train>
	iter    Loss        MAE         MAPE        RMSE        Speed (/iter)   Time Cost   
	0000    0.2306      0.2279      259.2182%   0.4193      0.0476 s        0.05 s      
	0100    0.2421      0.2396      283.1038%   0.4381      0.0503 s        5.08 s      
	0200    0.2429      0.2404      287.4390%   0.4388      0.0461 s        9.69 s      
	0300    0.2411      0.2384      282.6051%   0.4355      0.0453 s        14.22 s     
	0400    0.2431      0.2405      285.8080%   0.4391      0.0464 s        18.86 s     
	0500    0.2418      0.2392      279.8565%   0.4367      0.0467 s        23.52 s     
	0600    0.2403      0.2376      278.2948%   0.4339      0.0448 s        28.01 s     
	0700    0.2402      0.2375      282.8242%   0.4336      0.0429 s        32.30 s     
State: <vali>
	iter    Loss        MAE         MAPE        RMSE        Speed (/iter)   Time Cost   
	0000    0.2138      0.2138      312.5535%   0.4182      0.0381 s        0.04 s      
State: <test>
	iter    Loss        MAE         MAPE        RMSE        Speed (/iter)   Time Cost   
	0000    0.2806      0.2806      170.2333%   0.4763      0.0294 s        0.03 s      
	0100    0.2568      0.2568      241.7308%   0.4946      0.0208 s        2.11 s      
	0200    0.2211      0.2211      276.0938%   0.4340      0.0184 s        3.95 s      
Info Report: <Epoch 014> 
	State   Avg. Loss   Avg. MAE    Avg. MAPE   Avg. RMSE   Time Cost   
	train   0.2417      0.2390      283.2332%   0.4367      34.65 s     
	vali    0.2053      0.2053      294.7567%   0.4008      2.31 s      
	test    0.2402      0.2402      260.3269%   0.4667      4.03 s      
<Latest 5>	10          11          12          13          14          
    Loss	0.2460      0.2454      0.2425      0.2418      0.2402      

Epoch: 015
State: <train>
	iter    Loss        MAE         MAPE        RMSE        Speed (/iter)   Time Cost   
	0000    0.2534      0.2503      269.7762%   0.4550      0.0292 s        0.03 s      
	0100    0.2405      0.2379      276.6003%   0.4364      0.0370 s        3.73 s      
	0200    0.2432      0.2407      291.0386%   0.4401      0.0470 s        8.43 s      
	0300    0.2398      0.2372      279.7750%   0.4351      0.0456 s        12.99 s     
	0400    0.2404      0.2379      282.9432%   0.4354      0.0456 s        17.55 s     
	0500    0.2420      0.2394      279.8246%   0.4373      0.0481 s        22.36 s     
	0600    0.2391      0.2365      284.8650%   0.4332      0.0476 s        27.12 s     
	0700    0.2396      0.2370      283.6944%   0.4343      0.0463 s        31.76 s     
State: <vali>
	iter    Loss        MAE         MAPE        RMSE        Speed (/iter)   Time Cost   
	0000    0.2123      0.2123      304.6289%   0.4230      0.0117 s        0.01 s      
State: <test>
	iter    Loss        MAE         MAPE        RMSE        Speed (/iter)   Time Cost   
	0000    0.2700      0.2700      186.0404%   0.4562      0.0093 s        0.01 s      
	0100    0.2551      0.2551      246.2102%   0.4954      0.0242 s        2.43 s      
	0200    0.2229      0.2229      286.0301%   0.4393      0.0250 s        4.93 s      
Info Report: <Epoch 015> 
	State   Avg. Loss   Avg. MAE    Avg. MAPE   Avg. RMSE   Time Cost   
	train   0.2406      0.2381      283.2061%   0.4361      34.22 s     
	vali    0.2028      0.2028      300.3415%   0.4017      2.40 s      
	test    0.2402      0.2402      267.6438%   0.4696      5.03 s      
<Latest 5>	11          12          13          14          15          
    Loss	0.2454      0.2425      0.2418      0.2402      0.2402      

Epoch: 016
State: <train>
	iter    Loss        MAE         MAPE        RMSE        Speed (/iter)   Time Cost   
	0000    0.2208      0.2184      226.9155%   0.3966      0.0364 s        0.04 s      
	0100    0.2389      0.2363      282.3479%   0.4335      0.0520 s        5.23 s      
	0200    0.2405      0.2380      288.7512%   0.4367      0.0382 s        9.05 s      
	0300    0.2418      0.2393      286.2575%   0.4387      0.0342 s        12.47 s     
	0400    0.2408      0.2382      281.4537%   0.4369      0.0411 s        16.58 s     
	0500    0.2406      0.2381      288.5564%   0.4369      0.0451 s        21.09 s     
	0600    0.2392      0.2367      280.9817%   0.4352      0.0434 s        25.43 s     
	0700    0.2398      0.2372      283.3892%   0.4362      0.0460 s        30.03 s     
State: <vali>
	iter    Loss        MAE         MAPE        RMSE        Speed (/iter)   Time Cost   
	0000    0.1955      0.1955      298.6814%   0.3928      0.0297 s        0.03 s      
State: <test>
	iter    Loss        MAE         MAPE        RMSE        Speed (/iter)   Time Cost   
	0000    0.2732      0.2732      173.4509%   0.4636      0.0339 s        0.03 s      
	0100    0.2544      0.2544      242.6349%   0.4935      0.0220 s        2.23 s      
	0200    0.2195      0.2195      278.9577%   0.4339      0.0243 s        4.66 s      
Info Report: <Epoch 016> 
	State   Avg. Loss   Avg. MAE    Avg. MAPE   Avg. RMSE   Time Cost   
	train   0.2399      0.2373      283.9753%   0.4357      32.72 s     
	vali    0.2040      0.2040      297.4972%   0.4010      2.53 s      
	test    0.2381      0.2381      262.1858%   0.4661      4.75 s      
<Latest 5>	12          13          14          15          16          
    Loss	0.2425      0.2418      0.2402      0.2402      0.2381      

Epoch: 017
State: <train>
	iter    Loss        MAE         MAPE        RMSE        Speed (/iter)   Time Cost   
	0000    0.2293      0.2265      256.7366%   0.4194      0.0245 s        0.02 s      
	0100    0.2414      0.2388      283.0592%   0.4383      0.0476 s        4.78 s      
	0200    0.2381      0.2356      282.7370%   0.4335      0.0474 s        9.52 s      
	0300    0.2402      0.2377      286.1412%   0.4372      0.0449 s        14.01 s     
	0400    0.2401      0.2378      285.8591%   0.4377      0.0458 s        18.59 s     
	0500    0.2394      0.2369      286.3859%   0.4355      0.0366 s        22.24 s     
	0600    0.2378      0.2353      284.2775%   0.4334      0.0372 s        25.96 s     
	0700    0.2393      0.2367      283.9054%   0.4357      0.0460 s        30.56 s     
State: <vali>
	iter    Loss        MAE         MAPE        RMSE        Speed (/iter)   Time Cost   
	0000    0.2038      0.2038      320.7280%   0.3998      0.0215 s        0.02 s      
State: <test>
	iter    Loss        MAE         MAPE        RMSE        Speed (/iter)   Time Cost   
	0000    0.2695      0.2695      177.6937%   0.4590      0.0187 s        0.02 s      
	0100    0.2555      0.2555      251.2476%   0.4997      0.0265 s        2.67 s      
	0200    0.2236      0.2236      291.9280%   0.4434      0.0290 s        5.57 s      
Info Report: <Epoch 017> 
	State   Avg. Loss   Avg. MAE    Avg. MAPE   Avg. RMSE   Time Cost   
	train   0.2391      0.2366      284.2289%   0.4354      32.98 s     
	vali    0.2025      0.2025      308.3036%   0.4069      2.33 s      
	test    0.2407      0.2407      272.9807%   0.4738      5.67 s      
<Latest 5>	13          14          15          16          17          
    Loss	0.2418      0.2402      0.2402      0.2381      0.2407      

Epoch: 018
State: <train>
	iter    Loss        MAE         MAPE        RMSE        Speed (/iter)   Time Cost   
	0000    0.2279      0.2253      252.3605%   0.4242      0.0457 s        0.05 s      
	0100    0.2374      0.2348      282.4263%   0.4324      0.0463 s        4.68 s      
	0200    0.2398      0.2373      287.6269%   0.4371      0.0441 s        9.09 s      
	0300    0.2382      0.2357      286.1283%   0.4344      0.0480 s        13.89 s     
	0400    0.2369      0.2343      282.2816%   0.4327      0.0463 s        18.52 s     
	0500    0.2400      0.2375      285.6035%   0.4375      0.0451 s        23.04 s     
	0600    0.2392      0.2366      283.5238%   0.4364      0.0454 s        27.58 s     
	0700    0.2374      0.2349      281.9160%   0.4342      0.0392 s        31.50 s     
State: <vali>
	iter    Loss        MAE         MAPE        RMSE        Speed (/iter)   Time Cost   
	0000    0.2182      0.2182      298.1051%   0.4373      0.0152 s        0.02 s      
State: <test>
	iter    Loss        MAE         MAPE        RMSE        Speed (/iter)   Time Cost   
	0000    0.2690      0.2690      179.7410%   0.4573      0.0143 s        0.01 s      
	0100    0.2512      0.2512      244.1701%   0.4903      0.0234 s        2.35 s      
	0200    0.2180      0.2180      282.0341%   0.4336      0.0252 s        4.87 s      
Info Report: <Epoch 018> 
	State   Avg. Loss   Avg. MAE    Avg. MAPE   Avg. RMSE   Time Cost   
	train   0.2384      0.2359      284.6815%   0.4350      33.36 s     
	vali    0.2018      0.2018      297.0231%   0.3993      1.78 s      
	test    0.2357      0.2357      264.5212%   0.4641      4.99 s      
<Latest 5>	14          15          16          17          18          
    Loss	0.2402      0.2402      0.2381      0.2407      0.2357      

Epoch: 019
State: <train>
	iter    Loss        MAE         MAPE        RMSE        Speed (/iter)   Time Cost   
	0000    0.2487      0.2462      263.4399%   0.4527      0.0467 s        0.05 s      
	0100    0.2398      0.2372      288.5170%   0.4371      0.0457 s        4.62 s      
	0200    0.2376      0.2350      284.2795%   0.4344      0.0424 s        8.86 s      
	0300    0.2383      0.2358      284.7116%   0.4350      0.0469 s        13.54 s     
	0400    0.2380      0.2355      281.2640%   0.4351      0.0433 s        17.87 s     
	0500    0.2383      0.2359      286.4024%   0.4353      0.0468 s        22.55 s     
	0600    0.2359      0.2335      283.0005%   0.4316      0.0465 s        27.20 s     
	0700    0.2358      0.2333      283.9496%   0.4320      0.0494 s        32.14 s     
State: <vali>
	iter    Loss        MAE         MAPE        RMSE        Speed (/iter)   Time Cost   
	0000    0.2133      0.2133      374.3935%   0.4201      0.0263 s        0.03 s      
State: <test>
	iter    Loss        MAE         MAPE        RMSE        Speed (/iter)   Time Cost   
	0000    0.2653      0.2653      188.5581%   0.4490      0.0132 s        0.01 s      
	0100    0.2509      0.2509      247.9227%   0.4907      0.0265 s        2.67 s      
	0200    0.2196      0.2196      289.0077%   0.4372      0.0245 s        5.12 s      
Info Report: <Epoch 019> 
	State   Avg. Loss   Avg. MAE    Avg. MAPE   Avg. RMSE   Time Cost   
	train   0.2379      0.2353      284.6734%   0.4347      34.62 s     
	vali    0.2010      0.2010      300.0209%   0.3986      2.31 s      
	test    0.2364      0.2364      269.8829%   0.4661      5.21 s      
<Latest 5>	15          16          17          18          19          
    Loss	0.2402      0.2381      0.2407      0.2357      0.2364      

Epoch: 020
State: <train>
	iter    Loss        MAE         MAPE        RMSE        Speed (/iter)   Time Cost   
	0000    0.2236      0.2208      240.5954%   0.4062      0.0389 s        0.04 s      
	0100    0.2386      0.2361      285.4529%   0.4359      0.0352 s        3.56 s      
	0200    0.2379      0.2353      283.3129%   0.4351      0.0427 s        7.83 s      
	0300    0.2370      0.2345      285.8668%   0.4339      0.0422 s        12.05 s     
	0400    0.2359      0.2333      280.7209%   0.4324      0.0453 s        16.58 s     
	0500    0.2368      0.2341      284.0951%   0.4336      0.0459 s        21.16 s     
	0600    0.2372      0.2346      283.4479%   0.4346      0.0466 s        25.82 s     
	0700    0.2369      0.2344      288.1404%   0.4335      0.0493 s        30.74 s     
State: <vali>
	iter    Loss        MAE         MAPE        RMSE        Speed (/iter)   Time Cost   
	0000    0.2025      0.2025      281.1787%   0.3913      0.0367 s        0.04 s      
State: <test>
	iter    Loss        MAE         MAPE        RMSE        Speed (/iter)   Time Cost   
	0000    0.2714      0.2714      179.0454%   0.4607      0.0268 s        0.03 s      
	0100    0.2508      0.2508      244.5084%   0.4897      0.0250 s        2.53 s      
	0200    0.2174      0.2174      282.0118%   0.4330      0.0243 s        4.96 s      
Info Report: <Epoch 020> 
	State   Avg. Loss   Avg. MAE    Avg. MAPE   Avg. RMSE   Time Cost   
	train   0.2373      0.2347      284.8860%   0.4344      33.24 s     
	vali    0.2011      0.2011      298.1602%   0.3988      2.47 s      
	test    0.2352      0.2352      264.5696%   0.4634      5.03 s      
<Latest 5>	16          17          18          19          20          
    Loss	0.2381      0.2407      0.2357      0.2364      0.2352      

Epoch: 021
State: <train>
	iter    Loss        MAE         MAPE        RMSE        Speed (/iter)   Time Cost   
	0000    0.2289      0.2262      302.8900%   0.4278      0.0471 s        0.05 s      
	0100    0.2343      0.2318      278.9246%   0.4302      0.0469 s        4.74 s      
	0200    0.2358      0.2332      284.0479%   0.4323      0.0440 s        9.13 s      
	0300    0.2391      0.2365      288.7263%   0.4372      0.0342 s        12.55 s     
	0400    0.2370      0.2344      283.6244%   0.4341      0.0361 s        16.16 s     
	0500    0.2362      0.2336      279.8001%   0.4336      0.0478 s        20.95 s     
	0600    0.2362      0.2336      282.7369%   0.4326      0.0471 s        25.66 s     
	0700    0.2385      0.2360      292.9032%   0.4377      0.0483 s        30.49 s     
State: <vali>
	iter    Loss        MAE         MAPE        RMSE        Speed (/iter)   Time Cost   
	0000    0.2272      0.2272      341.8124%   0.4593      0.0237 s        0.02 s      
State: <test>
	iter    Loss        MAE         MAPE        RMSE        Speed (/iter)   Time Cost   
	0000    0.2666      0.2666      181.2135%   0.4548      0.0313 s        0.03 s      
	0100    0.2505      0.2505      248.8612%   0.4922      0.0220 s        2.23 s      
	0200    0.2200      0.2200      290.2006%   0.4389      0.0262 s        4.85 s      
Info Report: <Epoch 021> 
	State   Avg. Loss   Avg. MAE    Avg. MAPE   Avg. RMSE   Time Cost   
	train   0.2367      0.2341      284.9470%   0.4340      32.92 s     
	vali    0.2001      0.2001      302.6179%   0.4017      2.28 s      
	test    0.2364      0.2364      270.9182%   0.4676      4.95 s      
<Latest 5>	17          18          19          20          21          
    Loss	0.2407      0.2357      0.2364      0.2352      0.2364      

Epoch: 022
State: <train>
	iter    Loss        MAE         MAPE        RMSE        Speed (/iter)   Time Cost   
	0000    0.2152      0.2127      293.2492%   0.3989      0.0324 s        0.03 s      
	0100    0.2362      0.2336      280.1305%   0.4331      0.0445 s        4.48 s      
	0200    0.2346      0.2321      282.4590%   0.4310      0.0466 s        9.14 s      
	0300    0.2370      0.2345      285.8056%   0.4356      0.0441 s        13.55 s     
	0400    0.2374      0.2349      290.3135%   0.4354      0.0466 s        18.21 s     
	0500    0.2343      0.2318      282.9526%   0.4305      0.0411 s        22.32 s     
	0600    0.2370      0.2344      288.9706%   0.4355      0.0337 s        25.69 s     
	0700    0.2368      0.2344      285.9233%   0.4353      0.0411 s        29.80 s     
State: <vali>
	iter    Loss        MAE         MAPE        RMSE        Speed (/iter)   Time Cost   
	0000    0.1944      0.1944      266.5902%   0.3887      0.0268 s        0.03 s      
State: <test>
	iter    Loss        MAE         MAPE        RMSE        Speed (/iter)   Time Cost   
	0000    0.2633      0.2633      182.5260%   0.4488      0.0149 s        0.01 s      
	0100    0.2503      0.2503      247.6289%   0.4913      0.0252 s        2.54 s      
	0200    0.2180      0.2180      286.9092%   0.4355      0.0240 s        4.94 s      
Info Report: <Epoch 022> 
	State   Avg. Loss   Avg. MAE    Avg. MAPE   Avg. RMSE   Time Cost   
	train   0.2362      0.2336      285.2684%   0.4338      32.43 s     
	vali    0.2003      0.2003      302.8007%   0.4015      2.43 s      
	test    0.2352      0.2352      268.7822%   0.4656      5.06 s      
<Latest 5>	18          19          20          21          22          
    Loss	0.2357      0.2364      0.2352      0.2364      0.2352      

Epoch: 023
State: <train>
	iter    Loss        MAE         MAPE        RMSE        Speed (/iter)   Time Cost   
	0000    0.2479      0.2452      350.5916%   0.4615      0.0438 s        0.04 s      
	0100    0.2344      0.2319      283.3187%   0.4308      0.0448 s        4.53 s      
	0200    0.2363      0.2337      285.8712%   0.4343      0.0455 s        9.08 s      
	0300    0.2383      0.2357      287.2335%   0.4369      0.0455 s        13.63 s     
	0400    0.2338      0.2312      282.6185%   0.4304      0.0475 s        18.38 s     
	0500    0.2364      0.2339      285.5521%   0.4353      0.0490 s        23.28 s     
	0600    0.2348      0.2323      285.1090%   0.4313      0.0464 s        27.92 s     
	0700    0.2374      0.2349      288.0866%   0.4362      0.0464 s        32.56 s     
State: <vali>
	iter    Loss        MAE         MAPE        RMSE        Speed (/iter)   Time Cost   
	0000    0.2111      0.2111      276.0405%   0.4161      0.0203 s        0.02 s      
State: <test>
	iter    Loss        MAE         MAPE        RMSE        Speed (/iter)   Time Cost   
	0000    0.2625      0.2625      181.7981%   0.4467      0.0162 s        0.02 s      
	0100    0.2493      0.2493      250.0807%   0.4924      0.0174 s        1.76 s      
	0200    0.2183      0.2183      290.1981%   0.4383      0.0228 s        4.04 s      
Info Report: <Epoch 023> 
	State   Avg. Loss   Avg. MAE    Avg. MAPE   Avg. RMSE   Time Cost   
	train   0.2358      0.2332      285.1956%   0.4334      34.51 s     
	vali    0.1990      0.1990      304.1631%   0.4022      1.70 s      
	test    0.2349      0.2349      271.5910%   0.4675      4.13 s      
<Latest 5>	19          20          21          22          23          
    Loss	0.2364      0.2352      0.2364      0.2352      0.2349      

Epoch: 024
State: <train>
	iter    Loss        MAE         MAPE        RMSE        Speed (/iter)   Time Cost   
	0000    0.2360      0.2333      248.8458%   0.4296      0.0491 s        0.05 s      
	0100    0.2346      0.2321      280.1218%   0.4325      0.0486 s        4.90 s      
	0200    0.2348      0.2323      287.6402%   0.4322      0.0431 s        9.22 s      
	0300    0.2358      0.2332      285.7658%   0.4332      0.0445 s        13.67 s     
	0400    0.2376      0.2349      284.0216%   0.4366      0.0444 s        18.11 s     
	0500    0.2338      0.2310      282.8508%   0.4304      0.0471 s        22.82 s     
	0600    0.2345      0.2319      283.2338%   0.4324      0.0476 s        27.58 s     
	0700    0.2374      0.2346      294.8623%   0.4366      0.0472 s        32.30 s     
State: <vali>
	iter    Loss        MAE         MAPE        RMSE        Speed (/iter)   Time Cost   
	0000    0.2304      0.2304      309.9687%   0.4687      0.0329 s        0.03 s      
State: <test>
	iter    Loss        MAE         MAPE        RMSE        Speed (/iter)   Time Cost   
	0000    0.2640      0.2640      189.4022%   0.4493      0.0178 s        0.02 s      
	0100    0.2484      0.2484      248.4660%   0.4888      0.0254 s        2.56 s      
	0200    0.2171      0.2171      287.3964%   0.4351      0.0268 s        5.24 s      
Info Report: <Epoch 024> 
	State   Avg. Loss   Avg. MAE    Avg. MAPE   Avg. RMSE   Time Cost   
	train   0.2354      0.2328      285.5931%   0.4332      34.75 s     
	vali    0.1992      0.1992      301.2820%   0.3993      2.35 s      
	test    0.2338      0.2338      269.4251%   0.4640      5.36 s      
<Latest 5>	20          21          22          23          24          
    Loss	0.2352      0.2364      0.2352      0.2349      0.2338      

Epoch: 025
State: <train>
	iter    Loss        MAE         MAPE        RMSE        Speed (/iter)   Time Cost   
	0000    0.2231      0.2202      250.8382%   0.4201      0.0199 s        0.02 s      
	0100    0.2358      0.2331      285.7891%   0.4339      0.0346 s        3.48 s      
	0200    0.2327      0.2301      284.9104%   0.4286      0.0326 s        6.74 s      
	0300    0.2343      0.2318      284.0700%   0.4330      0.0424 s        10.98 s     
	0400    0.2365      0.2339      287.8016%   0.4347      0.0457 s        15.55 s     
	0500    0.2357      0.2332      285.9119%   0.4345      0.0496 s        20.51 s     
	0600    0.2366      0.2341      289.5276%   0.4357      0.0479 s        25.30 s     
	0700    0.2351      0.2326      287.1303%   0.4327      0.0475 s        30.05 s     
State: <vali>
	iter    Loss        MAE         MAPE        RMSE        Speed (/iter)   Time Cost   
	0000    0.2197      0.2197      352.4952%   0.4260      0.0188 s        0.02 s      
State: <test>
	iter    Loss        MAE         MAPE        RMSE        Speed (/iter)   Time Cost   
	0000    0.2624      0.2624      186.8521%   0.4479      0.0114 s        0.01 s      
	0100    0.2479      0.2479      249.5202%   0.4900      0.0245 s        2.46 s      
	0200    0.2172      0.2172      289.5616%   0.4367      0.0239 s        4.84 s      
Info Report: <Epoch 025> 
	State   Avg. Loss   Avg. MAE    Avg. MAPE   Avg. RMSE   Time Cost   
	train   0.2349      0.2324      285.4478%   0.4329      32.41 s     
	vali    0.1986      0.1986      303.5530%   0.4008      2.73 s      
	test    0.2336      0.2336      271.0352%   0.4654      4.96 s      
<Latest 5>	21          22          23          24          25          
    Loss	0.2364      0.2352      0.2349      0.2338      0.2336      

Epoch: 026
State: <train>
	iter    Loss        MAE         MAPE        RMSE        Speed (/iter)   Time Cost   
	0000    0.2190      0.2162      255.1859%   0.3983      0.0447 s        0.04 s      
	0100    0.2341      0.2316      288.0945%   0.4314      0.0455 s        4.60 s      
	0200    0.2339      0.2314      284.8737%   0.4320      0.0491 s        9.50 s      
	0300    0.2367      0.2342      289.3108%   0.4369      0.0436 s        13.86 s     
	0400    0.2343      0.2318      286.5406%   0.4320      0.0351 s        17.37 s     
	0500    0.2329      0.2303      275.7643%   0.4291      0.0434 s        21.71 s     
	0600    0.2351      0.2326      288.3409%   0.4341      0.0474 s        26.45 s     
	0700    0.2347      0.2322      287.4428%   0.4335      0.0455 s        31.00 s     
State: <vali>
	iter    Loss        MAE         MAPE        RMSE        Speed (/iter)   Time Cost   
	0000    0.1984      0.1984      351.3195%   0.4065      0.0164 s        0.02 s      
State: <test>
	iter    Loss        MAE         MAPE        RMSE        Speed (/iter)   Time Cost   
	0000    0.2540      0.2540      193.8668%   0.4346      0.0162 s        0.02 s      
	0100    0.2483      0.2483      252.0771%   0.4923      0.0213 s        2.14 s      
	0200    0.2185      0.2185      292.4810%   0.4399      0.0238 s        4.53 s      
Info Report: <Epoch 026> 
	State   Avg. Loss   Avg. MAE    Avg. MAPE   Avg. RMSE   Time Cost   
	train   0.2346      0.2320      285.3912%   0.4327      33.44 s     
	vali    0.1987      0.1987      305.9793%   0.4033      2.05 s      
	test    0.2345      0.2345      273.8239%   0.4682      4.64 s      
<Latest 5>	22          23          24          25          26          
    Loss	0.2352      0.2349      0.2338      0.2336      0.2345      

Epoch: 027
State: <train>
	iter    Loss        MAE         MAPE        RMSE        Speed (/iter)   Time Cost   
	0000    0.2409      0.2383      311.6732%   0.4421      0.0508 s        0.05 s      
	0100    0.2352      0.2326      289.3415%   0.4346      0.0436 s        4.42 s      
	0200    0.2340      0.2315      286.7475%   0.4334      0.0469 s        9.11 s      
	0300    0.2332      0.2306      281.5947%   0.4299      0.0470 s        13.80 s     
	0400    0.2369      0.2344      290.4828%   0.4368      0.0467 s        18.47 s     
	0500    0.2321      0.2295      280.1969%   0.4289      0.0498 s        23.45 s     
	0600    0.2334      0.2309      282.9235%   0.4305      0.0421 s        27.66 s     
	0700    0.2327      0.2302      285.8702%   0.4304      0.0341 s        31.07 s     
State: <vali>
	iter    Loss        MAE         MAPE        RMSE        Speed (/iter)   Time Cost   
	0000    0.1774      0.1774      249.0082%   0.3589      0.0146 s        0.01 s      
State: <test>
	iter    Loss        MAE         MAPE        RMSE        Speed (/iter)   Time Cost   
	0000    0.2575      0.2575      183.5192%   0.4397      0.0174 s        0.02 s      
	0100    0.2462      0.2462      247.6034%   0.4867      0.0221 s        2.22 s      
	0200    0.2149      0.2149      287.6040%   0.4334      0.0220 s        4.42 s      
Info Report: <Epoch 027> 
	State   Avg. Loss   Avg. MAE    Avg. MAPE   Avg. RMSE   Time Cost   
	train   0.2342      0.2317      285.5584%   0.4325      33.31 s     
	vali    0.1983      0.1983      300.8341%   0.3984      2.20 s      
	test    0.2315      0.2315      269.0082%   0.4620      4.50 s      
<Latest 5>	23          24          25          26          27          
    Loss	0.2349      0.2338      0.2336      0.2345      0.2315      

Epoch: 028
State: <train>
	iter    Loss        MAE         MAPE        RMSE        Speed (/iter)   Time Cost   
	0000    0.2358      0.2334      273.9410%   0.4315      0.0405 s        0.04 s      
	0100    0.2335      0.2310      282.4458%   0.4322      0.0464 s        4.68 s      
	0200    0.2332      0.2307      287.3560%   0.4309      0.0462 s        9.30 s      
	0300    0.2329      0.2304      283.4570%   0.4305      0.0483 s        14.13 s     
	0400    0.2379      0.2353      295.9900%   0.4386      0.0482 s        18.95 s     
	0500    0.2336      0.2309      286.2599%   0.4316      0.0471 s        23.67 s     
	0600    0.2328      0.2301      282.9367%   0.4305      0.0476 s        28.43 s     
	0700    0.2339      0.2313      283.7511%   0.4322      0.0476 s        33.19 s     
State: <vali>
	iter    Loss        MAE         MAPE        RMSE        Speed (/iter)   Time Cost   
	0000    0.1946      0.1946      296.0841%   0.4028      0.0472 s        0.05 s      
State: <test>
	iter    Loss        MAE         MAPE        RMSE        Speed (/iter)   Time Cost   
	0000    0.2566      0.2566      184.5984%   0.4394      0.0143 s        0.01 s      
	0100    0.2467      0.2467      249.8033%   0.4891      0.0163 s        1.64 s      
	0200    0.2159      0.2159      290.2139%   0.4360      0.0154 s        3.18 s      
Info Report: <Epoch 028> 
	State   Avg. Loss   Avg. MAE    Avg. MAPE   Avg. RMSE   Time Cost   
	train   0.2339      0.2313      285.9275%   0.4322      35.48 s     
	vali    0.1981      0.1981      305.3637%   0.4014      1.71 s      
	test    0.2324      0.2324      271.4077%   0.4645      3.27 s      
<Latest 5>	24          25          26          27          28          
    Loss	0.2338      0.2336      0.2345      0.2315      0.2324      

Epoch: 029
State: <train>
	iter    Loss        MAE         MAPE        RMSE        Speed (/iter)   Time Cost   
	0000    0.2316      0.2291      292.6362%   0.4303      0.0272 s        0.03 s      
	0100    0.2319      0.2292      284.5882%   0.4291      0.0416 s        4.19 s      
	0200    0.2347      0.2319      287.6367%   0.4336      0.0493 s        9.12 s      
	0300    0.2333      0.2307      286.9430%   0.4317      0.0460 s        13.72 s     
	0400    0.2349      0.2323      288.3040%   0.4340      0.0503 s        18.75 s     
	0500    0.2323      0.2296      285.1408%   0.4294      0.0487 s        23.62 s     
	0600    0.2336      0.2311      280.3397%   0.4328      0.0470 s        28.32 s     
	0700    0.2351      0.2325      289.4172%   0.4337      0.0433 s        32.65 s     
State: <vali>
	iter    Loss        MAE         MAPE        RMSE        Speed (/iter)   Time Cost   
	0000    0.1739      0.1739      290.2384%   0.3540      0.0165 s        0.02 s      
State: <test>
	iter    Loss        MAE         MAPE        RMSE        Speed (/iter)   Time Cost   
	0000    0.2571      0.2571      187.5065%   0.4397      0.0306 s        0.03 s      
	0100    0.2465      0.2465      252.4147%   0.4896      0.0206 s        2.09 s      
	0200    0.2173      0.2173      293.7189%   0.4385      0.0257 s        4.66 s      
Info Report: <Epoch 029> 
	State   Avg. Loss   Avg. MAE    Avg. MAPE   Avg. RMSE   Time Cost   
	train   0.2336      0.2309      285.7306%   0.4319      34.88 s     
	vali    0.1978      0.1978      306.1887%   0.4017      2.17 s      
	test    0.2329      0.2329      274.4987%   0.4660      4.76 s      
<Latest 5>	25          26          27          28          29          
    Loss	0.2336      0.2345      0.2315      0.2324      0.2329      

Epoch: 030
State: <train>
	iter    Loss        MAE         MAPE        RMSE        Speed (/iter)   Time Cost   
	0000    0.2034      0.2004      262.3592%   0.3757      0.0557 s        0.06 s      
	0100    0.2333      0.2307      287.8236%   0.4316      0.0462 s        4.68 s      
	0200    0.2325      0.2299      288.0216%   0.4305      0.0386 s        8.54 s      
	0300    0.2323      0.2298      288.6068%   0.4305      0.0359 s        12.14 s     
	0400    0.2329      0.2303      280.1398%   0.4310      0.0454 s        16.67 s     
	0500    0.2329      0.2305      286.1704%   0.4317      0.0480 s        21.48 s     
	0600    0.2338      0.2311      283.6349%   0.4328      0.0461 s        26.08 s     
	0700    0.2349      0.2323      288.7549%   0.4339      0.0419 s        30.27 s     
State: <vali>
	iter    Loss        MAE         MAPE        RMSE        Speed (/iter)   Time Cost   
	0000    0.2113      0.2113      362.1629%   0.4223      0.0351 s        0.04 s      
State: <test>
	iter    Loss        MAE         MAPE        RMSE        Speed (/iter)   Time Cost   
	0000    0.2649      0.2649      179.2011%   0.4530      0.0146 s        0.01 s      
	0100    0.2467      0.2467      248.1082%   0.4887      0.0252 s        2.53 s      
	0200    0.2138      0.2138      285.4344%   0.4323      0.0252 s        5.05 s      
Info Report: <Epoch 030> 
	State   Avg. Loss   Avg. MAE    Avg. MAPE   Avg. RMSE   Time Cost   
	train   0.2332      0.2306      286.2210%   0.4317      32.47 s     
	vali    0.1981      0.1981      304.9975%   0.4014      2.03 s      
	test    0.2313      0.2313      268.1691%   0.4625      5.18 s      
<Latest 5>	26          27          28          29          30          
    Loss	0.2345      0.2315      0.2324      0.2329      0.2313      

Epoch: 031
State: <train>
	iter    Loss        MAE         MAPE        RMSE        Speed (/iter)   Time Cost   
	0000    0.2560      0.2535      326.1824%   0.4750      0.0476 s        0.05 s      
	0100    0.2336      0.2311      288.9704%   0.4336      0.0463 s        4.68 s      
	0200    0.2328      0.2301      284.6638%   0.4317      0.0469 s        9.37 s      
	0300    0.2334      0.2308      285.2738%   0.4315      0.0453 s        13.90 s     
	0400    0.2304      0.2278      283.8364%   0.4275      0.0441 s        18.31 s     
	0500    0.2333      0.2306      289.5753%   0.4325      0.0362 s        21.92 s     
	0600    0.2333      0.2308      281.2268%   0.4313      0.0390 s        25.82 s     
	0700    0.2340      0.2314      290.5014%   0.4332      0.0437 s        30.19 s     
State: <vali>
	iter    Loss        MAE         MAPE        RMSE        Speed (/iter)   Time Cost   
	0000    0.2095      0.2095      400.2579%   0.4339      0.0157 s        0.02 s      
State: <test>
	iter    Loss        MAE         MAPE        RMSE        Speed (/iter)   Time Cost   
	0000    0.2573      0.2573      190.4107%   0.4385      0.0321 s        0.03 s      
	0100    0.2457      0.2457      250.6189%   0.4876      0.0261 s        2.64 s      
	0200    0.2153      0.2153      290.0032%   0.4353      0.0271 s        5.35 s      
Info Report: <Epoch 031> 
	State   Avg. Loss   Avg. MAE    Avg. MAPE   Avg. RMSE   Time Cost   
	train   0.2329      0.2303      285.8784%   0.4315      32.54 s     
	vali    0.1976      0.1976      304.7680%   0.4003      2.23 s      
	test    0.2314      0.2314      271.7733%   0.4633      5.47 s      
<Latest 5>	27          28          29          30          31          
    Loss	0.2315      0.2324      0.2329      0.2313      0.2314      

Epoch: 032
State: <train>
	iter    Loss        MAE         MAPE        RMSE        Speed (/iter)   Time Cost   
	0000    0.2420      0.2393      353.6897%   0.4505      0.0407 s        0.04 s      
	0100    0.2329      0.2304      286.5383%   0.4317      0.0454 s        4.58 s      
	0200    0.2331      0.2305      286.0599%   0.4313      0.0473 s        9.31 s      
	0300    0.2342      0.2317      291.7560%   0.4347      0.0494 s        14.25 s     
	0400    0.2314      0.2289      282.7955%   0.4295      0.0466 s        18.91 s     
	0500    0.2310      0.2285      280.7298%   0.4276      0.0479 s        23.69 s     
	0600    0.2324      0.2300      283.0530%   0.4322      0.0459 s        28.28 s     
	0700    0.2323      0.2297      289.5973%   0.4304      0.0356 s        31.84 s     
State: <vali>
	iter    Loss        MAE         MAPE        RMSE        Speed (/iter)   Time Cost   
	0000    0.1824      0.1824      303.0831%   0.3764      0.0205 s        0.02 s      
State: <test>
	iter    Loss        MAE         MAPE        RMSE        Speed (/iter)   Time Cost   
	0000    0.2578      0.2578      189.2056%   0.4408      0.0299 s        0.03 s      
	0100    0.2450      0.2450      249.9179%   0.4873      0.0247 s        2.50 s      
	0200    0.2143      0.2143      288.7319%   0.4343      0.0238 s        4.88 s      
Info Report: <Epoch 032> 
	State   Avg. Loss   Avg. MAE    Avg. MAPE   Avg. RMSE   Time Cost   
	train   0.2325      0.2300      285.8708%   0.4312      33.81 s     
	vali    0.1970      0.1970      304.4834%   0.4005      2.03 s      
	test    0.2306      0.2306      270.7862%   0.4627      4.99 s      
<Latest 5>	28          29          30          31          32          
    Loss	0.2324      0.2329      0.2313      0.2314      0.2306      

Epoch: 033
State: <train>
	iter    Loss        MAE         MAPE        RMSE        Speed (/iter)   Time Cost   
	0000    0.2493      0.2466      315.0496%   0.4618      0.0444 s        0.04 s      
	0100    0.2328      0.2303      288.6021%   0.4316      0.0483 s        4.87 s      
	0200    0.2335      0.2310      289.1439%   0.4331      0.0510 s        9.97 s      
	0300    0.2328      0.2302      286.4720%   0.4316      0.0473 s        14.71 s     
	0400    0.2301      0.2276      279.9639%   0.4278      0.0468 s        19.39 s     
	0500    0.2311      0.2286      280.8615%   0.4294      0.0457 s        23.95 s     
	0600    0.2344      0.2319      293.5608%   0.4355      0.0422 s        28.17 s     
	0700    0.2311      0.2286      282.0801%   0.4287      0.0470 s        32.86 s     
State: <vali>
	iter    Loss        MAE         MAPE        RMSE        Speed (/iter)   Time Cost   
	0000    0.2118      0.2118      361.6685%   0.4238      0.0435 s        0.04 s      
State: <test>
	iter    Loss        MAE         MAPE        RMSE        Speed (/iter)   Time Cost   
	0000    0.2563      0.2563      188.0418%   0.4402      0.0167 s        0.02 s      
	0100    0.2459      0.2459      249.5289%   0.4884      0.0220 s        2.22 s      
	0200    0.2142      0.2142      287.2283%   0.4340      0.0174 s        3.96 s      
Info Report: <Epoch 033> 
	State   Avg. Loss   Avg. MAE    Avg. MAPE   Avg. RMSE   Time Cost   
	train   0.2323      0.2297      285.7773%   0.4310      35.27 s     
	vali    0.1979      0.1979      303.6213%   0.4015      2.37 s      
	test    0.2311      0.2311      269.8181%   0.4631      4.03 s      
<Latest 5>	29          30          31          32          33          
    Loss	0.2329      0.2313      0.2314      0.2306      0.2311      

Epoch: 034
State: <train>
	iter    Loss        MAE         MAPE        RMSE        Speed (/iter)   Time Cost   
	0000    0.2579      0.2551      328.4678%   0.4734      0.0538 s        0.05 s      
	0100    0.2311      0.2286      282.2791%   0.4295      0.0400 s        4.05 s      
	0200    0.2348      0.2322      293.1653%   0.4359      0.0482 s        8.87 s      
	0300    0.2330      0.2305      286.4254%   0.4318      0.0463 s        13.50 s     
	0400    0.2298      0.2273      283.6766%   0.4266      0.0470 s        18.20 s     
	0500    0.2301      0.2276      284.4099%   0.4275      0.0437 s        22.56 s     
	0600    0.2297      0.2273      281.5077%   0.4269      0.0410 s        26.67 s     
	0700    0.2351      0.2326      291.3058%   0.4359      0.0447 s        31.14 s     
State: <vali>
	iter    Loss        MAE         MAPE        RMSE        Speed (/iter)   Time Cost   
	0000    0.1816      0.1816      292.2445%   0.3687      0.0185 s        0.02 s      
State: <test>
	iter    Loss        MAE         MAPE        RMSE        Speed (/iter)   Time Cost   
	0000    0.2561      0.2561      185.3428%   0.4370      0.0332 s        0.03 s      
	0100    0.2432      0.2432      243.6114%   0.4804      0.0319 s        3.23 s      
	0200    0.2111      0.2111      280.8875%   0.4265      0.0242 s        5.64 s      
Info Report: <Epoch 034> 
	State   Avg. Loss   Avg. MAE    Avg. MAPE   Avg. RMSE   Time Cost   
	train   0.2320      0.2295      286.2763%   0.4308      33.82 s     
	vali    0.1982      0.1982      296.0938%   0.3953      2.62 s      
	test    0.2282      0.2282      263.7314%   0.4554      5.79 s      
<Latest 5>	30          31          32          33          34          
    Loss	0.2313      0.2314      0.2306      0.2311      0.2282      

Epoch: 035
State: <train>
	iter    Loss        MAE         MAPE        RMSE        Speed (/iter)   Time Cost   
	0000    0.2355      0.2329      296.5994%   0.4305      0.0281 s        0.03 s      
	0100    0.2309      0.2285      282.1156%   0.4292      0.0472 s        4.75 s      
	0200    0.2339      0.2313      288.1127%   0.4337      0.0406 s        8.80 s      
	0300    0.2320      0.2295      286.3538%   0.4311      0.0373 s        12.53 s     
	0400    0.2325      0.2300      291.4050%   0.4315      0.0468 s        17.22 s     
	0500    0.2308      0.2283      284.8060%   0.4290      0.0426 s        21.48 s     
	0600    0.2322      0.2297      282.9309%   0.4315      0.0439 s        25.87 s     
	0700    0.2297      0.2272      280.8945%   0.4268      0.0480 s        30.67 s     
State: <vali>
	iter    Loss        MAE         MAPE        RMSE        Speed (/iter)   Time Cost   
	0000    0.1828      0.1828      273.8507%   0.3768      0.0340 s        0.03 s      
State: <test>
	iter    Loss        MAE         MAPE        RMSE        Speed (/iter)   Time Cost   
	0000    0.2611      0.2611      183.0472%   0.4459      0.0360 s        0.04 s      
	0100    0.2450      0.2450      248.5058%   0.4863      0.0246 s        2.50 s      
	0200    0.2127      0.2127      285.4200%   0.4312      0.0273 s        5.23 s      
Info Report: <Epoch 035> 
	State   Avg. Loss   Avg. MAE    Avg. MAPE   Avg. RMSE   Time Cost   
	train   0.2317      0.2292      285.7696%   0.4304      33.26 s     
	vali    0.1974      0.1974      303.3682%   0.3999      2.31 s      
	test    0.2298      0.2298      268.4000%   0.4606      5.31 s      
<Latest 5>	31          32          33          34          35          
    Loss	0.2314      0.2306      0.2311      0.2282      0.2298      

Epoch: 036
State: <train>
	iter    Loss        MAE         MAPE        RMSE        Speed (/iter)   Time Cost   
	0000    0.2182      0.2155      254.3198%   0.4029      0.0534 s        0.05 s      
	0100    0.2287      0.2261      279.1659%   0.4260      0.0472 s        4.77 s      
	0200    0.2308      0.2282      282.3556%   0.4294      0.0448 s        9.26 s      
	0300    0.2320      0.2295      284.2178%   0.4304      0.0453 s        13.78 s     
	0400    0.2311      0.2285      288.1982%   0.4301      0.0417 s        17.96 s     
	0500    0.2325      0.2300      287.3301%   0.4320      0.0308 s        21.03 s     
	0600    0.2335      0.2310      291.3525%   0.4333      0.0424 s        25.28 s     
	0700    0.2316      0.2290      288.0511%   0.4300      0.0459 s        29.87 s     
State: <vali>
	iter    Loss        MAE         MAPE        RMSE        Speed (/iter)   Time Cost   
	0000    0.2036      0.2036      272.5300%   0.4072      0.0261 s        0.03 s      
State: <test>
	iter    Loss        MAE         MAPE        RMSE        Speed (/iter)   Time Cost   
	0000    0.2553      0.2553      193.4707%   0.4347      0.0142 s        0.01 s      
	0100    0.2426      0.2426      246.5185%   0.4820      0.0164 s        1.65 s      
	0200    0.2116      0.2116      285.2068%   0.4291      0.0258 s        4.23 s      
Info Report: <Epoch 036> 
	State   Avg. Loss   Avg. MAE    Avg. MAPE   Avg. RMSE   Time Cost   
	train   0.2315      0.2289      285.9471%   0.4302      32.45 s     
	vali    0.1966      0.1966      300.6872%   0.3967      2.48 s      
	test    0.2281      0.2281      267.3636%   0.4575      4.39 s      
<Latest 5>	32          33          34          35          36          
    Loss	0.2306      0.2311      0.2282      0.2298      0.2281      

Epoch: 037
State: <train>
	iter    Loss        MAE         MAPE        RMSE        Speed (/iter)   Time Cost   
	0000    0.2215      0.2188      229.2676%   0.4069      0.0515 s        0.05 s      
	0100    0.2326      0.2300      288.0806%   0.4321      0.0498 s        5.03 s      
	0200    0.2270      0.2244      279.8028%   0.4224      0.0459 s        9.62 s      
	0300    0.2333      0.2306      289.1103%   0.4328      0.0470 s        14.32 s     
	0400    0.2308      0.2283      282.1793%   0.4290      0.0430 s        18.62 s     
	0500    0.2334      0.2309      289.5643%   0.4345      0.0427 s        22.90 s     
	0600    0.2311      0.2287      285.4290%   0.4316      0.0373 s        26.62 s     
	0700    0.2301      0.2276      287.5457%   0.4272      0.0325 s        29.88 s     
State: <vali>
	iter    Loss        MAE         MAPE        RMSE        Speed (/iter)   Time Cost   
	0000    0.1844      0.1844      342.6728%   0.3858      0.0108 s        0.01 s      
State: <test>
	iter    Loss        MAE         MAPE        RMSE        Speed (/iter)   Time Cost   
	0000    0.2522      0.2522      181.0537%   0.4334      0.0318 s        0.03 s      
	0100    0.2433      0.2433      247.9319%   0.4844      0.0171 s        1.74 s      
	0200    0.2119      0.2119      286.1694%   0.4306      0.0160 s        3.34 s      
Info Report: <Epoch 037> 
	State   Avg. Loss   Avg. MAE    Avg. MAPE   Avg. RMSE   Time Cost   
	train   0.2312      0.2287      286.3231%   0.4300      31.46 s     
	vali    0.1966      0.1966      303.9979%   0.3993      1.69 s      
	test    0.2286      0.2286      268.5505%   0.4595      3.42 s      
<Latest 5>	33          34          35          36          37          
    Loss	0.2311      0.2282      0.2298      0.2281      0.2286      

Epoch: 038
State: <train>
	iter    Loss        MAE         MAPE        RMSE        Speed (/iter)   Time Cost   
	0000    0.2321      0.2295      294.9496%   0.4433      0.0335 s        0.03 s      
	0100    0.2290      0.2264      280.7168%   0.4263      0.0394 s        3.97 s      
	0200    0.2330      0.2304      292.4582%   0.4334      0.0400 s        7.97 s      
	0300    0.2324      0.2300      284.9238%   0.4318      0.0380 s        11.77 s     
	0400    0.2326      0.2301      286.9005%   0.4320      0.0380 s        15.57 s     
	0500    0.2306      0.2281      285.1541%   0.4298      0.0384 s        19.41 s     
	0600    0.2306      0.2282      287.1117%   0.4298      0.0404 s        23.45 s     
	0700    0.2286      0.2261      283.9602%   0.4258      0.0384 s        27.28 s     
State: <vali>
	iter    Loss        MAE         MAPE        RMSE        Speed (/iter)   Time Cost   
	0000    0.1927      0.1927      334.4099%   0.3963      0.0148 s        0.01 s      
State: <test>
	iter    Loss        MAE         MAPE        RMSE        Speed (/iter)   Time Cost   
	0000    0.2508      0.2508      178.8338%   0.4321      0.0103 s        0.01 s      
	0100    0.2428      0.2428      247.4757%   0.4838      0.0109 s        1.10 s      
	0200    0.2111      0.2111      284.4269%   0.4298      0.0124 s        2.35 s      
Info Report: <Epoch 038> 
	State   Avg. Loss   Avg. MAE    Avg. MAPE   Avg. RMSE   Time Cost   
	train   0.2310      0.2285      285.8911%   0.4298      29.13 s     
	vali    0.1964      0.1964      302.6901%   0.3989      1.08 s      
	test    0.2279      0.2279      267.4490%   0.4587      2.42 s      
<Latest 5>	34          35          36          37          38          
    Loss	0.2282      0.2298      0.2281      0.2286      0.2279      

Epoch: 039
State: <train>
	iter    Loss        MAE         MAPE        RMSE        Speed (/iter)   Time Cost   
	0000    0.2331      0.2306      259.7361%   0.4274      0.0244 s        0.02 s      
	0100    0.2319      0.2294      286.1505%   0.4306      0.0376 s        3.79 s      
	0200    0.2272      0.2248      283.0917%   0.4237      0.0386 s        7.64 s      
	0300    0.2336      0.2311      291.4445%   0.4345      0.0402 s        11.66 s     
	0400    0.2325      0.2299      291.9384%   0.4328      0.0375 s        15.41 s     
	0500    0.2306      0.2281      282.0353%   0.4292      0.0376 s        19.17 s     
	0600    0.2293      0.2267      280.9032%   0.4276      0.0395 s        23.12 s     
	0700    0.2296      0.2272      285.7691%   0.4285      0.0410 s        27.21 s     
State: <vali>
	iter    Loss        MAE         MAPE        RMSE        Speed (/iter)   Time Cost   
	0000    0.1901      0.1901      284.9034%   0.3927      0.0212 s        0.02 s      
State: <test>
	iter    Loss        MAE         MAPE        RMSE        Speed (/iter)   Time Cost   
	0000    0.2470      0.2470      192.0845%   0.4255      0.0073 s        0.01 s      
	0100    0.2422      0.2422      248.8415%   0.4837      0.0180 s        1.81 s      
	0200    0.2121      0.2121      289.2381%   0.4317      0.0101 s        2.82 s      
Info Report: <Epoch 039> 
	State   Avg. Loss   Avg. MAE    Avg. MAPE   Avg. RMSE   Time Cost   
	train   0.2307      0.2282      285.8977%   0.4295      29.44 s     
	vali    0.1958      0.1958      304.3863%   0.3990      1.56 s      
	test    0.2281      0.2281      270.5581%   0.4596      2.88 s      
<Latest 5>	35          36          37          38          39          
    Loss	0.2298      0.2281      0.2286      0.2279      0.2281      

Epoch: 040
State: <train>
	iter    Loss        MAE         MAPE        RMSE        Speed (/iter)   Time Cost   
	0000    0.2252      0.2228      297.4218%   0.4226      0.0306 s        0.03 s      
	0100    0.2301      0.2276      288.5048%   0.4291      0.0287 s        2.90 s      
	0200    0.2296      0.2271      288.9936%   0.4287      0.0378 s        6.68 s      
	0300    0.2291      0.2266      285.1124%   0.4277      0.0388 s        10.56 s     
	0400    0.2296      0.2270      283.4544%   0.4272      0.0379 s        14.34 s     
	0500    0.2315      0.2290      288.1313%   0.4315      0.0393 s        18.27 s     
	0600    0.2325      0.2301      286.5508%   0.4319      0.0395 s        22.22 s     
	0700    0.2294      0.2269      281.5270%   0.4282      0.0387 s        26.09 s     
State: <vali>
	iter    Loss        MAE         MAPE        RMSE        Speed (/iter)   Time Cost   
	0000    0.2087      0.2087      390.8084%   0.4213      0.0092 s        0.01 s      
State: <test>
	iter    Loss        MAE         MAPE        RMSE        Speed (/iter)   Time Cost   
	0000    0.2544      0.2544      188.5986%   0.4368      0.0147 s        0.01 s      
	0100    0.2427      0.2427      247.0447%   0.4827      0.0164 s        1.66 s      
	0200    0.2109      0.2109      283.9562%   0.4286      0.0177 s        3.42 s      
Info Report: <Epoch 040> 
	State   Avg. Loss   Avg. MAE    Avg. MAPE   Avg. RMSE   Time Cost   
	train   0.2305      0.2280      286.2886%   0.4294      28.08 s     
	vali    0.1965      0.1965      302.0849%   0.3982      1.78 s      
	test    0.2277      0.2277      266.9410%   0.4575      3.49 s      
<Latest 5>	36          37          38          39          40          
    Loss	0.2281      0.2286      0.2279      0.2281      0.2277      

Epoch: 041
State: <train>
	iter    Loss        MAE         MAPE        RMSE        Speed (/iter)   Time Cost   
	0000    0.2163      0.2137      270.1383%   0.4033      0.0152 s        0.02 s      
	0100    0.2301      0.2275      286.8603%   0.4282      0.0349 s        3.50 s      
	0200    0.2307      0.2281      283.5397%   0.4288      0.0296 s        6.46 s      
	0300    0.2302      0.2275      286.6940%   0.4294      0.0370 s        10.16 s     
	0400    0.2316      0.2290      287.0222%   0.4309      0.0375 s        13.91 s     
	0500    0.2302      0.2275      288.7530%   0.4289      0.0377 s        17.69 s     
	0600    0.2304      0.2277      284.9847%   0.4289      0.0390 s        21.59 s     
	0700    0.2305      0.2279      280.4919%   0.4296      0.0375 s        25.33 s     
State: <vali>
	iter    Loss        MAE         MAPE        RMSE        Speed (/iter)   Time Cost   
	0000    0.2018      0.2018      291.3166%   0.4077      0.0442 s        0.04 s      
State: <test>
	iter    Loss        MAE         MAPE        RMSE        Speed (/iter)   Time Cost   
	0000    0.2432      0.2432      197.5168%   0.4204      0.0073 s        0.01 s      
	0100    0.2419      0.2419      250.0671%   0.4829      0.0164 s        1.65 s      
	0200    0.2123      0.2123      289.2958%   0.4320      0.0141 s        3.06 s      
Info Report: <Epoch 041> 
	State   Avg. Loss   Avg. MAE    Avg. MAPE   Avg. RMSE   Time Cost   
	train   0.2305      0.2279      285.8267%   0.4293      27.25 s     
	vali    0.1957      0.1957      303.8784%   0.3978      1.57 s      
	test    0.2280      0.2280      271.1698%   0.4592      3.13 s      
<Latest 5>	37          38          39          40          41          
    Loss	0.2286      0.2279      0.2281      0.2277      0.2280      

Epoch: 042
State: <train>
	iter    Loss        MAE         MAPE        RMSE        Speed (/iter)   Time Cost   
	0000    0.2297      0.2273      273.2880%   0.4343      0.0246 s        0.02 s      
	0100    0.2285      0.2260      279.0244%   0.4259      0.0368 s        3.70 s      
	0200    0.2304      0.2277      291.1691%   0.4284      0.0378 s        7.48 s      
	0300    0.2323      0.2298      289.9646%   0.4328      0.0319 s        10.67 s     
	0400    0.2278      0.2253      280.2283%   0.4247      0.0291 s        13.58 s     
	0500    0.2307      0.2283      285.9467%   0.4297      0.0391 s        17.49 s     
	0600    0.2314      0.2289      287.5691%   0.4313      0.0380 s        21.29 s     
	0700    0.2302      0.2277      289.6002%   0.4299      0.0407 s        25.37 s     
State: <vali>
	iter    Loss        MAE         MAPE        RMSE        Speed (/iter)   Time Cost   
	0000    0.1837      0.1837      281.8795%   0.3852      0.0146 s        0.01 s      
State: <test>
	iter    Loss        MAE         MAPE        RMSE        Speed (/iter)   Time Cost   
	0000    0.2492      0.2492      189.5508%   0.4293      0.0110 s        0.01 s      
	0100    0.2422      0.2422      248.4570%   0.4838      0.0170 s        1.71 s      
	0200    0.2110      0.2110      286.6604%   0.4302      0.0175 s        3.46 s      
Info Report: <Epoch 042> 
	State   Avg. Loss   Avg. MAE    Avg. MAPE   Avg. RMSE   Time Cost   
	train   0.2302      0.2276      286.1952%   0.4290      27.46 s     
	vali    0.1958      0.1958      305.1183%   0.3993      1.64 s      
	test    0.2275      0.2275      269.0465%   0.4588      3.55 s      
<Latest 5>	38          39          40          41          42          
    Loss	0.2279      0.2281      0.2277      0.2280      0.2275      

<Final Report>
	Idx     Avg. MAE    Avg. MAPE   Avg. RMSE   Avg. MSE    
	41      0.22802     271.1698%   49.35668%   0.24361     
	Notes: None
	Training finished!

Script finished. Total runtime: 1651.889054 seconds
