nohup: ignoring input
Regenerating dataset.
	Done.
Loading existence torch dataset.
	choice channels ['0', '1', '2', '3', '4', '5', '6', '7', '8', '9', '10', '11', '12', '13', '14', '15', '16', '17', '18', '19', '20', '21', '22', '23', '24', '25', '26', '27', '28', '29', '30', '31', '32', '33', '34', '35', '36', '37', '38', '39', '40', '41', '42', '43', '44', '45', '46', '47', '48', '49', '50', '51', '52', '53', '54', '55', '56', '57', '58', '59', '60', '61', '62', '63', '64', '65', '66', '67', '68', '69', '70', '71', '72', '73', '74', '75', '76', '77', '78', '79', '80', '81', '82', '83', '84', '85', '86', '87', '88', '89', '90', '91', '92', '93', '94', '95', '96', '97', '98', '99', '100', '101', '102', '103', '104', '105', '106', '107', '108', '109', '110', '111', '112', '113', '114', '115', '116', '117', '118', '119', '120', '121', '122', '123', '124', '125', '126', '127', '128', '129', '130', '131', '132', '133', '134', '135', '136', '137', '138', '139', '140', '141', '142', '143', '144', '145', '146', '147', '148', '149', '150', '151', '152', '153', '154', '155', '156', '157', '158', '159', '160', '161', '162', '163', '164', '165', '166', '167', '168', '169', '170', '171', '172', '173', '174', '175', '176', '177', '178', '179', '180', '181', '182', '183', '184', '185', '186', '187', '188', '189', '190', '191', '192', '193', '194', '195', '196', '197', '198', '199', '200', '201', '202', '203', '204', '205', '206', '207', '208', '209', '210', '211', '212', '213', '214', '215', '216', '217', '218', '219', '220', '221', '222', '223', '224', '225', '226', '227', '228', '229', '230', '231', '232', '233', '234', '235', '236', '237', '238', '239', '240', '241', '242', '243', '244', '245', '246', '247', '248', '249', '250', '251', '252', '253', '254', '255', '256', '257', '258', '259', '260', '261', '262', '263', '264', '265', '266', '267', '268', '269', '270', '271', '272', '273', '274', '275', '276', '277', '278', '279', '280', '281', '282', '283', '284', '285', '286', '287', '288', '289', '290', '291', '292', '293', '294', '295', '296', '297', '298', '299', '300', '301', '302', '303', '304', '305', '306', '307', '308', '309', '310', '311', '312', '313', '314', '315', '316', '317', '318', '319', '320', '321', '322', '323', '324', '325', '326', '327', '328', '329', '330', '331', '332', '333', '334', '335', '336', '337', '338', '339', '340', '341', '342', '343', '344', '345', '346', '347', '348', '349', '350', '351', '352', '353', '354', '355', '356', '357', '358', '359', '360', '361', '362', '363', '364', '365', '366', '367', '368', '369', '370', '371', '372', '373', '374', '375', '376', '377', '378', '379', '380', '381', '382', '383', '384', '385', '386', '387', '388', '389', '390', '391', '392', '393', '394', '395', '396', '397', '398', '399', '400', '401', '402', '403', '404', '405', '406', '407', '408', '409', '410', '411', '412', '413', '414', '415', '416', '417', '418', '419', '420', '421', '422', '423', '424', '425', '426', '427', '428', '429', '430', '431', '432', '433', '434', '435', '436', '437', '438', '439', '440', '441', '442', '443', '444', '445', '446', '447', '448', '449', '450', '451', '452', '453', '454', '455', '456', '457', '458', '459', '460', '461', '462', '463', '464', '465', '466', '467', '468', '469', '470', '471', '472', '473', '474', '475', '476', '477', '478', '479', '480', '481', '482', '483', '484', '485', '486', '487', '488', '489', '490', '491', '492', '493', '494', '495', '496', '497', '498', '499', '500', '501', '502', '503', '504', '505', '506', '507', '508', '509', '510', '511', '512', '513', '514', '515', '516', '517', '518', '519', '520', '521', '522', '523', '524', '525', '526', '527', '528', '529', '530', '531', '532', '533', '534', '535', '536', '537', '538', '539', '540', '541', '542', '543', '544', '545', '546', '547', '548', '549', '550', '551', '552', '553', '554', '555', '556', '557', '558', '559', '560', '561', '562', '563', '564', '565', '566', '567', '568', '569', '570', '571', '572', '573', '574', '575', '576', '577', '578', '579', '580', '581', '582', '583', '584', '585', '586', '587', '588', '589', '590', '591', '592', '593', '594', '595', '596', '597', '598', '599', '600', '601', '602', '603', '604', '605', '606', '607', '608', '609', '610', '611', '612', '613', '614', '615', '616', '617', '618', '619', '620', '621', '622', '623', '624', '625', '626', '627', '628', '629', '630', '631', '632', '633', '634', '635', '636', '637', '638', '639', '640', '641', '642', '643', '644', '645', '646', '647', '648', '649', '650', '651', '652', '653', '654', '655', '656', '657', '658', '659', '660', '661', '662', '663', '664', '665', '666', '667', '668', '669', '670', '671', '672', '673', '674', '675', '676', '677', '678', '679', '680', '681', '682', '683', '684', '685', '686', '687', '688', '689', '690', '691', '692', '693', '694', '695', '696', '697', '698', '699', '700', '701', '702', '703', '704', '705', '706', '707', '708', '709', '710', '711', '712', '713', '714', '715', '716', '717', '718', '719', '720', '721', '722', '723', '724', '725', '726', '727', '728', '729', '730', '731', '732', '733', '734', '735', '736', '737', '738', '739', '740', '741', '742', '743', '744', '745', '746', '747', '748', '749', '750', '751', '752', '753', '754', '755', '756', '757', '758', '759', '760', '761', '762', '763', '764', '765', '766', '767', '768', '769', '770', '771', '772', '773', '774', '775', '776', '777', '778', '779', '780', '781', '782', '783', '784', '785', '786', '787', '788', '789', '790', '791', '792', '793', '794', '795', '796', '797', '798', '799', '800', '801', '802', '803', '804', '805', '806', '807', '808', '809', '810', '811', '812', '813', '814', '815', '816', '817', '818', '819', '820', '821', '822', '823', '824', '825', '826', '827', '828', '829', '830', '831', '832', '833', '834', '835', '836', '837', '838', '839', '840', '841', '842', '843', '844', '845', '846', '847', '848', '849', '850', '851', '852', '853', '854', '855', '856', '857', '858', '859', '860', 'OT']
	train: 12240
	vali : 1488
	test : 3168
agga-fln

Experiment Start at <2025-02-19_09:17:27>
	PID: <2419389>
	Notes: <None>

Envs Setting:
    loss: "l1";      dataset_prob: "[0.7, 0.1, 0.2]";      data_scale: "True";  
    date_scale: "True";      c_out: "862";      regen_dataset: "True";  
    check_dataloader: "False";      muti_process: "False";      seed: "42";      device: "cuda:1";  
    dtype: "torch.float32";      adjust_lr: "False";      save_best_model: "True";  
    load_best_model: "False";      inp_len: "96";      pred_len: "96";      epochs: "42";  
    batch_size: "32";      optimizer: "amam";      learning_rate: "0.0001";  
    weight_decay: "0";      dropout: "0.3";      c_in: "862";  
Model Setting:
    name: "agga-fln";      order: "2";      dilation: "1";      kernel_size: "3";  
    emb_dim: "8";      dropout: "0.5";      sta_layers: "4";      share: "False";  
    use_update: "False";      c_date: "5";      n_nodes: "1";      c_in: "862";      c_out: "862";  
    device: "cuda:1";      inp_len: "96";      pred_len: "96";  
Dataset Setting:
    name: "traffic";      channels: "862";      n_nodes: "1";      lens: "17544";  
    time_window: "60mins";  
    channel_info: "['0', '1', '2', '3', '4', '5', '6', '7', '8', '9', '10', '11', '12', '13', '14', '15', '16', '17', '18', '19', '20', '21', '22', '23', '24', '25', '26', '27', '28', '29', '30', '31', '32', '33', '34', '35', '36', '37', '38', '39', '40', '41', '42', '43', '44', '45', '46', '47', '48', '49', '50', '51', '52', '53', '54', '55', '56', '57', '58', '59', '60', '61', '62', '63', '64', '65', '66', '67', '68', '69', '70', '71', '72', '73', '74', '75', '76', '77', '78', '79', '80', '81', '82', '83', '84', '85', '86', '87', '88', '89', '90', '91', '92', '93', '94', '95', '96', '97', '98', '99', '100', '101', '102', '103', '104', '105', '106', '107', '108', '109', '110', '111', '112', '113', '114', '115', '116', '117', '118', '119', '120', '121', '122', '123', '124', '125', '126', '127', '128', '129', '130', '131', '132', '133', '134', '135', '136', '137', '138', '139', '140', '141', '142', '143', '144', '145', '146', '147', '148', '149', '150', '151', '152', '153', '154', '155', '156', '157', '158', '159', '160', '161', '162', '163', '164', '165', '166', '167', '168', '169', '170', '171', '172', '173', '174', '175', '176', '177', '178', '179', '180', '181', '182', '183', '184', '185', '186', '187', '188', '189', '190', '191', '192', '193', '194', '195', '196', '197', '198', '199', '200', '201', '202', '203', '204', '205', '206', '207', '208', '209', '210', '211', '212', '213', '214', '215', '216', '217', '218', '219', '220', '221', '222', '223', '224', '225', '226', '227', '228', '229', '230', '231', '232', '233', '234', '235', '236', '237', '238', '239', '240', '241', '242', '243', '244', '245', '246', '247', '248', '249', '250', '251', '252', '253', '254', '255', '256', '257', '258', '259', '260', '261', '262', '263', '264', '265', '266', '267', '268', '269', '270', '271', '272', '273', '274', '275', '276', '277', '278', '279', '280', '281', '282', '283', '284', '285', '286', '287', '288', '289', '290', '291', '292', '293', '294', '295', '296', '297', '298', '299', '300', '301', '302', '303', '304', '305', '306', '307', '308', '309', '310', '311', '312', '313', '314', '315', '316', '317', '318', '319', '320', '321', '322', '323', '324', '325', '326', '327', '328', '329', '330', '331', '332', '333', '334', '335', '336', '337', '338', '339', '340', '341', '342', '343', '344', '345', '346', '347', '348', '349', '350', '351', '352', '353', '354', '355', '356', '357', '358', '359', '360', '361', '362', '363', '364', '365', '366', '367', '368', '369', '370', '371', '372', '373', '374', '375', '376', '377', '378', '379', '380', '381', '382', '383', '384', '385', '386', '387', '388', '389', '390', '391', '392', '393', '394', '395', '396', '397', '398', '399', '400', '401', '402', '403', '404', '405', '406', '407', '408', '409', '410', '411', '412', '413', '414', '415', '416', '417', '418', '419', '420', '421', '422', '423', '424', '425', '426', '427', '428', '429', '430', '431', '432', '433', '434', '435', '436', '437', '438', '439', '440', '441', '442', '443', '444', '445', '446', '447', '448', '449', '450', '451', '452', '453', '454', '455', '456', '457', '458', '459', '460', '461', '462', '463', '464', '465', '466', '467', '468', '469', '470', '471', '472', '473', '474', '475', '476', '477', '478', '479', '480', '481', '482', '483', '484', '485', '486', '487', '488', '489', '490', '491', '492', '493', '494', '495', '496', '497', '498', '499', '500', '501', '502', '503', '504', '505', '506', '507', '508', '509', '510', '511', '512', '513', '514', '515', '516', '517', '518', '519', '520', '521', '522', '523', '524', '525', '526', '527', '528', '529', '530', '531', '532', '533', '534', '535', '536', '537', '538', '539', '540', '541', '542', '543', '544', '545', '546', '547', '548', '549', '550', '551', '552', '553', '554', '555', '556', '557', '558', '559', '560', '561', '562', '563', '564', '565', '566', '567', '568', '569', '570', '571', '572', '573', '574', '575', '576', '577', '578', '579', '580', '581', '582', '583', '584', '585', '586', '587', '588', '589', '590', '591', '592', '593', '594', '595', '596', '597', '598', '599', '600', '601', '602', '603', '604', '605', '606', '607', '608', '609', '610', '611', '612', '613', '614', '615', '616', '617', '618', '619', '620', '621', '622', '623', '624', '625', '626', '627', '628', '629', '630', '631', '632', '633', '634', '635', '636', '637', '638', '639', '640', '641', '642', '643', '644', '645', '646', '647', '648', '649', '650', '651', '652', '653', '654', '655', '656', '657', '658', '659', '660', '661', '662', '663', '664', '665', '666', '667', '668', '669', '670', '671', '672', '673', '674', '675', '676', '677', '678', '679', '680', '681', '682', '683', '684', '685', '686', '687', '688', '689', '690', '691', '692', '693', '694', '695', '696', '697', '698', '699', '700', '701', '702', '703', '704', '705', '706', '707', '708', '709', '710', '711', '712', '713', '714', '715', '716', '717', '718', '719', '720', '721', '722', '723', '724', '725', '726', '727', '728', '729', '730', '731', '732', '733', '734', '735', '736', '737', '738', '739', '740', '741', '742', '743', '744', '745', '746', '747', '748', '749', '750', '751', '752', '753', '754', '755', '756', '757', '758', '759', '760', '761', '762', '763', '764', '765', '766', '767', '768', '769', '770', '771', '772', '773', '774', '775', '776', '777', '778', '779', '780', '781', '782', '783', '784', '785', '786', '787', '788', '789', '790', '791', '792', '793', '794', '795', '796', '797', '798', '799', '800', '801', '802', '803', '804', '805', '806', '807', '808', '809', '810', '811', '812', '813', '814', '815', '816', '817', '818', '819', '820', '821', '822', '823', '824', '825', '826', '827', '828', '829', '830', '831', '832', '833', '834', '835', '836', '837', '838', '839', '840', '841', '842', '843', '844', '845', '846', '847', '848', '849', '850', '851', '852', '853', '854', '855', '856', '857', '858', '859', '860', 'OT']";  
    choise_channels: "[0, 1, 2, 3, 4, 5, 6, 7, 8, 9, 10, 11, 12, 13, 14, 15, 16, 17, 18, 19, 20, 21, 22, 23, 24, 25, 26, 27, 28, 29, 30, 31, 32, 33, 34, 35, 36, 37, 38, 39, 40, 41, 42, 43, 44, 45, 46, 47, 48, 49, 50, 51, 52, 53, 54, 55, 56, 57, 58, 59, 60, 61, 62, 63, 64, 65, 66, 67, 68, 69, 70, 71, 72, 73, 74, 75, 76, 77, 78, 79, 80, 81, 82, 83, 84, 85, 86, 87, 88, 89, 90, 91, 92, 93, 94, 95, 96, 97, 98, 99, 100, 101, 102, 103, 104, 105, 106, 107, 108, 109, 110, 111, 112, 113, 114, 115, 116, 117, 118, 119, 120, 121, 122, 123, 124, 125, 126, 127, 128, 129, 130, 131, 132, 133, 134, 135, 136, 137, 138, 139, 140, 141, 142, 143, 144, 145, 146, 147, 148, 149, 150, 151, 152, 153, 154, 155, 156, 157, 158, 159, 160, 161, 162, 163, 164, 165, 166, 167, 168, 169, 170, 171, 172, 173, 174, 175, 176, 177, 178, 179, 180, 181, 182, 183, 184, 185, 186, 187, 188, 189, 190, 191, 192, 193, 194, 195, 196, 197, 198, 199, 200, 201, 202, 203, 204, 205, 206, 207, 208, 209, 210, 211, 212, 213, 214, 215, 216, 217, 218, 219, 220, 221, 222, 223, 224, 225, 226, 227, 228, 229, 230, 231, 232, 233, 234, 235, 236, 237, 238, 239, 240, 241, 242, 243, 244, 245, 246, 247, 248, 249, 250, 251, 252, 253, 254, 255, 256, 257, 258, 259, 260, 261, 262, 263, 264, 265, 266, 267, 268, 269, 270, 271, 272, 273, 274, 275, 276, 277, 278, 279, 280, 281, 282, 283, 284, 285, 286, 287, 288, 289, 290, 291, 292, 293, 294, 295, 296, 297, 298, 299, 300, 301, 302, 303, 304, 305, 306, 307, 308, 309, 310, 311, 312, 313, 314, 315, 316, 317, 318, 319, 320, 321, 322, 323, 324, 325, 326, 327, 328, 329, 330, 331, 332, 333, 334, 335, 336, 337, 338, 339, 340, 341, 342, 343, 344, 345, 346, 347, 348, 349, 350, 351, 352, 353, 354, 355, 356, 357, 358, 359, 360, 361, 362, 363, 364, 365, 366, 367, 368, 369, 370, 371, 372, 373, 374, 375, 376, 377, 378, 379, 380, 381, 382, 383, 384, 385, 386, 387, 388, 389, 390, 391, 392, 393, 394, 395, 396, 397, 398, 399, 400, 401, 402, 403, 404, 405, 406, 407, 408, 409, 410, 411, 412, 413, 414, 415, 416, 417, 418, 419, 420, 421, 422, 423, 424, 425, 426, 427, 428, 429, 430, 431, 432, 433, 434, 435, 436, 437, 438, 439, 440, 441, 442, 443, 444, 445, 446, 447, 448, 449, 450, 451, 452, 453, 454, 455, 456, 457, 458, 459, 460, 461, 462, 463, 464, 465, 466, 467, 468, 469, 470, 471, 472, 473, 474, 475, 476, 477, 478, 479, 480, 481, 482, 483, 484, 485, 486, 487, 488, 489, 490, 491, 492, 493, 494, 495, 496, 497, 498, 499, 500, 501, 502, 503, 504, 505, 506, 507, 508, 509, 510, 511, 512, 513, 514, 515, 516, 517, 518, 519, 520, 521, 522, 523, 524, 525, 526, 527, 528, 529, 530, 531, 532, 533, 534, 535, 536, 537, 538, 539, 540, 541, 542, 543, 544, 545, 546, 547, 548, 549, 550, 551, 552, 553, 554, 555, 556, 557, 558, 559, 560, 561, 562, 563, 564, 565, 566, 567, 568, 569, 570, 571, 572, 573, 574, 575, 576, 577, 578, 579, 580, 581, 582, 583, 584, 585, 586, 587, 588, 589, 590, 591, 592, 593, 594, 595, 596, 597, 598, 599, 600, 601, 602, 603, 604, 605, 606, 607, 608, 609, 610, 611, 612, 613, 614, 615, 616, 617, 618, 619, 620, 621, 622, 623, 624, 625, 626, 627, 628, 629, 630, 631, 632, 633, 634, 635, 636, 637, 638, 639, 640, 641, 642, 643, 644, 645, 646, 647, 648, 649, 650, 651, 652, 653, 654, 655, 656, 657, 658, 659, 660, 661, 662, 663, 664, 665, 666, 667, 668, 669, 670, 671, 672, 673, 674, 675, 676, 677, 678, 679, 680, 681, 682, 683, 684, 685, 686, 687, 688, 689, 690, 691, 692, 693, 694, 695, 696, 697, 698, 699, 700, 701, 702, 703, 704, 705, 706, 707, 708, 709, 710, 711, 712, 713, 714, 715, 716, 717, 718, 719, 720, 721, 722, 723, 724, 725, 726, 727, 728, 729, 730, 731, 732, 733, 734, 735, 736, 737, 738, 739, 740, 741, 742, 743, 744, 745, 746, 747, 748, 749, 750, 751, 752, 753, 754, 755, 756, 757, 758, 759, 760, 761, 762, 763, 764, 765, 766, 767, 768, 769, 770, 771, 772, 773, 774, 775, 776, 777, 778, 779, 780, 781, 782, 783, 784, 785, 786, 787, 788, 789, 790, 791, 792, 793, 794, 795, 796, 797, 798, 799, 800, 801, 802, 803, 804, 805, 806, 807, 808, 809, 810, 811, 812, 813, 814, 815, 816, 817, 818, 819, 820, 821, 822, 823, 824, 825, 826, 827, 828, 829, 830, 831, 832, 833, 834, 835, 836, 837, 838, 839, 840, 841, 842, 843, 844, 845, 846, 847, 848, 849, 850, 851, 852, 853, 854, 855, 856, 857, 858, 859, 860, 861]";  
    nodes_info: "['None']";      choise_nodes: "[-1]";      folder_path: "./dataset/traffic";  
    file_name: "traffic.csv";      adj_path: "None";      period_type: "week";      c_date: "5";  
    raw_path: "./raw_files/traffic/traffic.csv";      data_channels: "862";  
    dataset_type: "['train', 'test', 'vali']";      scale: "True";      inp_len: "96";  
    pred_len: "96";      dtype: "torch.float32";      num_nodes: "1";      n_channels: "862";  
    data_scale: "True";      date_scale: "True";      dataset_prob: "[0.7, 0.1, 0.2]";  

Epoch: 001
State: <train>
	iter    Loss        MAE         MAPE        RMSE        Speed (/iter)   Time Cost   
	0000    10.4371     0.7542      174.5233%   1.0260      0.4650 s        0.47 s      
	0100    9.1477      0.5830      208.7738%   0.8819      0.0702 s        7.48 s      
	0200    8.0945      0.4174      266.1090%   0.7508      0.0701 s        14.49 s     
	0300    5.9370      0.3803      256.3648%   0.7051      0.0702 s        21.51 s     
State: <vali>
	iter    Loss        MAE         MAPE        RMSE        Speed (/iter)   Time Cost   
	0000    0.3642      0.3642      234.3823%   0.7777      0.0450 s        0.05 s      
State: <test>
	iter    Loss        MAE         MAPE        RMSE        Speed (/iter)   Time Cost   
	0000    0.3559      0.3559      164.1796%   0.7854      0.0447 s        0.04 s      
Info Report: <Epoch 001> 
	State   Avg. Loss   Avg. MAE    Avg. MAPE   Avg. RMSE   Time Cost   
	train   6.2883      0.4391      245.0515%   0.7574      27.25 s     
	vali    0.3624      0.3624      239.0711%   0.7825      2.05 s      
	test    0.4060      0.4060      259.5648%   0.8711      4.44 s      
<Latest 5>	1           
    Loss	0.4060      

Epoch: 002
State: <train>
	iter    Loss        MAE         MAPE        RMSE        Speed (/iter)   Time Cost   
	0000    0.3725      0.3407      248.0009%   0.6358      0.0726 s        0.07 s      
	0100    0.3709      0.3456      244.6915%   0.6533      0.0706 s        7.13 s      
	0200    0.3541      0.3329      238.5079%   0.6341      0.0703 s        14.16 s     
	0300    0.3432      0.3230      233.7640%   0.6192      0.0701 s        21.18 s     
State: <vali>
	iter    Loss        MAE         MAPE        RMSE        Speed (/iter)   Time Cost   
	0000    0.3179      0.3179      213.8178%   0.7416      0.0455 s        0.05 s      
State: <test>
	iter    Loss        MAE         MAPE        RMSE        Speed (/iter)   Time Cost   
	0000    0.3015      0.3015      145.9434%   0.7061      0.0454 s        0.05 s      
Info Report: <Epoch 002> 
	State   Avg. Loss   Avg. MAE    Avg. MAPE   Avg. RMSE   Time Cost   
	train   0.3516      0.3298      237.0439%   0.6298      26.90 s     
	vali    0.3134      0.3134      215.8594%   0.7164      2.07 s      
	test    0.3542      0.3542      237.1949%   0.7966      4.70 s      
<Latest 5>	1           2           
    Loss	0.4060      0.3542      

Epoch: 003
State: <train>
	iter    Loss        MAE         MAPE        RMSE        Speed (/iter)   Time Cost   
	0000    0.3287      0.3100      218.6871%   0.5950      0.0712 s        0.07 s      
	0100    0.3280      0.3091      225.8889%   0.6004      0.0713 s        7.20 s      
	0200    0.3217      0.3027      223.8837%   0.5914      0.0710 s        14.31 s     
	0300    0.3175      0.2979      220.9430%   0.5833      0.0713 s        21.43 s     
State: <vali>
	iter    Loss        MAE         MAPE        RMSE        Speed (/iter)   Time Cost   
	0000    0.2918      0.2918      195.4973%   0.6829      0.0457 s        0.05 s      
State: <test>
	iter    Loss        MAE         MAPE        RMSE        Speed (/iter)   Time Cost   
	0000    0.2831      0.2831      142.5791%   0.6797      0.0456 s        0.05 s      
Info Report: <Epoch 003> 
	State   Avg. Loss   Avg. MAE    Avg. MAPE   Avg. RMSE   Time Cost   
	train   0.3200      0.3010      222.2097%   0.5885      27.20 s     
	vali    0.2899      0.2899      207.3285%   0.6862      2.08 s      
	test    0.3303      0.3303      228.2050%   0.7631      4.56 s      
<Latest 5>	1           2           3           
    Loss	0.4060      0.3542      0.3303      

Epoch: 004
State: <train>
	iter    Loss        MAE         MAPE        RMSE        Speed (/iter)   Time Cost   
	0000    0.3056      0.2893      216.4809%   0.5734      0.0715 s        0.07 s      
	0100    0.3081      0.2900      215.0703%   0.5731      0.0717 s        7.24 s      
	0200    0.3057      0.2863      213.6731%   0.5677      0.0717 s        14.41 s     
	0300    0.3033      0.2851      211.9175%   0.5670      0.0721 s        21.62 s     
State: <vali>
	iter    Loss        MAE         MAPE        RMSE        Speed (/iter)   Time Cost   
	0000    0.2757      0.2757      196.9290%   0.6585      0.0463 s        0.05 s      
State: <test>
	iter    Loss        MAE         MAPE        RMSE        Speed (/iter)   Time Cost   
	0000    0.2693      0.2693      138.6656%   0.6621      0.0457 s        0.05 s      
Info Report: <Epoch 004> 
	State   Avg. Loss   Avg. MAE    Avg. MAPE   Avg. RMSE   Time Cost   
	train   0.3046      0.2859      212.8981%   0.5676      27.40 s     
	vali    0.2759      0.2759      197.6053%   0.6686      2.23 s      
	test    0.3164      0.3164      217.0253%   0.7453      4.94 s      
<Latest 5>	1           2           3           4           
    Loss	0.4060      0.3542      0.3303      0.3164      

Epoch: 005
State: <train>
	iter    Loss        MAE         MAPE        RMSE        Speed (/iter)   Time Cost   
	0000    0.3096      0.2904      212.1009%   0.5792      0.0709 s        0.07 s      
	0100    0.2957      0.2776      207.3979%   0.5563      0.0940 s        9.47 s      
	0200    0.2954      0.2767      207.9987%   0.5549      0.0733 s        16.80 s     
	0300    0.2949      0.2764      204.9718%   0.5548      0.0720 s        24.00 s     
State: <vali>
	iter    Loss        MAE         MAPE        RMSE        Speed (/iter)   Time Cost   
	0000    0.2715      0.2715      202.1473%   0.6600      0.0463 s        0.05 s      
State: <test>
	iter    Loss        MAE         MAPE        RMSE        Speed (/iter)   Time Cost   
	0000    0.2660      0.2660      136.0038%   0.6573      0.0460 s        0.05 s      
Info Report: <Epoch 005> 
	State   Avg. Loss   Avg. MAE    Avg. MAPE   Avg. RMSE   Time Cost   
	train   0.2943      0.2759      206.2802%   0.5538      30.01 s     
	vali    0.2693      0.2693      192.2766%   0.6615      2.35 s      
	test    0.3086      0.3086      210.6457%   0.7351      4.76 s      
<Latest 5>	1           2           3           4           5           
    Loss	0.4060      0.3542      0.3303      0.3164      0.3086      

Epoch: 006
State: <train>
	iter    Loss        MAE         MAPE        RMSE        Speed (/iter)   Time Cost   
	0000    0.2890      0.2714      211.0920%   0.5515      0.0713 s        0.07 s      
	0100    0.2893      0.2712      203.5418%   0.5477      0.0717 s        7.25 s      
	0200    0.2875      0.2693      202.1873%   0.5447      0.0771 s        14.96 s     
	0300    0.2864      0.2681      201.7526%   0.5433      0.0718 s        22.14 s     
State: <vali>
	iter    Loss        MAE         MAPE        RMSE        Speed (/iter)   Time Cost   
	0000    0.2660      0.2660      192.0728%   0.6757      0.0466 s        0.05 s      
State: <test>
	iter    Loss        MAE         MAPE        RMSE        Speed (/iter)   Time Cost   
	0000    0.2632      0.2632      132.9749%   0.6540      0.0470 s        0.05 s      
Info Report: <Epoch 006> 
	State   Avg. Loss   Avg. MAE    Avg. MAPE   Avg. RMSE   Time Cost   
	train   0.2870      0.2689      201.9996%   0.5444      27.96 s     
	vali    0.2632      0.2632      189.1727%   0.6545      2.21 s      
	test    0.3031      0.3031      206.6565%   0.7286      4.88 s      
<Latest 5>	2           3           4           5           6           
    Loss	0.3542      0.3303      0.3164      0.3086      0.3031      

Epoch: 007
State: <train>
	iter    Loss        MAE         MAPE        RMSE        Speed (/iter)   Time Cost   
	0000    0.2713      0.2541      185.2794%   0.5298      0.0714 s        0.07 s      
	0100    0.2825      0.2646      200.4311%   0.5387      0.0733 s        7.40 s      
	0200    0.2818      0.2639      198.9869%   0.5365      0.0717 s        14.57 s     
	0300    0.2826      0.2636      198.1163%   0.5386      0.0718 s        21.75 s     
State: <vali>
	iter    Loss        MAE         MAPE        RMSE        Speed (/iter)   Time Cost   
	0000    0.2606      0.2606      188.4715%   0.6519      0.0465 s        0.05 s      
State: <test>
	iter    Loss        MAE         MAPE        RMSE        Speed (/iter)   Time Cost   
	0000    0.2609      0.2609      132.7101%   0.6516      0.0500 s        0.05 s      
Info Report: <Epoch 007> 
	State   Avg. Loss   Avg. MAE    Avg. MAPE   Avg. RMSE   Time Cost   
	train   0.2818      0.2635      199.0248%   0.5373      27.56 s     
	vali    0.2603      0.2603      186.0407%   0.6510      2.18 s      
	test    0.2986      0.2986      202.8585%   0.7231      4.76 s      
<Latest 5>	3           4           5           6           7           
    Loss	0.3303      0.3164      0.3086      0.3031      0.2986      

Epoch: 008
State: <train>
	iter    Loss        MAE         MAPE        RMSE        Speed (/iter)   Time Cost   
	0000    0.2917      0.2723      185.4049%   0.5657      0.0713 s        0.07 s      
	0100    0.2789      0.2613      197.4883%   0.5337      0.0717 s        7.24 s      
	0200    0.2785      0.2602      197.2424%   0.5339      0.0719 s        14.43 s     
	0300    0.2757      0.2579      194.9155%   0.5305      0.0718 s        21.61 s     
State: <vali>
	iter    Loss        MAE         MAPE        RMSE        Speed (/iter)   Time Cost   
	0000    0.2601      0.2601      185.0720%   0.6489      0.0465 s        0.05 s      
State: <test>
	iter    Loss        MAE         MAPE        RMSE        Speed (/iter)   Time Cost   
	0000    0.2559      0.2559      131.1470%   0.6450      0.0455 s        0.05 s      
Info Report: <Epoch 008> 
	State   Avg. Loss   Avg. MAE    Avg. MAPE   Avg. RMSE   Time Cost   
	train   0.2773      0.2594      196.4659%   0.5318      27.43 s     
	vali    0.2556      0.2556      184.9963%   0.6452      2.20 s      
	test    0.2949      0.2949      202.8757%   0.7175      4.93 s      
<Latest 5>	4           5           6           7           8           
    Loss	0.3164      0.3086      0.3031      0.2986      0.2949      

Epoch: 009
State: <train>
	iter    Loss        MAE         MAPE        RMSE        Speed (/iter)   Time Cost   
	0000    0.2707      0.2516      190.0111%   0.5234      0.0743 s        0.07 s      
	0100    0.2743      0.2560      194.9128%   0.5272      0.0719 s        7.26 s      
	0200    0.2752      0.2564      194.6719%   0.5284      0.0718 s        14.45 s     
	0300    0.2738      0.2555      192.5252%   0.5272      0.0721 s        21.66 s     
State: <vali>
	iter    Loss        MAE         MAPE        RMSE        Speed (/iter)   Time Cost   
	0000    0.2562      0.2562      202.2844%   0.6501      0.0468 s        0.05 s      
State: <test>
	iter    Loss        MAE         MAPE        RMSE        Speed (/iter)   Time Cost   
	0000    0.2575      0.2575      130.6328%   0.6462      0.0451 s        0.05 s      
Info Report: <Epoch 009> 
	State   Avg. Loss   Avg. MAE    Avg. MAPE   Avg. RMSE   Time Cost   
	train   0.2741      0.2558      193.8979%   0.5272      27.48 s     
	vali    0.2549      0.2549      184.2198%   0.6449      2.15 s      
	test    0.2934      0.2934      199.4714%   0.7165      4.61 s      
<Latest 5>	5           6           7           8           9           
    Loss	0.3086      0.3031      0.2986      0.2949      0.2934      

Epoch: 010
State: <train>
	iter    Loss        MAE         MAPE        RMSE        Speed (/iter)   Time Cost   
	0000    0.2641      0.2473      207.4583%   0.5084      0.0712 s        0.07 s      
	0100    0.2723      0.2543      192.5612%   0.5252      0.0720 s        7.27 s      
	0200    0.2721      0.2530      191.9132%   0.5243      0.0720 s        14.47 s     
	0300    0.2710      0.2524      192.4856%   0.5225      0.0720 s        21.67 s     
State: <vali>
	iter    Loss        MAE         MAPE        RMSE        Speed (/iter)   Time Cost   
	0000    0.2506      0.2506      178.8977%   0.6394      0.0461 s        0.05 s      
State: <test>
	iter    Loss        MAE         MAPE        RMSE        Speed (/iter)   Time Cost   
	0000    0.2526      0.2526      127.2992%   0.6402      0.0456 s        0.05 s      
Info Report: <Epoch 010> 
	State   Avg. Loss   Avg. MAE    Avg. MAPE   Avg. RMSE   Time Cost   
	train   0.2717      0.2531      192.2615%   0.5239      27.57 s     
	vali    0.2523      0.2523      183.2551%   0.6413      2.10 s      
	test    0.2915      0.2915      200.0020%   0.7134      4.60 s      
<Latest 5>	6           7           8           9           10          
    Loss	0.3031      0.2986      0.2949      0.2934      0.2915      

Epoch: 011
State: <train>
	iter    Loss        MAE         MAPE        RMSE        Speed (/iter)   Time Cost   
	0000    0.2778      0.2594      196.8972%   0.5260      0.0741 s        0.07 s      
	0100    0.2699      0.2510      189.2709%   0.5222      0.0730 s        7.37 s      
	0200    0.2709      0.2516      190.9719%   0.5225      0.0720 s        14.57 s     
	0300    0.2680      0.2494      190.3517%   0.5175      0.0719 s        21.76 s     
State: <vali>
	iter    Loss        MAE         MAPE        RMSE        Speed (/iter)   Time Cost   
	0000    0.2500      0.2500      201.8291%   0.6293      0.0463 s        0.05 s      
State: <test>
	iter    Loss        MAE         MAPE        RMSE        Speed (/iter)   Time Cost   
	0000    0.2522      0.2522      128.7483%   0.6397      0.0464 s        0.05 s      
Info Report: <Epoch 011> 
	State   Avg. Loss   Avg. MAE    Avg. MAPE   Avg. RMSE   Time Cost   
	train   0.2693      0.2506      190.3452%   0.5207      27.60 s     
	vali    0.2507      0.2507      182.1772%   0.6394      2.11 s      
	test    0.2900      0.2900      198.4807%   0.7116      4.65 s      
<Latest 5>	7           8           9           10          11          
    Loss	0.2986      0.2949      0.2934      0.2915      0.2900      

Epoch: 012
State: <train>
	iter    Loss        MAE         MAPE        RMSE        Speed (/iter)   Time Cost   
	0000    0.2707      0.2525      192.1524%   0.5237      0.0714 s        0.07 s      
	0100    0.2669      0.2488      189.6829%   0.5186      0.0720 s        7.27 s      
	0200    0.2666      0.2487      188.4507%   0.5184      0.0727 s        14.54 s     
	0300    0.2666      0.2478      188.2115%   0.5179      0.0754 s        22.08 s     
State: <vali>
	iter    Loss        MAE         MAPE        RMSE        Speed (/iter)   Time Cost   
	0000    0.2482      0.2482      173.6596%   0.6238      0.0464 s        0.05 s      
State: <test>
	iter    Loss        MAE         MAPE        RMSE        Speed (/iter)   Time Cost   
	0000    0.2486      0.2486      127.7973%   0.6357      0.0460 s        0.05 s      
Info Report: <Epoch 012> 
	State   Avg. Loss   Avg. MAE    Avg. MAPE   Avg. RMSE   Time Cost   
	train   0.2667      0.2483      188.7966%   0.5179      27.91 s     
	vali    0.2486      0.2486      182.0645%   0.6366      2.11 s      
	test    0.2875      0.2875      197.6962%   0.7079      4.63 s      
<Latest 5>	8           9           10          11          12          
    Loss	0.2949      0.2934      0.2915      0.2900      0.2875      

Epoch: 013
State: <train>
	iter    Loss        MAE         MAPE        RMSE        Speed (/iter)   Time Cost   
	0000    0.2657      0.2466      196.7542%   0.5233      0.0715 s        0.07 s      
	0100    0.2661      0.2469      188.5649%   0.5155      0.0732 s        7.39 s      
	0200    0.2640      0.2461      186.9851%   0.5150      0.0722 s        14.61 s     
	0300    0.2657      0.2470      187.3492%   0.5162      0.0719 s        21.80 s     
State: <vali>
	iter    Loss        MAE         MAPE        RMSE        Speed (/iter)   Time Cost   
	0000    0.2543      0.2543      189.4179%   0.6463      0.0465 s        0.05 s      
State: <test>
	iter    Loss        MAE         MAPE        RMSE        Speed (/iter)   Time Cost   
	0000    0.2485      0.2485      127.9530%   0.6357      0.0457 s        0.05 s      
Info Report: <Epoch 013> 
	State   Avg. Loss   Avg. MAE    Avg. MAPE   Avg. RMSE   Time Cost   
	train   0.2652      0.2464      187.5168%   0.5154      27.64 s     
	vali    0.2472      0.2472      180.8628%   0.6355      2.13 s      
	test    0.2867      0.2867      196.9068%   0.7071      4.79 s      
<Latest 5>	9           10          11          12          13          
    Loss	0.2934      0.2915      0.2900      0.2875      0.2867      

Epoch: 014
State: <train>
	iter    Loss        MAE         MAPE        RMSE        Speed (/iter)   Time Cost   
	0000    0.2500      0.2313      191.0331%   0.4796      0.0718 s        0.07 s      
	0100    0.2639      0.2450      185.7688%   0.5136      0.0719 s        7.26 s      
	0200    0.2632      0.2450      187.7858%   0.5134      0.0718 s        14.44 s     
	0300    0.2618      0.2436      185.4545%   0.5120      0.0721 s        21.65 s     
State: <vali>
	iter    Loss        MAE         MAPE        RMSE        Speed (/iter)   Time Cost   
	0000    0.2398      0.2398      171.0266%   0.6334      0.0466 s        0.05 s      
State: <test>
	iter    Loss        MAE         MAPE        RMSE        Speed (/iter)   Time Cost   
	0000    0.2473      0.2473      127.5230%   0.6334      0.0452 s        0.05 s      
Info Report: <Epoch 014> 
	State   Avg. Loss   Avg. MAE    Avg. MAPE   Avg. RMSE   Time Cost   
	train   0.2630      0.2446      186.1085%   0.5132      27.48 s     
	vali    0.2460      0.2460      181.3168%   0.6334      2.10 s      
	test    0.2850      0.2850      196.2013%   0.7045      4.61 s      
<Latest 5>	10          11          12          13          14          
    Loss	0.2915      0.2900      0.2875      0.2867      0.2850      

Epoch: 015
State: <train>
	iter    Loss        MAE         MAPE        RMSE        Speed (/iter)   Time Cost   
	0000    0.2755      0.2550      201.9402%   0.5236      0.0741 s        0.07 s      
	0100    0.2628      0.2442      185.3514%   0.5126      0.0718 s        7.25 s      
	0200    0.2610      0.2425      185.4364%   0.5096      0.0721 s        14.46 s     
	0300    0.2611      0.2429      184.4706%   0.5114      0.0719 s        21.66 s     
State: <vali>
	iter    Loss        MAE         MAPE        RMSE        Speed (/iter)   Time Cost   
	0000    0.2473      0.2473      193.0667%   0.6337      0.0466 s        0.05 s      
State: <test>
	iter    Loss        MAE         MAPE        RMSE        Speed (/iter)   Time Cost   
	0000    0.2493      0.2493      129.0658%   0.6357      0.0457 s        0.05 s      
Info Report: <Epoch 015> 
	State   Avg. Loss   Avg. MAE    Avg. MAPE   Avg. RMSE   Time Cost   
	train   0.2618      0.2432      185.1751%   0.5114      27.48 s     
	vali    0.2462      0.2462      181.3909%   0.6338      2.11 s      
	test    0.2853      0.2853      197.0905%   0.7046      4.61 s      
<Latest 5>	11          12          13          14          15          
    Loss	0.2900      0.2875      0.2867      0.2850      0.2853      

Epoch: 016
State: <train>
	iter    Loss        MAE         MAPE        RMSE        Speed (/iter)   Time Cost   
	0000    0.2609      0.2414      190.1759%   0.5121      0.0715 s        0.07 s      
	0100    0.2611      0.2421      184.2558%   0.5099      0.0727 s        7.34 s      
	0200    0.2605      0.2418      183.9212%   0.5105      0.0721 s        14.54 s     
	0300    0.2598      0.2417      183.4426%   0.5093      0.0721 s        21.75 s     
State: <vali>
	iter    Loss        MAE         MAPE        RMSE        Speed (/iter)   Time Cost   
	0000    0.2413      0.2413      180.4178%   0.6394      0.0462 s        0.05 s      
State: <test>
	iter    Loss        MAE         MAPE        RMSE        Speed (/iter)   Time Cost   
	0000    0.2448      0.2448      127.2355%   0.6307      0.0462 s        0.05 s      
Info Report: <Epoch 016> 
	State   Avg. Loss   Avg. MAE    Avg. MAPE   Avg. RMSE   Time Cost   
	train   0.2602      0.2417      183.8660%   0.5096      27.58 s     
	vali    0.2428      0.2428      180.6772%   0.6295      2.11 s      
	test    0.2830      0.2830      196.8898%   0.7017      4.61 s      
<Latest 5>	12          13          14          15          16          
    Loss	0.2875      0.2867      0.2850      0.2853      0.2830      

Epoch: 017
State: <train>
	iter    Loss        MAE         MAPE        RMSE        Speed (/iter)   Time Cost   
	0000    0.2538      0.2368      178.3334%   0.5023      0.0713 s        0.07 s      
	0100    0.2589      0.2403      183.2054%   0.5072      0.0724 s        7.31 s      
	0200    0.2583      0.2405      182.8218%   0.5086      0.0721 s        14.52 s     
	0300    0.2589      0.2405      183.3934%   0.5078      0.0719 s        21.71 s     
State: <vali>
	iter    Loss        MAE         MAPE        RMSE        Speed (/iter)   Time Cost   
	0000    0.2388      0.2388      179.4709%   0.6055      0.0464 s        0.05 s      
State: <test>
	iter    Loss        MAE         MAPE        RMSE        Speed (/iter)   Time Cost   
	0000    0.2440      0.2440      126.3174%   0.6300      0.0471 s        0.05 s      
Info Report: <Epoch 017> 
	State   Avg. Loss   Avg. MAE    Avg. MAPE   Avg. RMSE   Time Cost   
	train   0.2585      0.2403      182.7644%   0.5078      27.63 s     
	vali    0.2422      0.2422      179.4512%   0.6292      2.11 s      
	test    0.2825      0.2825      195.3685%   0.7015      4.63 s      
<Latest 5>	13          14          15          16          17          
    Loss	0.2867      0.2850      0.2853      0.2830      0.2825      

Epoch: 018
State: <train>
	iter    Loss        MAE         MAPE        RMSE        Speed (/iter)   Time Cost   
	0000    0.2600      0.2400      184.9278%   0.4971      0.0714 s        0.07 s      
	0100    0.2581      0.2396      182.1046%   0.5069      0.0719 s        7.26 s      
	0200    0.2560      0.2379      182.0425%   0.5054      0.0720 s        14.47 s     
	0300    0.2582      0.2396      180.8211%   0.5074      0.0721 s        21.68 s     
State: <vali>
	iter    Loss        MAE         MAPE        RMSE        Speed (/iter)   Time Cost   
	0000    0.2520      0.2520      206.7649%   0.6449      0.0469 s        0.05 s      
State: <test>
	iter    Loss        MAE         MAPE        RMSE        Speed (/iter)   Time Cost   
	0000    0.2436      0.2436      125.9546%   0.6288      0.0461 s        0.05 s      
Info Report: <Epoch 018> 
	State   Avg. Loss   Avg. MAE    Avg. MAPE   Avg. RMSE   Time Cost   
	train   0.2576      0.2391      181.9483%   0.5063      27.52 s     
	vali    0.2413      0.2413      178.0910%   0.6276      2.15 s      
	test    0.2813      0.2813      194.9025%   0.6994      4.69 s      
<Latest 5>	14          15          16          17          18          
    Loss	0.2850      0.2853      0.2830      0.2825      0.2813      

Epoch: 019
State: <train>
	iter    Loss        MAE         MAPE        RMSE        Speed (/iter)   Time Cost   
	0000    0.2523      0.2343      202.6870%   0.4922      0.0722 s        0.07 s      
	0100    0.2561      0.2373      181.1833%   0.5028      0.0724 s        7.31 s      
	0200    0.2562      0.2375      180.4909%   0.5050      0.0722 s        14.53 s     
	0300    0.2578      0.2388      181.2905%   0.5062      0.0724 s        21.77 s     
State: <vali>
	iter    Loss        MAE         MAPE        RMSE        Speed (/iter)   Time Cost   
	0000    0.2328      0.2328      178.2467%   0.6123      0.0467 s        0.05 s      
State: <test>
	iter    Loss        MAE         MAPE        RMSE        Speed (/iter)   Time Cost   
	0000    0.2441      0.2441      125.2426%   0.6298      0.0464 s        0.05 s      
Info Report: <Epoch 019> 
	State   Avg. Loss   Avg. MAE    Avg. MAPE   Avg. RMSE   Time Cost   
	train   0.2568      0.2380      181.1616%   0.5049      27.64 s     
	vali    0.2413      0.2413      178.2633%   0.6281      2.21 s      
	test    0.2811      0.2811      194.1822%   0.6992      4.68 s      
<Latest 5>	15          16          17          18          19          
    Loss	0.2853      0.2830      0.2825      0.2813      0.2811      

Epoch: 020
State: <train>
	iter    Loss        MAE         MAPE        RMSE        Speed (/iter)   Time Cost   
	0000    0.2526      0.2329      182.5960%   0.4972      0.0724 s        0.07 s      
	0100    0.2554      0.2368      180.1677%   0.5032      0.0723 s        7.30 s      
	0200    0.2562      0.2376      181.7275%   0.5037      0.0723 s        14.54 s     
	0300    0.2553      0.2369      179.4831%   0.5036      0.0725 s        21.79 s     
State: <vali>
	iter    Loss        MAE         MAPE        RMSE        Speed (/iter)   Time Cost   
	0000    0.2388      0.2388      172.9855%   0.6323      0.0468 s        0.05 s      
State: <test>
	iter    Loss        MAE         MAPE        RMSE        Speed (/iter)   Time Cost   
	0000    0.2447      0.2447      125.1542%   0.6298      0.0522 s        0.05 s      
Info Report: <Epoch 020> 
	State   Avg. Loss   Avg. MAE    Avg. MAPE   Avg. RMSE   Time Cost   
	train   0.2555      0.2369      180.3034%   0.5035      27.67 s     
	vali    0.2406      0.2406      176.8839%   0.6272      2.14 s      
	test    0.2807      0.2807      193.2652%   0.6991      4.68 s      
<Latest 5>	16          17          18          19          20          
    Loss	0.2830      0.2825      0.2813      0.2811      0.2807      

Epoch: 021
State: <train>
	iter    Loss        MAE         MAPE        RMSE        Speed (/iter)   Time Cost   
	0000    0.2473      0.2291      183.1957%   0.4902      0.0720 s        0.07 s      
	0100    0.2549      0.2362      180.1041%   0.5026      0.0721 s        7.28 s      
	0200    0.2541      0.2359      179.4768%   0.5024      0.0722 s        14.51 s     
	0300    0.2545      0.2355      179.2982%   0.5016      0.0723 s        21.74 s     
State: <vali>
	iter    Loss        MAE         MAPE        RMSE        Speed (/iter)   Time Cost   
	0000    0.2364      0.2364      170.2857%   0.6160      0.0534 s        0.05 s      
State: <test>
	iter    Loss        MAE         MAPE        RMSE        Speed (/iter)   Time Cost   
	0000    0.2414      0.2414      124.8782%   0.6267      0.0464 s        0.05 s      
Info Report: <Epoch 021> 
	State   Avg. Loss   Avg. MAE    Avg. MAPE   Avg. RMSE   Time Cost   
	train   0.2545      0.2359      179.4867%   0.5023      27.59 s     
	vali    0.2392      0.2392      176.7823%   0.6255      2.17 s      
	test    0.2795      0.2795      192.9200%   0.6975      4.59 s      
<Latest 5>	17          18          19          20          21          
    Loss	0.2825      0.2813      0.2811      0.2807      0.2795      

Epoch: 022
State: <train>
	iter    Loss        MAE         MAPE        RMSE        Speed (/iter)   Time Cost   
	0000    0.2505      0.2307      169.0241%   0.4942      0.0716 s        0.07 s      
	0100    0.2529      0.2346      177.4991%   0.5013      0.0724 s        7.31 s      
	0200    0.2539      0.2355      178.5653%   0.5016      0.0724 s        14.55 s     
	0300    0.2535      0.2347      179.0425%   0.5003      0.0723 s        21.79 s     
State: <vali>
	iter    Loss        MAE         MAPE        RMSE        Speed (/iter)   Time Cost   
	0000    0.2318      0.2318      177.3941%   0.6164      0.0475 s        0.05 s      
State: <test>
	iter    Loss        MAE         MAPE        RMSE        Speed (/iter)   Time Cost   
	0000    0.2403      0.2403      124.3846%   0.6257      0.0460 s        0.05 s      
Info Report: <Epoch 022> 
	State   Avg. Loss   Avg. MAE    Avg. MAPE   Avg. RMSE   Time Cost   
	train   0.2534      0.2349      178.6363%   0.5010      27.64 s     
	vali    0.2386      0.2386      176.6893%   0.6248      2.14 s      
	test    0.2794      0.2794      193.4399%   0.6971      4.64 s      
<Latest 5>	18          19          20          21          22          
    Loss	0.2813      0.2811      0.2807      0.2795      0.2794      

Epoch: 023
State: <train>
	iter    Loss        MAE         MAPE        RMSE        Speed (/iter)   Time Cost   
	0000    0.2508      0.2298      180.6425%   0.4909      0.0721 s        0.07 s      
	0100    0.2517      0.2334      178.2966%   0.4989      0.0724 s        7.31 s      
	0200    0.2531      0.2351      178.4759%   0.5015      0.0725 s        14.56 s     
	0300    0.2535      0.2341      178.4327%   0.5004      0.0725 s        21.81 s     
State: <vali>
	iter    Loss        MAE         MAPE        RMSE        Speed (/iter)   Time Cost   
	0000    0.2403      0.2403      170.0178%   0.6162      0.0469 s        0.05 s      
State: <test>
	iter    Loss        MAE         MAPE        RMSE        Speed (/iter)   Time Cost   
	0000    0.2418      0.2418      125.3435%   0.6264      0.0458 s        0.05 s      
Info Report: <Epoch 023> 
	State   Avg. Loss   Avg. MAE    Avg. MAPE   Avg. RMSE   Time Cost   
	train   0.2524      0.2340      178.0412%   0.5001      27.67 s     
	vali    0.2382      0.2382      176.9326%   0.6240      2.15 s      
	test    0.2786      0.2786      193.0147%   0.6957      4.69 s      
<Latest 5>	19          20          21          22          23          
    Loss	0.2811      0.2807      0.2795      0.2794      0.2786      

Epoch: 024
State: <train>
	iter    Loss        MAE         MAPE        RMSE        Speed (/iter)   Time Cost   
	0000    0.2478      0.2281      164.2634%   0.4988      0.0718 s        0.07 s      
	0100    0.2518      0.2331      176.9599%   0.5000      0.0725 s        7.32 s      
	0200    0.2528      0.2334      178.1028%   0.4988      0.0723 s        14.56 s     
	0300    0.2511      0.2324      178.0886%   0.4979      0.0724 s        21.79 s     
State: <vali>
	iter    Loss        MAE         MAPE        RMSE        Speed (/iter)   Time Cost   
	0000    0.2483      0.2483      185.8256%   0.6347      0.0467 s        0.05 s      
State: <test>
	iter    Loss        MAE         MAPE        RMSE        Speed (/iter)   Time Cost   
	0000    0.2417      0.2417      123.4631%   0.6272      0.0467 s        0.05 s      
Info Report: <Epoch 024> 
	State   Avg. Loss   Avg. MAE    Avg. MAPE   Avg. RMSE   Time Cost   
	train   0.2519      0.2332      177.7344%   0.4990      27.64 s     
	vali    0.2390      0.2390      175.5870%   0.6253      2.16 s      
	test    0.2792      0.2792      190.9796%   0.6969      4.60 s      
<Latest 5>	20          21          22          23          24          
    Loss	0.2807      0.2795      0.2794      0.2786      0.2792      

Epoch: 025
State: <train>
	iter    Loss        MAE         MAPE        RMSE        Speed (/iter)   Time Cost   
	0000    0.2440      0.2274      175.3058%   0.4885      0.0780 s        0.08 s      
	0100    0.2509      0.2323      176.5080%   0.4984      0.0723 s        7.31 s      
	0200    0.2516      0.2328      177.5571%   0.4977      0.0724 s        14.55 s     
	0300    0.2520      0.2326      177.0118%   0.4979      0.0722 s        21.76 s     
State: <vali>
	iter    Loss        MAE         MAPE        RMSE        Speed (/iter)   Time Cost   
	0000    0.2397      0.2397      177.4794%   0.6339      0.0466 s        0.05 s      
State: <test>
	iter    Loss        MAE         MAPE        RMSE        Speed (/iter)   Time Cost   
	0000    0.2396      0.2396      124.2034%   0.6245      0.0454 s        0.05 s      
Info Report: <Epoch 025> 
	State   Avg. Loss   Avg. MAE    Avg. MAPE   Avg. RMSE   Time Cost   
	train   0.2513      0.2324      176.9223%   0.4979      27.61 s     
	vali    0.2384      0.2384      176.9617%   0.6243      2.14 s      
	test    0.2781      0.2781      191.9733%   0.6950      4.67 s      
<Latest 5>	21          22          23          24          25          
    Loss	0.2795      0.2794      0.2786      0.2792      0.2781      

Epoch: 026
State: <train>
	iter    Loss        MAE         MAPE        RMSE        Speed (/iter)   Time Cost   
	0000    0.2482      0.2303      173.2494%   0.4902      0.0718 s        0.07 s      
	0100    0.2503      0.2317      176.6351%   0.4960      0.0724 s        7.31 s      
	0200    0.2510      0.2319      176.3629%   0.4974      0.0724 s        14.55 s     
	0300    0.2506      0.2321      177.4345%   0.4985      0.0725 s        21.79 s     
State: <vali>
	iter    Loss        MAE         MAPE        RMSE        Speed (/iter)   Time Cost   
	0000    0.2450      0.2450      187.0992%   0.6424      0.0465 s        0.05 s      
State: <test>
	iter    Loss        MAE         MAPE        RMSE        Speed (/iter)   Time Cost   
	0000    0.2391      0.2391      123.6085%   0.6240      0.0458 s        0.05 s      
Info Report: <Epoch 026> 
	State   Avg. Loss   Avg. MAE    Avg. MAPE   Avg. RMSE   Time Cost   
	train   0.2502      0.2317      176.4905%   0.4971      27.64 s     
	vali    0.2368      0.2368      175.3757%   0.6226      2.30 s      
	test    0.2775      0.2775      190.9887%   0.6945      4.64 s      
<Latest 5>	22          23          24          25          26          
    Loss	0.2794      0.2786      0.2792      0.2781      0.2775      

Epoch: 027
State: <train>
	iter    Loss        MAE         MAPE        RMSE        Speed (/iter)   Time Cost   
	0000    0.2453      0.2261      164.3127%   0.5060      0.0723 s        0.07 s      
	0100    0.2485      0.2306      175.5024%   0.4952      0.0723 s        7.31 s      
	0200    0.2488      0.2307      175.0259%   0.4967      0.0723 s        14.54 s     
	0300    0.2497      0.2313      176.1587%   0.4958      0.0722 s        21.76 s     
State: <vali>
	iter    Loss        MAE         MAPE        RMSE        Speed (/iter)   Time Cost   
	0000    0.2348      0.2348      170.3052%   0.6228      0.0468 s        0.05 s      
State: <test>
	iter    Loss        MAE         MAPE        RMSE        Speed (/iter)   Time Cost   
	0000    0.2394      0.2394      124.3227%   0.6242      0.0514 s        0.05 s      
Info Report: <Epoch 027> 
	State   Avg. Loss   Avg. MAE    Avg. MAPE   Avg. RMSE   Time Cost   
	train   0.2490      0.2309      175.8421%   0.4962      27.60 s     
	vali    0.2369      0.2369      176.0226%   0.6228      2.16 s      
	test    0.2774      0.2774      191.2751%   0.6945      4.67 s      
<Latest 5>	23          24          25          26          27          
    Loss	0.2786      0.2792      0.2781      0.2775      0.2774      

Epoch: 028
State: <train>
	iter    Loss        MAE         MAPE        RMSE        Speed (/iter)   Time Cost   
	0000    0.2434      0.2265      170.5346%   0.4858      0.0721 s        0.07 s      
	0100    0.2487      0.2304      176.4096%   0.4956      0.0723 s        7.30 s      
	0200    0.2485      0.2303      174.7284%   0.4959      0.0724 s        14.54 s     
	0300    0.2483      0.2299      174.7945%   0.4946      0.0724 s        21.78 s     
State: <vali>
	iter    Loss        MAE         MAPE        RMSE        Speed (/iter)   Time Cost   
	0000    0.2449      0.2449      183.8834%   0.6476      0.0469 s        0.05 s      
State: <test>
	iter    Loss        MAE         MAPE        RMSE        Speed (/iter)   Time Cost   
	0000    0.2371      0.2371      123.0458%   0.6214      0.0462 s        0.05 s      
Info Report: <Epoch 028> 
	State   Avg. Loss   Avg. MAE    Avg. MAPE   Avg. RMSE   Time Cost   
	train   0.2486      0.2302      175.3775%   0.4953      27.68 s     
	vali    0.2355      0.2355      175.4451%   0.6208      2.12 s      
	test    0.2758      0.2758      190.9320%   0.6920      4.56 s      
<Latest 5>	24          25          26          27          28          
    Loss	0.2792      0.2781      0.2775      0.2774      0.2758      

Epoch: 029
State: <train>
	iter    Loss        MAE         MAPE        RMSE        Speed (/iter)   Time Cost   
	0000    0.2500      0.2310      185.9961%   0.4891      0.0722 s        0.07 s      
	0100    0.2484      0.2299      174.5700%   0.4951      0.0718 s        7.25 s      
	0200    0.2493      0.2296      174.4300%   0.4955      0.0718 s        14.43 s     
	0300    0.2480      0.2290      175.2046%   0.4927      0.0719 s        21.61 s     
State: <vali>
	iter    Loss        MAE         MAPE        RMSE        Speed (/iter)   Time Cost   
	0000    0.2339      0.2339      181.8193%   0.6141      0.0465 s        0.05 s      
State: <test>
	iter    Loss        MAE         MAPE        RMSE        Speed (/iter)   Time Cost   
	0000    0.2391      0.2391      124.4591%   0.6232      0.0457 s        0.05 s      
Info Report: <Epoch 029> 
	State   Avg. Loss   Avg. MAE    Avg. MAPE   Avg. RMSE   Time Cost   
	train   0.2487      0.2296      174.6821%   0.4946      27.66 s     
	vali    0.2353      0.2353      174.9135%   0.6205      2.11 s      
	test    0.2758      0.2758      190.3671%   0.6921      4.54 s      
<Latest 5>	25          26          27          28          29          
    Loss	0.2781      0.2775      0.2774      0.2758      0.2758      

Epoch: 030
State: <train>
	iter    Loss        MAE         MAPE        RMSE        Speed (/iter)   Time Cost   
	0000    0.2497      0.2325      170.6332%   0.4981      0.0717 s        0.07 s      
	0100    0.2480      0.2295      176.0554%   0.4944      0.0719 s        7.26 s      
	0200    0.2466      0.2287      173.4877%   0.4947      0.0717 s        14.43 s     
	0300    0.2472      0.2290      174.6258%   0.4927      0.0721 s        21.64 s     
State: <vali>
	iter    Loss        MAE         MAPE        RMSE        Speed (/iter)   Time Cost   
	0000    0.2340      0.2340      172.7086%   0.6308      0.0465 s        0.05 s      
State: <test>
	iter    Loss        MAE         MAPE        RMSE        Speed (/iter)   Time Cost   
	0000    0.2360      0.2360      122.7957%   0.6199      0.0458 s        0.05 s      
Info Report: <Epoch 030> 
	State   Avg. Loss   Avg. MAE    Avg. MAPE   Avg. RMSE   Time Cost   
	train   0.2473      0.2290      174.4445%   0.4938      27.47 s     
	vali    0.2348      0.2348      175.2784%   0.6199      2.11 s      
	test    0.2755      0.2755      190.6238%   0.6916      4.55 s      
<Latest 5>	26          27          28          29          30          
    Loss	0.2775      0.2774      0.2758      0.2758      0.2755      

Epoch: 031
State: <train>
	iter    Loss        MAE         MAPE        RMSE        Speed (/iter)   Time Cost   
	0000    0.2479      0.2297      180.5210%   0.4955      0.0721 s        0.07 s      
	0100    0.2474      0.2285      174.1851%   0.4931      0.0719 s        7.26 s      
	0200    0.2476      0.2287      172.7969%   0.4944      0.0719 s        14.46 s     
	0300    0.2468      0.2286      173.9731%   0.4929      0.0720 s        21.66 s     
State: <vali>
	iter    Loss        MAE         MAPE        RMSE        Speed (/iter)   Time Cost   
	0000    0.2330      0.2330      187.8563%   0.6300      0.0464 s        0.05 s      
State: <test>
	iter    Loss        MAE         MAPE        RMSE        Speed (/iter)   Time Cost   
	0000    0.2362      0.2362      123.1866%   0.6194      0.0459 s        0.05 s      
Info Report: <Epoch 031> 
	State   Avg. Loss   Avg. MAE    Avg. MAPE   Avg. RMSE   Time Cost   
	train   0.2468      0.2284      173.8132%   0.4931      27.49 s     
	vali    0.2346      0.2346      175.3539%   0.6197      2.11 s      
	test    0.2752      0.2752      191.1517%   0.6908      4.53 s      
<Latest 5>	27          28          29          30          31          
    Loss	0.2774      0.2758      0.2758      0.2755      0.2752      

Epoch: 032
State: <train>
	iter    Loss        MAE         MAPE        RMSE        Speed (/iter)   Time Cost   
	0000    0.2412      0.2230      159.8487%   0.4835      0.0718 s        0.07 s      
	0100    0.2454      0.2279      172.2803%   0.4923      0.0719 s        7.26 s      
	0200    0.2455      0.2276      174.5262%   0.4926      0.0719 s        14.45 s     
	0300    0.2466      0.2278      173.5897%   0.4927      0.0719 s        21.64 s     
State: <vali>
	iter    Loss        MAE         MAPE        RMSE        Speed (/iter)   Time Cost   
	0000    0.2376      0.2376      179.2185%   0.6344      0.0467 s        0.05 s      
State: <test>
	iter    Loss        MAE         MAPE        RMSE        Speed (/iter)   Time Cost   
	0000    0.2359      0.2359      123.6634%   0.6199      0.0462 s        0.05 s      
Info Report: <Epoch 032> 
	State   Avg. Loss   Avg. MAE    Avg. MAPE   Avg. RMSE   Time Cost   
	train   0.2459      0.2278      173.4707%   0.4923      27.48 s     
	vali    0.2338      0.2338      173.9068%   0.6192      2.12 s      
	test    0.2750      0.2750      189.7479%   0.6913      4.54 s      
<Latest 5>	28          29          30          31          32          
    Loss	0.2758      0.2758      0.2755      0.2752      0.2750      

Epoch: 033
State: <train>
	iter    Loss        MAE         MAPE        RMSE        Speed (/iter)   Time Cost   
	0000    0.2371      0.2209      177.0284%   0.4785      0.0718 s        0.07 s      
	0100    0.2469      0.2278      173.7717%   0.4912      0.0720 s        7.27 s      
	0200    0.2454      0.2263      172.4974%   0.4905      0.0719 s        14.46 s     
	0300    0.2465      0.2278      172.8856%   0.4937      0.0720 s        21.66 s     
State: <vali>
	iter    Loss        MAE         MAPE        RMSE        Speed (/iter)   Time Cost   
	0000    0.2225      0.2225      174.7680%   0.5928      0.0466 s        0.05 s      
State: <test>
	iter    Loss        MAE         MAPE        RMSE        Speed (/iter)   Time Cost   
	0000    0.2381      0.2381      123.0666%   0.6217      0.0470 s        0.05 s      
Info Report: <Epoch 033> 
	State   Avg. Loss   Avg. MAE    Avg. MAPE   Avg. RMSE   Time Cost   
	train   0.2460      0.2272      172.8501%   0.4917      27.49 s     
	vali    0.2341      0.2341      173.8344%   0.6193      2.14 s      
	test    0.2750      0.2750      189.4722%   0.6913      4.52 s      
<Latest 5>	29          30          31          32          33          
    Loss	0.2758      0.2755      0.2752      0.2750      0.2750      

Epoch: 034
State: <train>
	iter    Loss        MAE         MAPE        RMSE        Speed (/iter)   Time Cost   
	0000    0.2390      0.2200      169.2565%   0.4876      0.0717 s        0.07 s      
	0100    0.2459      0.2271      171.7064%   0.4915      0.0717 s        7.24 s      
	0200    0.2451      0.2265      173.3215%   0.4914      0.0717 s        14.41 s     
	0300    0.2469      0.2274      172.5316%   0.4919      0.0718 s        21.59 s     
State: <vali>
	iter    Loss        MAE         MAPE        RMSE        Speed (/iter)   Time Cost   
	0000    0.2250      0.2250      160.9488%   0.5984      0.0469 s        0.05 s      
State: <test>
	iter    Loss        MAE         MAPE        RMSE        Speed (/iter)   Time Cost   
	0000    0.2338      0.2338      121.8647%   0.6174      0.0460 s        0.05 s      
Info Report: <Epoch 034> 
	State   Avg. Loss   Avg. MAE    Avg. MAPE   Avg. RMSE   Time Cost   
	train   0.2456      0.2266      172.4108%   0.4909      27.57 s     
	vali    0.2329      0.2329      174.2454%   0.6177      2.11 s      
	test    0.2739      0.2739      189.9980%   0.6894      4.52 s      
<Latest 5>	30          31          32          33          34          
    Loss	0.2755      0.2752      0.2750      0.2750      0.2739      

Epoch: 035
State: <train>
	iter    Loss        MAE         MAPE        RMSE        Speed (/iter)   Time Cost   
	0000    0.2456      0.2266      168.1402%   0.4881      0.0715 s        0.07 s      
	0100    0.2441      0.2262      171.9796%   0.4904      0.0716 s        7.23 s      
	0200    0.2448      0.2265      172.3542%   0.4911      0.0716 s        14.39 s     
	0300    0.2448      0.2259      171.7780%   0.4897      0.0714 s        21.53 s     
State: <vali>
	iter    Loss        MAE         MAPE        RMSE        Speed (/iter)   Time Cost   
	0000    0.2407      0.2407      197.1041%   0.6322      0.0469 s        0.05 s      
State: <test>
	iter    Loss        MAE         MAPE        RMSE        Speed (/iter)   Time Cost   
	0000    0.2350      0.2350      122.3158%   0.6189      0.0461 s        0.05 s      
Info Report: <Epoch 035> 
	State   Avg. Loss   Avg. MAE    Avg. MAPE   Avg. RMSE   Time Cost   
	train   0.2446      0.2261      172.1207%   0.4903      27.34 s     
	vali    0.2331      0.2331      173.8545%   0.6180      2.11 s      
	test    0.2743      0.2743      189.8388%   0.6903      4.53 s      
<Latest 5>	31          32          33          34          35          
    Loss	0.2752      0.2750      0.2750      0.2739      0.2743      

Epoch: 036
State: <train>
	iter    Loss        MAE         MAPE        RMSE        Speed (/iter)   Time Cost   
	0000    0.2430      0.2225      170.8001%   0.4916      0.0714 s        0.07 s      
	0100    0.2446      0.2257      172.7318%   0.4895      0.0716 s        7.23 s      
	0200    0.2447      0.2260      172.1378%   0.4900      0.0716 s        14.39 s     
	0300    0.2439      0.2255      171.1324%   0.4894      0.0715 s        21.54 s     
State: <vali>
	iter    Loss        MAE         MAPE        RMSE        Speed (/iter)   Time Cost   
	0000    0.2275      0.2275      187.9360%   0.6213      0.0464 s        0.05 s      
State: <test>
	iter    Loss        MAE         MAPE        RMSE        Speed (/iter)   Time Cost   
	0000    0.2337      0.2337      122.0572%   0.6169      0.0456 s        0.05 s      
Info Report: <Epoch 036> 
	State   Avg. Loss   Avg. MAE    Avg. MAPE   Avg. RMSE   Time Cost   
	train   0.2442      0.2257      171.7415%   0.4898      27.33 s     
	vali    0.2323      0.2323      173.9710%   0.6171      2.10 s      
	test    0.2734      0.2734      189.5122%   0.6887      4.52 s      
<Latest 5>	32          33          34          35          36          
    Loss	0.2750      0.2750      0.2739      0.2743      0.2734      

Epoch: 037
State: <train>
	iter    Loss        MAE         MAPE        RMSE        Speed (/iter)   Time Cost   
	0000    0.2391      0.2220      174.8980%   0.4813      0.0717 s        0.07 s      
	0100    0.2430      0.2247      171.2063%   0.4884      0.0716 s        7.23 s      
	0200    0.2426      0.2245      170.4347%   0.4882      0.0714 s        14.37 s     
	0300    0.2446      0.2259      172.4979%   0.4894      0.0714 s        21.51 s     
State: <vali>
	iter    Loss        MAE         MAPE        RMSE        Speed (/iter)   Time Cost   
	0000    0.2322      0.2322      177.7819%   0.6336      0.0464 s        0.05 s      
State: <test>
	iter    Loss        MAE         MAPE        RMSE        Speed (/iter)   Time Cost   
	0000    0.2358      0.2358      121.8298%   0.6199      0.0460 s        0.05 s      
Info Report: <Epoch 037> 
	State   Avg. Loss   Avg. MAE    Avg. MAPE   Avg. RMSE   Time Cost   
	train   0.2434      0.2250      171.2841%   0.4889      27.30 s     
	vali    0.2331      0.2331      174.0118%   0.6178      2.10 s      
	test    0.2739      0.2739      189.0988%   0.6898      4.51 s      
<Latest 5>	33          34          35          36          37          
    Loss	0.2750      0.2739      0.2743      0.2734      0.2739      

Epoch: 038
State: <train>
	iter    Loss        MAE         MAPE        RMSE        Speed (/iter)   Time Cost   
	0000    0.2350      0.2166      173.2839%   0.4701      0.0717 s        0.07 s      
	0100    0.2430      0.2244      171.3633%   0.4879      0.0717 s        7.24 s      
	0200    0.2434      0.2246      170.3895%   0.4890      0.0716 s        14.40 s     
	0300    0.2437      0.2254      171.2252%   0.4893      0.0717 s        21.56 s     
State: <vali>
	iter    Loss        MAE         MAPE        RMSE        Speed (/iter)   Time Cost   
	0000    0.2268      0.2268      158.3024%   0.6103      0.0458 s        0.05 s      
State: <test>
	iter    Loss        MAE         MAPE        RMSE        Speed (/iter)   Time Cost   
	0000    0.2333      0.2333      121.4479%   0.6163      0.0452 s        0.05 s      
Info Report: <Epoch 038> 
	State   Avg. Loss   Avg. MAE    Avg. MAPE   Avg. RMSE   Time Cost   
	train   0.2433      0.2246      170.8005%   0.4884      27.30 s     
	vali    0.2318      0.2318      173.4301%   0.6164      2.07 s      
	test    0.2733      0.2733      189.2689%   0.6889      4.46 s      
<Latest 5>	34          35          36          37          38          
    Loss	0.2739      0.2743      0.2734      0.2739      0.2733      

Epoch: 039
State: <train>
	iter    Loss        MAE         MAPE        RMSE        Speed (/iter)   Time Cost   
	0000    0.2538      0.2337      159.3049%   0.5102      0.0711 s        0.07 s      
	0100    0.2429      0.2238      169.5066%   0.4868      0.0707 s        7.15 s      
	0200    0.2427      0.2245      170.4498%   0.4889      0.0711 s        14.25 s     
	0300    0.2433      0.2244      170.8802%   0.4883      0.1224 s        26.49 s     
State: <vali>
	iter    Loss        MAE         MAPE        RMSE        Speed (/iter)   Time Cost   
	0000    0.2259      0.2259      173.0974%   0.5942      0.0455 s        0.05 s      
State: <test>
	iter    Loss        MAE         MAPE        RMSE        Speed (/iter)   Time Cost   
	0000    0.2356      0.2356      121.6229%   0.6196      0.0560 s        0.06 s      
Info Report: <Epoch 039> 
	State   Avg. Loss   Avg. MAE    Avg. MAPE   Avg. RMSE   Time Cost   
	train   0.2428      0.2242      170.4540%   0.4878      32.96 s     
	vali    0.2320      0.2320      172.9540%   0.6165      2.68 s      
	test    0.2733      0.2733      187.8806%   0.6891      5.19 s      
<Latest 5>	35          36          37          38          39          
    Loss	0.2743      0.2734      0.2739      0.2733      0.2733      

Epoch: 040
State: <train>
	iter    Loss        MAE         MAPE        RMSE        Speed (/iter)   Time Cost   
	0000    0.2434      0.2258      170.1849%   0.5003      0.0726 s        0.07 s      
	0100    0.2430      0.2244      169.3569%   0.4892      0.0709 s        7.16 s      
	0200    0.2421      0.2237      171.1557%   0.4865      0.0709 s        14.25 s     
	0300    0.2410      0.2229      169.4436%   0.4857      0.0708 s        21.33 s     
State: <vali>
	iter    Loss        MAE         MAPE        RMSE        Speed (/iter)   Time Cost   
	0000    0.2262      0.2262      158.8129%   0.6131      0.0457 s        0.05 s      
State: <test>
	iter    Loss        MAE         MAPE        RMSE        Speed (/iter)   Time Cost   
	0000    0.2319      0.2319      121.8645%   0.6149      0.0453 s        0.05 s      
Info Report: <Epoch 040> 
	State   Avg. Loss   Avg. MAE    Avg. MAPE   Avg. RMSE   Time Cost   
	train   0.2422      0.2238      170.0923%   0.4874      27.07 s     
	vali    0.2313      0.2313      173.8448%   0.6154      2.08 s      
	test    0.2728      0.2728      190.1553%   0.6877      4.47 s      
<Latest 5>	36          37          38          39          40          
    Loss	0.2734      0.2739      0.2733      0.2733      0.2728      

Epoch: 041
State: <train>
	iter    Loss        MAE         MAPE        RMSE        Speed (/iter)   Time Cost   
	0000    0.2362      0.2197      178.1437%   0.4887      0.1153 s        0.12 s      
	0100    0.2414      0.2227      170.1709%   0.4854      0.0708 s        7.20 s      
	0200    0.2406      0.2232      169.3091%   0.4876      0.1872 s        25.92 s     
	0300    0.2419      0.2238      170.0511%   0.4879      0.0709 s        33.02 s     
State: <vali>
	iter    Loss        MAE         MAPE        RMSE        Speed (/iter)   Time Cost   
	0000    0.2298      0.2298      160.6917%   0.6129      0.0460 s        0.05 s      
State: <test>
	iter    Loss        MAE         MAPE        RMSE        Speed (/iter)   Time Cost   
	0000    0.2333      0.2333      121.4279%   0.6170      0.0452 s        0.05 s      
Info Report: <Epoch 041> 
	State   Avg. Loss   Avg. MAE    Avg. MAPE   Avg. RMSE   Time Cost   
	train   0.2414      0.2233      169.8960%   0.4868      38.76 s     
	vali    0.2316      0.2316      173.4986%   0.6160      2.08 s      
	test    0.2729      0.2729      189.2769%   0.6883      4.48 s      
<Latest 5>	37          38          39          40          41          
    Loss	0.2739      0.2733      0.2733      0.2728      0.2729      

Epoch: 042
State: <train>
	iter    Loss        MAE         MAPE        RMSE        Speed (/iter)   Time Cost   
	0000    0.2437      0.2257      174.3357%   0.4972      0.0712 s        0.07 s      
	0100    0.2407      0.2224      168.9507%   0.4865      0.0709 s        7.16 s      
	0200    0.2404      0.2224      169.1688%   0.4855      0.0717 s        14.33 s     
	0300    0.2420      0.2236      170.3704%   0.4870      0.0709 s        21.42 s     
State: <vali>
	iter    Loss        MAE         MAPE        RMSE        Speed (/iter)   Time Cost   
	0000    0.2307      0.2307      168.0417%   0.6099      0.0454 s        0.05 s      
State: <test>
	iter    Loss        MAE         MAPE        RMSE        Speed (/iter)   Time Cost   
	0000    0.2345      0.2345      122.6436%   0.6180      0.0449 s        0.04 s      
Info Report: <Epoch 042> 
	State   Avg. Loss   Avg. MAE    Avg. MAPE   Avg. RMSE   Time Cost   
	train   0.2410      0.2229      169.5184%   0.4862      27.15 s     
	vali    0.2319      0.2319      173.3112%   0.6167      2.06 s      
	test    0.2728      0.2728      187.6907%   0.6887      4.43 s      
<Latest 5>	38          39          40          41          42          
    Loss	0.2733      0.2733      0.2728      0.2729      0.2728      

<Final Report>
	Idx     Avg. MAE    Avg. MAPE   Avg. RMSE   Avg. MSE    
	40      0.27276     190.1553%   69.33370%   0.48072     
	Notes: None
	Training finished!

Script finished. Total runtime: 1465.737764 seconds
