nohup: ignoring input
Regenerating dataset.
	Done.
Loading existence torch dataset.
	choice channels ['PV001', 'PV002', 'PV003', 'PV004', 'PV005', 'PV006', 'PV007', 'PV008', 'PV009', 'PV010', 'PV011', 'PV012', 'PV013', 'PV014', 'PV015', 'PV016', 'PV017', 'PV018', 'PV019', 'PV020', 'PV021', 'PV022', 'PV023', 'PV024', 'PV025', 'PV026', 'PV027', 'PV028', 'PV029', 'PV030', 'PV031', 'PV032', 'PV033', 'PV034', 'PV035', 'PV036', 'PV037', 'PV038', 'PV039', 'PV040', 'PV041', 'PV042', 'PV043', 'PV044', 'PV045', 'PV046', 'PV047', 'PV048', 'PV049', 'PV050', 'PV051', 'PV052', 'PV053', 'PV054', 'PV055', 'PV056', 'PV057', 'PV058', 'PV059', 'PV060', 'PV061', 'PV062', 'PV063', 'PV064', 'PV065', 'PV066', 'PV067', 'PV068', 'PV069', 'PV070', 'PV071', 'PV072', 'PV073', 'PV074', 'PV075', 'PV076', 'PV077', 'PV078', 'PV079', 'PV080', 'PV081', 'PV082', 'PV083', 'PV084', 'PV085', 'PV086', 'PV087', 'PV088', 'PV089', 'PV090', 'PV091', 'PV092', 'PV093', 'PV094', 'PV095', 'PV096', 'PV097', 'PV098', 'PV099', 'PV100', 'PV101', 'PV102', 'PV103', 'PV104', 'PV105', 'PV106', 'PV107', 'PV108', 'PV109', 'PV110', 'PV111', 'PV112', 'PV113', 'PV114', 'PV115', 'PV116', 'PV117', 'PV118', 'PV119', 'PV120', 'PV121', 'PV122', 'PV123', 'PV124', 'PV125', 'PV126', 'PV127', 'PV128', 'PV129', 'PV130', 'PV131', 'PV132', 'PV133', 'PV134', 'PV135', 'PV136', 'PV137']
	train: 23712
	vali : 2688
	test : 6192
agga-fln

Experiment Start at <2025-02-19_15:56:29>
	PID: <2500391>
	Notes: <None>

Envs Setting:
    loss: "l1";      dataset_prob: "[0.7, 0.1, 0.2]";      data_scale: "True";  
    date_scale: "True";      c_out: "137";      regen_dataset: "True";  
    check_dataloader: "False";      muti_process: "False";      seed: "42";      device: "cuda:1";  
    dtype: "torch.float32";      adjust_lr: "False";      save_best_model: "True";  
    load_best_model: "False";      inp_len: "96";      pred_len: "720";      epochs: "42";  
    batch_size: "32";      optimizer: "amam";      learning_rate: "0.0001";  
    weight_decay: "0";      dropout: "0.3";      c_in: "137";  
Model Setting:
    name: "agga-fln";      order: "2";      dilation: "1";      kernel_size: "3";  
    emb_dim: "8";      dropout: "0.5";      sta_layers: "1";      share: "False";  
    use_update: "False";      c_date: "5";      n_nodes: "1";      c_in: "137";      c_out: "137";  
    device: "cuda:1";      inp_len: "96";      pred_len: "720";  
Dataset Setting:
    name: "solar";      channels: "137";      n_nodes: "1";      lens: "35040";  
    time_window: "15mins";  
    channel_info: "['PV001', 'PV002', 'PV003', 'PV004', 'PV005', 'PV006', 'PV007', 'PV008', 'PV009', 'PV010', 'PV011', 'PV012', 'PV013', 'PV014', 'PV015', 'PV016', 'PV017', 'PV018', 'PV019', 'PV020', 'PV021', 'PV022', 'PV023', 'PV024', 'PV025', 'PV026', 'PV027', 'PV028', 'PV029', 'PV030', 'PV031', 'PV032', 'PV033', 'PV034', 'PV035', 'PV036', 'PV037', 'PV038', 'PV039', 'PV040', 'PV041', 'PV042', 'PV043', 'PV044', 'PV045', 'PV046', 'PV047', 'PV048', 'PV049', 'PV050', 'PV051', 'PV052', 'PV053', 'PV054', 'PV055', 'PV056', 'PV057', 'PV058', 'PV059', 'PV060', 'PV061', 'PV062', 'PV063', 'PV064', 'PV065', 'PV066', 'PV067', 'PV068', 'PV069', 'PV070', 'PV071', 'PV072', 'PV073', 'PV074', 'PV075', 'PV076', 'PV077', 'PV078', 'PV079', 'PV080', 'PV081', 'PV082', 'PV083', 'PV084', 'PV085', 'PV086', 'PV087', 'PV088', 'PV089', 'PV090', 'PV091', 'PV092', 'PV093', 'PV094', 'PV095', 'PV096', 'PV097', 'PV098', 'PV099', 'PV100', 'PV101', 'PV102', 'PV103', 'PV104', 'PV105', 'PV106', 'PV107', 'PV108', 'PV109', 'PV110', 'PV111', 'PV112', 'PV113', 'PV114', 'PV115', 'PV116', 'PV117', 'PV118', 'PV119', 'PV120', 'PV121', 'PV122', 'PV123', 'PV124', 'PV125', 'PV126', 'PV127', 'PV128', 'PV129', 'PV130', 'PV131', 'PV132', 'PV133', 'PV134', 'PV135', 'PV136', 'PV137']";  
    choise_channels: "[0, 1, 2, 3, 4, 5, 6, 7, 8, 9, 10, 11, 12, 13, 14, 15, 16, 17, 18, 19, 20, 21, 22, 23, 24, 25, 26, 27, 28, 29, 30, 31, 32, 33, 34, 35, 36, 37, 38, 39, 40, 41, 42, 43, 44, 45, 46, 47, 48, 49, 50, 51, 52, 53, 54, 55, 56, 57, 58, 59, 60, 61, 62, 63, 64, 65, 66, 67, 68, 69, 70, 71, 72, 73, 74, 75, 76, 77, 78, 79, 80, 81, 82, 83, 84, 85, 86, 87, 88, 89, 90, 91, 92, 93, 94, 95, 96, 97, 98, 99, 100, 101, 102, 103, 104, 105, 106, 107, 108, 109, 110, 111, 112, 113, 114, 115, 116, 117, 118, 119, 120, 121, 122, 123, 124, 125, 126, 127, 128, 129, 130, 131, 132, 133, 134, 135, 136]";  
    nodes_info: "['None']";      choise_nodes: "[-1]";      folder_path: "./dataset/solar";  
    file_name: "solar_Alabama.csv";      adj_path: "None";      period_type: "None";  
    c_date: "5";      raw_path: "./raw_files/SOLAR/solar_Alabama.csv";      data_channels: "137";  
    dataset_type: "['train', 'test', 'vali']";      scale: "True";      inp_len: "96";  
    pred_len: "720";      dtype: "torch.float32";      num_nodes: "1";      n_channels: "137";  
    data_scale: "True";      date_scale: "True";      dataset_prob: "[0.7, 0.1, 0.2]";  

Epoch: 001
State: <train>
	iter    Loss        MAE         MAPE        RMSE        Speed (/iter)   Time Cost   
	0000    3.8831      0.8872      109.1625%   1.0356      1.9233 s        1.92 s      
	0100    3.3168      0.5479      196.1621%   0.7622      0.0635 s        8.27 s      
	0200    2.8221      0.4028      229.0521%   0.6087      0.0600 s        14.26 s     
	0300    2.5465      0.3552      249.5118%   0.5326      0.0535 s        19.62 s     
	0400    2.3400      0.3163      264.5285%   0.4919      0.0614 s        25.76 s     
	0500    2.0913      0.3014      271.6804%   0.4834      0.0598 s        31.74 s     
	0600    1.4498      0.2912      270.1494%   0.4750      0.0619 s        37.93 s     
	0700    0.4458      0.2876      273.2347%   0.4752      0.0636 s        44.28 s     
State: <vali>
	iter    Loss        MAE         MAPE        RMSE        Speed (/iter)   Time Cost   
	0000    0.2482      0.2482      286.9050%   0.4378      0.0186 s        0.02 s      
State: <test>
	iter    Loss        MAE         MAPE        RMSE        Speed (/iter)   Time Cost   
	0000    0.3704      0.3704      248.6963%   0.6257      0.0472 s        0.05 s      
	0100    0.3153      0.3153      251.7363%   0.5593      0.0256 s        2.61 s      
Info Report: <Epoch 001> 
	State   Avg. Loss   Avg. MAE    Avg. MAPE   Avg. RMSE   Time Cost   
	train   2.0439      0.3537      252.2275%   0.5433      46.84 s     
	vali    0.2323      0.2323      296.8063%   0.4167      1.91 s      
	test    0.3053      0.3053      283.5533%   0.5409      4.44 s      
<Latest 5>	1           
    Loss	0.3053      

Epoch: 002
State: <train>
	iter    Loss        MAE         MAPE        RMSE        Speed (/iter)   Time Cost   
	0000    0.3267      0.2943      300.7421%   0.4874      0.0525 s        0.05 s      
	0100    0.3129      0.2848      275.8266%   0.4749      0.0520 s        5.25 s      
	0200    0.2999      0.2787      274.1616%   0.4680      0.0613 s        11.38 s     
	0300    0.2964      0.2799      280.3965%   0.4714      0.0609 s        17.47 s     
	0400    0.2885      0.2755      281.4579%   0.4667      0.0605 s        23.52 s     
	0500    0.2827      0.2723      273.6217%   0.4628      0.0637 s        29.89 s     
	0600    0.2809      0.2725      278.9337%   0.4637      0.0634 s        36.23 s     
	0700    0.2800      0.2731      281.2067%   0.4655      0.0621 s        42.44 s     
State: <vali>
	iter    Loss        MAE         MAPE        RMSE        Speed (/iter)   Time Cost   
	0000    0.2089      0.2089      292.5720%   0.3814      0.0186 s        0.02 s      
State: <test>
	iter    Loss        MAE         MAPE        RMSE        Speed (/iter)   Time Cost   
	0000    0.3539      0.3539      264.9644%   0.6001      0.0336 s        0.03 s      
	0100    0.2966      0.2966      251.3357%   0.5438      0.0207 s        2.11 s      
Info Report: <Epoch 002> 
	State   Avg. Loss   Avg. MAE    Avg. MAPE   Avg. RMSE   Time Cost   
	train   0.2909      0.2765      278.0276%   0.4674      44.70 s     
	vali    0.2175      0.2175      296.8067%   0.4049      1.60 s      
	test    0.2873      0.2873      283.6262%   0.5272      4.36 s      
<Latest 5>	1           2           
    Loss	0.3053      0.2873      

Epoch: 003
State: <train>
	iter    Loss        MAE         MAPE        RMSE        Speed (/iter)   Time Cost   
	0000    0.2755      0.2698      295.0406%   0.4695      0.0583 s        0.06 s      
	0100    0.2765      0.2712      278.5902%   0.4644      0.0584 s        5.90 s      
	0200    0.2737      0.2691      280.9721%   0.4617      0.0620 s        12.11 s     
	0300    0.2722      0.2682      287.0208%   0.4617      0.0640 s        18.51 s     
	0400    0.2714      0.2679      283.3080%   0.4608      0.0634 s        24.85 s     
	0500    0.2720      0.2687      281.5352%   0.4622      0.0609 s        30.94 s     
	0600    0.2686      0.2656      282.5897%   0.4590      0.0546 s        36.40 s     
	0700    0.2663      0.2634      282.5225%   0.4560      0.0597 s        42.37 s     
State: <vali>
	iter    Loss        MAE         MAPE        RMSE        Speed (/iter)   Time Cost   
	0000    0.2238      0.2238      311.0860%   0.4206      0.0139 s        0.01 s      
State: <test>
	iter    Loss        MAE         MAPE        RMSE        Speed (/iter)   Time Cost   
	0000    0.3452      0.3452      261.3209%   0.5910      0.0203 s        0.02 s      
	0100    0.2850      0.2850      245.4034%   0.5319      0.0224 s        2.26 s      
Info Report: <Epoch 003> 
	State   Avg. Loss   Avg. MAE    Avg. MAPE   Avg. RMSE   Time Cost   
	train   0.2711      0.2674      282.3381%   0.4604      44.82 s     
	vali    0.2109      0.2109      293.8879%   0.3986      1.69 s      
	test    0.2749      0.2749      276.2588%   0.5152      4.44 s      
<Latest 5>	1           2           3           
    Loss	0.3053      0.2873      0.2749      

Epoch: 004
State: <train>
	iter    Loss        MAE         MAPE        RMSE        Speed (/iter)   Time Cost   
	0000    0.2543      0.2516      274.7936%   0.4407      0.0632 s        0.06 s      
	0100    0.2674      0.2646      281.2533%   0.4587      0.0643 s        6.49 s      
	0200    0.2674      0.2645      286.0914%   0.4597      0.0621 s        12.70 s     
	0300    0.2653      0.2625      286.6099%   0.4566      0.0611 s        18.82 s     
	0400    0.2651      0.2624      285.8177%   0.4571      0.0556 s        24.37 s     
	0500    0.2636      0.2610      281.7058%   0.4553      0.0554 s        29.92 s     
	0600    0.2641      0.2615      284.8466%   0.4565      0.0583 s        35.75 s     
	0700    0.2613      0.2587      286.6400%   0.4528      0.0633 s        42.07 s     
State: <vali>
	iter    Loss        MAE         MAPE        RMSE        Speed (/iter)   Time Cost   
	0000    0.2126      0.2126      346.1860%   0.4071      0.0249 s        0.02 s      
State: <test>
	iter    Loss        MAE         MAPE        RMSE        Speed (/iter)   Time Cost   
	0000    0.3428      0.3428      269.1575%   0.5933      0.0241 s        0.02 s      
	0100    0.2791      0.2791      246.1510%   0.5286      0.0235 s        2.37 s      
Info Report: <Epoch 004> 
	State   Avg. Loss   Avg. MAE    Avg. MAPE   Avg. RMSE   Time Cost   
	train   0.2646      0.2619      284.5809%   0.4564      44.74 s     
	vali    0.2076      0.2076      296.1436%   0.3971      1.86 s      
	test    0.2689      0.2689      276.3561%   0.5119      4.48 s      
<Latest 5>	1           2           3           4           
    Loss	0.3053      0.2873      0.2749      0.2689      

Epoch: 005
State: <train>
	iter    Loss        MAE         MAPE        RMSE        Speed (/iter)   Time Cost   
	0000    0.2742      0.2716      287.1698%   0.4693      0.0660 s        0.07 s      
	0100    0.2627      0.2601      288.0273%   0.4544      0.0597 s        6.04 s      
	0200    0.2620      0.2596      287.6579%   0.4553      0.0616 s        12.20 s     
	0300    0.2608      0.2583      285.7220%   0.4530      0.0569 s        17.89 s     
	0400    0.2582      0.2557      282.4931%   0.4504      0.0610 s        23.99 s     
	0500    0.2610      0.2585      285.8983%   0.4556      0.0631 s        30.30 s     
	0600    0.2592      0.2567      286.1380%   0.4527      0.0640 s        36.70 s     
	0700    0.2597      0.2572      288.4773%   0.4549      0.0633 s        43.04 s     
State: <vali>
	iter    Loss        MAE         MAPE        RMSE        Speed (/iter)   Time Cost   
	0000    0.2047      0.2047      302.4054%   0.3939      0.0206 s        0.02 s      
State: <test>
	iter    Loss        MAE         MAPE        RMSE        Speed (/iter)   Time Cost   
	0000    0.3362      0.3362      271.6481%   0.5806      0.0255 s        0.03 s      
	0100    0.2715      0.2715      242.6067%   0.5181      0.0202 s        2.05 s      
Info Report: <Epoch 005> 
	State   Avg. Loss   Avg. MAE    Avg. MAPE   Avg. RMSE   Time Cost   
	train   0.2605      0.2580      286.2644%   0.4539      45.50 s     
	vali    0.2031      0.2031      292.9914%   0.3903      1.80 s      
	test    0.2617      0.2617      273.9459%   0.5028      4.11 s      
<Latest 5>	1           2           3           4           5           
    Loss	0.3053      0.2873      0.2749      0.2689      0.2617      

Epoch: 006
State: <train>
	iter    Loss        MAE         MAPE        RMSE        Speed (/iter)   Time Cost   
	0000    0.2454      0.2432      281.1943%   0.4284      0.0482 s        0.05 s      
	0100    0.2573      0.2550      285.1876%   0.4510      0.0533 s        5.38 s      
	0200    0.2580      0.2555      289.1452%   0.4522      0.0550 s        10.88 s     
	0300    0.2595      0.2570      287.3596%   0.4550      0.0654 s        17.42 s     
	0400    0.2558      0.2534      282.3024%   0.4495      0.0649 s        23.91 s     
	0500    0.2576      0.2551      285.6773%   0.4521      0.0645 s        30.36 s     
	0600    0.2596      0.2572      293.4094%   0.4567      0.0620 s        36.56 s     
	0700    0.2549      0.2525      290.1648%   0.4490      0.0637 s        42.93 s     
State: <vali>
	iter    Loss        MAE         MAPE        RMSE        Speed (/iter)   Time Cost   
	0000    0.2049      0.2049      275.0164%   0.4041      0.0145 s        0.01 s      
State: <test>
	iter    Loss        MAE         MAPE        RMSE        Speed (/iter)   Time Cost   
	0000    0.3398      0.3398      282.1170%   0.5920      0.0140 s        0.01 s      
	0100    0.2695      0.2695      247.6448%   0.5228      0.0222 s        2.23 s      
Info Report: <Epoch 006> 
	State   Avg. Loss   Avg. MAE    Avg. MAPE   Avg. RMSE   Time Cost   
	train   0.2574      0.2550      287.5700%   0.4521      45.36 s     
	vali    0.2003      0.2003      300.1106%   0.3942      1.68 s      
	test    0.2598      0.2598      278.6873%   0.5077      4.46 s      
<Latest 5>	2           3           4           5           6           
    Loss	0.2873      0.2749      0.2689      0.2617      0.2598      

Epoch: 007
State: <train>
	iter    Loss        MAE         MAPE        RMSE        Speed (/iter)   Time Cost   
	0000    0.2654      0.2629      288.2706%   0.4758      0.0612 s        0.06 s      
	0100    0.2561      0.2536      288.6260%   0.4508      0.0632 s        6.38 s      
	0200    0.2538      0.2512      287.1167%   0.4482      0.0637 s        12.75 s     
	0300    0.2551      0.2527      290.2908%   0.4513      0.0620 s        18.95 s     
	0400    0.2564      0.2539      292.9629%   0.4525      0.0587 s        24.82 s     
	0500    0.2538      0.2513      287.5852%   0.4490      0.0606 s        30.88 s     
	0600    0.2568      0.2544      288.2975%   0.4545      0.0545 s        36.33 s     
	0700    0.2539      0.2514      288.5576%   0.4505      0.0601 s        42.34 s     
State: <vali>
	iter    Loss        MAE         MAPE        RMSE        Speed (/iter)   Time Cost   
	0000    0.2052      0.2052      336.2118%   0.4043      0.0218 s        0.02 s      
State: <test>
	iter    Loss        MAE         MAPE        RMSE        Speed (/iter)   Time Cost   
	0000    0.3355      0.3355      290.0334%   0.5871      0.0181 s        0.02 s      
	0100    0.2671      0.2671      246.8506%   0.5210      0.0216 s        2.18 s      
Info Report: <Epoch 007> 
	State   Avg. Loss   Avg. MAE    Avg. MAPE   Avg. RMSE   Time Cost   
	train   0.2550      0.2525      288.9262%   0.4510      45.15 s     
	vali    0.1992      0.1992      300.4517%   0.3932      1.86 s      
	test    0.2570      0.2570      277.5033%   0.5056      4.57 s      
<Latest 5>	3           4           5           6           7           
    Loss	0.2749      0.2689      0.2617      0.2598      0.2570      

Epoch: 008
State: <train>
	iter    Loss        MAE         MAPE        RMSE        Speed (/iter)   Time Cost   
	0000    0.2541      0.2516      348.4987%   0.4583      0.0575 s        0.06 s      
	0100    0.2545      0.2520      291.3895%   0.4518      0.0616 s        6.22 s      
	0200    0.2521      0.2497      287.5784%   0.4477      0.0617 s        12.39 s     
	0300    0.2523      0.2500      289.8015%   0.4485      0.0611 s        18.50 s     
	0400    0.2531      0.2506      286.6895%   0.4508      0.0554 s        24.04 s     
	0500    0.2534      0.2511      290.8439%   0.4509      0.0599 s        30.04 s     
	0600    0.2525      0.2501      290.4121%   0.4505      0.0668 s        36.72 s     
	0700    0.2525      0.2501      289.7611%   0.4501      0.0633 s        43.05 s     
State: <vali>
	iter    Loss        MAE         MAPE        RMSE        Speed (/iter)   Time Cost   
	0000    0.1963      0.1963      293.7297%   0.3885      0.0190 s        0.02 s      
State: <test>
	iter    Loss        MAE         MAPE        RMSE        Speed (/iter)   Time Cost   
	0000    0.3336      0.3336      291.5014%   0.5867      0.0272 s        0.03 s      
	0100    0.2619      0.2619      245.1348%   0.5145      0.0202 s        2.05 s      
Info Report: <Epoch 008> 
	State   Avg. Loss   Avg. MAE    Avg. MAPE   Avg. RMSE   Time Cost   
	train   0.2530      0.2506      289.5234%   0.4502      45.52 s     
	vali    0.1973      0.1973      296.8520%   0.3894      1.77 s      
	test    0.2519      0.2519      275.6325%   0.4998      4.30 s      
<Latest 5>	4           5           6           7           8           
    Loss	0.2689      0.2617      0.2598      0.2570      0.2519      

Epoch: 009
State: <train>
	iter    Loss        MAE         MAPE        RMSE        Speed (/iter)   Time Cost   
	0000    0.2649      0.2624      333.7811%   0.4750      0.0791 s        0.08 s      
	0100    0.2512      0.2488      289.5535%   0.4494      0.0599 s        6.07 s      
	0200    0.2522      0.2497      289.0062%   0.4495      0.0560 s        11.67 s     
	0300    0.2503      0.2479      289.3517%   0.4473      0.0592 s        17.59 s     
	0400    0.2523      0.2499      293.1168%   0.4510      0.0648 s        24.07 s     
	0500    0.2506      0.2482      285.8908%   0.4491      0.0627 s        30.34 s     
	0600    0.2495      0.2470      293.9436%   0.4476      0.0605 s        36.38 s     
	0700    0.2528      0.2503      292.3642%   0.4532      0.0633 s        42.72 s     
State: <vali>
	iter    Loss        MAE         MAPE        RMSE        Speed (/iter)   Time Cost   
	0000    0.1945      0.1945      295.0085%   0.3931      0.0209 s        0.02 s      
State: <test>
	iter    Loss        MAE         MAPE        RMSE        Speed (/iter)   Time Cost   
	0000    0.3353      0.3353      294.6166%   0.5904      0.0238 s        0.02 s      
	0100    0.2618      0.2618      250.2589%   0.5207      0.0202 s        2.04 s      
Info Report: <Epoch 009> 
	State   Avg. Loss   Avg. MAE    Avg. MAPE   Avg. RMSE   Time Cost   
	train   0.2511      0.2487      290.2349%   0.4495      45.24 s     
	vali    0.1955      0.1955      304.1538%   0.3947      1.61 s      
	test    0.2522      0.2522      281.2462%   0.5064      3.77 s      
<Latest 5>	5           6           7           8           9           
    Loss	0.2617      0.2598      0.2570      0.2519      0.2522      

Epoch: 010
State: <train>
	iter    Loss        MAE         MAPE        RMSE        Speed (/iter)   Time Cost   
	0000    0.2399      0.2374      301.5676%   0.4441      0.0483 s        0.05 s      
	0100    0.2507      0.2482      289.4946%   0.4499      0.0554 s        5.59 s      
	0200    0.2506      0.2481      291.7906%   0.4498      0.0622 s        11.81 s     
	0300    0.2492      0.2467      293.8953%   0.4482      0.0640 s        18.21 s     
	0400    0.2507      0.2482      291.3206%   0.4508      0.0609 s        24.29 s     
	0500    0.2485      0.2461      289.0919%   0.4468      0.0630 s        30.60 s     
	0600    0.2494      0.2469      289.6334%   0.4488      0.0599 s        36.58 s     
	0700    0.2488      0.2463      290.8126%   0.4479      0.0614 s        42.72 s     
State: <vali>
	iter    Loss        MAE         MAPE        RMSE        Speed (/iter)   Time Cost   
	0000    0.1966      0.1966      306.6171%   0.3938      0.0168 s        0.02 s      
State: <test>
	iter    Loss        MAE         MAPE        RMSE        Speed (/iter)   Time Cost   
	0000    0.3318      0.3318      289.1670%   0.5844      0.0160 s        0.02 s      
	0100    0.2583      0.2583      244.8617%   0.5147      0.0208 s        2.10 s      
Info Report: <Epoch 010> 
	State   Avg. Loss   Avg. MAE    Avg. MAPE   Avg. RMSE   Time Cost   
	train   0.2496      0.2471      291.1145%   0.4489      45.11 s     
	vali    0.1948      0.1948      298.3614%   0.3905      1.56 s      
	test    0.2479      0.2479      274.8788%   0.4996      4.26 s      
<Latest 5>	6           7           8           9           10          
    Loss	0.2598      0.2570      0.2519      0.2522      0.2479      

Epoch: 011
State: <train>
	iter    Loss        MAE         MAPE        RMSE        Speed (/iter)   Time Cost   
	0000    0.2408      0.2383      300.1493%   0.4333      0.0603 s        0.06 s      
	0100    0.2491      0.2467      293.9078%   0.4487      0.0634 s        6.40 s      
	0200    0.2485      0.2460      295.0620%   0.4479      0.0598 s        12.38 s     
	0300    0.2488      0.2463      291.6316%   0.4490      0.0613 s        18.50 s     
	0400    0.2505      0.2481      290.9867%   0.4514      0.0615 s        24.65 s     
	0500    0.2493      0.2469      291.9775%   0.4500      0.0636 s        31.02 s     
	0600    0.2468      0.2445      290.5350%   0.4474      0.0567 s        36.69 s     
	0700    0.2453      0.2429      288.1634%   0.4446      0.0607 s        42.75 s     
State: <vali>
	iter    Loss        MAE         MAPE        RMSE        Speed (/iter)   Time Cost   
	0000    0.1806      0.1806      288.9375%   0.3731      0.0290 s        0.03 s      
State: <test>
	iter    Loss        MAE         MAPE        RMSE        Speed (/iter)   Time Cost   
	0000    0.3352      0.3352      308.5100%   0.5954      0.0809 s        0.08 s      
	0100    0.2582      0.2582      252.4924%   0.5175      0.0237 s        2.45 s      
Info Report: <Epoch 011> 
	State   Avg. Loss   Avg. MAE    Avg. MAPE   Avg. RMSE   Time Cost   
	train   0.2483      0.2459      291.7248%   0.4484      45.47 s     
	vali    0.1930      0.1930      307.2761%   0.3937      2.27 s      
	test    0.2495      0.2495      285.2273%   0.5049      4.33 s      
<Latest 5>	7           8           9           10          11          
    Loss	0.2570      0.2519      0.2522      0.2479      0.2495      

Epoch: 012
State: <train>
	iter    Loss        MAE         MAPE        RMSE        Speed (/iter)   Time Cost   
	0000    0.2375      0.2352      277.2875%   0.4352      0.0560 s        0.06 s      
	0100    0.2473      0.2449      294.7619%   0.4477      0.0608 s        6.14 s      
	0200    0.2456      0.2431      292.6181%   0.4454      0.0592 s        12.05 s     
	0300    0.2469      0.2445      293.0031%   0.4479      0.0647 s        18.52 s     
	0400    0.2498      0.2473      289.7485%   0.4516      0.0572 s        24.24 s     
	0500    0.2475      0.2449      290.8344%   0.4486      0.0628 s        30.52 s     
	0600    0.2466      0.2441      293.8250%   0.4472      0.0620 s        36.72 s     
	0700    0.2455      0.2431      290.2134%   0.4464      0.0614 s        42.86 s     
State: <vali>
	iter    Loss        MAE         MAPE        RMSE        Speed (/iter)   Time Cost   
	0000    0.1820      0.1820      250.1705%   0.3697      0.0266 s        0.03 s      
State: <test>
	iter    Loss        MAE         MAPE        RMSE        Speed (/iter)   Time Cost   
	0000    0.3327      0.3327      301.1892%   0.5895      0.0238 s        0.02 s      
	0100    0.2549      0.2549      245.8881%   0.5109      0.0197 s        2.00 s      
Info Report: <Epoch 012> 
	State   Avg. Loss   Avg. MAE    Avg. MAPE   Avg. RMSE   Time Cost   
	train   0.2470      0.2445      292.2293%   0.4478      45.48 s     
	vali    0.1928      0.1928      299.6648%   0.3883      1.87 s      
	test    0.2451      0.2451      276.1367%   0.4967      3.92 s      
<Latest 5>	8           9           10          11          12          
    Loss	0.2519      0.2522      0.2479      0.2495      0.2451      

Epoch: 013
State: <train>
	iter    Loss        MAE         MAPE        RMSE        Speed (/iter)   Time Cost   
	0000    0.2457      0.2431      303.3261%   0.4431      0.0597 s        0.06 s      
	0100    0.2460      0.2434      294.2791%   0.4468      0.0655 s        6.61 s      
	0200    0.2444      0.2419      283.9406%   0.4445      0.0583 s        12.44 s     
	0300    0.2478      0.2453      297.6182%   0.4504      0.0604 s        18.48 s     
	0400    0.2440      0.2416      289.6314%   0.4451      0.0617 s        24.65 s     
	0500    0.2474      0.2449      299.9160%   0.4501      0.0597 s        30.63 s     
	0600    0.2458      0.2434      293.2970%   0.4482      0.0584 s        36.47 s     
	0700    0.2462      0.2437      294.6868%   0.4481      0.0621 s        42.68 s     
State: <vali>
	iter    Loss        MAE         MAPE        RMSE        Speed (/iter)   Time Cost   
	0000    0.1648      0.1648      294.9392%   0.3403      0.0226 s        0.02 s      
State: <test>
	iter    Loss        MAE         MAPE        RMSE        Speed (/iter)   Time Cost   
	0000    0.3333      0.3333      312.9994%   0.5934      0.0187 s        0.02 s      
	0100    0.2538      0.2538      249.3965%   0.5127      0.0230 s        2.32 s      
Info Report: <Epoch 013> 
	State   Avg. Loss   Avg. MAE    Avg. MAPE   Avg. RMSE   Time Cost   
	train   0.2459      0.2434      292.7613%   0.4475      45.29 s     
	vali    0.1910      0.1910      304.0292%   0.3900      1.94 s      
	test    0.2444      0.2444      281.0415%   0.4994      4.14 s      
<Latest 5>	9           10          11          12          13          
    Loss	0.2522      0.2479      0.2495      0.2451      0.2444      

Epoch: 014
State: <train>
	iter    Loss        MAE         MAPE        RMSE        Speed (/iter)   Time Cost   
	0000    0.2444      0.2419      307.8750%   0.4525      0.0501 s        0.05 s      
	0100    0.2441      0.2417      294.6186%   0.4451      0.0578 s        5.83 s      
	0200    0.2441      0.2416      290.2819%   0.4451      0.0678 s        12.61 s     
	0300    0.2453      0.2429      294.1113%   0.4483      0.0611 s        18.72 s     
	0400    0.2447      0.2422      293.3328%   0.4461      0.0601 s        24.73 s     
	0500    0.2438      0.2413      290.5764%   0.4456      0.0639 s        31.11 s     
	0600    0.2452      0.2427      293.1447%   0.4472      0.0642 s        37.53 s     
	0700    0.2474      0.2450      295.0532%   0.4512      0.0587 s        43.40 s     
State: <vali>
	iter    Loss        MAE         MAPE        RMSE        Speed (/iter)   Time Cost   
	0000    0.1899      0.1899      282.1702%   0.3791      0.0192 s        0.02 s      
State: <test>
	iter    Loss        MAE         MAPE        RMSE        Speed (/iter)   Time Cost   
	0000    0.3350      0.3350      314.9876%   0.5971      0.0138 s        0.01 s      
	0100    0.2536      0.2536      252.2205%   0.5139      0.0212 s        2.13 s      
Info Report: <Epoch 014> 
	State   Avg. Loss   Avg. MAE    Avg. MAPE   Avg. RMSE   Time Cost   
	train   0.2451      0.2426      293.0269%   0.4471      45.68 s     
	vali    0.1902      0.1902      306.3105%   0.3913      1.50 s      
	test    0.2452      0.2452      285.1887%   0.5020      4.12 s      
<Latest 5>	10          11          12          13          14          
    Loss	0.2479      0.2495      0.2451      0.2444      0.2452      

Epoch: 015
State: <train>
	iter    Loss        MAE         MAPE        RMSE        Speed (/iter)   Time Cost   
	0000    0.2295      0.2269      266.1420%   0.4318      0.0660 s        0.07 s      
	0100    0.2456      0.2431      295.2967%   0.4490      0.0613 s        6.20 s      
	0200    0.2462      0.2438      296.7280%   0.4497      0.0595 s        12.14 s     
	0300    0.2455      0.2430      292.8861%   0.4484      0.0612 s        18.26 s     
	0400    0.2423      0.2399      287.7031%   0.4428      0.0641 s        24.68 s     
	0500    0.2430      0.2405      294.1924%   0.4450      0.0618 s        30.86 s     
	0600    0.2456      0.2431      298.8536%   0.4495      0.0543 s        36.29 s     
	0700    0.2427      0.2402      291.0152%   0.4452      0.0589 s        42.18 s     
State: <vali>
	iter    Loss        MAE         MAPE        RMSE        Speed (/iter)   Time Cost   
	0000    0.1785      0.1785      269.9608%   0.3694      0.0229 s        0.02 s      
State: <test>
	iter    Loss        MAE         MAPE        RMSE        Speed (/iter)   Time Cost   
	0000    0.3316      0.3316      314.2461%   0.5926      0.0159 s        0.02 s      
	0100    0.2518      0.2518      251.1916%   0.5123      0.0244 s        2.46 s      
Info Report: <Epoch 015> 
	State   Avg. Loss   Avg. MAE    Avg. MAPE   Avg. RMSE   Time Cost   
	train   0.2441      0.2417      293.2566%   0.4467      44.80 s     
	vali    0.1896      0.1896      305.4448%   0.3906      1.80 s      
	test    0.2430      0.2430      283.3748%   0.5000      4.55 s      
<Latest 5>	11          12          13          14          15          
    Loss	0.2495      0.2451      0.2444      0.2452      0.2430      

Epoch: 016
State: <train>
	iter    Loss        MAE         MAPE        RMSE        Speed (/iter)   Time Cost   
	0000    0.2534      0.2507      343.1012%   0.4638      0.0572 s        0.06 s      
	0100    0.2412      0.2388      288.5925%   0.4431      0.0643 s        6.48 s      
	0200    0.2427      0.2402      291.6813%   0.4442      0.0659 s        13.07 s     
	0300    0.2446      0.2422      295.6968%   0.4480      0.0621 s        19.28 s     
	0400    0.2441      0.2416      293.8072%   0.4468      0.0552 s        24.81 s     
	0500    0.2431      0.2405      292.5583%   0.4462      0.0613 s        30.94 s     
	0600    0.2447      0.2422      295.5659%   0.4489      0.0611 s        37.05 s     
	0700    0.2443      0.2418      298.1489%   0.4484      0.0593 s        42.98 s     
State: <vali>
	iter    Loss        MAE         MAPE        RMSE        Speed (/iter)   Time Cost   
	0000    0.1854      0.1854      252.6746%   0.3856      0.0275 s        0.03 s      
State: <test>
	iter    Loss        MAE         MAPE        RMSE        Speed (/iter)   Time Cost   
	0000    0.3349      0.3349      316.2994%   0.5951      0.0211 s        0.02 s      
	0100    0.2507      0.2507      250.1352%   0.5093      0.0264 s        2.66 s      
Info Report: <Epoch 016> 
	State   Avg. Loss   Avg. MAE    Avg. MAPE   Avg. RMSE   Time Cost   
	train   0.2435      0.2410      293.4055%   0.4464      45.59 s     
	vali    0.1890      0.1890      303.7227%   0.3882      2.03 s      
	test    0.2421      0.2421      282.5730%   0.4974      5.00 s      
<Latest 5>	12          13          14          15          16          
    Loss	0.2451      0.2444      0.2452      0.2430      0.2421      

Epoch: 017
State: <train>
	iter    Loss        MAE         MAPE        RMSE        Speed (/iter)   Time Cost   
	0000    0.2331      0.2308      284.7190%   0.4344      0.0561 s        0.06 s      
	0100    0.2445      0.2419      299.6516%   0.4494      0.0619 s        6.25 s      
	0200    0.2442      0.2417      295.1087%   0.4482      0.0534 s        11.59 s     
	0300    0.2417      0.2391      292.9855%   0.4446      0.0616 s        17.75 s     
	0400    0.2424      0.2398      294.4268%   0.4451      0.0600 s        23.75 s     
	0500    0.2413      0.2387      288.8166%   0.4438      0.0573 s        29.48 s     
	0600    0.2429      0.2403      294.0585%   0.4459      0.0625 s        35.73 s     
	0700    0.2431      0.2406      294.2572%   0.4467      0.0659 s        42.32 s     
State: <vali>
	iter    Loss        MAE         MAPE        RMSE        Speed (/iter)   Time Cost   
	0000    0.1928      0.1928      317.4438%   0.3848      0.0212 s        0.02 s      
State: <test>
	iter    Loss        MAE         MAPE        RMSE        Speed (/iter)   Time Cost   
	0000    0.3312      0.3312      315.1844%   0.5940      0.0187 s        0.02 s      
	0100    0.2493      0.2493      249.0226%   0.5081      0.0174 s        1.76 s      
Info Report: <Epoch 017> 
	State   Avg. Loss   Avg. MAE    Avg. MAPE   Avg. RMSE   Time Cost   
	train   0.2427      0.2402      293.8849%   0.4460      44.93 s     
	vali    0.1892      0.1892      304.2651%   0.3876      1.99 s      
	test    0.2399      0.2399      280.5605%   0.4950      3.47 s      
<Latest 5>	13          14          15          16          17          
    Loss	0.2444      0.2452      0.2430      0.2421      0.2399      

Epoch: 018
State: <train>
	iter    Loss        MAE         MAPE        RMSE        Speed (/iter)   Time Cost   
	0000    0.2424      0.2399      285.2423%   0.4456      0.0520 s        0.05 s      
	0100    0.2401      0.2377      289.7871%   0.4415      0.0605 s        6.10 s      
	0200    0.2427      0.2403      296.0201%   0.4474      0.0598 s        12.08 s     
	0300    0.2418      0.2393      295.6436%   0.4454      0.0623 s        18.31 s     
	0400    0.2452      0.2428      296.0969%   0.4500      0.0642 s        24.73 s     
	0500    0.2411      0.2386      291.4220%   0.4453      0.0643 s        31.16 s     
	0600    0.2403      0.2379      291.4892%   0.4433      0.0623 s        37.39 s     
	0700    0.2426      0.2400      297.0298%   0.4466      0.0526 s        42.65 s     
State: <vali>
	iter    Loss        MAE         MAPE        RMSE        Speed (/iter)   Time Cost   
	0000    0.2050      0.2050      279.2237%   0.4125      0.0523 s        0.05 s      
State: <test>
	iter    Loss        MAE         MAPE        RMSE        Speed (/iter)   Time Cost   
	0000    0.3334      0.3334      318.4643%   0.5949      0.0132 s        0.01 s      
	0100    0.2485      0.2485      247.0713%   0.5058      0.0271 s        2.72 s      
Info Report: <Epoch 018> 
	State   Avg. Loss   Avg. MAE    Avg. MAPE   Avg. RMSE   Time Cost   
	train   0.2421      0.2396      294.2773%   0.4458      44.92 s     
	vali    0.1894      0.1894      298.7339%   0.3864      2.26 s      
	test    0.2389      0.2389      277.4706%   0.4925      5.16 s      
<Latest 5>	14          15          16          17          18          
    Loss	0.2452      0.2430      0.2421      0.2399      0.2389      

Epoch: 019
State: <train>
	iter    Loss        MAE         MAPE        RMSE        Speed (/iter)   Time Cost   
	0000    0.2527      0.2504      322.4541%   0.4647      0.0509 s        0.05 s      
	0100    0.2419      0.2395      292.4299%   0.4460      0.0653 s        6.58 s      
	0200    0.2428      0.2403      298.5973%   0.4487      0.0644 s        13.03 s     
	0300    0.2410      0.2386      293.1511%   0.4451      0.0640 s        19.43 s     
	0400    0.2407      0.2382      290.4870%   0.4439      0.0601 s        25.44 s     
	0500    0.2406      0.2381      294.0600%   0.4443      0.0520 s        30.64 s     
	0600    0.2401      0.2377      291.6052%   0.4426      0.0585 s        36.49 s     
	0700    0.2415      0.2390      298.3111%   0.4456      0.0615 s        42.64 s     
State: <vali>
	iter    Loss        MAE         MAPE        RMSE        Speed (/iter)   Time Cost   
	0000    0.1935      0.1935      354.6168%   0.3862      0.0231 s        0.02 s      
State: <test>
	iter    Loss        MAE         MAPE        RMSE        Speed (/iter)   Time Cost   
	0000    0.3306      0.3306      310.8767%   0.5892      0.0293 s        0.03 s      
	0100    0.2471      0.2471      247.5743%   0.5047      0.0232 s        2.35 s      
Info Report: <Epoch 019> 
	State   Avg. Loss   Avg. MAE    Avg. MAPE   Avg. RMSE   Time Cost   
	train   0.2414      0.2390      294.3577%   0.4456      45.30 s     
	vali    0.1887      0.1887      301.1692%   0.3863      2.14 s      
	test    0.2376      0.2376      278.3027%   0.4917      4.33 s      
<Latest 5>	15          16          17          18          19          
    Loss	0.2430      0.2421      0.2399      0.2389      0.2376      

Epoch: 020
State: <train>
	iter    Loss        MAE         MAPE        RMSE        Speed (/iter)   Time Cost   
	0000    0.2435      0.2410      292.8276%   0.4552      0.0688 s        0.07 s      
	0100    0.2410      0.2385      292.9288%   0.4457      0.0641 s        6.48 s      
	0200    0.2417      0.2393      296.7658%   0.4470      0.0628 s        12.76 s     
	0300    0.2420      0.2395      295.0466%   0.4472      0.0580 s        18.56 s     
	0400    0.2403      0.2379      290.5429%   0.4439      0.0550 s        24.07 s     
	0500    0.2402      0.2378      295.4170%   0.4449      0.0666 s        30.73 s     
	0600    0.2414      0.2390      296.4019%   0.4462      0.0660 s        37.33 s     
	0700    0.2398      0.2374      294.1578%   0.4438      0.0635 s        43.68 s     
State: <vali>
	iter    Loss        MAE         MAPE        RMSE        Speed (/iter)   Time Cost   
	0000    0.1913      0.1913      349.8452%   0.3987      0.0169 s        0.02 s      
State: <test>
	iter    Loss        MAE         MAPE        RMSE        Speed (/iter)   Time Cost   
	0000    0.3292      0.3292      301.5221%   0.5882      0.0217 s        0.02 s      
	0100    0.2471      0.2471      249.2142%   0.5069      0.0219 s        2.21 s      
Info Report: <Epoch 020> 
	State   Avg. Loss   Avg. MAE    Avg. MAPE   Avg. RMSE   Time Cost   
	train   0.2408      0.2384      294.4854%   0.4454      46.36 s     
	vali    0.1874      0.1874      304.3280%   0.3882      1.85 s      
	test    0.2377      0.2377      280.6035%   0.4940      4.11 s      
<Latest 5>	16          17          18          19          20          
    Loss	0.2421      0.2399      0.2389      0.2376      0.2377      

Epoch: 021
State: <train>
	iter    Loss        MAE         MAPE        RMSE        Speed (/iter)   Time Cost   
	0000    0.2251      0.2226      255.3648%   0.4140      0.0657 s        0.07 s      
	0100    0.2383      0.2359      291.1025%   0.4415      0.0545 s        5.52 s      
	0200    0.2391      0.2366      294.2617%   0.4429      0.0590 s        11.42 s     
	0300    0.2425      0.2400      300.0653%   0.4487      0.0655 s        17.97 s     
	0400    0.2409      0.2385      292.1164%   0.4452      0.0628 s        24.25 s     
	0500    0.2386      0.2361      296.7529%   0.4428      0.0649 s        30.75 s     
	0600    0.2418      0.2393      296.2121%   0.4484      0.0631 s        37.06 s     
	0700    0.2411      0.2386      292.2390%   0.4463      0.0593 s        42.98 s     
State: <vali>
	iter    Loss        MAE         MAPE        RMSE        Speed (/iter)   Time Cost   
	0000    0.1742      0.1742      281.6427%   0.3571      0.0242 s        0.02 s      
State: <test>
	iter    Loss        MAE         MAPE        RMSE        Speed (/iter)   Time Cost   
	0000    0.3329      0.3329      312.5833%   0.5949      0.0188 s        0.02 s      
	0100    0.2458      0.2458      249.4193%   0.5056      0.0201 s        2.03 s      
Info Report: <Epoch 021> 
	State   Avg. Loss   Avg. MAE    Avg. MAPE   Avg. RMSE   Time Cost   
	train   0.2403      0.2378      294.8754%   0.4451      45.20 s     
	vali    0.1871      0.1871      303.9488%   0.3872      1.61 s      
	test    0.2366      0.2366      280.7637%   0.4930      4.15 s      
<Latest 5>	17          18          19          20          21          
    Loss	0.2399      0.2389      0.2376      0.2377      0.2366      

Epoch: 022
State: <train>
	iter    Loss        MAE         MAPE        RMSE        Speed (/iter)   Time Cost   
	0000    0.2436      0.2412      286.1418%   0.4453      0.0603 s        0.06 s      
	0100    0.2410      0.2386      298.5440%   0.4468      0.0641 s        6.47 s      
	0200    0.2404      0.2380      293.4195%   0.4451      0.0640 s        12.87 s     
	0300    0.2387      0.2362      295.7199%   0.4433      0.0639 s        19.26 s     
	0400    0.2396      0.2372      295.7029%   0.4446      0.0630 s        25.56 s     
	0500    0.2393      0.2368      293.0380%   0.4446      0.0566 s        31.22 s     
	0600    0.2391      0.2367      294.1613%   0.4445      0.0550 s        36.72 s     
	0700    0.2402      0.2377      295.6935%   0.4446      0.0613 s        42.85 s     
State: <vali>
	iter    Loss        MAE         MAPE        RMSE        Speed (/iter)   Time Cost   
	0000    0.1958      0.1958      236.4826%   0.4032      0.0190 s        0.02 s      
State: <test>
	iter    Loss        MAE         MAPE        RMSE        Speed (/iter)   Time Cost   
	0000    0.3302      0.3302      328.5266%   0.5969      0.0172 s        0.02 s      
	0100    0.2458      0.2458      251.3357%   0.5059      0.0237 s        2.38 s      
Info Report: <Epoch 022> 
	State   Avg. Loss   Avg. MAE    Avg. MAPE   Avg. RMSE   Time Cost   
	train   0.2398      0.2374      295.0680%   0.4449      45.54 s     
	vali    0.1867      0.1867      305.8680%   0.3877      1.90 s      
	test    0.2372      0.2372      283.4566%   0.4941      4.75 s      
<Latest 5>	18          19          20          21          22          
    Loss	0.2389      0.2376      0.2377      0.2366      0.2372      

Epoch: 023
State: <train>
	iter    Loss        MAE         MAPE        RMSE        Speed (/iter)   Time Cost   
	0000    0.2391      0.2368      345.2518%   0.4474      0.0506 s        0.05 s      
	0100    0.2352      0.2327      284.3153%   0.4371      0.0640 s        6.45 s      
	0200    0.2382      0.2356      294.1582%   0.4414      0.0625 s        12.70 s     
	0300    0.2407      0.2382      299.0391%   0.4465      0.0574 s        18.44 s     
	0400    0.2400      0.2374      296.7733%   0.4460      0.0521 s        23.65 s     
	0500    0.2402      0.2377      296.0044%   0.4463      0.0596 s        29.61 s     
	0600    0.2395      0.2370      295.4530%   0.4460      0.0641 s        36.02 s     
	0700    0.2405      0.2380      298.1449%   0.4473      0.0648 s        42.50 s     
State: <vali>
	iter    Loss        MAE         MAPE        RMSE        Speed (/iter)   Time Cost   
	0000    0.1929      0.1929      353.7563%   0.4036      0.0224 s        0.02 s      
State: <test>
	iter    Loss        MAE         MAPE        RMSE        Speed (/iter)   Time Cost   
	0000    0.3341      0.3341      322.1705%   0.5994      0.0229 s        0.02 s      
	0100    0.2458      0.2458      250.4751%   0.5052      0.0246 s        2.49 s      
Info Report: <Epoch 023> 
	State   Avg. Loss   Avg. MAE    Avg. MAPE   Avg. RMSE   Time Cost   
	train   0.2394      0.2369      295.2427%   0.4447      45.24 s     
	vali    0.1877      0.1877      305.0389%   0.3875      1.83 s      
	test    0.2368      0.2368      282.2323%   0.4930      4.78 s      
<Latest 5>	19          20          21          22          23          
    Loss	0.2376      0.2377      0.2366      0.2372      0.2368      

Epoch: 024
State: <train>
	iter    Loss        MAE         MAPE        RMSE        Speed (/iter)   Time Cost   
	0000    0.2278      0.2255      255.5318%   0.4198      0.0605 s        0.06 s      
	0100    0.2390      0.2363      295.0608%   0.4437      0.0585 s        5.91 s      
	0200    0.2394      0.2370      295.9884%   0.4462      0.0532 s        11.23 s     
	0300    0.2386      0.2360      293.2581%   0.4429      0.0597 s        17.20 s     
	0400    0.2371      0.2345      292.7893%   0.4421      0.0634 s        23.54 s     
	0500    0.2402      0.2376      296.7315%   0.4460      0.0639 s        29.93 s     
	0600    0.2411      0.2386      298.0320%   0.4473      0.0641 s        36.34 s     
	0700    0.2383      0.2357      293.0504%   0.4433      0.0625 s        42.59 s     
State: <vali>
	iter    Loss        MAE         MAPE        RMSE        Speed (/iter)   Time Cost   
	0000    0.2000      0.2000      356.3176%   0.4139      0.0169 s        0.02 s      
State: <test>
	iter    Loss        MAE         MAPE        RMSE        Speed (/iter)   Time Cost   
	0000    0.3304      0.3304      311.8369%   0.5904      0.0184 s        0.02 s      
	0100    0.2443      0.2443      247.2157%   0.5020      0.0192 s        1.93 s      
Info Report: <Epoch 024> 
	State   Avg. Loss   Avg. MAE    Avg. MAPE   Avg. RMSE   Time Cost   
	train   0.2392      0.2366      295.3796%   0.4447      44.92 s     
	vali    0.1870      0.1870      300.5852%   0.3855      1.94 s      
	test    0.2346      0.2346      277.8944%   0.4890      3.78 s      
<Latest 5>	20          21          22          23          24          
    Loss	0.2377      0.2366      0.2372      0.2368      0.2346      

Epoch: 025
State: <train>
	iter    Loss        MAE         MAPE        RMSE        Speed (/iter)   Time Cost   
	0000    0.2268      0.2243      265.0154%   0.4256      0.0544 s        0.05 s      
	0100    0.2382      0.2356      294.4061%   0.4430      0.0559 s        5.64 s      
	0200    0.2375      0.2349      296.3954%   0.4422      0.0638 s        12.03 s     
	0300    0.2383      0.2357      294.0088%   0.4437      0.0630 s        18.33 s     
	0400    0.2374      0.2348      292.7745%   0.4422      0.0651 s        24.84 s     
	0500    0.2414      0.2388      299.9773%   0.4485      0.0611 s        30.95 s     
	0600    0.2381      0.2355      290.4134%   0.4433      0.0578 s        36.73 s     
	0700    0.2408      0.2382      299.7276%   0.4479      0.0614 s        42.86 s     
State: <vali>
	iter    Loss        MAE         MAPE        RMSE        Speed (/iter)   Time Cost   
	0000    0.1947      0.1947      274.1898%   0.4020      0.0157 s        0.02 s      
State: <test>
	iter    Loss        MAE         MAPE        RMSE        Speed (/iter)   Time Cost   
	0000    0.3330      0.3330      338.0246%   0.6026      0.0203 s        0.02 s      
	0100    0.2430      0.2430      250.6377%   0.5016      0.0207 s        2.09 s      
Info Report: <Epoch 025> 
	State   Avg. Loss   Avg. MAE    Avg. MAPE   Avg. RMSE   Time Cost   
	train   0.2388      0.2362      295.3561%   0.4444      45.18 s     
	vali    0.1857      0.1857      303.3023%   0.3853      1.60 s      
	test    0.2346      0.2346      283.1839%   0.4905      4.15 s      
<Latest 5>	21          22          23          24          25          
    Loss	0.2366      0.2372      0.2368      0.2346      0.2346      

Epoch: 026
State: <train>
	iter    Loss        MAE         MAPE        RMSE        Speed (/iter)   Time Cost   
	0000    0.2353      0.2326      280.9866%   0.4431      0.0648 s        0.06 s      
	0100    0.2383      0.2357      298.1826%   0.4443      0.0631 s        6.38 s      
	0200    0.2384      0.2357      292.2536%   0.4432      0.0647 s        12.85 s     
	0300    0.2369      0.2343      294.1267%   0.4417      0.0614 s        19.00 s     
	0400    0.2381      0.2355      293.1274%   0.4426      0.0562 s        24.61 s     
	0500    0.2396      0.2370      298.8035%   0.4470      0.0612 s        30.73 s     
	0600    0.2374      0.2349      293.2352%   0.4426      0.0543 s        36.17 s     
	0700    0.2387      0.2362      296.4970%   0.4452      0.0621 s        42.38 s     
State: <vali>
	iter    Loss        MAE         MAPE        RMSE        Speed (/iter)   Time Cost   
	0000    0.1889      0.1889      280.6782%   0.3864      0.0242 s        0.02 s      
State: <test>
	iter    Loss        MAE         MAPE        RMSE        Speed (/iter)   Time Cost   
	0000    0.3299      0.3299      330.9133%   0.5966      0.0229 s        0.02 s      
	0100    0.2431      0.2431      252.8709%   0.5051      0.0215 s        2.18 s      
Info Report: <Epoch 026> 
	State   Avg. Loss   Avg. MAE    Avg. MAPE   Avg. RMSE   Time Cost   
	train   0.2384      0.2358      295.5377%   0.4441      45.10 s     
	vali    0.1851      0.1851      307.9092%   0.3881      1.84 s      
	test    0.2348      0.2348      285.6968%   0.4940      4.23 s      
<Latest 5>	22          23          24          25          26          
    Loss	0.2372      0.2368      0.2346      0.2346      0.2348      

Epoch: 027
State: <train>
	iter    Loss        MAE         MAPE        RMSE        Speed (/iter)   Time Cost   
	0000    0.2243      0.2216      259.0121%   0.4197      0.0673 s        0.07 s      
	0100    0.2385      0.2361      300.7773%   0.4445      0.0632 s        6.38 s      
	0200    0.2379      0.2355      293.5318%   0.4445      0.0575 s        12.13 s     
	0300    0.2377      0.2352      295.9148%   0.4429      0.0625 s        18.38 s     
	0400    0.2392      0.2368      299.2525%   0.4451      0.0601 s        24.39 s     
	0500    0.2354      0.2329      290.5489%   0.4408      0.0583 s        30.21 s     
	0600    0.2397      0.2373      298.1222%   0.4475      0.0654 s        36.75 s     
	0700    0.2369      0.2345      291.5960%   0.4423      0.0645 s        43.20 s     
State: <vali>
	iter    Loss        MAE         MAPE        RMSE        Speed (/iter)   Time Cost   
	0000    0.1633      0.1633      279.5970%   0.3483      0.0208 s        0.02 s      
State: <test>
	iter    Loss        MAE         MAPE        RMSE        Speed (/iter)   Time Cost   
	0000    0.3304      0.3304      330.6685%   0.5982      0.0292 s        0.03 s      
	0100    0.2427      0.2427      251.7661%   0.5041      0.0211 s        2.14 s      
Info Report: <Epoch 027> 
	State   Avg. Loss   Avg. MAE    Avg. MAPE   Avg. RMSE   Time Cost   
	train   0.2379      0.2355      295.6194%   0.4440      45.69 s     
	vali    0.1850      0.1850      307.4320%   0.3871      1.82 s      
	test    0.2342      0.2342      283.6732%   0.4925      4.06 s      
<Latest 5>	23          24          25          26          27          
    Loss	0.2368      0.2346      0.2346      0.2348      0.2342      

Epoch: 028
State: <train>
	iter    Loss        MAE         MAPE        RMSE        Speed (/iter)   Time Cost   
	0000    0.2568      0.2542      358.1254%   0.4852      0.0629 s        0.06 s      
	0100    0.2401      0.2378      300.2957%   0.4470      0.0647 s        6.53 s      
	0200    0.2397      0.2372      297.2920%   0.4474      0.0603 s        12.55 s     
	0300    0.2384      0.2360      298.6141%   0.4454      0.0663 s        19.18 s     
	0400    0.2374      0.2350      294.8535%   0.4433      0.0640 s        25.58 s     
	0500    0.2366      0.2342      298.0967%   0.4427      0.0616 s        31.74 s     
	0600    0.2375      0.2351      291.6512%   0.4435      0.0570 s        37.44 s     
	0700    0.2348      0.2323      290.5939%   0.4392      0.0485 s        42.29 s     
State: <vali>
	iter    Loss        MAE         MAPE        RMSE        Speed (/iter)   Time Cost   
	0000    0.1812      0.1812      284.9117%   0.3809      0.0111 s        0.01 s      
State: <test>
	iter    Loss        MAE         MAPE        RMSE        Speed (/iter)   Time Cost   
	0000    0.3276      0.3276      320.9511%   0.5902      0.0131 s        0.01 s      
	0100    0.2418      0.2418      249.1513%   0.5003      0.0136 s        1.38 s      
Info Report: <Epoch 028> 
	State   Avg. Loss   Avg. MAE    Avg. MAPE   Avg. RMSE   Time Cost   
	train   0.2377      0.2353      295.7876%   0.4439      44.21 s     
	vali    0.1854      0.1854      303.1151%   0.3847      1.22 s      
	test    0.2327      0.2327      280.3592%   0.4880      2.66 s      
<Latest 5>	24          25          26          27          28          
    Loss	0.2346      0.2346      0.2348      0.2342      0.2327      

Epoch: 029
State: <train>
	iter    Loss        MAE         MAPE        RMSE        Speed (/iter)   Time Cost   
	0000    0.2162      0.2139      284.9361%   0.4175      0.0405 s        0.04 s      
	0100    0.2373      0.2348      296.9910%   0.4435      0.0416 s        4.20 s      
	0200    0.2384      0.2360      296.9988%   0.4457      0.0448 s        8.68 s      
	0300    0.2372      0.2348      296.4944%   0.4439      0.0454 s        13.22 s     
	0400    0.2367      0.2342      295.9485%   0.4425      0.0454 s        17.76 s     
	0500    0.2374      0.2349      292.8278%   0.4433      0.0460 s        22.36 s     
	0600    0.2387      0.2362      298.8346%   0.4461      0.0468 s        27.04 s     
	0700    0.2369      0.2344      294.4494%   0.4434      0.0447 s        31.51 s     
State: <vali>
	iter    Loss        MAE         MAPE        RMSE        Speed (/iter)   Time Cost   
	0000    0.1774      0.1774      293.3866%   0.3819      0.0141 s        0.01 s      
State: <test>
	iter    Loss        MAE         MAPE        RMSE        Speed (/iter)   Time Cost   
	0000    0.3296      0.3296      332.1488%   0.5998      0.0128 s        0.01 s      
	0100    0.2418      0.2418      253.5684%   0.5050      0.0141 s        1.42 s      
Info Report: <Epoch 029> 
	State   Avg. Loss   Avg. MAE    Avg. MAPE   Avg. RMSE   Time Cost   
	train   0.2373      0.2349      295.9400%   0.4437      33.38 s     
	vali    0.1840      0.1840      310.3373%   0.3886      1.16 s      
	test    0.2338      0.2338      286.8016%   0.4940      2.45 s      
<Latest 5>	25          26          27          28          29          
    Loss	0.2346      0.2348      0.2342      0.2327      0.2338      

Epoch: 030
State: <train>
	iter    Loss        MAE         MAPE        RMSE        Speed (/iter)   Time Cost   
	0000    0.2525      0.2503      310.3125%   0.4678      0.0443 s        0.04 s      
	0100    0.2397      0.2373      300.1811%   0.4481      0.0471 s        4.76 s      
	0200    0.2372      0.2348      295.1676%   0.4442      0.0460 s        9.35 s      
	0300    0.2364      0.2341      297.3188%   0.4426      0.0441 s        13.76 s     
	0400    0.2369      0.2346      298.0071%   0.4442      0.0467 s        18.42 s     
	0500    0.2372      0.2348      297.1335%   0.4435      0.0456 s        22.98 s     
	0600    0.2355      0.2331      291.3952%   0.4407      0.0442 s        27.40 s     
	0700    0.2369      0.2345      295.4366%   0.4434      0.0442 s        31.82 s     
State: <vali>
	iter    Loss        MAE         MAPE        RMSE        Speed (/iter)   Time Cost   
	0000    0.1867      0.1867      307.4105%   0.3895      0.0148 s        0.01 s      
State: <test>
	iter    Loss        MAE         MAPE        RMSE        Speed (/iter)   Time Cost   
	0000    0.3313      0.3313      330.9023%   0.5990      0.0132 s        0.01 s      
	0100    0.2417      0.2417      251.3100%   0.5019      0.0143 s        1.44 s      
Info Report: <Epoch 030> 
	State   Avg. Loss   Avg. MAE    Avg. MAPE   Avg. RMSE   Time Cost   
	train   0.2370      0.2346      296.0728%   0.4435      33.39 s     
	vali    0.1851      0.1851      306.1157%   0.3867      1.03 s      
	test    0.2332      0.2332      283.4391%   0.4903      2.80 s      
<Latest 5>	26          27          28          29          30          
    Loss	0.2348      0.2342      0.2327      0.2338      0.2332      

Epoch: 031
State: <train>
	iter    Loss        MAE         MAPE        RMSE        Speed (/iter)   Time Cost   
	0000    0.2474      0.2449      301.5098%   0.4579      0.0327 s        0.03 s      
	0100    0.2364      0.2340      293.1780%   0.4428      0.0462 s        4.65 s      
	0200    0.2354      0.2331      295.4359%   0.4415      0.0449 s        9.14 s      
	0300    0.2380      0.2356      298.3948%   0.4448      0.0450 s        13.64 s     
	0400    0.2365      0.2341      295.5584%   0.4425      0.0451 s        18.15 s     
	0500    0.2365      0.2340      290.5440%   0.4426      0.0452 s        22.67 s     
	0600    0.2365      0.2341      298.5494%   0.4432      0.0447 s        27.14 s     
	0700    0.2375      0.2350      299.3846%   0.4452      0.0427 s        31.41 s     
State: <vali>
	iter    Loss        MAE         MAPE        RMSE        Speed (/iter)   Time Cost   
	0000    0.1907      0.1907      300.6845%   0.3947      0.0118 s        0.01 s      
State: <test>
	iter    Loss        MAE         MAPE        RMSE        Speed (/iter)   Time Cost   
	0000    0.3247      0.3247      318.8776%   0.5851      0.0108 s        0.01 s      
	0100    0.2398      0.2398      248.9325%   0.4970      0.0140 s        1.41 s      
Info Report: <Epoch 031> 
	State   Avg. Loss   Avg. MAE    Avg. MAPE   Avg. RMSE   Time Cost   
	train   0.2368      0.2343      296.2016%   0.4434      33.35 s     
	vali    0.1849      0.1849      302.8792%   0.3827      1.21 s      
	test    0.2313      0.2313      281.0782%   0.4857      2.78 s      
<Latest 5>	27          28          29          30          31          
    Loss	0.2342      0.2327      0.2338      0.2332      0.2313      

Epoch: 032
State: <train>
	iter    Loss        MAE         MAPE        RMSE        Speed (/iter)   Time Cost   
	0000    0.2509      0.2486      297.8188%   0.4624      0.0472 s        0.05 s      
	0100    0.2362      0.2339      295.3956%   0.4424      0.0459 s        4.64 s      
	0200    0.2345      0.2321      295.7649%   0.4396      0.0461 s        9.25 s      
	0300    0.2350      0.2326      291.4805%   0.4407      0.0462 s        13.87 s     
	0400    0.2376      0.2352      294.5162%   0.4448      0.0473 s        18.60 s     
	0500    0.2350      0.2326      294.1926%   0.4411      0.0435 s        22.95 s     
	0600    0.2378      0.2354      298.4634%   0.4462      0.0452 s        27.47 s     
	0700    0.2383      0.2358      301.2758%   0.4461      0.0455 s        32.02 s     
State: <vali>
	iter    Loss        MAE         MAPE        RMSE        Speed (/iter)   Time Cost   
	0000    0.1956      0.1956      301.2453%   0.4049      0.0122 s        0.01 s      
State: <test>
	iter    Loss        MAE         MAPE        RMSE        Speed (/iter)   Time Cost   
	0000    0.3273      0.3273      326.8726%   0.5924      0.0114 s        0.01 s      
	0100    0.2399      0.2399      250.7677%   0.4989      0.0150 s        1.52 s      
Info Report: <Epoch 032> 
	State   Avg. Loss   Avg. MAE    Avg. MAPE   Avg. RMSE   Time Cost   
	train   0.2364      0.2340      296.2065%   0.4431      33.93 s     
	vali    0.1843      0.1843      304.1129%   0.3847      1.14 s      
	test    0.2313      0.2313      282.5061%   0.4874      2.96 s      
<Latest 5>	28          29          30          31          32          
    Loss	0.2327      0.2338      0.2332      0.2313      0.2313      

Epoch: 033
State: <train>
	iter    Loss        MAE         MAPE        RMSE        Speed (/iter)   Time Cost   
	0000    0.2343      0.2318      299.4974%   0.4431      0.0410 s        0.04 s      
	0100    0.2357      0.2333      294.0169%   0.4421      0.0469 s        4.73 s      
	0200    0.2357      0.2332      295.2030%   0.4426      0.0460 s        9.34 s      
	0300    0.2362      0.2338      299.3600%   0.4426      0.0454 s        13.88 s     
	0400    0.2361      0.2337      293.6912%   0.4426      0.0420 s        18.08 s     
	0500    0.2383      0.2358      302.4729%   0.4461      0.0384 s        21.92 s     
	0600    0.2367      0.2342      295.7020%   0.4426      0.0319 s        25.11 s     
	0700    0.2361      0.2336      294.0094%   0.4426      0.0315 s        28.27 s     
State: <vali>
	iter    Loss        MAE         MAPE        RMSE        Speed (/iter)   Time Cost   
	0000    0.1883      0.1883      302.5187%   0.3832      0.0084 s        0.01 s      
State: <test>
	iter    Loss        MAE         MAPE        RMSE        Speed (/iter)   Time Cost   
	0000    0.3261      0.3261      316.6854%   0.5896      0.0101 s        0.01 s      
	0100    0.2398      0.2398      246.6339%   0.4965      0.0095 s        0.96 s      
Info Report: <Epoch 033> 
	State   Avg. Loss   Avg. MAE    Avg. MAPE   Avg. RMSE   Time Cost   
	train   0.2364      0.2339      296.2396%   0.4430      29.77 s     
	vali    0.1854      0.1854      301.6701%   0.3834      0.93 s      
	test    0.2303      0.2303      277.3932%   0.4837      1.86 s      
<Latest 5>	29          30          31          32          33          
    Loss	0.2338      0.2332      0.2313      0.2313      0.2303      

Epoch: 034
State: <train>
	iter    Loss        MAE         MAPE        RMSE        Speed (/iter)   Time Cost   
	0000    0.2474      0.2448      294.9576%   0.4616      0.0288 s        0.03 s      
	0100    0.2365      0.2340      296.7384%   0.4425      0.0321 s        3.24 s      
	0200    0.2372      0.2347      301.8342%   0.4449      0.0333 s        6.57 s      
	0300    0.2349      0.2324      295.2995%   0.4406      0.0345 s        10.02 s     
	0400    0.2358      0.2335      298.8026%   0.4426      0.0318 s        13.20 s     
	0500    0.2363      0.2340      293.0432%   0.4436      0.0319 s        16.39 s     
	0600    0.2362      0.2336      296.4260%   0.4432      0.0312 s        19.51 s     
	0700    0.2350      0.2325      291.3473%   0.4414      0.0308 s        22.58 s     
State: <vali>
	iter    Loss        MAE         MAPE        RMSE        Speed (/iter)   Time Cost   
	0000    0.1782      0.1782      299.0159%   0.3835      0.0112 s        0.01 s      
State: <test>
	iter    Loss        MAE         MAPE        RMSE        Speed (/iter)   Time Cost   
	0000    0.3350      0.3350      344.4791%   0.6080      0.0103 s        0.01 s      
	0100    0.2394      0.2394      252.9870%   0.4994      0.0089 s        0.90 s      
Info Report: <Epoch 034> 
	State   Avg. Loss   Avg. MAE    Avg. MAPE   Avg. RMSE   Time Cost   
	train   0.2361      0.2336      296.2881%   0.4428      23.96 s     
	vali    0.1837      0.1837      305.6695%   0.3852      0.81 s      
	test    0.2315      0.2315      285.0276%   0.4889      1.63 s      
<Latest 5>	30          31          32          33          34          
    Loss	0.2332      0.2313      0.2313      0.2303      0.2315      

Epoch: 035
State: <train>
	iter    Loss        MAE         MAPE        RMSE        Speed (/iter)   Time Cost   
	0000    0.2247      0.2222      296.1573%   0.4196      0.0320 s        0.03 s      
	0100    0.2371      0.2345      299.9259%   0.4445      0.0316 s        3.20 s      
	0200    0.2358      0.2333      293.4988%   0.4429      0.0320 s        6.40 s      
	0300    0.2352      0.2327      294.3132%   0.4410      0.0312 s        9.52 s      
	0400    0.2352      0.2329      295.1475%   0.4425      0.0318 s        12.70 s     
	0500    0.2346      0.2321      296.0875%   0.4406      0.0311 s        15.81 s     
	0600    0.2371      0.2347      297.9442%   0.4451      0.0316 s        18.97 s     
	0700    0.2362      0.2338      296.8792%   0.4434      0.0323 s        22.21 s     
State: <vali>
	iter    Loss        MAE         MAPE        RMSE        Speed (/iter)   Time Cost   
	0000    0.1862      0.1862      302.7479%   0.4035      0.0280 s        0.03 s      
State: <test>
	iter    Loss        MAE         MAPE        RMSE        Speed (/iter)   Time Cost   
	0000    0.3263      0.3263      327.6865%   0.5927      0.0159 s        0.02 s      
	0100    0.2395      0.2395      252.1775%   0.4997      0.0090 s        0.91 s      
Info Report: <Epoch 035> 
	State   Avg. Loss   Avg. MAE    Avg. MAPE   Avg. RMSE   Time Cost   
	train   0.2359      0.2335      296.3906%   0.4428      23.61 s     
	vali    0.1837      0.1837      305.7593%   0.3859      0.89 s      
	test    0.2312      0.2312      284.1279%   0.4886      1.78 s      
<Latest 5>	31          32          33          34          35          
    Loss	0.2313      0.2313      0.2303      0.2315      0.2312      

Epoch: 036
State: <train>
	iter    Loss        MAE         MAPE        RMSE        Speed (/iter)   Time Cost   
	0000    0.2445      0.2419      311.1345%   0.4593      0.0263 s        0.03 s      
	0100    0.2371      0.2347      302.6265%   0.4452      0.0309 s        3.12 s      
	0200    0.2350      0.2325      294.2124%   0.4420      0.0322 s        6.34 s      
	0300    0.2336      0.2312      293.9220%   0.4385      0.0328 s        9.62 s      
	0400    0.2354      0.2329      293.8388%   0.4416      0.0326 s        12.88 s     
	0500    0.2349      0.2325      294.2065%   0.4407      0.0314 s        16.02 s     
	0600    0.2367      0.2343      298.6452%   0.4447      0.0329 s        19.31 s     
	0700    0.2377      0.2352      300.6035%   0.4462      0.0326 s        22.57 s     
State: <vali>
	iter    Loss        MAE         MAPE        RMSE        Speed (/iter)   Time Cost   
	0000    0.1933      0.1933      365.1491%   0.4057      0.0079 s        0.01 s      
State: <test>
	iter    Loss        MAE         MAPE        RMSE        Speed (/iter)   Time Cost   
	0000    0.3239      0.3239      317.2100%   0.5855      0.0077 s        0.01 s      
	0100    0.2396      0.2396      250.0848%   0.4992      0.0093 s        0.93 s      
Info Report: <Epoch 036> 
	State   Avg. Loss   Avg. MAE    Avg. MAPE   Avg. RMSE   Time Cost   
	train   0.2356      0.2332      296.5588%   0.4425      23.92 s     
	vali    0.1840      0.1840      305.4785%   0.3859      0.75 s      
	test    0.2307      0.2307      281.4274%   0.4870      1.74 s      
<Latest 5>	32          33          34          35          36          
    Loss	0.2313      0.2303      0.2315      0.2312      0.2307      

Epoch: 037
State: <train>
	iter    Loss        MAE         MAPE        RMSE        Speed (/iter)   Time Cost   
	0000    0.2330      0.2306      323.0411%   0.4444      0.0265 s        0.03 s      
	0100    0.2347      0.2323      294.5969%   0.4416      0.0321 s        3.24 s      
	0200    0.2330      0.2305      292.6361%   0.4381      0.0333 s        6.57 s      
	0300    0.2377      0.2352      302.5446%   0.4461      0.0307 s        9.64 s      
	0400    0.2374      0.2350      299.4684%   0.4461      0.0317 s        12.80 s     
	0500    0.2338      0.2315      291.6441%   0.4400      0.0328 s        16.09 s     
	0600    0.2356      0.2332      296.3825%   0.4426      0.0315 s        19.24 s     
	0700    0.2355      0.2331      298.6673%   0.4429      0.0316 s        22.40 s     
State: <vali>
	iter    Loss        MAE         MAPE        RMSE        Speed (/iter)   Time Cost   
	0000    0.1854      0.1854      264.7887%   0.3930      0.0108 s        0.01 s      
State: <test>
	iter    Loss        MAE         MAPE        RMSE        Speed (/iter)   Time Cost   
	0000    0.3280      0.3280      328.4660%   0.5936      0.0078 s        0.01 s      
	0100    0.2409      0.2409      251.8213%   0.5025      0.0087 s        0.87 s      
Info Report: <Epoch 037> 
	State   Avg. Loss   Avg. MAE    Avg. MAPE   Avg. RMSE   Time Cost   
	train   0.2353      0.2329      296.5761%   0.4424      23.80 s     
	vali    0.1842      0.1842      309.5932%   0.3887      0.86 s      
	test    0.2320      0.2320      283.5591%   0.4903      1.64 s      
<Latest 5>	33          34          35          36          37          
    Loss	0.2303      0.2315      0.2312      0.2307      0.2320      

Epoch: 038
State: <train>
	iter    Loss        MAE         MAPE        RMSE        Speed (/iter)   Time Cost   
	0000    0.2264      0.2242      283.1100%   0.4306      0.0265 s        0.03 s      
	0100    0.2349      0.2324      298.7984%   0.4416      0.0318 s        3.21 s      
	0200    0.2361      0.2337      296.4776%   0.4437      0.0310 s        6.31 s      
	0300    0.2347      0.2324      294.5536%   0.4424      0.0318 s        9.49 s      
	0400    0.2355      0.2331      298.1940%   0.4432      0.0315 s        12.63 s     
	0500    0.2344      0.2320      295.8688%   0.4403      0.0302 s        15.65 s     
	0600    0.2360      0.2337      298.8187%   0.4439      0.0317 s        18.82 s     
	0700    0.2340      0.2315      292.4505%   0.4411      0.0308 s        21.90 s     
State: <vali>
	iter    Loss        MAE         MAPE        RMSE        Speed (/iter)   Time Cost   
	0000    0.1890      0.1890      285.3670%   0.4043      0.0086 s        0.01 s      
State: <test>
	iter    Loss        MAE         MAPE        RMSE        Speed (/iter)   Time Cost   
	0000    0.3324      0.3324      349.5628%   0.6083      0.0101 s        0.01 s      
	0100    0.2392      0.2392      255.0837%   0.5019      0.0096 s        0.97 s      
Info Report: <Epoch 038> 
	State   Avg. Loss   Avg. MAE    Avg. MAPE   Avg. RMSE   Time Cost   
	train   0.2351      0.2327      296.4360%   0.4422      23.27 s     
	vali    0.1833      0.1833      309.4178%   0.3880      0.80 s      
	test    0.2319      0.2319      288.8589%   0.4920      1.88 s      
<Latest 5>	34          35          36          37          38          
    Loss	0.2315      0.2312      0.2307      0.2320      0.2319      

Epoch: 039
State: <train>
	iter    Loss        MAE         MAPE        RMSE        Speed (/iter)   Time Cost   
	0000    0.2281      0.2256      293.5483%   0.4388      0.0287 s        0.03 s      
	0100    0.2356      0.2331      296.3400%   0.4433      0.0317 s        3.20 s      
	0200    0.2351      0.2326      298.5088%   0.4433      0.0326 s        6.46 s      
	0300    0.2357      0.2332      297.5601%   0.4433      0.0323 s        9.69 s      
	0400    0.2339      0.2314      298.5689%   0.4405      0.0313 s        12.82 s     
	0500    0.2346      0.2322      294.0261%   0.4415      0.0316 s        15.97 s     
	0600    0.2356      0.2332      296.1829%   0.4433      0.0312 s        19.10 s     
	0700    0.2342      0.2317      296.8952%   0.4404      0.0325 s        22.35 s     
State: <vali>
	iter    Loss        MAE         MAPE        RMSE        Speed (/iter)   Time Cost   
	0000    0.1720      0.1720      287.9982%   0.3645      0.0110 s        0.01 s      
State: <test>
	iter    Loss        MAE         MAPE        RMSE        Speed (/iter)   Time Cost   
	0000    0.3284      0.3284      331.5613%   0.5951      0.0076 s        0.01 s      
	0100    0.2396      0.2396      251.1859%   0.4995      0.0077 s        0.78 s      
Info Report: <Epoch 039> 
	State   Avg. Loss   Avg. MAE    Avg. MAPE   Avg. RMSE   Time Cost   
	train   0.2349      0.2325      297.0462%   0.4422      23.69 s     
	vali    0.1843      0.1843      307.2115%   0.3870      0.74 s      
	test    0.2308      0.2308      282.6220%   0.4875      1.64 s      
<Latest 5>	35          36          37          38          39          
    Loss	0.2312      0.2307      0.2320      0.2319      0.2308      

Epoch: 040
State: <train>
	iter    Loss        MAE         MAPE        RMSE        Speed (/iter)   Time Cost   
	0000    0.2218      0.2193      274.0241%   0.4222      0.0304 s        0.03 s      
	0100    0.2342      0.2318      297.2910%   0.4406      0.0320 s        3.23 s      
	0200    0.2334      0.2309      295.7283%   0.4395      0.0321 s        6.45 s      
	0300    0.2358      0.2335      297.7030%   0.4440      0.0319 s        9.63 s      
	0400    0.2329      0.2304      289.5343%   0.4393      0.0334 s        12.97 s     
	0500    0.2373      0.2348      299.0318%   0.4468      0.0327 s        16.24 s     
	0600    0.2350      0.2324      300.1210%   0.4417      0.0323 s        19.47 s     
	0700    0.2342      0.2318      297.7019%   0.4411      0.0321 s        22.68 s     
State: <vali>
	iter    Loss        MAE         MAPE        RMSE        Speed (/iter)   Time Cost   
	0000    0.1789      0.1789      264.2441%   0.3799      0.0108 s        0.01 s      
State: <test>
	iter    Loss        MAE         MAPE        RMSE        Speed (/iter)   Time Cost   
	0000    0.3292      0.3292      333.6370%   0.5981      0.0175 s        0.02 s      
	0100    0.2381      0.2381      251.8863%   0.4979      0.0105 s        1.07 s      
Info Report: <Epoch 040> 
	State   Avg. Loss   Avg. MAE    Avg. MAPE   Avg. RMSE   Time Cost   
	train   0.2348      0.2324      296.7915%   0.4420      24.14 s     
	vali    0.1830      0.1830      306.1454%   0.3853      0.84 s      
	test    0.2299      0.2299      283.5329%   0.4867      2.01 s      
<Latest 5>	36          37          38          39          40          
    Loss	0.2307      0.2320      0.2319      0.2308      0.2299      

Epoch: 041
State: <train>
	iter    Loss        MAE         MAPE        RMSE        Speed (/iter)   Time Cost   
	0000    0.2388      0.2363      284.1094%   0.4449      0.0288 s        0.03 s      
	0100    0.2317      0.2293      291.7670%   0.4369      0.0314 s        3.16 s      
	0200    0.2355      0.2331      299.3611%   0.4432      0.0323 s        6.40 s      
	0300    0.2360      0.2336      297.4549%   0.4436      0.0322 s        9.61 s      
	0400    0.2324      0.2299      295.6824%   0.4383      0.0310 s        12.71 s     
	0500    0.2344      0.2320      295.5516%   0.4422      0.0313 s        15.84 s     
	0600    0.2366      0.2341      300.1166%   0.4453      0.0318 s        19.02 s     
	0700    0.2356      0.2332      298.2803%   0.4433      0.0309 s        22.11 s     
State: <vali>
	iter    Loss        MAE         MAPE        RMSE        Speed (/iter)   Time Cost   
	0000    0.1863      0.1863      291.2747%   0.3932      0.0109 s        0.01 s      
State: <test>
	iter    Loss        MAE         MAPE        RMSE        Speed (/iter)   Time Cost   
	0000    0.3269      0.3269      327.4790%   0.5955      0.0102 s        0.01 s      
	0100    0.2389      0.2389      250.4662%   0.4982      0.0095 s        0.96 s      
Info Report: <Epoch 041> 
	State   Avg. Loss   Avg. MAE    Avg. MAPE   Avg. RMSE   Time Cost   
	train   0.2345      0.2321      296.7635%   0.4418      23.47 s     
	vali    0.1837      0.1837      305.3091%   0.3860      0.81 s      
	test    0.2301      0.2301      281.4933%   0.4859      1.88 s      
<Latest 5>	37          38          39          40          41          
    Loss	0.2320      0.2319      0.2308      0.2299      0.2301      

Epoch: 042
State: <train>
	iter    Loss        MAE         MAPE        RMSE        Speed (/iter)   Time Cost   
	0000    0.2680      0.2655      329.8333%   0.5050      0.0289 s        0.03 s      
	0100    0.2333      0.2309      295.1432%   0.4398      0.0331 s        3.34 s      
	0200    0.2336      0.2311      294.4628%   0.4405      0.0320 s        6.54 s      
	0300    0.2367      0.2343      298.5504%   0.4451      0.0320 s        9.74 s      
	0400    0.2345      0.2321      297.8214%   0.4420      0.0313 s        12.88 s     
	0500    0.2352      0.2328      299.4561%   0.4429      0.0315 s        16.03 s     
	0600    0.2356      0.2332      298.6484%   0.4432      0.0310 s        19.13 s     
	0700    0.2341      0.2317      293.9535%   0.4407      0.0314 s        22.27 s     
State: <vali>
	iter    Loss        MAE         MAPE        RMSE        Speed (/iter)   Time Cost   
	0000    0.1726      0.1726      317.1790%   0.3732      0.0110 s        0.01 s      
State: <test>
	iter    Loss        MAE         MAPE        RMSE        Speed (/iter)   Time Cost   
	0000    0.3287      0.3287      340.7218%   0.6018      0.0099 s        0.01 s      
	0100    0.2393      0.2393      255.8283%   0.5028      0.0098 s        0.99 s      
Info Report: <Epoch 042> 
	State   Avg. Loss   Avg. MAE    Avg. MAPE   Avg. RMSE   Time Cost   
	train   0.2345      0.2321      296.4283%   0.4417      23.67 s     
	vali    0.1831      0.1831      312.0032%   0.3903      0.81 s      
	test    0.2318      0.2318      288.6683%   0.4924      1.86 s      
<Latest 5>	38          39          40          41          42          
    Loss	0.2319      0.2308      0.2299      0.2301      0.2318      

<Final Report>
	Idx     Avg. MAE    Avg. MAPE   Avg. RMSE   Avg. MSE    
	40      0.22987     283.5329%   50.27533%   0.25276     
	Notes: None
	Training finished!

Script finished. Total runtime: 1866.831405 seconds
