nohup: ignoring input
Regenerating dataset.
	Done.
Loading existence torch dataset.
	choice channels ['PV001', 'PV002', 'PV003', 'PV004', 'PV005', 'PV006', 'PV007', 'PV008', 'PV009', 'PV010', 'PV011', 'PV012', 'PV013', 'PV014', 'PV015', 'PV016', 'PV017', 'PV018', 'PV019', 'PV020', 'PV021', 'PV022', 'PV023', 'PV024', 'PV025', 'PV026', 'PV027', 'PV028', 'PV029', 'PV030', 'PV031', 'PV032', 'PV033', 'PV034', 'PV035', 'PV036', 'PV037', 'PV038', 'PV039', 'PV040', 'PV041', 'PV042', 'PV043', 'PV044', 'PV045', 'PV046', 'PV047', 'PV048', 'PV049', 'PV050', 'PV051', 'PV052', 'PV053', 'PV054', 'PV055', 'PV056', 'PV057', 'PV058', 'PV059', 'PV060', 'PV061', 'PV062', 'PV063', 'PV064', 'PV065', 'PV066', 'PV067', 'PV068', 'PV069', 'PV070', 'PV071', 'PV072', 'PV073', 'PV074', 'PV075', 'PV076', 'PV077', 'PV078', 'PV079', 'PV080', 'PV081', 'PV082', 'PV083', 'PV084', 'PV085', 'PV086', 'PV087', 'PV088', 'PV089', 'PV090', 'PV091', 'PV092', 'PV093', 'PV094', 'PV095', 'PV096', 'PV097', 'PV098', 'PV099', 'PV100', 'PV101', 'PV102', 'PV103', 'PV104', 'PV105', 'PV106', 'PV107', 'PV108', 'PV109', 'PV110', 'PV111', 'PV112', 'PV113', 'PV114', 'PV115', 'PV116', 'PV117', 'PV118', 'PV119', 'PV120', 'PV121', 'PV122', 'PV123', 'PV124', 'PV125', 'PV126', 'PV127', 'PV128', 'PV129', 'PV130', 'PV131', 'PV132', 'PV133', 'PV134', 'PV135', 'PV136', 'PV137']
	train: 24240
	vali : 3216
	test : 6720
agga-fln

Experiment Start at <2025-02-19_15:54:37>
	PID: <2499540>
	Notes: <None>

Envs Setting:
    loss: "l1";      dataset_prob: "[0.7, 0.1, 0.2]";      data_scale: "True";  
    date_scale: "True";      c_out: "137";      regen_dataset: "True";  
    check_dataloader: "False";      muti_process: "False";      seed: "42";      device: "cuda:1";  
    dtype: "torch.float32";      adjust_lr: "False";      save_best_model: "True";  
    load_best_model: "False";      inp_len: "96";      pred_len: "192";      epochs: "42";  
    batch_size: "32";      optimizer: "amam";      learning_rate: "0.0001";  
    weight_decay: "0";      dropout: "0.3";      c_in: "137";  
Model Setting:
    name: "agga-fln";      order: "2";      dilation: "1";      kernel_size: "3";  
    emb_dim: "8";      dropout: "0.5";      sta_layers: "1";      share: "False";  
    use_update: "False";      c_date: "5";      n_nodes: "1";      c_in: "137";      c_out: "137";  
    device: "cuda:1";      inp_len: "96";      pred_len: "192";  
Dataset Setting:
    name: "solar";      channels: "137";      n_nodes: "1";      lens: "35040";  
    time_window: "15mins";  
    channel_info: "['PV001', 'PV002', 'PV003', 'PV004', 'PV005', 'PV006', 'PV007', 'PV008', 'PV009', 'PV010', 'PV011', 'PV012', 'PV013', 'PV014', 'PV015', 'PV016', 'PV017', 'PV018', 'PV019', 'PV020', 'PV021', 'PV022', 'PV023', 'PV024', 'PV025', 'PV026', 'PV027', 'PV028', 'PV029', 'PV030', 'PV031', 'PV032', 'PV033', 'PV034', 'PV035', 'PV036', 'PV037', 'PV038', 'PV039', 'PV040', 'PV041', 'PV042', 'PV043', 'PV044', 'PV045', 'PV046', 'PV047', 'PV048', 'PV049', 'PV050', 'PV051', 'PV052', 'PV053', 'PV054', 'PV055', 'PV056', 'PV057', 'PV058', 'PV059', 'PV060', 'PV061', 'PV062', 'PV063', 'PV064', 'PV065', 'PV066', 'PV067', 'PV068', 'PV069', 'PV070', 'PV071', 'PV072', 'PV073', 'PV074', 'PV075', 'PV076', 'PV077', 'PV078', 'PV079', 'PV080', 'PV081', 'PV082', 'PV083', 'PV084', 'PV085', 'PV086', 'PV087', 'PV088', 'PV089', 'PV090', 'PV091', 'PV092', 'PV093', 'PV094', 'PV095', 'PV096', 'PV097', 'PV098', 'PV099', 'PV100', 'PV101', 'PV102', 'PV103', 'PV104', 'PV105', 'PV106', 'PV107', 'PV108', 'PV109', 'PV110', 'PV111', 'PV112', 'PV113', 'PV114', 'PV115', 'PV116', 'PV117', 'PV118', 'PV119', 'PV120', 'PV121', 'PV122', 'PV123', 'PV124', 'PV125', 'PV126', 'PV127', 'PV128', 'PV129', 'PV130', 'PV131', 'PV132', 'PV133', 'PV134', 'PV135', 'PV136', 'PV137']";  
    choise_channels: "[0, 1, 2, 3, 4, 5, 6, 7, 8, 9, 10, 11, 12, 13, 14, 15, 16, 17, 18, 19, 20, 21, 22, 23, 24, 25, 26, 27, 28, 29, 30, 31, 32, 33, 34, 35, 36, 37, 38, 39, 40, 41, 42, 43, 44, 45, 46, 47, 48, 49, 50, 51, 52, 53, 54, 55, 56, 57, 58, 59, 60, 61, 62, 63, 64, 65, 66, 67, 68, 69, 70, 71, 72, 73, 74, 75, 76, 77, 78, 79, 80, 81, 82, 83, 84, 85, 86, 87, 88, 89, 90, 91, 92, 93, 94, 95, 96, 97, 98, 99, 100, 101, 102, 103, 104, 105, 106, 107, 108, 109, 110, 111, 112, 113, 114, 115, 116, 117, 118, 119, 120, 121, 122, 123, 124, 125, 126, 127, 128, 129, 130, 131, 132, 133, 134, 135, 136]";  
    nodes_info: "['None']";      choise_nodes: "[-1]";      folder_path: "./dataset/solar";  
    file_name: "solar_Alabama.csv";      adj_path: "None";      period_type: "None";  
    c_date: "5";      raw_path: "./raw_files/SOLAR/solar_Alabama.csv";      data_channels: "137";  
    dataset_type: "['train', 'test', 'vali']";      scale: "True";      inp_len: "96";  
    pred_len: "192";      dtype: "torch.float32";      num_nodes: "1";      n_channels: "137";  
    data_scale: "True";      date_scale: "True";      dataset_prob: "[0.7, 0.1, 0.2]";  

Epoch: 001
State: <train>
	iter    Loss        MAE         MAPE        RMSE        Speed (/iter)   Time Cost   
	0000    3.8937      0.9016      121.3953%   1.0535      0.8411 s        0.84 s      
	0100    3.3435      0.5771      170.0971%   0.7431      0.0216 s        3.00 s      
	0200    2.7773      0.3589      225.5929%   0.5296      0.0240 s        5.40 s      
	0300    2.5096      0.3164      243.2548%   0.4791      0.0231 s        7.71 s      
	0400    2.3410      0.3027      254.1780%   0.4721      0.0258 s        10.29 s     
	0500    2.1372      0.2915      250.8048%   0.4658      0.0225 s        12.53 s     
	0600    1.6084      0.2858      259.2374%   0.4636      0.0238 s        14.91 s     
	0700    0.5462      0.2838      267.3651%   0.4638      0.0233 s        17.24 s     
State: <vali>
	iter    Loss        MAE         MAPE        RMSE        Speed (/iter)   Time Cost   
	0000    0.2429      0.2429      276.1300%   0.4134      0.0088 s        0.01 s      
State: <test>
	iter    Loss        MAE         MAPE        RMSE        Speed (/iter)   Time Cost   
	0000    0.3183      0.3183      217.9579%   0.5438      0.0080 s        0.01 s      
	0100    0.3075      0.3075      238.1047%   0.5242      0.0083 s        0.83 s      
	0200    0.2603      0.2603      272.9845%   0.4390      0.0082 s        1.66 s      
Info Report: <Epoch 001> 
	State   Avg. Loss   Avg. MAE    Avg. MAPE   Avg. RMSE   Time Cost   
	train   2.0399      0.3402      240.3982%   0.5124      18.65 s     
	vali    0.2348      0.2348      269.7529%   0.4081      0.82 s      
	test    0.2875      0.2875      261.5980%   0.4878      1.75 s      
<Latest 5>	1           
    Loss	0.2875      

Epoch: 002
State: <train>
	iter    Loss        MAE         MAPE        RMSE        Speed (/iter)   Time Cost   
	0000    0.3187      0.2883      228.4720%   0.4755      0.0182 s        0.02 s      
	0100    0.3032      0.2768      256.1299%   0.4559      0.0221 s        2.23 s      
	0200    0.2943      0.2741      256.1172%   0.4542      0.0219 s        4.42 s      
	0300    0.2884      0.2726      261.7264%   0.4533      0.0232 s        6.74 s      
	0400    0.2827      0.2701      263.1689%   0.4498      0.0228 s        9.02 s      
	0500    0.2817      0.2716      266.0992%   0.4530      0.0232 s        11.34 s     
	0600    0.2761      0.2679      265.2247%   0.4498      0.0233 s        13.67 s     
	0700    0.2749      0.2683      263.8465%   0.4509      0.0219 s        15.86 s     
State: <vali>
	iter    Loss        MAE         MAPE        RMSE        Speed (/iter)   Time Cost   
	0000    0.2400      0.2400      342.3004%   0.4357      0.0095 s        0.01 s      
State: <test>
	iter    Loss        MAE         MAPE        RMSE        Speed (/iter)   Time Cost   
	0000    0.2969      0.2969      214.6140%   0.5059      0.0094 s        0.01 s      
	0100    0.2921      0.2921      233.7426%   0.5072      0.0082 s        0.83 s      
	0200    0.2471      0.2471      271.0862%   0.4261      0.0076 s        1.58 s      
Info Report: <Epoch 002> 
	State   Avg. Loss   Avg. MAE    Avg. MAPE   Avg. RMSE   Time Cost   
	train   0.2850      0.2713      261.3603%   0.4523      17.12 s     
	vali    0.2221      0.2221      270.0112%   0.3969      0.82 s      
	test    0.2729      0.2729      258.1613%   0.4725      1.63 s      
<Latest 5>	1           2           
    Loss	0.2875      0.2729      

Epoch: 003
State: <train>
	iter    Loss        MAE         MAPE        RMSE        Speed (/iter)   Time Cost   
	0000    0.2639      0.2585      272.8018%   0.4337      0.0145 s        0.01 s      
	0100    0.2698      0.2649      261.6121%   0.4465      0.0228 s        2.29 s      
	0200    0.2685      0.2643      265.0992%   0.4453      0.0278 s        5.07 s      
	0300    0.2683      0.2646      265.2434%   0.4474      0.0256 s        7.63 s      
	0400    0.2651      0.2617      264.3105%   0.4436      0.0250 s        10.13 s     
	0500    0.2657      0.2626      261.5379%   0.4458      0.0277 s        12.90 s     
	0600    0.2627      0.2597      259.6802%   0.4410      0.0262 s        15.53 s     
	0700    0.2623      0.2594      263.8979%   0.4419      0.0230 s        17.83 s     
State: <vali>
	iter    Loss        MAE         MAPE        RMSE        Speed (/iter)   Time Cost   
	0000    0.2287      0.2287      280.4240%   0.4115      0.0097 s        0.01 s      
State: <test>
	iter    Loss        MAE         MAPE        RMSE        Speed (/iter)   Time Cost   
	0000    0.2816      0.2816      223.6558%   0.4870      0.0088 s        0.01 s      
	0100    0.2833      0.2833      235.9538%   0.5008      0.0072 s        0.73 s      
	0200    0.2400      0.2400      274.8010%   0.4226      0.0062 s        1.35 s      
Info Report: <Epoch 003> 
	State   Avg. Loss   Avg. MAE    Avg. MAPE   Avg. RMSE   Time Cost   
	train   0.2656      0.2621      263.4653%   0.4441      19.17 s     
	vali    0.2157      0.2157      276.5787%   0.3941      0.73 s      
	test    0.2649      0.2649      260.9601%   0.4675      1.43 s      
<Latest 5>	1           2           3           
    Loss	0.2875      0.2729      0.2649      

Epoch: 004
State: <train>
	iter    Loss        MAE         MAPE        RMSE        Speed (/iter)   Time Cost   
	0000    0.2625      0.2597      326.4525%   0.4443      0.0177 s        0.02 s      
	0100    0.2616      0.2588      265.6794%   0.4408      0.0219 s        2.21 s      
	0200    0.2620      0.2591      264.2775%   0.4421      0.0223 s        4.43 s      
	0300    0.2601      0.2573      264.5773%   0.4395      0.0243 s        6.86 s      
	0400    0.2613      0.2586      268.6401%   0.4423      0.0246 s        9.32 s      
	0500    0.2571      0.2543      260.3760%   0.4362      0.0279 s        12.11 s     
	0600    0.2562      0.2534      265.4504%   0.4346      0.0265 s        14.76 s     
	0700    0.2568      0.2540      261.2082%   0.4359      0.0278 s        17.54 s     
State: <vali>
	iter    Loss        MAE         MAPE        RMSE        Speed (/iter)   Time Cost   
	0000    0.1985      0.1985      258.8929%   0.3630      0.0182 s        0.02 s      
State: <test>
	iter    Loss        MAE         MAPE        RMSE        Speed (/iter)   Time Cost   
	0000    0.2717      0.2717      220.9839%   0.4759      0.0066 s        0.01 s      
	0100    0.2760      0.2760      228.6577%   0.4915      0.0116 s        1.17 s      
	0200    0.2322      0.2322      264.5313%   0.4135      0.0113 s        2.30 s      
Info Report: <Epoch 004> 
	State   Avg. Loss   Avg. MAE    Avg. MAPE   Avg. RMSE   Time Cost   
	train   0.2595      0.2567      265.3517%   0.4393      19.08 s     
	vali    0.2132      0.2132      271.7025%   0.3896      1.20 s      
	test    0.2572      0.2572      251.8671%   0.4580      2.40 s      
<Latest 5>	1           2           3           4           
    Loss	0.2875      0.2729      0.2649      0.2572      

Epoch: 005
State: <train>
	iter    Loss        MAE         MAPE        RMSE        Speed (/iter)   Time Cost   
	0000    0.2620      0.2593      211.8272%   0.4489      0.0247 s        0.02 s      
	0100    0.2570      0.2543      268.5330%   0.4376      0.0314 s        3.16 s      
	0200    0.2550      0.2522      258.2655%   0.4342      0.0290 s        6.07 s      
	0300    0.2552      0.2525      268.8432%   0.4351      0.0286 s        8.93 s      
	0400    0.2546      0.2520      263.1872%   0.4344      0.0260 s        11.53 s     
	0500    0.2558      0.2532      266.8508%   0.4367      0.0257 s        14.09 s     
	0600    0.2566      0.2542      278.3130%   0.4382      0.0248 s        16.58 s     
	0700    0.2524      0.2498      263.1515%   0.4328      0.0282 s        19.40 s     
State: <vali>
	iter    Loss        MAE         MAPE        RMSE        Speed (/iter)   Time Cost   
	0000    0.1774      0.1774      207.3119%   0.3262      0.0153 s        0.02 s      
State: <test>
	iter    Loss        MAE         MAPE        RMSE        Speed (/iter)   Time Cost   
	0000    0.2648      0.2648      228.4003%   0.4668      0.0161 s        0.02 s      
	0100    0.2711      0.2711      232.1597%   0.4887      0.0129 s        1.30 s      
	0200    0.2290      0.2290      270.7302%   0.4134      0.0189 s        3.20 s      
Info Report: <Epoch 005> 
	State   Avg. Loss   Avg. MAE    Avg. MAPE   Avg. RMSE   Time Cost   
	train   0.2553      0.2526      266.9623%   0.4356      21.07 s     
	vali    0.2093      0.2093      278.1747%   0.3879      1.19 s      
	test    0.2531      0.2531      256.7615%   0.4567      3.33 s      
<Latest 5>	1           2           3           4           5           
    Loss	0.2875      0.2729      0.2649      0.2572      0.2531      

Epoch: 006
State: <train>
	iter    Loss        MAE         MAPE        RMSE        Speed (/iter)   Time Cost   
	0000    0.2730      0.2706      285.4887%   0.4638      0.0243 s        0.02 s      
	0100    0.2511      0.2486      265.4727%   0.4306      0.0291 s        2.94 s      
	0200    0.2549      0.2523      264.5235%   0.4367      0.0372 s        6.66 s      
	0300    0.2550      0.2523      277.2326%   0.4369      0.0435 s        11.01 s     
	0400    0.2505      0.2480      263.5325%   0.4299      0.0432 s        15.33 s     
	0500    0.2502      0.2476      263.9872%   0.4301      0.0362 s        18.94 s     
	0600    0.2511      0.2486      271.7767%   0.4318      0.0375 s        22.69 s     
	0700    0.2524      0.2498      268.7416%   0.4348      0.0448 s        27.17 s     
State: <vali>
	iter    Loss        MAE         MAPE        RMSE        Speed (/iter)   Time Cost   
	0000    0.1865      0.1865      169.8004%   0.3471      0.0223 s        0.02 s      
State: <test>
	iter    Loss        MAE         MAPE        RMSE        Speed (/iter)   Time Cost   
	0000    0.2636      0.2636      231.1312%   0.4694      0.0189 s        0.02 s      
	0100    0.2658      0.2658      225.6524%   0.4825      0.0309 s        3.11 s      
	0200    0.2222      0.2222      258.7274%   0.4062      0.0263 s        5.74 s      
Info Report: <Epoch 006> 
	State   Avg. Loss   Avg. MAE    Avg. MAPE   Avg. RMSE   Time Cost   
	train   0.2520      0.2495      268.2584%   0.4328      29.93 s     
	vali    0.2082      0.2082      269.3070%   0.3850      2.97 s      
	test    0.2469      0.2469      247.4455%   0.4498      5.99 s      
<Latest 5>	2           3           4           5           6           
    Loss	0.2729      0.2649      0.2572      0.2531      0.2469      

Epoch: 007
State: <train>
	iter    Loss        MAE         MAPE        RMSE        Speed (/iter)   Time Cost   
	0000    0.2379      0.2353      220.4537%   0.4126      0.0302 s        0.03 s      
	0100    0.2493      0.2467      260.9086%   0.4300      0.0424 s        4.27 s      
	0200    0.2488      0.2461      262.4308%   0.4286      0.0450 s        8.78 s      
	0300    0.2490      0.2465      271.3111%   0.4305      0.0391 s        12.69 s     
	0400    0.2515      0.2490      276.4711%   0.4346      0.0337 s        16.06 s     
	0500    0.2509      0.2484      265.5155%   0.4336      0.0345 s        19.51 s     
	0600    0.2456      0.2431      268.6987%   0.4255      0.0384 s        23.34 s     
	0700    0.2505      0.2479      277.8605%   0.4330      0.0420 s        27.54 s     
State: <vali>
	iter    Loss        MAE         MAPE        RMSE        Speed (/iter)   Time Cost   
	0000    0.2267      0.2267      322.0710%   0.4123      0.0255 s        0.03 s      
State: <test>
	iter    Loss        MAE         MAPE        RMSE        Speed (/iter)   Time Cost   
	0000    0.2623      0.2623      227.4191%   0.4692      0.0387 s        0.04 s      
	0100    0.2625      0.2625      226.4384%   0.4815      0.0241 s        2.44 s      
	0200    0.2189      0.2189      259.4718%   0.4050      0.0298 s        5.43 s      
Info Report: <Epoch 007> 
	State   Avg. Loss   Avg. MAE    Avg. MAPE   Avg. RMSE   Time Cost   
	train   0.2492      0.2466      269.0574%   0.4305      30.14 s     
	vali    0.2067      0.2067      273.3499%   0.3858      2.55 s      
	test    0.2436      0.2436      248.2775%   0.4489      5.64 s      
<Latest 5>	3           4           5           6           7           
    Loss	0.2649      0.2572      0.2531      0.2469      0.2436      

Epoch: 008
State: <train>
	iter    Loss        MAE         MAPE        RMSE        Speed (/iter)   Time Cost   
	0000    0.2577      0.2549      319.0105%   0.4446      0.0282 s        0.03 s      
	0100    0.2486      0.2460      270.8880%   0.4305      0.0443 s        4.46 s      
	0200    0.2475      0.2449      274.3989%   0.4294      0.0467 s        9.14 s      
	0300    0.2468      0.2441      269.5912%   0.4280      0.0444 s        13.58 s     
	0400    0.2459      0.2433      270.5943%   0.4272      0.0433 s        17.91 s     
	0500    0.2467      0.2442      261.2987%   0.4298      0.0378 s        21.69 s     
	0600    0.2480      0.2455      267.0669%   0.4306      0.0346 s        25.15 s     
	0700    0.2453      0.2427      265.6622%   0.4274      0.0331 s        28.46 s     
State: <vali>
	iter    Loss        MAE         MAPE        RMSE        Speed (/iter)   Time Cost   
	0000    0.2162      0.2162      311.4588%   0.4098      0.0327 s        0.03 s      
State: <test>
	iter    Loss        MAE         MAPE        RMSE        Speed (/iter)   Time Cost   
	0000    0.2539      0.2539      241.6340%   0.4510      0.0211 s        0.02 s      
	0100    0.2610      0.2610      230.1216%   0.4799      0.0286 s        2.88 s      
	0200    0.2205      0.2205      268.5766%   0.4086      0.0319 s        6.07 s      
Info Report: <Epoch 008> 
	State   Avg. Loss   Avg. MAE    Avg. MAPE   Avg. RMSE   Time Cost   
	train   0.2470      0.2444      269.7093%   0.4291      30.58 s     
	vali    0.2038      0.2038      277.5151%   0.3847      2.39 s      
	test    0.2435      0.2435      254.6160%   0.4495      6.32 s      
<Latest 5>	4           5           6           7           8           
    Loss	0.2572      0.2531      0.2469      0.2436      0.2435      

Epoch: 009
State: <train>
	iter    Loss        MAE         MAPE        RMSE        Speed (/iter)   Time Cost   
	0000    0.2430      0.2403      230.6619%   0.4146      0.0416 s        0.04 s      
	0100    0.2455      0.2430      266.8148%   0.4278      0.0413 s        4.17 s      
	0200    0.2468      0.2442      276.1120%   0.4302      0.0401 s        8.18 s      
	0300    0.2442      0.2416      271.2379%   0.4261      0.0403 s        12.21 s     
	0400    0.2459      0.2433      270.2188%   0.4288      0.0431 s        16.52 s     
	0500    0.2445      0.2420      271.6217%   0.4267      0.0414 s        20.66 s     
	0600    0.2432      0.2407      276.8428%   0.4256      0.0365 s        24.31 s     
	0700    0.2456      0.2430      265.8664%   0.4290      0.0397 s        28.28 s     
State: <vali>
	iter    Loss        MAE         MAPE        RMSE        Speed (/iter)   Time Cost   
	0000    0.2289      0.2289      347.7129%   0.4377      0.0320 s        0.03 s      
State: <test>
	iter    Loss        MAE         MAPE        RMSE        Speed (/iter)   Time Cost   
	0000    0.2575      0.2575      231.7666%   0.4630      0.0484 s        0.05 s      
	0100    0.2569      0.2569      225.3556%   0.4757      0.0246 s        2.51 s      
	0200    0.2146      0.2146      259.3019%   0.4021      0.0187 s        4.38 s      
Info Report: <Epoch 009> 
	State   Avg. Loss   Avg. MAE    Avg. MAPE   Avg. RMSE   Time Cost   
	train   0.2451      0.2425      270.7979%   0.4278      30.79 s     
	vali    0.2037      0.2037      273.6533%   0.3828      2.57 s      
	test    0.2385      0.2385      247.4417%   0.4443      4.52 s      
<Latest 5>	5           6           7           8           9           
    Loss	0.2531      0.2469      0.2436      0.2435      0.2385      

Epoch: 010
State: <train>
	iter    Loss        MAE         MAPE        RMSE        Speed (/iter)   Time Cost   
	0000    0.2411      0.2387      304.3005%   0.4191      0.0327 s        0.03 s      
	0100    0.2432      0.2405      267.9099%   0.4256      0.0354 s        3.57 s      
	0200    0.2412      0.2386      270.2375%   0.4228      0.0424 s        7.82 s      
	0300    0.2439      0.2412      272.2667%   0.4274      0.0438 s        12.19 s     
	0400    0.2450      0.2424      271.5603%   0.4289      0.0434 s        16.53 s     
	0500    0.2431      0.2405      274.8165%   0.4269      0.0433 s        20.86 s     
	0600    0.2437      0.2411      272.3460%   0.4284      0.0406 s        24.92 s     
	0700    0.2440      0.2414      272.0044%   0.4279      0.0401 s        28.94 s     
State: <vali>
	iter    Loss        MAE         MAPE        RMSE        Speed (/iter)   Time Cost   
	0000    0.1961      0.1961      322.9438%   0.3616      0.0202 s        0.02 s      
State: <test>
	iter    Loss        MAE         MAPE        RMSE        Speed (/iter)   Time Cost   
	0000    0.2555      0.2555      241.1323%   0.4590      0.0190 s        0.02 s      
	0100    0.2550      0.2550      224.0146%   0.4724      0.0270 s        2.72 s      
	0200    0.2136      0.2136      259.4720%   0.4007      0.0316 s        5.88 s      
Info Report: <Epoch 010> 
	State   Avg. Loss   Avg. MAE    Avg. MAPE   Avg. RMSE   Time Cost   
	train   0.2434      0.2407      271.1981%   0.4268      31.06 s     
	vali    0.2028      0.2028      270.9858%   0.3808      2.57 s      
	test    0.2370      0.2370      246.7505%   0.4418      6.17 s      
<Latest 5>	6           7           8           9           10          
    Loss	0.2469      0.2436      0.2435      0.2385      0.2370      

Epoch: 011
State: <train>
	iter    Loss        MAE         MAPE        RMSE        Speed (/iter)   Time Cost   
	0000    0.2371      0.2344      312.2415%   0.4193      0.0181 s        0.02 s      
	0100    0.2451      0.2425      272.4317%   0.4305      0.0443 s        4.44 s      
	0200    0.2443      0.2417      276.3610%   0.4287      0.0423 s        8.68 s      
	0300    0.2422      0.2396      265.6775%   0.4261      0.0337 s        12.04 s     
	0400    0.2427      0.2402      277.5522%   0.4266      0.0355 s        15.60 s     
	0500    0.2406      0.2381      269.3752%   0.4240      0.0422 s        19.82 s     
	0600    0.2408      0.2381      267.3352%   0.4241      0.0425 s        24.07 s     
	0700    0.2396      0.2371      272.6254%   0.4231      0.0385 s        27.92 s     
State: <vali>
	iter    Loss        MAE         MAPE        RMSE        Speed (/iter)   Time Cost   
	0000    0.2023      0.2023      377.7633%   0.3914      0.0233 s        0.02 s      
State: <test>
	iter    Loss        MAE         MAPE        RMSE        Speed (/iter)   Time Cost   
	0000    0.2564      0.2564      239.6934%   0.4614      0.0297 s        0.03 s      
	0100    0.2529      0.2529      228.2829%   0.4720      0.0265 s        2.68 s      
	0200    0.2128      0.2128      264.8343%   0.4018      0.0265 s        5.32 s      
Info Report: <Epoch 011> 
	State   Avg. Loss   Avg. MAE    Avg. MAPE   Avg. RMSE   Time Cost   
	train   0.2419      0.2393      271.7808%   0.4257      30.31 s     
	vali    0.2008      0.2008      276.3455%   0.3816      2.16 s      
	test    0.2356      0.2356      251.9222%   0.4423      5.59 s      
<Latest 5>	7           8           9           10          11          
    Loss	0.2436      0.2435      0.2385      0.2370      0.2356      

Epoch: 012
State: <train>
	iter    Loss        MAE         MAPE        RMSE        Speed (/iter)   Time Cost   
	0000    0.2581      0.2554      311.7534%   0.4477      0.0289 s        0.03 s      
	0100    0.2382      0.2357      269.6359%   0.4204      0.0427 s        4.30 s      
	0200    0.2423      0.2399      273.0446%   0.4275      0.0453 s        8.83 s      
	0300    0.2396      0.2371      268.5788%   0.4224      0.0443 s        13.26 s     
	0400    0.2416      0.2391      274.0022%   0.4266      0.0435 s        17.60 s     
	0500    0.2394      0.2368      277.0034%   0.4231      0.0429 s        21.90 s     
	0600    0.2432      0.2407      275.1151%   0.4304      0.0334 s        25.24 s     
	0700    0.2401      0.2376      271.9879%   0.4252      0.0361 s        28.85 s     
State: <vali>
	iter    Loss        MAE         MAPE        RMSE        Speed (/iter)   Time Cost   
	0000    0.2015      0.2015      367.9474%   0.3941      0.0173 s        0.02 s      
State: <test>
	iter    Loss        MAE         MAPE        RMSE        Speed (/iter)   Time Cost   
	0000    0.2541      0.2541      245.6616%   0.4546      0.0173 s        0.02 s      
	0100    0.2519      0.2519      227.5934%   0.4704      0.0234 s        2.36 s      
	0200    0.2128      0.2128      266.5614%   0.4020      0.0225 s        4.61 s      
Info Report: <Epoch 012> 
	State   Avg. Loss   Avg. MAE    Avg. MAPE   Avg. RMSE   Time Cost   
	train   0.2406      0.2381      272.4752%   0.4250      30.95 s     
	vali    0.2004      0.2004      278.1043%   0.3813      2.33 s      
	test    0.2349      0.2349      252.0686%   0.4413      4.81 s      
<Latest 5>	8           9           10          11          12          
    Loss	0.2435      0.2385      0.2370      0.2356      0.2349      

Epoch: 013
State: <train>
	iter    Loss        MAE         MAPE        RMSE        Speed (/iter)   Time Cost   
	0000    0.2454      0.2428      253.8495%   0.4353      0.0317 s        0.03 s      
	0100    0.2376      0.2351      273.1111%   0.4208      0.0410 s        4.14 s      
	0200    0.2412      0.2388      274.4854%   0.4271      0.0436 s        8.49 s      
	0300    0.2407      0.2383      278.3742%   0.4261      0.0412 s        12.61 s     
	0400    0.2396      0.2370      267.6560%   0.4252      0.0451 s        17.12 s     
	0500    0.2400      0.2376      273.0173%   0.4253      0.0419 s        21.30 s     
	0600    0.2383      0.2359      270.2348%   0.4236      0.0412 s        25.43 s     
	0700    0.2382      0.2358      271.2130%   0.4225      0.0415 s        29.58 s     
State: <vali>
	iter    Loss        MAE         MAPE        RMSE        Speed (/iter)   Time Cost   
	0000    0.1989      0.1989      257.6983%   0.3739      0.0804 s        0.08 s      
State: <test>
	iter    Loss        MAE         MAPE        RMSE        Speed (/iter)   Time Cost   
	0000    0.2505      0.2505      248.2995%   0.4487      0.0301 s        0.03 s      
	0100    0.2501      0.2501      228.2327%   0.4672      0.0166 s        1.69 s      
	0200    0.2122      0.2122      268.6189%   0.4011      0.0150 s        3.19 s      
Info Report: <Epoch 013> 
	State   Avg. Loss   Avg. MAE    Avg. MAPE   Avg. RMSE   Time Cost   
	train   0.2394      0.2369      272.7197%   0.4244      32.06 s     
	vali    0.1992      0.1992      276.8601%   0.3790      2.46 s      
	test    0.2337      0.2337      253.6039%   0.4394      3.32 s      
<Latest 5>	9           10          11          12          13          
    Loss	0.2385      0.2370      0.2356      0.2349      0.2337      

Epoch: 014
State: <train>
	iter    Loss        MAE         MAPE        RMSE        Speed (/iter)   Time Cost   
	0000    0.2376      0.2350      301.8685%   0.4176      0.0245 s        0.02 s      
	0100    0.2396      0.2370      279.0976%   0.4256      0.0332 s        3.34 s      
	0200    0.2408      0.2383      276.2079%   0.4267      0.0415 s        7.50 s      
	0300    0.2361      0.2338      266.5268%   0.4198      0.0458 s        12.08 s     
	0400    0.2365      0.2341      275.3808%   0.4208      0.0408 s        16.16 s     
	0500    0.2404      0.2378      273.6522%   0.4277      0.0424 s        20.40 s     
	0600    0.2411      0.2386      279.1696%   0.4288      0.0391 s        24.30 s     
	0700    0.2376      0.2352      273.3660%   0.4224      0.0414 s        28.44 s     
State: <vali>
	iter    Loss        MAE         MAPE        RMSE        Speed (/iter)   Time Cost   
	0000    0.1901      0.1901      307.1254%   0.3760      0.0243 s        0.02 s      
State: <test>
	iter    Loss        MAE         MAPE        RMSE        Speed (/iter)   Time Cost   
	0000    0.2522      0.2522      264.0364%   0.4493      0.0343 s        0.03 s      
	0100    0.2495      0.2495      231.9846%   0.4682      0.0224 s        2.27 s      
	0200    0.2133      0.2133      275.1975%   0.4047      0.0239 s        4.66 s      
Info Report: <Epoch 014> 
	State   Avg. Loss   Avg. MAE    Avg. MAPE   Avg. RMSE   Time Cost   
	train   0.2385      0.2360      273.4027%   0.4239      30.96 s     
	vali    0.1977      0.1977      280.9859%   0.3799      2.99 s      
	test    0.2339      0.2339      258.8515%   0.4415      4.85 s      
<Latest 5>	10          11          12          13          14          
    Loss	0.2370      0.2356      0.2349      0.2337      0.2339      

Epoch: 015
State: <train>
	iter    Loss        MAE         MAPE        RMSE        Speed (/iter)   Time Cost   
	0000    0.2287      0.2263      296.9448%   0.4113      0.0393 s        0.04 s      
	0100    0.2381      0.2357      276.9531%   0.4237      0.0412 s        4.16 s      
	0200    0.2384      0.2360      275.5487%   0.4245      0.0427 s        8.44 s      
	0300    0.2378      0.2353      274.2394%   0.4235      0.0386 s        12.29 s     
	0400    0.2383      0.2359      276.6805%   0.4248      0.0348 s        15.78 s     
	0500    0.2363      0.2338      270.2095%   0.4213      0.0413 s        19.91 s     
	0600    0.2368      0.2343      272.1564%   0.4222      0.0423 s        24.14 s     
	0700    0.2373      0.2349      274.5871%   0.4240      0.0408 s        28.23 s     
State: <vali>
	iter    Loss        MAE         MAPE        RMSE        Speed (/iter)   Time Cost   
	0000    0.1899      0.1899      263.3187%   0.3538      0.0253 s        0.03 s      
State: <test>
	iter    Loss        MAE         MAPE        RMSE        Speed (/iter)   Time Cost   
	0000    0.2524      0.2524      265.6945%   0.4480      0.0216 s        0.02 s      
	0100    0.2477      0.2477      229.0672%   0.4649      0.0296 s        2.99 s      
	0200    0.2107      0.2107      270.1453%   0.4008      0.0303 s        6.02 s      
Info Report: <Epoch 015> 
	State   Avg. Loss   Avg. MAE    Avg. MAPE   Avg. RMSE   Time Cost   
	train   0.2374      0.2350      273.7429%   0.4232      30.74 s     
	vali    0.1981      0.1981      276.1204%   0.3783      2.47 s      
	test    0.2317      0.2317      254.5492%   0.4379      6.20 s      
<Latest 5>	11          12          13          14          15          
    Loss	0.2356      0.2349      0.2337      0.2339      0.2317      

Epoch: 016
State: <train>
	iter    Loss        MAE         MAPE        RMSE        Speed (/iter)   Time Cost   
	0000    0.2235      0.2209      221.9836%   0.3976      0.0311 s        0.03 s      
	0100    0.2342      0.2318      271.2873%   0.4181      0.0383 s        3.86 s      
	0200    0.2375      0.2351      275.8414%   0.4237      0.0405 s        7.90 s      
	0300    0.2375      0.2350      276.8591%   0.4242      0.0432 s        12.23 s     
	0400    0.2359      0.2334      270.9020%   0.4217      0.0423 s        16.46 s     
	0500    0.2333      0.2309      274.3124%   0.4172      0.0450 s        20.96 s     
	0600    0.2370      0.2346      275.9064%   0.4234      0.0391 s        24.87 s     
	0700    0.2390      0.2365      270.6959%   0.4268      0.0339 s        28.26 s     
State: <vali>
	iter    Loss        MAE         MAPE        RMSE        Speed (/iter)   Time Cost   
	0000    0.2038      0.2038      289.0286%   0.3922      0.0214 s        0.02 s      
State: <test>
	iter    Loss        MAE         MAPE        RMSE        Speed (/iter)   Time Cost   
	0000    0.2572      0.2572      281.0121%   0.4563      0.0093 s        0.01 s      
	0100    0.2466      0.2466      233.9362%   0.4654      0.0300 s        3.01 s      
	0200    0.2129      0.2129      279.0715%   0.4059      0.0252 s        5.53 s      
Info Report: <Epoch 016> 
	State   Avg. Loss   Avg. MAE    Avg. MAPE   Avg. RMSE   Time Cost   
	train   0.2366      0.2341      274.1421%   0.4227      30.58 s     
	vali    0.1962      0.1962      284.0801%   0.3797      2.49 s      
	test    0.2322      0.2322      261.6508%   0.4405      5.74 s      
<Latest 5>	12          13          14          15          16          
    Loss	0.2349      0.2337      0.2339      0.2317      0.2322      

Epoch: 017
State: <train>
	iter    Loss        MAE         MAPE        RMSE        Speed (/iter)   Time Cost   
	0000    0.2337      0.2314      286.5591%   0.4198      0.0249 s        0.02 s      
	0100    0.2367      0.2342      269.0563%   0.4233      0.0388 s        3.90 s      
	0200    0.2358      0.2333      276.6745%   0.4213      0.0373 s        7.63 s      
	0300    0.2361      0.2336      274.8377%   0.4226      0.0440 s        12.03 s     
	0400    0.2350      0.2326      272.9568%   0.4208      0.0425 s        16.28 s     
	0500    0.2379      0.2354      282.4395%   0.4256      0.0422 s        20.50 s     
	0600    0.2360      0.2336      276.2516%   0.4232      0.0410 s        24.60 s     
	0700    0.2352      0.2327      272.5870%   0.4215      0.0413 s        28.73 s     
State: <vali>
	iter    Loss        MAE         MAPE        RMSE        Speed (/iter)   Time Cost   
	0000    0.1880      0.1880      250.4234%   0.3663      0.0280 s        0.03 s      
State: <test>
	iter    Loss        MAE         MAPE        RMSE        Speed (/iter)   Time Cost   
	0000    0.2512      0.2512      262.0539%   0.4509      0.0388 s        0.04 s      
	0100    0.2467      0.2467      231.6035%   0.4660      0.0272 s        2.76 s      
	0200    0.2103      0.2103      273.5341%   0.4026      0.0255 s        5.30 s      
Info Report: <Epoch 017> 
	State   Avg. Loss   Avg. MAE    Avg. MAPE   Avg. RMSE   Time Cost   
	train   0.2359      0.2334      274.2601%   0.4222      31.05 s     
	vali    0.1967      0.1967      281.3755%   0.3795      2.73 s      
	test    0.2310      0.2310      257.6017%   0.4394      5.53 s      
<Latest 5>	13          14          15          16          17          
    Loss	0.2337      0.2339      0.2317      0.2322      0.2310      

Epoch: 018
State: <train>
	iter    Loss        MAE         MAPE        RMSE        Speed (/iter)   Time Cost   
	0000    0.2272      0.2246      236.1389%   0.4071      0.0145 s        0.01 s      
	0100    0.2311      0.2288      260.5115%   0.4153      0.0387 s        3.89 s      
	0200    0.2373      0.2348      280.6829%   0.4253      0.0398 s        7.87 s      
	0300    0.2332      0.2307      275.6823%   0.4187      0.0427 s        12.14 s     
	0400    0.2349      0.2325      274.0107%   0.4214      0.0419 s        16.33 s     
	0500    0.2364      0.2339      268.4169%   0.4239      0.0445 s        20.78 s     
	0600    0.2360      0.2335      283.7471%   0.4228      0.0428 s        25.05 s     
	0700    0.2372      0.2347      278.0847%   0.4254      0.0451 s        29.56 s     
State: <vali>
	iter    Loss        MAE         MAPE        RMSE        Speed (/iter)   Time Cost   
	0000    0.1990      0.1990      272.2584%   0.3825      0.0279 s        0.03 s      
State: <test>
	iter    Loss        MAE         MAPE        RMSE        Speed (/iter)   Time Cost   
	0000    0.2466      0.2466      260.1364%   0.4450      0.0174 s        0.02 s      
	0100    0.2439      0.2439      228.3838%   0.4615      0.0268 s        2.70 s      
	0200    0.2078      0.2078      269.3925%   0.3990      0.0275 s        5.44 s      
Info Report: <Epoch 018> 
	State   Avg. Loss   Avg. MAE    Avg. MAPE   Avg. RMSE   Time Cost   
	train   0.2351      0.2326      274.7640%   0.4218      32.16 s     
	vali    0.1961      0.1961      276.6931%   0.3773      2.72 s      
	test    0.2282      0.2282      253.8264%   0.4351      5.71 s      
<Latest 5>	14          15          16          17          18          
    Loss	0.2339      0.2317      0.2322      0.2310      0.2282      

Epoch: 019
State: <train>
	iter    Loss        MAE         MAPE        RMSE        Speed (/iter)   Time Cost   
	0000    0.2490      0.2463      288.5411%   0.4403      0.0507 s        0.05 s      
	0100    0.2345      0.2320      277.5074%   0.4217      0.0406 s        4.11 s      
	0200    0.2340      0.2314      272.7387%   0.4197      0.0348 s        7.59 s      
	0300    0.2366      0.2342      278.1693%   0.4247      0.0344 s        11.03 s     
	0400    0.2332      0.2307      269.0139%   0.4192      0.0403 s        15.06 s     
	0500    0.2343      0.2318      275.0938%   0.4210      0.0426 s        19.32 s     
	0600    0.2360      0.2336      275.7443%   0.4239      0.0422 s        23.54 s     
	0700    0.2316      0.2292      268.6387%   0.4163      0.0417 s        27.71 s     
State: <vali>
	iter    Loss        MAE         MAPE        RMSE        Speed (/iter)   Time Cost   
	0000    0.1861      0.1861      241.2069%   0.3579      0.0387 s        0.04 s      
State: <test>
	iter    Loss        MAE         MAPE        RMSE        Speed (/iter)   Time Cost   
	0000    0.2465      0.2465      261.0114%   0.4436      0.0378 s        0.04 s      
	0100    0.2436      0.2436      227.6346%   0.4615      0.0228 s        2.32 s      
	0200    0.2064      0.2064      267.8891%   0.3979      0.0244 s        4.76 s      
Info Report: <Epoch 019> 
	State   Avg. Loss   Avg. MAE    Avg. MAPE   Avg. RMSE   Time Cost   
	train   0.2344      0.2319      274.4453%   0.4212      30.05 s     
	vali    0.1963      0.1963      278.7063%   0.3775      2.40 s      
	test    0.2274      0.2274      252.6175%   0.4345      5.01 s      
<Latest 5>	15          16          17          18          19          
    Loss	0.2317      0.2322      0.2310      0.2282      0.2274      

Epoch: 020
State: <train>
	iter    Loss        MAE         MAPE        RMSE        Speed (/iter)   Time Cost   
	0000    0.2284      0.2259      259.1058%   0.4141      0.0351 s        0.04 s      
	0100    0.2351      0.2326      280.2224%   0.4227      0.0450 s        4.53 s      
	0200    0.2324      0.2300      268.8971%   0.4181      0.0382 s        8.35 s      
	0300    0.2330      0.2304      273.0732%   0.4191      0.0389 s        12.24 s     
	0400    0.2338      0.2314      274.6589%   0.4211      0.0410 s        16.35 s     
	0500    0.2332      0.2307      280.3547%   0.4203      0.0424 s        20.58 s     
	0600    0.2349      0.2323      270.4168%   0.4230      0.0301 s        23.60 s     
	0700    0.2336      0.2311      276.2188%   0.4214      0.0357 s        27.17 s     
State: <vali>
	iter    Loss        MAE         MAPE        RMSE        Speed (/iter)   Time Cost   
	0000    0.1903      0.1903      372.8096%   0.3788      0.0317 s        0.03 s      
State: <test>
	iter    Loss        MAE         MAPE        RMSE        Speed (/iter)   Time Cost   
	0000    0.2498      0.2498      262.6708%   0.4472      0.0378 s        0.04 s      
	0100    0.2426      0.2426      231.7188%   0.4604      0.0255 s        2.59 s      
	0200    0.2088      0.2088      277.5549%   0.4015      0.0321 s        5.81 s      
Info Report: <Epoch 020> 
	State   Avg. Loss   Avg. MAE    Avg. MAPE   Avg. RMSE   Time Cost   
	train   0.2337      0.2313      274.6714%   0.4209      29.51 s     
	vali    0.1944      0.1944      283.5571%   0.3773      2.84 s      
	test    0.2280      0.2280      259.6793%   0.4357      6.08 s      
<Latest 5>	16          17          18          19          20          
    Loss	0.2322      0.2310      0.2282      0.2274      0.2280      

Epoch: 021
State: <train>
	iter    Loss        MAE         MAPE        RMSE        Speed (/iter)   Time Cost   
	0000    0.2326      0.2302      255.1647%   0.4178      0.0428 s        0.04 s      
	0100    0.2342      0.2315      276.8243%   0.4219      0.0417 s        4.22 s      
	0200    0.2326      0.2301      272.6868%   0.4189      0.0410 s        8.32 s      
	0300    0.2333      0.2309      272.6232%   0.4206      0.0412 s        12.44 s     
	0400    0.2302      0.2277      269.4473%   0.4160      0.0421 s        16.65 s     
	0500    0.2329      0.2303      276.1714%   0.4198      0.0431 s        20.96 s     
	0600    0.2358      0.2334      281.9458%   0.4245      0.0408 s        25.04 s     
	0700    0.2354      0.2329      281.8359%   0.4241      0.0422 s        29.26 s     
State: <vali>
	iter    Loss        MAE         MAPE        RMSE        Speed (/iter)   Time Cost   
	0000    0.1929      0.1929      258.1064%   0.3736      0.0203 s        0.02 s      
State: <test>
	iter    Loss        MAE         MAPE        RMSE        Speed (/iter)   Time Cost   
	0000    0.2463      0.2463      268.0845%   0.4427      0.0069 s        0.01 s      
	0100    0.2430      0.2430      230.1755%   0.4619      0.0188 s        1.89 s      
	0200    0.2078      0.2078      273.5416%   0.4008      0.0221 s        4.11 s      
Info Report: <Epoch 021> 
	State   Avg. Loss   Avg. MAE    Avg. MAPE   Avg. RMSE   Time Cost   
	train   0.2332      0.2307      275.0563%   0.4204      31.67 s     
	vali    0.1950      0.1950      282.0954%   0.3784      2.23 s      
	test    0.2277      0.2277      256.8163%   0.4361      4.28 s      
<Latest 5>	17          18          19          20          21          
    Loss	0.2310      0.2282      0.2274      0.2280      0.2277      

Epoch: 022
State: <train>
	iter    Loss        MAE         MAPE        RMSE        Speed (/iter)   Time Cost   
	0000    0.2307      0.2283      258.7050%   0.4194      0.0170 s        0.02 s      
	0100    0.2335      0.2310      284.6279%   0.4217      0.0397 s        3.98 s      
	0200    0.2334      0.2309      271.9082%   0.4208      0.0418 s        8.17 s      
	0300    0.2338      0.2313      279.7132%   0.4215      0.0410 s        12.27 s     
	0400    0.2321      0.2298      273.3260%   0.4200      0.0364 s        15.91 s     
	0500    0.2322      0.2297      275.1985%   0.4196      0.0413 s        20.04 s     
	0600    0.2300      0.2276      274.3755%   0.4159      0.0419 s        24.23 s     
	0700    0.2322      0.2298      272.1119%   0.4191      0.0419 s        28.42 s     
State: <vali>
	iter    Loss        MAE         MAPE        RMSE        Speed (/iter)   Time Cost   
	0000    0.1956      0.1956      278.8621%   0.3731      0.0270 s        0.03 s      
State: <test>
	iter    Loss        MAE         MAPE        RMSE        Speed (/iter)   Time Cost   
	0000    0.2492      0.2492      265.6983%   0.4445      0.0218 s        0.02 s      
	0100    0.2416      0.2416      232.0183%   0.4606      0.0265 s        2.67 s      
	0200    0.2084      0.2084      277.6892%   0.4026      0.0272 s        5.39 s      
Info Report: <Epoch 022> 
	State   Avg. Loss   Avg. MAE    Avg. MAPE   Avg. RMSE   Time Cost   
	train   0.2325      0.2301      275.4646%   0.4200      30.92 s     
	vali    0.1941      0.1941      283.9770%   0.3787      2.86 s      
	test    0.2273      0.2273      260.0006%   0.4364      5.59 s      
<Latest 5>	18          19          20          21          22          
    Loss	0.2282      0.2274      0.2280      0.2277      0.2273      

Epoch: 023
State: <train>
	iter    Loss        MAE         MAPE        RMSE        Speed (/iter)   Time Cost   
	0000    0.2200      0.2177      235.7101%   0.3904      0.0347 s        0.03 s      
	0100    0.2329      0.2304      280.6673%   0.4207      0.0445 s        4.49 s      
	0200    0.2293      0.2268      271.6738%   0.4156      0.0412 s        8.61 s      
	0300    0.2342      0.2318      274.1168%   0.4231      0.0351 s        12.12 s     
	0400    0.2306      0.2281      274.7826%   0.4176      0.0394 s        16.06 s     
	0500    0.2324      0.2299      271.2794%   0.4199      0.0398 s        20.04 s     
	0600    0.2326      0.2301      274.2414%   0.4206      0.0392 s        23.96 s     
	0700    0.2303      0.2278      277.3753%   0.4171      0.0410 s        28.06 s     
State: <vali>
	iter    Loss        MAE         MAPE        RMSE        Speed (/iter)   Time Cost   
	0000    0.1776      0.1776      220.1532%   0.3375      0.0226 s        0.02 s      
State: <test>
	iter    Loss        MAE         MAPE        RMSE        Speed (/iter)   Time Cost   
	0000    0.2424      0.2424      260.3648%   0.4401      0.0274 s        0.03 s      
	0100    0.2408      0.2408      228.2938%   0.4577      0.0267 s        2.69 s      
	0200    0.2062      0.2062      271.7932%   0.3984      0.0284 s        5.53 s      
Info Report: <Epoch 023> 
	State   Avg. Loss   Avg. MAE    Avg. MAPE   Avg. RMSE   Time Cost   
	train   0.2319      0.2294      275.3544%   0.4195      30.51 s     
	vali    0.1948      0.1948      279.5182%   0.3766      2.57 s      
	test    0.2256      0.2256      254.8783%   0.4326      5.72 s      
<Latest 5>	19          20          21          22          23          
    Loss	0.2274      0.2280      0.2277      0.2273      0.2256      

Epoch: 024
State: <train>
	iter    Loss        MAE         MAPE        RMSE        Speed (/iter)   Time Cost   
	0000    0.2297      0.2273      262.9101%   0.4214      0.0526 s        0.05 s      
	0100    0.2324      0.2300      277.6221%   0.4204      0.0442 s        4.47 s      
	0200    0.2301      0.2278      276.2742%   0.4172      0.0421 s        8.69 s      
	0300    0.2327      0.2304      278.1266%   0.4208      0.0422 s        12.90 s     
	0400    0.2330      0.2306      278.3970%   0.4221      0.0395 s        16.86 s     
	0500    0.2312      0.2287      278.0897%   0.4194      0.0382 s        20.68 s     
	0600    0.2315      0.2290      271.2580%   0.4192      0.0334 s        24.02 s     
	0700    0.2311      0.2285      273.5402%   0.4181      0.0364 s        27.66 s     
State: <vali>
	iter    Loss        MAE         MAPE        RMSE        Speed (/iter)   Time Cost   
	0000    0.1999      0.1999      289.2522%   0.3850      0.0260 s        0.03 s      
State: <test>
	iter    Loss        MAE         MAPE        RMSE        Speed (/iter)   Time Cost   
	0000    0.2443      0.2443      263.7107%   0.4404      0.0326 s        0.03 s      
	0100    0.2403      0.2403      229.3530%   0.4576      0.0300 s        3.03 s      
	0200    0.2061      0.2061      272.5578%   0.3991      0.0337 s        6.41 s      
Info Report: <Epoch 024> 
	State   Avg. Loss   Avg. MAE    Avg. MAPE   Avg. RMSE   Time Cost   
	train   0.2315      0.2290      275.2792%   0.4193      30.28 s     
	vali    0.1943      0.1943      279.4263%   0.3765      2.78 s      
	test    0.2254      0.2254      255.8064%   0.4329      6.75 s      
<Latest 5>	20          21          22          23          24          
    Loss	0.2280      0.2277      0.2273      0.2256      0.2254      

Epoch: 025
State: <train>
	iter    Loss        MAE         MAPE        RMSE        Speed (/iter)   Time Cost   
	0000    0.2164      0.2137      279.7627%   0.4013      0.0456 s        0.05 s      
	0100    0.2310      0.2285      269.9710%   0.4180      0.0435 s        4.39 s      
	0200    0.2325      0.2301      276.3137%   0.4215      0.0425 s        8.64 s      
	0300    0.2324      0.2301      280.9840%   0.4218      0.0418 s        12.82 s     
	0400    0.2310      0.2285      276.9984%   0.4190      0.0420 s        17.02 s     
	0500    0.2296      0.2271      271.4611%   0.4159      0.0397 s        21.00 s     
	0600    0.2305      0.2280      280.5420%   0.4180      0.0433 s        25.33 s     
	0700    0.2314      0.2288      278.8456%   0.4200      0.0414 s        29.47 s     
State: <vali>
	iter    Loss        MAE         MAPE        RMSE        Speed (/iter)   Time Cost   
	0000    0.2022      0.2022      360.5673%   0.4005      0.0134 s        0.01 s      
State: <test>
	iter    Loss        MAE         MAPE        RMSE        Speed (/iter)   Time Cost   
	0000    0.2454      0.2454      265.9311%   0.4426      0.0144 s        0.01 s      
	0100    0.2400      0.2400      228.5991%   0.4576      0.0170 s        1.72 s      
	0200    0.2051      0.2051      269.9133%   0.3977      0.0227 s        3.99 s      
Info Report: <Epoch 025> 
	State   Avg. Loss   Avg. MAE    Avg. MAPE   Avg. RMSE   Time Cost   
	train   0.2310      0.2285      275.8310%   0.4188      31.80 s     
	vali    0.1945      0.1945      280.7674%   0.3772      1.71 s      
	test    0.2248      0.2248      254.1637%   0.4323      4.25 s      
<Latest 5>	21          22          23          24          25          
    Loss	0.2277      0.2273      0.2256      0.2254      0.2248      

Epoch: 026
State: <train>
	iter    Loss        MAE         MAPE        RMSE        Speed (/iter)   Time Cost   
	0000    0.2096      0.2070      231.9251%   0.3810      0.0662 s        0.07 s      
	0100    0.2330      0.2305      271.1369%   0.4221      0.0436 s        4.43 s      
	0200    0.2294      0.2270      277.1473%   0.4164      0.0420 s        8.63 s      
	0300    0.2299      0.2275      273.9667%   0.4171      0.0420 s        12.83 s     
	0400    0.2302      0.2277      272.8981%   0.4176      0.0426 s        17.09 s     
	0500    0.2309      0.2284      279.7146%   0.4196      0.0379 s        20.88 s     
	0600    0.2306      0.2281      273.2380%   0.4193      0.0389 s        24.77 s     
	0700    0.2308      0.2284      279.7508%   0.4184      0.0424 s        29.01 s     
State: <vali>
	iter    Loss        MAE         MAPE        RMSE        Speed (/iter)   Time Cost   
	0000    0.1843      0.1843      340.3567%   0.3639      0.0261 s        0.03 s      
State: <test>
	iter    Loss        MAE         MAPE        RMSE        Speed (/iter)   Time Cost   
	0000    0.2430      0.2430      265.2687%   0.4389      0.0270 s        0.03 s      
	0100    0.2383      0.2383      229.1835%   0.4555      0.0279 s        2.82 s      
	0200    0.2047      0.2047      272.9787%   0.3978      0.0308 s        5.90 s      
Info Report: <Epoch 026> 
	State   Avg. Loss   Avg. MAE    Avg. MAPE   Avg. RMSE   Time Cost   
	train   0.2305      0.2280      275.3844%   0.4185      31.54 s     
	vali    0.1932      0.1932      282.1096%   0.3758      2.78 s      
	test    0.2236      0.2236      255.7755%   0.4311      6.14 s      
<Latest 5>	22          23          24          25          26          
    Loss	0.2273      0.2256      0.2254      0.2248      0.2236      

Epoch: 027
State: <train>
	iter    Loss        MAE         MAPE        RMSE        Speed (/iter)   Time Cost   
	0000    0.2050      0.2025      190.9869%   0.3748      0.0212 s        0.02 s      
	0100    0.2302      0.2277      275.4568%   0.4187      0.0451 s        4.53 s      
	0200    0.2301      0.2277      274.9913%   0.4183      0.0354 s        8.07 s      
	0300    0.2301      0.2276      269.7909%   0.4176      0.0329 s        11.36 s     
	0400    0.2293      0.2270      277.0439%   0.4172      0.0432 s        15.68 s     
	0500    0.2285      0.2261      272.6568%   0.4162      0.0381 s        19.49 s     
	0600    0.2307      0.2283      279.4564%   0.4191      0.0379 s        23.27 s     
	0700    0.2321      0.2297      276.9649%   0.4217      0.0421 s        27.48 s     
State: <vali>
	iter    Loss        MAE         MAPE        RMSE        Speed (/iter)   Time Cost   
	0000    0.2054      0.2054      247.6109%   0.4013      0.0201 s        0.02 s      
State: <test>
	iter    Loss        MAE         MAPE        RMSE        Speed (/iter)   Time Cost   
	0000    0.2447      0.2447      280.3396%   0.4374      0.0227 s        0.02 s      
	0100    0.2379      0.2379      227.1964%   0.4535      0.0276 s        2.78 s      
	0200    0.2048      0.2048      269.3721%   0.3967      0.0314 s        5.92 s      
Info Report: <Epoch 027> 
	State   Avg. Loss   Avg. MAE    Avg. MAPE   Avg. RMSE   Time Cost   
	train   0.2301      0.2276      275.5588%   0.4183      30.00 s     
	vali    0.1937      0.1937      278.2279%   0.3757      2.67 s      
	test    0.2233      0.2233      253.0416%   0.4293      6.25 s      
<Latest 5>	23          24          25          26          27          
    Loss	0.2256      0.2254      0.2248      0.2236      0.2233      

Epoch: 028
State: <train>
	iter    Loss        MAE         MAPE        RMSE        Speed (/iter)   Time Cost   
	0000    0.2477      0.2453      302.8017%   0.4430      0.0520 s        0.05 s      
	0100    0.2307      0.2283      276.4789%   0.4193      0.0412 s        4.17 s      
	0200    0.2316      0.2291      275.4367%   0.4200      0.0465 s        8.82 s      
	0300    0.2292      0.2267      277.3762%   0.4169      0.0397 s        12.79 s     
	0400    0.2291      0.2267      278.5092%   0.4176      0.0419 s        16.98 s     
	0500    0.2288      0.2264      269.9620%   0.4168      0.0332 s        20.30 s     
	0600    0.2266      0.2242      273.0799%   0.4128      0.0324 s        23.54 s     
	0700    0.2307      0.2282      277.9721%   0.4197      0.0420 s        27.74 s     
State: <vali>
	iter    Loss        MAE         MAPE        RMSE        Speed (/iter)   Time Cost   
	0000    0.2115      0.2115      329.7053%   0.4102      0.0334 s        0.03 s      
State: <test>
	iter    Loss        MAE         MAPE        RMSE        Speed (/iter)   Time Cost   
	0000    0.2448      0.2448      272.5861%   0.4395      0.0317 s        0.03 s      
	0100    0.2379      0.2379      228.9953%   0.4551      0.0279 s        2.82 s      
	0200    0.2048      0.2048      271.2847%   0.3982      0.0263 s        5.45 s      
Info Report: <Epoch 028> 
	State   Avg. Loss   Avg. MAE    Avg. MAPE   Avg. RMSE   Time Cost   
	train   0.2296      0.2271      275.4200%   0.4177      30.12 s     
	vali    0.1935      0.1935      280.2263%   0.3765      3.04 s      
	test    0.2234      0.2234      254.9089%   0.4310      5.68 s      
<Latest 5>	24          25          26          27          28          
    Loss	0.2254      0.2248      0.2236      0.2233      0.2234      

Epoch: 029
State: <train>
	iter    Loss        MAE         MAPE        RMSE        Speed (/iter)   Time Cost   
	0000    0.2248      0.2225      186.3868%   0.4064      0.0301 s        0.03 s      
	0100    0.2311      0.2287      278.6802%   0.4203      0.0455 s        4.58 s      
	0200    0.2286      0.2261      277.8563%   0.4165      0.0410 s        8.68 s      
	0300    0.2311      0.2287      280.9988%   0.4204      0.0448 s        13.16 s     
	0400    0.2288      0.2263      274.9489%   0.4166      0.0427 s        17.43 s     
	0500    0.2293      0.2268      268.3648%   0.4179      0.0425 s        21.68 s     
	0600    0.2278      0.2253      273.9213%   0.4159      0.0374 s        25.42 s     
	0700    0.2295      0.2270      277.9895%   0.4181      0.0388 s        29.30 s     
State: <vali>
	iter    Loss        MAE         MAPE        RMSE        Speed (/iter)   Time Cost   
	0000    0.1700      0.1700      297.6436%   0.3412      0.0190 s        0.02 s      
State: <test>
	iter    Loss        MAE         MAPE        RMSE        Speed (/iter)   Time Cost   
	0000    0.2474      0.2474      291.2905%   0.4443      0.0098 s        0.01 s      
	0100    0.2373      0.2373      232.3559%   0.4548      0.0161 s        1.62 s      
	0200    0.2063      0.2063      277.7283%   0.4009      0.0158 s        3.20 s      
Info Report: <Epoch 029> 
	State   Avg. Loss   Avg. MAE    Avg. MAPE   Avg. RMSE   Time Cost   
	train   0.2293      0.2268      275.3924%   0.4176      31.23 s     
	vali    0.1921      0.1921      284.2875%   0.3764      1.54 s      
	test    0.2238      0.2238      259.8912%   0.4321      3.37 s      
<Latest 5>	25          26          27          28          29          
    Loss	0.2248      0.2236      0.2233      0.2234      0.2238      

Epoch: 030
State: <train>
	iter    Loss        MAE         MAPE        RMSE        Speed (/iter)   Time Cost   
	0000    0.2471      0.2448      266.0194%   0.4494      0.0478 s        0.05 s      
	0100    0.2280      0.2256      276.4765%   0.4153      0.0425 s        4.30 s      
	0200    0.2280      0.2255      273.9605%   0.4152      0.0419 s        8.50 s      
	0300    0.2291      0.2264      274.5744%   0.4169      0.0417 s        12.66 s     
	0400    0.2284      0.2260      271.9320%   0.4161      0.0393 s        16.59 s     
	0500    0.2303      0.2278      280.6203%   0.4192      0.0445 s        21.04 s     
	0600    0.2286      0.2261      277.1075%   0.4176      0.0403 s        25.07 s     
	0700    0.2291      0.2267      276.8332%   0.4186      0.0381 s        28.88 s     
State: <vali>
	iter    Loss        MAE         MAPE        RMSE        Speed (/iter)   Time Cost   
	0000    0.1914      0.1914      287.7367%   0.3694      0.0345 s        0.03 s      
State: <test>
	iter    Loss        MAE         MAPE        RMSE        Speed (/iter)   Time Cost   
	0000    0.2426      0.2426      274.2258%   0.4355      0.0191 s        0.02 s      
	0100    0.2366      0.2366      226.6704%   0.4518      0.0253 s        2.55 s      
	0200    0.2040      0.2040      267.6684%   0.3960      0.0247 s        5.02 s      
Info Report: <Epoch 030> 
	State   Avg. Loss   Avg. MAE    Avg. MAPE   Avg. RMSE   Time Cost   
	train   0.2289      0.2264      276.0089%   0.4172      31.05 s     
	vali    0.1934      0.1934      278.3627%   0.3749      2.23 s      
	test    0.2222      0.2222      251.8312%   0.4279      5.26 s      
<Latest 5>	26          27          28          29          30          
    Loss	0.2236      0.2233      0.2234      0.2238      0.2222      

Epoch: 031
State: <train>
	iter    Loss        MAE         MAPE        RMSE        Speed (/iter)   Time Cost   
	0000    0.2328      0.2303      332.9470%   0.4250      0.0435 s        0.04 s      
	0100    0.2267      0.2243      265.7847%   0.4139      0.0428 s        4.33 s      
	0200    0.2299      0.2274      280.7240%   0.4184      0.0376 s        8.08 s      
	0300    0.2256      0.2232      269.5238%   0.4123      0.0366 s        11.74 s     
	0400    0.2298      0.2273      280.8446%   0.4189      0.0388 s        15.62 s     
	0500    0.2291      0.2265      279.3298%   0.4179      0.0417 s        19.79 s     
	0600    0.2295      0.2270      279.4787%   0.4189      0.0406 s        23.84 s     
	0700    0.2293      0.2268      275.1345%   0.4181      0.0419 s        28.03 s     
State: <vali>
	iter    Loss        MAE         MAPE        RMSE        Speed (/iter)   Time Cost   
	0000    0.1924      0.1924      236.0731%   0.3720      0.0141 s        0.01 s      
State: <test>
	iter    Loss        MAE         MAPE        RMSE        Speed (/iter)   Time Cost   
	0000    0.2462      0.2462      283.4653%   0.4427      0.0158 s        0.02 s      
	0100    0.2357      0.2357      231.4613%   0.4531      0.0269 s        2.70 s      
	0200    0.2050      0.2050      277.6942%   0.3999      0.0267 s        5.38 s      
Info Report: <Epoch 031> 
	State   Avg. Loss   Avg. MAE    Avg. MAPE   Avg. RMSE   Time Cost   
	train   0.2286      0.2261      275.5420%   0.4170      29.95 s     
	vali    0.1913      0.1913      284.8568%   0.3757      2.30 s      
	test    0.2224      0.2224      259.4571%   0.4307      5.53 s      
<Latest 5>	27          28          29          30          31          
    Loss	0.2233      0.2234      0.2238      0.2222      0.2224      

Epoch: 032
State: <train>
	iter    Loss        MAE         MAPE        RMSE        Speed (/iter)   Time Cost   
	0000    0.2203      0.2179      255.6457%   0.3988      0.0470 s        0.05 s      
	0100    0.2273      0.2248      273.0168%   0.4151      0.0448 s        4.53 s      
	0200    0.2273      0.2249      273.9462%   0.4148      0.0418 s        8.71 s      
	0300    0.2253      0.2229      270.4843%   0.4118      0.0421 s        12.92 s     
	0400    0.2276      0.2251      273.5790%   0.4157      0.0404 s        16.95 s     
	0500    0.2293      0.2269      279.2763%   0.4186      0.0443 s        21.39 s     
	0600    0.2297      0.2273      275.8453%   0.4191      0.0332 s        24.70 s     
	0700    0.2303      0.2279      281.3166%   0.4206      0.0340 s        28.11 s     
State: <vali>
	iter    Loss        MAE         MAPE        RMSE        Speed (/iter)   Time Cost   
	0000    0.1553      0.1553      255.0117%   0.3232      0.0358 s        0.04 s      
State: <test>
	iter    Loss        MAE         MAPE        RMSE        Speed (/iter)   Time Cost   
	0000    0.2419      0.2419      269.1660%   0.4382      0.0298 s        0.03 s      
	0100    0.2369      0.2369      233.9125%   0.4566      0.0205 s        2.08 s      
	0200    0.2054      0.2054      279.3753%   0.4017      0.0236 s        4.44 s      
Info Report: <Epoch 032> 
	State   Avg. Loss   Avg. MAE    Avg. MAPE   Avg. RMSE   Time Cost   
	train   0.2281      0.2257      275.5035%   0.4166      30.50 s     
	vali    0.1917      0.1917      288.5486%   0.3786      2.32 s      
	test    0.2232      0.2232      261.5468%   0.4335      4.67 s      
<Latest 5>	28          29          30          31          32          
    Loss	0.2234      0.2238      0.2222      0.2224      0.2232      

Epoch: 033
State: <train>
	iter    Loss        MAE         MAPE        RMSE        Speed (/iter)   Time Cost   
	0000    0.2168      0.2141      254.9857%   0.4020      0.0459 s        0.05 s      
	0100    0.2276      0.2251      276.3417%   0.4167      0.0421 s        4.26 s      
	0200    0.2305      0.2281      280.7061%   0.4206      0.0408 s        8.34 s      
	0300    0.2295      0.2270      279.0850%   0.4192      0.0425 s        12.59 s     
	0400    0.2285      0.2260      274.5755%   0.4167      0.0435 s        16.94 s     
	0500    0.2259      0.2234      269.4190%   0.4128      0.0445 s        21.38 s     
	0600    0.2263      0.2239      276.5148%   0.4139      0.0439 s        25.78 s     
	0700    0.2267      0.2243      273.2668%   0.4147      0.0406 s        29.83 s     
State: <vali>
	iter    Loss        MAE         MAPE        RMSE        Speed (/iter)   Time Cost   
	0000    0.1678      0.1678      221.9546%   0.3342      0.0448 s        0.04 s      
State: <test>
	iter    Loss        MAE         MAPE        RMSE        Speed (/iter)   Time Cost   
	0000    0.2473      0.2473      289.5127%   0.4409      0.0143 s        0.01 s      
	0100    0.2351      0.2351      231.6815%   0.4508      0.0166 s        1.67 s      
	0200    0.2054      0.2054      278.4821%   0.3996      0.0160 s        3.27 s      
Info Report: <Epoch 033> 
	State   Avg. Loss   Avg. MAE    Avg. MAPE   Avg. RMSE   Time Cost   
	train   0.2278      0.2253      275.4960%   0.4163      32.19 s     
	vali    0.1915      0.1915      284.9444%   0.3751      2.77 s      
	test    0.2220      0.2220      259.8022%   0.4291      3.40 s      
<Latest 5>	29          30          31          32          33          
    Loss	0.2238      0.2222      0.2224      0.2232      0.2220      

Epoch: 034
State: <train>
	iter    Loss        MAE         MAPE        RMSE        Speed (/iter)   Time Cost   
	0000    0.2301      0.2277      251.4017%   0.4194      0.0483 s        0.05 s      
	0100    0.2289      0.2265      276.7025%   0.4181      0.0349 s        3.54 s      
	0200    0.2272      0.2247      273.8631%   0.4147      0.0415 s        7.69 s      
	0300    0.2279      0.2253      277.7153%   0.4161      0.0426 s        11.95 s     
	0400    0.2251      0.2226      270.7780%   0.4120      0.0419 s        16.15 s     
	0500    0.2257      0.2232      272.5118%   0.4144      0.0423 s        20.37 s     
	0600    0.2290      0.2265      279.3353%   0.4180      0.0424 s        24.61 s     
	0700    0.2293      0.2267      280.5590%   0.4192      0.0416 s        28.77 s     
State: <vali>
	iter    Loss        MAE         MAPE        RMSE        Speed (/iter)   Time Cost   
	0000    0.1960      0.1960      264.5506%   0.3847      0.0345 s        0.03 s      
State: <test>
	iter    Loss        MAE         MAPE        RMSE        Speed (/iter)   Time Cost   
	0000    0.2462      0.2462      296.1758%   0.4434      0.0522 s        0.05 s      
	0100    0.2346      0.2346      231.1364%   0.4502      0.0255 s        2.60 s      
	0200    0.2053      0.2053      276.7445%   0.3996      0.0255 s        5.15 s      
Info Report: <Epoch 034> 
	State   Avg. Loss   Avg. MAE    Avg. MAPE   Avg. RMSE   Time Cost   
	train   0.2275      0.2250      275.3168%   0.4160      31.11 s     
	vali    0.1914      0.1914      283.1902%   0.3746      2.55 s      
	test    0.2216      0.2216      258.4844%   0.4285      5.40 s      
<Latest 5>	30          31          32          33          34          
    Loss	0.2222      0.2224      0.2232      0.2220      0.2216      

Epoch: 035
State: <train>
	iter    Loss        MAE         MAPE        RMSE        Speed (/iter)   Time Cost   
	0000    0.2580      0.2554      349.7649%   0.4681      0.0233 s        0.02 s      
	0100    0.2272      0.2248      276.8480%   0.4160      0.0372 s        3.74 s      
	0200    0.2273      0.2248      273.4500%   0.4160      0.0445 s        8.20 s      
	0300    0.2265      0.2241      279.7206%   0.4138      0.0375 s        11.95 s     
	0400    0.2273      0.2249      267.3695%   0.4162      0.0347 s        15.41 s     
	0500    0.2272      0.2247      278.4017%   0.4160      0.0448 s        19.89 s     
	0600    0.2266      0.2241      275.6382%   0.4153      0.0442 s        24.31 s     
	0700    0.2268      0.2243      274.5602%   0.4148      0.0437 s        28.68 s     
State: <vali>
	iter    Loss        MAE         MAPE        RMSE        Speed (/iter)   Time Cost   
	0000    0.1782      0.1782      240.8449%   0.3507      0.0216 s        0.02 s      
State: <test>
	iter    Loss        MAE         MAPE        RMSE        Speed (/iter)   Time Cost   
	0000    0.2420      0.2420      280.4889%   0.4351      0.0373 s        0.04 s      
	0100    0.2337      0.2337      230.2896%   0.4490      0.0306 s        3.10 s      
	0200    0.2042      0.2042      275.3581%   0.3982      0.0281 s        5.91 s      
Info Report: <Epoch 035> 
	State   Avg. Loss   Avg. MAE    Avg. MAPE   Avg. RMSE   Time Cost   
	train   0.2272      0.2247      275.1992%   0.4158      31.05 s     
	vali    0.1916      0.1916      282.1260%   0.3746      2.74 s      
	test    0.2207      0.2207      257.6507%   0.4274      6.13 s      
<Latest 5>	31          32          33          34          35          
    Loss	0.2224      0.2232      0.2220      0.2216      0.2207      

Epoch: 036
State: <train>
	iter    Loss        MAE         MAPE        RMSE        Speed (/iter)   Time Cost   
	0000    0.2025      0.2000      212.7203%   0.3708      0.0290 s        0.03 s      
	0100    0.2253      0.2229      275.9878%   0.4131      0.0396 s        3.99 s      
	0200    0.2273      0.2249      275.9709%   0.4161      0.0451 s        8.49 s      
	0300    0.2280      0.2255      271.7165%   0.4169      0.0423 s        12.73 s     
	0400    0.2264      0.2240      273.6349%   0.4151      0.0456 s        17.29 s     
	0500    0.2289      0.2264      282.9618%   0.4191      0.0402 s        21.31 s     
	0600    0.2257      0.2232      277.2868%   0.4136      0.0349 s        24.80 s     
	0700    0.2265      0.2241      277.6775%   0.4148      0.0322 s        28.01 s     
State: <vali>
	iter    Loss        MAE         MAPE        RMSE        Speed (/iter)   Time Cost   
	0000    0.2160      0.2160      362.6472%   0.4207      0.0274 s        0.03 s      
State: <test>
	iter    Loss        MAE         MAPE        RMSE        Speed (/iter)   Time Cost   
	0000    0.2493      0.2493      296.8089%   0.4455      0.0093 s        0.01 s      
	0100    0.2338      0.2338      230.7323%   0.4493      0.0272 s        2.73 s      
	0200    0.2049      0.2049      276.6656%   0.3994      0.0257 s        5.30 s      
Info Report: <Epoch 036> 
	State   Avg. Loss   Avg. MAE    Avg. MAPE   Avg. RMSE   Time Cost   
	train   0.2267      0.2242      275.4399%   0.4152      30.36 s     
	vali    0.1914      0.1914      283.1136%   0.3749      2.82 s      
	test    0.2210      0.2210      258.3806%   0.4279      5.49 s      
<Latest 5>	32          33          34          35          36          
    Loss	0.2232      0.2220      0.2216      0.2207      0.2210      

Epoch: 037
State: <train>
	iter    Loss        MAE         MAPE        RMSE        Speed (/iter)   Time Cost   
	0000    0.2201      0.2176      352.4151%   0.4087      0.0395 s        0.04 s      
	0100    0.2280      0.2254      279.0638%   0.4170      0.0395 s        3.98 s      
	0200    0.2263      0.2239      279.0174%   0.4149      0.0403 s        8.02 s      
	0300    0.2241      0.2216      271.4408%   0.4108      0.0455 s        12.57 s     
	0400    0.2271      0.2246      279.3027%   0.4163      0.0446 s        17.03 s     
	0500    0.2268      0.2244      275.6067%   0.4163      0.0430 s        21.33 s     
	0600    0.2269      0.2245      270.7108%   0.4158      0.0440 s        25.73 s     
	0700    0.2273      0.2248      274.8320%   0.4166      0.0421 s        29.95 s     
State: <vali>
	iter    Loss        MAE         MAPE        RMSE        Speed (/iter)   Time Cost   
	0000    0.1737      0.1737      369.3568%   0.3574      0.0226 s        0.02 s      
State: <test>
	iter    Loss        MAE         MAPE        RMSE        Speed (/iter)   Time Cost   
	0000    0.2412      0.2412      287.0785%   0.4358      0.0137 s        0.01 s      
	0100    0.2341      0.2341      232.2158%   0.4510      0.0152 s        1.53 s      
	0200    0.2047      0.2047      278.1522%   0.3999      0.0185 s        3.38 s      
Info Report: <Epoch 037> 
	State   Avg. Loss   Avg. MAE    Avg. MAPE   Avg. RMSE   Time Cost   
	train   0.2265      0.2240      275.3484%   0.4150      32.16 s     
	vali    0.1910      0.1910      285.4557%   0.3764      2.56 s      
	test    0.2212      0.2212      259.8116%   0.4292      3.62 s      
<Latest 5>	33          34          35          36          37          
    Loss	0.2220      0.2216      0.2207      0.2210      0.2212      

Epoch: 038
State: <train>
	iter    Loss        MAE         MAPE        RMSE        Speed (/iter)   Time Cost   
	0000    0.2336      0.2312      310.3037%   0.4328      0.0355 s        0.04 s      
	0100    0.2274      0.2249      270.9722%   0.4161      0.0367 s        3.71 s      
	0200    0.2258      0.2234      277.1915%   0.4132      0.0388 s        7.59 s      
	0300    0.2276      0.2252      279.8959%   0.4173      0.0414 s        11.73 s     
	0400    0.2248      0.2224      272.3824%   0.4127      0.0433 s        16.06 s     
	0500    0.2272      0.2247      278.3009%   0.4169      0.0419 s        20.25 s     
	0600    0.2277      0.2253      274.3522%   0.4170      0.0449 s        24.75 s     
	0700    0.2247      0.2223      270.7624%   0.4134      0.0437 s        29.12 s     
State: <vali>
	iter    Loss        MAE         MAPE        RMSE        Speed (/iter)   Time Cost   
	0000    0.1948      0.1948      328.4922%   0.3835      0.0405 s        0.04 s      
State: <test>
	iter    Loss        MAE         MAPE        RMSE        Speed (/iter)   Time Cost   
	0000    0.2429      0.2429      286.8999%   0.4369      0.0146 s        0.01 s      
	0100    0.2337      0.2337      231.6013%   0.4512      0.0248 s        2.49 s      
	0200    0.2037      0.2037      275.1641%   0.3988      0.0261 s        5.11 s      
Info Report: <Epoch 038> 
	State   Avg. Loss   Avg. MAE    Avg. MAPE   Avg. RMSE   Time Cost   
	train   0.2262      0.2238      275.2293%   0.4149      31.36 s     
	vali    0.1908      0.1908      285.6947%   0.3764      2.34 s      
	test    0.2205      0.2205      258.0318%   0.4288      5.48 s      
<Latest 5>	34          35          36          37          38          
    Loss	0.2216      0.2207      0.2210      0.2212      0.2205      

Epoch: 039
State: <train>
	iter    Loss        MAE         MAPE        RMSE        Speed (/iter)   Time Cost   
	0000    0.2158      0.2135      259.7182%   0.4046      0.0480 s        0.05 s      
	0100    0.2248      0.2224      271.1357%   0.4133      0.0425 s        4.30 s      
	0200    0.2255      0.2231      272.2105%   0.4127      0.0378 s        8.08 s      
	0300    0.2267      0.2243      282.3384%   0.4154      0.0317 s        11.26 s     
	0400    0.2253      0.2228      270.1779%   0.4135      0.0372 s        14.98 s     
	0500    0.2258      0.2233      273.0410%   0.4141      0.0429 s        19.27 s     
	0600    0.2298      0.2273      284.9230%   0.4217      0.0426 s        23.53 s     
	0700    0.2250      0.2226      275.5633%   0.4130      0.0421 s        27.74 s     
State: <vali>
	iter    Loss        MAE         MAPE        RMSE        Speed (/iter)   Time Cost   
	0000    0.2209      0.2209      290.2667%   0.4328      0.0229 s        0.02 s      
State: <test>
	iter    Loss        MAE         MAPE        RMSE        Speed (/iter)   Time Cost   
	0000    0.2397      0.2397      280.4112%   0.4326      0.0424 s        0.04 s      
	0100    0.2329      0.2329      228.8622%   0.4484      0.0300 s        3.05 s      
	0200    0.2029      0.2029      272.2702%   0.3969      0.0299 s        6.04 s      
Info Report: <Epoch 039> 
	State   Avg. Loss   Avg. MAE    Avg. MAPE   Avg. RMSE   Time Cost   
	train   0.2260      0.2235      275.1843%   0.4146      30.10 s     
	vali    0.1913      0.1913      281.1624%   0.3746      2.71 s      
	test    0.2197      0.2197      255.0887%   0.4264      6.45 s      
<Latest 5>	35          36          37          38          39          
    Loss	0.2207      0.2210      0.2212      0.2205      0.2197      

Epoch: 040
State: <train>
	iter    Loss        MAE         MAPE        RMSE        Speed (/iter)   Time Cost   
	0000    0.2491      0.2468      323.0053%   0.4550      0.0340 s        0.03 s      
	0100    0.2269      0.2245      273.3468%   0.4167      0.0447 s        4.50 s      
	0200    0.2266      0.2242      273.3751%   0.4159      0.0384 s        8.35 s      
	0300    0.2250      0.2226      272.3706%   0.4127      0.0393 s        12.28 s     
	0400    0.2258      0.2234      279.5661%   0.4147      0.0397 s        16.25 s     
	0500    0.2262      0.2238      275.2423%   0.4157      0.0410 s        20.35 s     
	0600    0.2245      0.2221      275.1820%   0.4123      0.0373 s        24.08 s     
	0700    0.2248      0.2223      278.1239%   0.4122      0.0413 s        28.21 s     
State: <vali>
	iter    Loss        MAE         MAPE        RMSE        Speed (/iter)   Time Cost   
	0000    0.1747      0.1747      244.4970%   0.3435      0.0141 s        0.01 s      
State: <test>
	iter    Loss        MAE         MAPE        RMSE        Speed (/iter)   Time Cost   
	0000    0.2456      0.2456      288.8530%   0.4465      0.0161 s        0.02 s      
	0100    0.2335      0.2335      233.8900%   0.4522      0.0274 s        2.75 s      
	0200    0.2043      0.2043      279.8596%   0.4007      0.0276 s        5.51 s      
Info Report: <Epoch 040> 
	State   Avg. Loss   Avg. MAE    Avg. MAPE   Avg. RMSE   Time Cost   
	train   0.2257      0.2232      274.6196%   0.4142      30.31 s     
	vali    0.1905      0.1905      289.2731%   0.3778      2.45 s      
	test    0.2207      0.2207      261.5855%   0.4303      5.78 s      
<Latest 5>	36          37          38          39          40          
    Loss	0.2210      0.2212      0.2205      0.2197      0.2207      

Epoch: 041
State: <train>
	iter    Loss        MAE         MAPE        RMSE        Speed (/iter)   Time Cost   
	0000    0.2101      0.2076      275.3765%   0.3852      0.0493 s        0.05 s      
	0100    0.2235      0.2211      272.0522%   0.4116      0.0435 s        4.40 s      
	0200    0.2265      0.2241      280.6976%   0.4158      0.0417 s        8.58 s      
	0300    0.2247      0.2223      272.4440%   0.4127      0.0383 s        12.41 s     
	0400    0.2231      0.2207      272.4097%   0.4105      0.0383 s        16.23 s     
	0500    0.2263      0.2238      273.5331%   0.4157      0.0450 s        20.73 s     
	0600    0.2261      0.2237      277.3128%   0.4147      0.0425 s        24.99 s     
	0700    0.2263      0.2238      275.4178%   0.4156      0.0433 s        29.31 s     
State: <vali>
	iter    Loss        MAE         MAPE        RMSE        Speed (/iter)   Time Cost   
	0000    0.1909      0.1909      304.7866%   0.3869      0.0288 s        0.03 s      
State: <test>
	iter    Loss        MAE         MAPE        RMSE        Speed (/iter)   Time Cost   
	0000    0.2499      0.2499      311.5377%   0.4467      0.0092 s        0.01 s      
	0100    0.2326      0.2326      233.9224%   0.4485      0.0165 s        1.66 s      
	0200    0.2053      0.2053      279.1386%   0.4011      0.0172 s        3.38 s      
Info Report: <Epoch 041> 
	State   Avg. Loss   Avg. MAE    Avg. MAPE   Avg. RMSE   Time Cost   
	train   0.2254      0.2230      274.9566%   0.4140      31.73 s     
	vali    0.1907      0.1907      282.6622%   0.3751      1.85 s      
	test    0.2204      0.2204      261.0329%   0.4281      3.51 s      
<Latest 5>	37          38          39          40          41          
    Loss	0.2212      0.2205      0.2197      0.2207      0.2204      

Epoch: 042
State: <train>
	iter    Loss        MAE         MAPE        RMSE        Speed (/iter)   Time Cost   
	0000    0.2373      0.2345      268.6538%   0.4301      0.0252 s        0.03 s      
	0100    0.2259      0.2234      273.4628%   0.4149      0.0395 s        3.97 s      
	0200    0.2241      0.2216      274.3128%   0.4111      0.0428 s        8.25 s      
	0300    0.2251      0.2227      277.2297%   0.4141      0.0397 s        12.22 s     
	0400    0.2259      0.2234      278.5134%   0.4152      0.0386 s        16.08 s     
	0500    0.2264      0.2240      273.2295%   0.4153      0.0425 s        20.33 s     
	0600    0.2249      0.2225      275.3363%   0.4131      0.0454 s        24.86 s     
	0700    0.2237      0.2212      271.8908%   0.4112      0.0428 s        29.14 s     
State: <vali>
	iter    Loss        MAE         MAPE        RMSE        Speed (/iter)   Time Cost   
	0000    0.2078      0.2078      395.5984%   0.4125      0.0127 s        0.01 s      
State: <test>
	iter    Loss        MAE         MAPE        RMSE        Speed (/iter)   Time Cost   
	0000    0.2441      0.2441      293.4245%   0.4385      0.0177 s        0.02 s      
	0100    0.2321      0.2321      232.0442%   0.4478      0.0290 s        2.92 s      
	0200    0.2039      0.2039      277.7279%   0.3989      0.0263 s        5.55 s      
Info Report: <Epoch 042> 
	State   Avg. Loss   Avg. MAE    Avg. MAPE   Avg. RMSE   Time Cost   
	train   0.2252      0.2227      274.7457%   0.4136      31.54 s     
	vali    0.1902      0.1902      284.9807%   0.3749      2.47 s      
	test    0.2196      0.2196      259.4131%   0.4268      5.77 s      
<Latest 5>	38          39          40          41          42          
    Loss	0.2205      0.2197      0.2207      0.2204      0.2196      

<Final Report>
	Idx     Avg. MAE    Avg. MAPE   Avg. RMSE   Avg. MSE    
	42      0.21958     259.4131%   46.96397%   0.22056     
	Notes: None
	Training finished!

Script finished. Total runtime: 1547.710192 seconds
