nohup: ignoring input
Regenerating dataset.
	Done.
Loading existence torch dataset.
	choice channels ['PV001', 'PV002', 'PV003', 'PV004', 'PV005', 'PV006', 'PV007', 'PV008', 'PV009', 'PV010', 'PV011', 'PV012', 'PV013', 'PV014', 'PV015', 'PV016', 'PV017', 'PV018', 'PV019', 'PV020', 'PV021', 'PV022', 'PV023', 'PV024', 'PV025', 'PV026', 'PV027', 'PV028', 'PV029', 'PV030', 'PV031', 'PV032', 'PV033', 'PV034', 'PV035', 'PV036', 'PV037', 'PV038', 'PV039', 'PV040', 'PV041', 'PV042', 'PV043', 'PV044', 'PV045', 'PV046', 'PV047', 'PV048', 'PV049', 'PV050', 'PV051', 'PV052', 'PV053', 'PV054', 'PV055', 'PV056', 'PV057', 'PV058', 'PV059', 'PV060', 'PV061', 'PV062', 'PV063', 'PV064', 'PV065', 'PV066', 'PV067', 'PV068', 'PV069', 'PV070', 'PV071', 'PV072', 'PV073', 'PV074', 'PV075', 'PV076', 'PV077', 'PV078', 'PV079', 'PV080', 'PV081', 'PV082', 'PV083', 'PV084', 'PV085', 'PV086', 'PV087', 'PV088', 'PV089', 'PV090', 'PV091', 'PV092', 'PV093', 'PV094', 'PV095', 'PV096', 'PV097', 'PV098', 'PV099', 'PV100', 'PV101', 'PV102', 'PV103', 'PV104', 'PV105', 'PV106', 'PV107', 'PV108', 'PV109', 'PV110', 'PV111', 'PV112', 'PV113', 'PV114', 'PV115', 'PV116', 'PV117', 'PV118', 'PV119', 'PV120', 'PV121', 'PV122', 'PV123', 'PV124', 'PV125', 'PV126', 'PV127', 'PV128', 'PV129', 'PV130', 'PV131', 'PV132', 'PV133', 'PV134', 'PV135', 'PV136', 'PV137']
	train: 24336
	vali : 3312
	test : 6816
agga-fln

Experiment Start at <2025-02-19_15:54:33>
	PID: <2499428>
	Notes: <None>

Envs Setting:
    loss: "l1";      dataset_prob: "[0.7, 0.1, 0.2]";      data_scale: "True";  
    date_scale: "True";      c_out: "137";      regen_dataset: "True";  
    check_dataloader: "False";      muti_process: "False";      seed: "42";      device: "cuda:1";  
    dtype: "torch.float32";      adjust_lr: "False";      save_best_model: "True";  
    load_best_model: "False";      inp_len: "96";      pred_len: "96";      epochs: "42";  
    batch_size: "32";      optimizer: "amam";      learning_rate: "0.0001";  
    weight_decay: "0";      dropout: "0.3";      c_in: "137";  
Model Setting:
    name: "agga-fln";      order: "2";      dilation: "1";      kernel_size: "3";  
    emb_dim: "8";      dropout: "0.5";      sta_layers: "1";      share: "False";  
    use_update: "False";      c_date: "5";      n_nodes: "1";      c_in: "137";      c_out: "137";  
    device: "cuda:1";      inp_len: "96";      pred_len: "96";  
Dataset Setting:
    name: "solar";      channels: "137";      n_nodes: "1";      lens: "35040";  
    time_window: "15mins";  
    channel_info: "['PV001', 'PV002', 'PV003', 'PV004', 'PV005', 'PV006', 'PV007', 'PV008', 'PV009', 'PV010', 'PV011', 'PV012', 'PV013', 'PV014', 'PV015', 'PV016', 'PV017', 'PV018', 'PV019', 'PV020', 'PV021', 'PV022', 'PV023', 'PV024', 'PV025', 'PV026', 'PV027', 'PV028', 'PV029', 'PV030', 'PV031', 'PV032', 'PV033', 'PV034', 'PV035', 'PV036', 'PV037', 'PV038', 'PV039', 'PV040', 'PV041', 'PV042', 'PV043', 'PV044', 'PV045', 'PV046', 'PV047', 'PV048', 'PV049', 'PV050', 'PV051', 'PV052', 'PV053', 'PV054', 'PV055', 'PV056', 'PV057', 'PV058', 'PV059', 'PV060', 'PV061', 'PV062', 'PV063', 'PV064', 'PV065', 'PV066', 'PV067', 'PV068', 'PV069', 'PV070', 'PV071', 'PV072', 'PV073', 'PV074', 'PV075', 'PV076', 'PV077', 'PV078', 'PV079', 'PV080', 'PV081', 'PV082', 'PV083', 'PV084', 'PV085', 'PV086', 'PV087', 'PV088', 'PV089', 'PV090', 'PV091', 'PV092', 'PV093', 'PV094', 'PV095', 'PV096', 'PV097', 'PV098', 'PV099', 'PV100', 'PV101', 'PV102', 'PV103', 'PV104', 'PV105', 'PV106', 'PV107', 'PV108', 'PV109', 'PV110', 'PV111', 'PV112', 'PV113', 'PV114', 'PV115', 'PV116', 'PV117', 'PV118', 'PV119', 'PV120', 'PV121', 'PV122', 'PV123', 'PV124', 'PV125', 'PV126', 'PV127', 'PV128', 'PV129', 'PV130', 'PV131', 'PV132', 'PV133', 'PV134', 'PV135', 'PV136', 'PV137']";  
    choise_channels: "[0, 1, 2, 3, 4, 5, 6, 7, 8, 9, 10, 11, 12, 13, 14, 15, 16, 17, 18, 19, 20, 21, 22, 23, 24, 25, 26, 27, 28, 29, 30, 31, 32, 33, 34, 35, 36, 37, 38, 39, 40, 41, 42, 43, 44, 45, 46, 47, 48, 49, 50, 51, 52, 53, 54, 55, 56, 57, 58, 59, 60, 61, 62, 63, 64, 65, 66, 67, 68, 69, 70, 71, 72, 73, 74, 75, 76, 77, 78, 79, 80, 81, 82, 83, 84, 85, 86, 87, 88, 89, 90, 91, 92, 93, 94, 95, 96, 97, 98, 99, 100, 101, 102, 103, 104, 105, 106, 107, 108, 109, 110, 111, 112, 113, 114, 115, 116, 117, 118, 119, 120, 121, 122, 123, 124, 125, 126, 127, 128, 129, 130, 131, 132, 133, 134, 135, 136]";  
    nodes_info: "['None']";      choise_nodes: "[-1]";      folder_path: "./dataset/solar";  
    file_name: "solar_Alabama.csv";      adj_path: "None";      period_type: "None";  
    c_date: "5";      raw_path: "./raw_files/SOLAR/solar_Alabama.csv";      data_channels: "137";  
    dataset_type: "['train', 'test', 'vali']";      scale: "True";      inp_len: "96";  
    pred_len: "96";      dtype: "torch.float32";      num_nodes: "1";      n_channels: "137";  
    data_scale: "True";      date_scale: "True";      dataset_prob: "[0.7, 0.1, 0.2]";  

Epoch: 001
State: <train>
	iter    Loss        MAE         MAPE        RMSE        Speed (/iter)   Time Cost   
	0000    3.8828      0.9095      142.9116%   1.0605      0.6281 s        0.63 s      
	0100    3.3469      0.5996      186.5059%   0.7385      0.0243 s        3.06 s      
	0200    2.7558      0.3550      230.5707%   0.4981      0.0241 s        5.47 s      
	0300    2.4872      0.3070      236.1853%   0.4558      0.0247 s        7.94 s      
	0400    2.3189      0.2930      241.3890%   0.4483      0.0238 s        10.32 s     
	0500    2.0958      0.2787      237.3954%   0.4363      0.0238 s        12.70 s     
	0600    1.5118      0.2737      234.4512%   0.4344      0.0219 s        14.89 s     
	0700    0.4602      0.2730      248.1891%   0.4367      0.0240 s        17.28 s     
State: <vali>
	iter    Loss        MAE         MAPE        RMSE        Speed (/iter)   Time Cost   
	0000    0.2296      0.2296      264.0039%   0.4024      0.0099 s        0.01 s      
	0100    0.2208      0.2208      246.8216%   0.3732      0.0084 s        0.85 s      
State: <test>
	iter    Loss        MAE         MAPE        RMSE        Speed (/iter)   Time Cost   
	0000    0.4010      0.4010      241.4845%   0.6823      0.0083 s        0.01 s      
	0100    0.2709      0.2709      204.3491%   0.4527      0.0083 s        0.84 s      
	0200    0.2322      0.2322      216.2696%   0.3802      0.0087 s        1.71 s      
Info Report: <Epoch 001> 
	State   Avg. Loss   Avg. MAE    Avg. MAPE   Avg. RMSE   Time Cost   
	train   1.9942      0.3343      231.9287%   0.4877      18.83 s     
	vali    0.2209      0.2209      248.9707%   0.3735      0.86 s      
	test    0.2551      0.2551      213.6539%   0.4224      1.81 s      
<Latest 5>	1           
    Loss	0.2551      

Epoch: 002
State: <train>
	iter    Loss        MAE         MAPE        RMSE        Speed (/iter)   Time Cost   
	0000    0.2821      0.2537      215.2232%   0.4056      0.0184 s        0.02 s      
	0100    0.2879      0.2631      242.9516%   0.4267      0.0215 s        2.16 s      
	0200    0.2816      0.2625      242.8224%   0.4277      0.0205 s        4.21 s      
	0300    0.2778      0.2628      241.4050%   0.4296      0.0209 s        6.30 s      
	0400    0.2733      0.2613      244.1170%   0.4285      0.0215 s        8.45 s      
	0500    0.2669      0.2572      239.1480%   0.4233      0.0228 s        10.73 s     
	0600    0.2650      0.2571      247.0660%   0.4238      0.0212 s        12.85 s     
	0700    0.2620      0.2553      239.8149%   0.4226      0.0224 s        15.09 s     
State: <vali>
	iter    Loss        MAE         MAPE        RMSE        Speed (/iter)   Time Cost   
	0000    0.2016      0.2016      175.7961%   0.3502      0.0185 s        0.02 s      
	0100    0.2087      0.2087      248.4695%   0.3634      0.0068 s        0.70 s      
State: <test>
	iter    Loss        MAE         MAPE        RMSE        Speed (/iter)   Time Cost   
	0000    0.3690      0.3690      208.9443%   0.6406      0.0286 s        0.03 s      
	0100    0.2559      0.2559      196.4026%   0.4395      0.0078 s        0.80 s      
	0200    0.2174      0.2174      209.9108%   0.3673      0.0073 s        1.53 s      
Info Report: <Epoch 002> 
	State   Avg. Loss   Avg. MAE    Avg. MAPE   Avg. RMSE   Time Cost   
	train   0.2724      0.2594      242.3260%   0.4256      16.35 s     
	vali    0.2088      0.2088      247.8892%   0.3635      0.71 s      
	test    0.2401      0.2401      206.5991%   0.4092      1.59 s      
<Latest 5>	1           2           
    Loss	0.2551      0.2401      

Epoch: 003
State: <train>
	iter    Loss        MAE         MAPE        RMSE        Speed (/iter)   Time Cost   
	0000    0.2855      0.2800      260.3784%   0.4613      0.0135 s        0.01 s      
	0100    0.2614      0.2562      245.4638%   0.4259      0.0234 s        2.35 s      
	0200    0.2562      0.2517      244.7951%   0.4196      0.0237 s        4.72 s      
	0300    0.2570      0.2531      249.4960%   0.4222      0.0229 s        7.01 s      
	0400    0.2534      0.2499      238.6012%   0.4171      0.0239 s        9.40 s      
	0500    0.2534      0.2502      243.0232%   0.4183      0.0262 s        12.02 s     
	0600    0.2469      0.2439      236.6225%   0.4092      0.0249 s        14.51 s     
	0700    0.2498      0.2468      241.3068%   0.4155      0.0261 s        17.12 s     
State: <vali>
	iter    Loss        MAE         MAPE        RMSE        Speed (/iter)   Time Cost   
	0000    0.1988      0.1988      142.6063%   0.3408      0.0214 s        0.02 s      
	0100    0.2046      0.2046      247.3098%   0.3594      0.0109 s        1.11 s      
State: <test>
	iter    Loss        MAE         MAPE        RMSE        Speed (/iter)   Time Cost   
	0000    0.3653      0.3653      211.6540%   0.6386      0.0128 s        0.01 s      
	0100    0.2493      0.2493      192.0945%   0.4334      0.0078 s        0.79 s      
	0200    0.2107      0.2107      204.9701%   0.3615      0.0062 s        1.41 s      
Info Report: <Epoch 003> 
	State   Avg. Loss   Avg. MAE    Avg. MAPE   Avg. RMSE   Time Cost   
	train   0.2537      0.2500      243.3773%   0.4180      18.73 s     
	vali    0.2045      0.2045      247.7623%   0.3593      1.12 s      
	test    0.2334      0.2334      202.0744%   0.4032      1.46 s      
<Latest 5>	1           2           3           
    Loss	0.2551      0.2401      0.2334      

Epoch: 004
State: <train>
	iter    Loss        MAE         MAPE        RMSE        Speed (/iter)   Time Cost   
	0000    0.2582      0.2553      252.4558%   0.4271      0.0199 s        0.02 s      
	0100    0.2508      0.2479      250.1879%   0.4172      0.0228 s        2.30 s      
	0200    0.2502      0.2474      248.2557%   0.4177      0.0227 s        4.57 s      
	0300    0.2472      0.2446      243.1010%   0.4127      0.0222 s        6.79 s      
	0400    0.2476      0.2451      240.8593%   0.4137      0.0221 s        9.00 s      
	0500    0.2450      0.2424      242.6717%   0.4106      0.0218 s        11.19 s     
	0600    0.2452      0.2426      240.8575%   0.4109      0.0258 s        13.76 s     
	0700    0.2465      0.2440      244.6570%   0.4136      0.0286 s        16.62 s     
State: <vali>
	iter    Loss        MAE         MAPE        RMSE        Speed (/iter)   Time Cost   
	0000    0.1888      0.1888      203.0672%   0.3353      0.0125 s        0.01 s      
	0100    0.2002      0.2002      246.9224%   0.3559      0.0076 s        0.78 s      
State: <test>
	iter    Loss        MAE         MAPE        RMSE        Speed (/iter)   Time Cost   
	0000    0.3474      0.3474      182.2046%   0.6154      0.0055 s        0.01 s      
	0100    0.2427      0.2427      187.8916%   0.4286      0.0066 s        0.67 s      
	0200    0.2035      0.2035      202.8880%   0.3559      0.0084 s        1.50 s      
Info Report: <Epoch 004> 
	State   Avg. Loss   Avg. MAE    Avg. MAPE   Avg. RMSE   Time Cost   
	train   0.2472      0.2445      243.9216%   0.4135      18.38 s     
	vali    0.2006      0.2006      246.7851%   0.3565      0.82 s      
	test    0.2265      0.2265      199.1056%   0.3980      1.63 s      
<Latest 5>	1           2           3           4           
    Loss	0.2551      0.2401      0.2334      0.2265      

Epoch: 005
State: <train>
	iter    Loss        MAE         MAPE        RMSE        Speed (/iter)   Time Cost   
	0000    0.2276      0.2250      282.8591%   0.3829      0.0234 s        0.02 s      
	0100    0.2430      0.2404      240.9905%   0.4085      0.0278 s        2.80 s      
	0200    0.2447      0.2423      243.4790%   0.4126      0.0272 s        5.52 s      
	0300    0.2419      0.2394      246.6559%   0.4075      0.0268 s        8.20 s      
	0400    0.2463      0.2437      253.8967%   0.4146      0.0267 s        10.87 s     
	0500    0.2439      0.2415      245.4369%   0.4124      0.0273 s        13.60 s     
	0600    0.2409      0.2384      240.8270%   0.4074      0.0282 s        16.42 s     
	0700    0.2418      0.2392      240.2743%   0.4098      0.0301 s        19.43 s     
State: <vali>
	iter    Loss        MAE         MAPE        RMSE        Speed (/iter)   Time Cost   
	0000    0.1896      0.1896      216.5316%   0.3399      0.0094 s        0.01 s      
	0100    0.1982      0.1982      251.4957%   0.3565      0.0097 s        0.98 s      
State: <test>
	iter    Loss        MAE         MAPE        RMSE        Speed (/iter)   Time Cost   
	0000    0.3352      0.3352      178.4495%   0.5955      0.0082 s        0.01 s      
	0100    0.2393      0.2393      189.4586%   0.4272      0.0101 s        1.02 s      
	0200    0.2014      0.2014      206.5501%   0.3565      0.0114 s        2.16 s      
Info Report: <Epoch 005> 
	State   Avg. Loss   Avg. MAE    Avg. MAPE   Avg. RMSE   Time Cost   
	train   0.2431      0.2405      244.4745%   0.4103      21.03 s     
	vali    0.1972      0.1972      250.8776%   0.3550      1.00 s      
	test    0.2237      0.2237      201.9626%   0.3978      2.29 s      
<Latest 5>	1           2           3           4           5           
    Loss	0.2551      0.2401      0.2334      0.2265      0.2237      

Epoch: 006
State: <train>
	iter    Loss        MAE         MAPE        RMSE        Speed (/iter)   Time Cost   
	0000    0.2425      0.2402      200.8188%   0.4136      0.0243 s        0.02 s      
	0100    0.2411      0.2386      243.7881%   0.4085      0.0256 s        2.59 s      
	0200    0.2401      0.2376      247.3069%   0.4082      0.0266 s        5.25 s      
	0300    0.2392      0.2366      248.6767%   0.4065      0.0275 s        8.01 s      
	0400    0.2423      0.2397      249.3960%   0.4112      0.0289 s        10.89 s     
	0500    0.2365      0.2338      238.0282%   0.4022      0.0294 s        13.84 s     
	0600    0.2380      0.2354      239.3075%   0.4053      0.0420 s        18.04 s     
	0700    0.2430      0.2405      251.9428%   0.4134      0.0443 s        22.47 s     
State: <vali>
	iter    Loss        MAE         MAPE        RMSE        Speed (/iter)   Time Cost   
	0000    0.2146      0.2146      272.2366%   0.3784      0.0281 s        0.03 s      
	0100    0.1945      0.1945      254.3603%   0.3529      0.0239 s        2.42 s      
State: <test>
	iter    Loss        MAE         MAPE        RMSE        Speed (/iter)   Time Cost   
	0000    0.3154      0.3154      166.3556%   0.5589      0.0341 s        0.03 s      
	0100    0.2352      0.2352      189.6841%   0.4232      0.0236 s        2.39 s      
	0200    0.1989      0.1989      210.8901%   0.3553      0.0224 s        4.64 s      
Info Report: <Epoch 006> 
	State   Avg. Loss   Avg. MAE    Avg. MAPE   Avg. RMSE   Time Cost   
	train   0.2399      0.2373      244.7410%   0.4077      24.77 s     
	vali    0.1944      0.1944      253.1265%   0.3529      2.47 s      
	test    0.2204      0.2204      204.4879%   0.3952      4.94 s      
<Latest 5>	2           3           4           5           6           
    Loss	0.2401      0.2334      0.2265      0.2237      0.2204      

Epoch: 007
State: <train>
	iter    Loss        MAE         MAPE        RMSE        Speed (/iter)   Time Cost   
	0000    0.2297      0.2272      182.1955%   0.3992      0.0459 s        0.05 s      
	0100    0.2385      0.2360      250.2933%   0.4072      0.0447 s        4.51 s      
	0200    0.2385      0.2361      248.2116%   0.4072      0.0395 s        8.46 s      
	0300    0.2370      0.2344      252.5271%   0.4053      0.0387 s        12.34 s     
	0400    0.2355      0.2329      245.5745%   0.4031      0.0410 s        16.43 s     
	0500    0.2391      0.2365      240.4208%   0.4078      0.0430 s        20.74 s     
	0600    0.2364      0.2337      247.7105%   0.4049      0.0430 s        25.04 s     
	0700    0.2385      0.2359      242.1377%   0.4085      0.0369 s        28.72 s     
State: <vali>
	iter    Loss        MAE         MAPE        RMSE        Speed (/iter)   Time Cost   
	0000    0.2036      0.2036      317.9074%   0.3658      0.0146 s        0.01 s      
	0100    0.1933      0.1933      252.3394%   0.3512      0.0227 s        2.29 s      
State: <test>
	iter    Loss        MAE         MAPE        RMSE        Speed (/iter)   Time Cost   
	0000    0.3112      0.3112      173.8397%   0.5518      0.0352 s        0.04 s      
	0100    0.2327      0.2327      188.3447%   0.4214      0.0279 s        2.83 s      
	0200    0.1964      0.1964      207.7257%   0.3539      0.0259 s        5.42 s      
Info Report: <Epoch 007> 
	State   Avg. Loss   Avg. MAE    Avg. MAPE   Avg. RMSE   Time Cost   
	train   0.2373      0.2347      245.8753%   0.4058      30.70 s     
	vali    0.1935      0.1935      251.0523%   0.3515      2.35 s      
	test    0.2179      0.2179      202.3495%   0.3937      5.68 s      
<Latest 5>	3           4           5           6           7           
    Loss	0.2334      0.2265      0.2237      0.2204      0.2179      

Epoch: 008
State: <train>
	iter    Loss        MAE         MAPE        RMSE        Speed (/iter)   Time Cost   
	0000    0.2214      0.2189      181.2844%   0.3769      0.0293 s        0.03 s      
	0100    0.2368      0.2342      246.6614%   0.4058      0.0405 s        4.08 s      
	0200    0.2349      0.2324      249.4927%   0.4039      0.0421 s        8.29 s      
	0300    0.2338      0.2313      242.1038%   0.4020      0.0411 s        12.40 s     
	0400    0.2365      0.2339      248.8618%   0.4063      0.0437 s        16.77 s     
	0500    0.2358      0.2333      247.3208%   0.4049      0.0425 s        21.03 s     
	0600    0.2351      0.2326      243.5600%   0.4043      0.0427 s        25.29 s     
	0700    0.2334      0.2309      250.1680%   0.4022      0.0445 s        29.74 s     
State: <vali>
	iter    Loss        MAE         MAPE        RMSE        Speed (/iter)   Time Cost   
	0000    0.1597      0.1597      244.3456%   0.2939      0.0193 s        0.02 s      
	0100    0.1925      0.1925      251.9856%   0.3519      0.0267 s        2.68 s      
State: <test>
	iter    Loss        MAE         MAPE        RMSE        Speed (/iter)   Time Cost   
	0000    0.3036      0.3036      170.2485%   0.5385      0.0141 s        0.01 s      
	0100    0.2315      0.2315      190.1802%   0.4207      0.0223 s        2.25 s      
	0200    0.1958      0.1958      211.1114%   0.3541      0.0202 s        4.27 s      
Info Report: <Epoch 008> 
	State   Avg. Loss   Avg. MAE    Avg. MAPE   Avg. RMSE   Time Cost   
	train   0.2350      0.2324      246.4768%   0.4040      32.28 s     
	vali    0.1918      0.1918      251.7250%   0.3507      2.72 s      
	test    0.2170      0.2170      205.0290%   0.3934      4.47 s      
<Latest 5>	4           5           6           7           8           
    Loss	0.2265      0.2237      0.2204      0.2179      0.2170      

Epoch: 009
State: <train>
	iter    Loss        MAE         MAPE        RMSE        Speed (/iter)   Time Cost   
	0000    0.2203      0.2169      275.2983%   0.3790      0.0231 s        0.02 s      
	0100    0.2327      0.2301      239.3250%   0.4014      0.0327 s        3.29 s      
	0200    0.2311      0.2285      243.0733%   0.3984      0.0387 s        7.16 s      
	0300    0.2359      0.2334      252.5140%   0.4072      0.0396 s        11.12 s     
	0400    0.2314      0.2290      244.7567%   0.3999      0.0404 s        15.16 s     
	0500    0.2339      0.2315      252.4648%   0.4041      0.0450 s        19.66 s     
	0600    0.2303      0.2279      241.5446%   0.3987      0.0457 s        24.23 s     
	0700    0.2331      0.2306      253.7593%   0.4036      0.0428 s        28.52 s     
State: <vali>
	iter    Loss        MAE         MAPE        RMSE        Speed (/iter)   Time Cost   
	0000    0.1784      0.1784      137.6572%   0.3277      0.0160 s        0.02 s      
	0100    0.1897      0.1897      250.6726%   0.3480      0.0274 s        2.75 s      
State: <test>
	iter    Loss        MAE         MAPE        RMSE        Speed (/iter)   Time Cost   
	0000    0.3033      0.3033      169.0767%   0.5387      0.0471 s        0.05 s      
	0100    0.2288      0.2288      188.9640%   0.4181      0.0265 s        2.70 s      
	0200    0.1935      0.1935      209.8479%   0.3526      0.0244 s        5.14 s      
Info Report: <Epoch 009> 
	State   Avg. Loss   Avg. MAE    Avg. MAPE   Avg. RMSE   Time Cost   
	train   0.2329      0.2304      247.0485%   0.4024      31.10 s     
	vali    0.1900      0.1900      250.2246%   0.3484      2.81 s      
	test    0.2144      0.2144      203.8814%   0.3914      5.43 s      
<Latest 5>	5           6           7           8           9           
    Loss	0.2237      0.2204      0.2179      0.2170      0.2144      

Epoch: 010
State: <train>
	iter    Loss        MAE         MAPE        RMSE        Speed (/iter)   Time Cost   
	0000    0.2374      0.2345      280.7822%   0.4126      0.0427 s        0.04 s      
	0100    0.2273      0.2248      247.3879%   0.3937      0.0373 s        3.77 s      
	0200    0.2330      0.2305      250.9672%   0.4044      0.0449 s        8.27 s      
	0300    0.2314      0.2289      249.3158%   0.4017      0.0362 s        11.89 s     
	0400    0.2293      0.2268      246.8864%   0.3975      0.0326 s        15.15 s     
	0500    0.2309      0.2284      246.8078%   0.4009      0.0396 s        19.11 s     
	0600    0.2315      0.2290      243.9887%   0.4015      0.0437 s        23.48 s     
	0700    0.2336      0.2310      250.9265%   0.4053      0.0444 s        27.92 s     
State: <vali>
	iter    Loss        MAE         MAPE        RMSE        Speed (/iter)   Time Cost   
	0000    0.1827      0.1827      281.8648%   0.3458      0.0368 s        0.04 s      
	0100    0.1887      0.1887      251.3823%   0.3473      0.0281 s        2.85 s      
State: <test>
	iter    Loss        MAE         MAPE        RMSE        Speed (/iter)   Time Cost   
	0000    0.2986      0.2986      172.7358%   0.5324      0.0365 s        0.04 s      
	0100    0.2259      0.2259      187.2405%   0.4153      0.0275 s        2.78 s      
	0200    0.1908      0.1908      209.6907%   0.3505      0.0261 s        5.39 s      
Info Report: <Epoch 010> 
	State   Avg. Loss   Avg. MAE    Avg. MAPE   Avg. RMSE   Time Cost   
	train   0.2312      0.2286      247.5468%   0.4010      30.51 s     
	vali    0.1886      0.1886      250.4757%   0.3471      2.90 s      
	test    0.2116      0.2116      202.9583%   0.3889      5.70 s      
<Latest 5>	6           7           8           9           10          
    Loss	0.2204      0.2179      0.2170      0.2144      0.2116      

Epoch: 011
State: <train>
	iter    Loss        MAE         MAPE        RMSE        Speed (/iter)   Time Cost   
	0000    0.2497      0.2474      266.5082%   0.4363      0.0298 s        0.03 s      
	0100    0.2320      0.2296      246.9036%   0.4039      0.0384 s        3.87 s      
	0200    0.2298      0.2274      248.1587%   0.3998      0.0361 s        7.49 s      
	0300    0.2294      0.2269      244.3443%   0.3992      0.0434 s        11.83 s     
	0400    0.2304      0.2279      258.9156%   0.4014      0.0402 s        15.85 s     
	0500    0.2274      0.2249      248.4675%   0.3962      0.0409 s        19.93 s     
	0600    0.2316      0.2291      248.2102%   0.4036      0.0404 s        23.97 s     
	0700    0.2280      0.2254      244.1554%   0.3979      0.0355 s        27.52 s     
State: <vali>
	iter    Loss        MAE         MAPE        RMSE        Speed (/iter)   Time Cost   
	0000    0.1553      0.1553      191.4478%   0.2964      0.0355 s        0.04 s      
	0100    0.1876      0.1876      254.5836%   0.3470      0.0276 s        2.79 s      
State: <test>
	iter    Loss        MAE         MAPE        RMSE        Speed (/iter)   Time Cost   
	0000    0.2951      0.2951      174.9292%   0.5271      0.0304 s        0.03 s      
	0100    0.2250      0.2250      190.3035%   0.4151      0.0282 s        2.85 s      
	0200    0.1907      0.1907      214.5899%   0.3514      0.0273 s        5.58 s      
Info Report: <Epoch 011> 
	State   Avg. Loss   Avg. MAE    Avg. MAPE   Avg. RMSE   Time Cost   
	train   0.2295      0.2270      247.8152%   0.3998      29.63 s     
	vali    0.1874      0.1874      254.0636%   0.3468      2.85 s      
	test    0.2112      0.2112      207.2363%   0.3895      5.93 s      
<Latest 5>	7           8           9           10          11          
    Loss	0.2179      0.2170      0.2144      0.2116      0.2112      

Epoch: 012
State: <train>
	iter    Loss        MAE         MAPE        RMSE        Speed (/iter)   Time Cost   
	0000    0.2295      0.2271      180.0440%   0.4024      0.0381 s        0.04 s      
	0100    0.2261      0.2236      245.3213%   0.3955      0.0400 s        4.04 s      
	0200    0.2285      0.2261      246.9747%   0.3991      0.0377 s        7.81 s      
	0300    0.2316      0.2292      252.2023%   0.4050      0.0405 s        11.87 s     
	0400    0.2298      0.2273      249.1256%   0.4010      0.0415 s        16.01 s     
	0500    0.2274      0.2251      257.8869%   0.3975      0.0440 s        20.41 s     
	0600    0.2282      0.2257      244.3913%   0.3994      0.0430 s        24.72 s     
	0700    0.2268      0.2243      240.9398%   0.3965      0.0410 s        28.82 s     
State: <vali>
	iter    Loss        MAE         MAPE        RMSE        Speed (/iter)   Time Cost   
	0000    0.1974      0.1974      272.4883%   0.3677      0.0372 s        0.04 s      
	0100    0.1857      0.1857      257.1782%   0.3462      0.0257 s        2.61 s      
State: <test>
	iter    Loss        MAE         MAPE        RMSE        Speed (/iter)   Time Cost   
	0000    0.2824      0.2824      161.5659%   0.5040      0.0343 s        0.03 s      
	0100    0.2231      0.2231      192.1101%   0.4146      0.0247 s        2.50 s      
	0200    0.1895      0.1895      217.8920%   0.3524      0.0207 s        4.57 s      
Info Report: <Epoch 012> 
	State   Avg. Loss   Avg. MAE    Avg. MAPE   Avg. RMSE   Time Cost   
	train   0.2281      0.2257      247.7753%   0.3988      31.29 s     
	vali    0.1861      0.1861      257.5040%   0.3466      2.68 s      
	test    0.2096      0.2096      209.8965%   0.3898      4.94 s      
<Latest 5>	8           9           10          11          12          
    Loss	0.2170      0.2144      0.2116      0.2112      0.2096      

Epoch: 013
State: <train>
	iter    Loss        MAE         MAPE        RMSE        Speed (/iter)   Time Cost   
	0000    0.2208      0.2184      215.9986%   0.3889      0.0648 s        0.06 s      
	0100    0.2269      0.2244      256.2915%   0.3974      0.0321 s        3.27 s      
	0200    0.2267      0.2243      252.7962%   0.3979      0.0366 s        6.93 s      
	0300    0.2267      0.2243      252.1422%   0.3972      0.0396 s        10.89 s     
	0400    0.2307      0.2282      252.4767%   0.4037      0.0402 s        14.91 s     
	0500    0.2253      0.2228      244.3961%   0.3956      0.0427 s        19.18 s     
	0600    0.2274      0.2249      242.5011%   0.3989      0.0416 s        23.34 s     
	0700    0.2271      0.2247      243.5482%   0.3988      0.0444 s        27.78 s     
State: <vali>
	iter    Loss        MAE         MAPE        RMSE        Speed (/iter)   Time Cost   
	0000    0.1885      0.1885      277.2222%   0.3423      0.0333 s        0.03 s      
	0100    0.1855      0.1855      258.3321%   0.3463      0.0284 s        2.88 s      
State: <test>
	iter    Loss        MAE         MAPE        RMSE        Speed (/iter)   Time Cost   
	0000    0.2693      0.2693      163.2903%   0.4708      0.0464 s        0.05 s      
	0100    0.2243      0.2243      196.3357%   0.4154      0.0272 s        2.77 s      
	0200    0.1935      0.1935      227.0733%   0.3581      0.0261 s        5.38 s      
Info Report: <Epoch 013> 
	State   Avg. Loss   Avg. MAE    Avg. MAPE   Avg. RMSE   Time Cost   
	train   0.2269      0.2244      248.4588%   0.3978      30.27 s     
	vali    0.1861      0.1861      262.0460%   0.3477      2.93 s      
	test    0.2122      0.2122      216.8210%   0.3932      5.70 s      
<Latest 5>	9           10          11          12          13          
    Loss	0.2144      0.2116      0.2112      0.2096      0.2122      

Epoch: 014
State: <train>
	iter    Loss        MAE         MAPE        RMSE        Speed (/iter)   Time Cost   
	0000    0.2179      0.2156      236.3058%   0.3831      0.0451 s        0.05 s      
	0100    0.2255      0.2231      250.1204%   0.3962      0.0424 s        4.29 s      
	0200    0.2272      0.2247      260.4671%   0.3995      0.0417 s        8.46 s      
	0300    0.2241      0.2217      246.2671%   0.3942      0.0311 s        11.56 s     
	0400    0.2280      0.2255      248.8124%   0.4010      0.0329 s        14.85 s     
	0500    0.2266      0.2241      247.8077%   0.3983      0.0438 s        19.23 s     
	0600    0.2252      0.2226      238.6212%   0.3957      0.0433 s        23.55 s     
	0700    0.2230      0.2204      249.2395%   0.3925      0.0425 s        27.80 s     
State: <vali>
	iter    Loss        MAE         MAPE        RMSE        Speed (/iter)   Time Cost   
	0000    0.1696      0.1696      180.0971%   0.3227      0.0358 s        0.04 s      
	0100    0.1844      0.1844      252.7997%   0.3429      0.0261 s        2.64 s      
State: <test>
	iter    Loss        MAE         MAPE        RMSE        Speed (/iter)   Time Cost   
	0000    0.2720      0.2720      166.0019%   0.4797      0.0220 s        0.02 s      
	0100    0.2201      0.2201      189.8874%   0.4089      0.0334 s        3.36 s      
	0200    0.1880      0.1880      217.2137%   0.3500      0.0324 s        6.60 s      
Info Report: <Epoch 014> 
	State   Avg. Loss   Avg. MAE    Avg. MAPE   Avg. RMSE   Time Cost   
	train   0.2259      0.2234      249.0512%   0.3971      30.48 s     
	vali    0.1846      0.1846      253.8463%   0.3434      2.70 s      
	test    0.2072      0.2072      208.5016%   0.3856      6.96 s      
<Latest 5>	10          11          12          13          14          
    Loss	0.2116      0.2112      0.2096      0.2122      0.2072      

Epoch: 015
State: <train>
	iter    Loss        MAE         MAPE        RMSE        Speed (/iter)   Time Cost   
	0000    0.2627      0.2601      272.2535%   0.4606      0.0484 s        0.05 s      
	0100    0.2239      0.2214      245.7463%   0.3946      0.0412 s        4.17 s      
	0200    0.2254      0.2230      248.2367%   0.3967      0.0382 s        8.00 s      
	0300    0.2241      0.2216      249.1202%   0.3949      0.0359 s        11.59 s     
	0400    0.2242      0.2217      255.5449%   0.3953      0.0378 s        15.37 s     
	0500    0.2250      0.2225      250.1318%   0.3969      0.0417 s        19.54 s     
	0600    0.2259      0.2235      245.2121%   0.3984      0.0370 s        23.24 s     
	0700    0.2246      0.2221      251.8329%   0.3962      0.0339 s        26.63 s     
State: <vali>
	iter    Loss        MAE         MAPE        RMSE        Speed (/iter)   Time Cost   
	0000    0.1690      0.1690      267.6139%   0.3301      0.0239 s        0.02 s      
	0100    0.1840      0.1840      253.4667%   0.3436      0.0283 s        2.86 s      
State: <test>
	iter    Loss        MAE         MAPE        RMSE        Speed (/iter)   Time Cost   
	0000    0.2819      0.2819      172.5627%   0.5024      0.0225 s        0.02 s      
	0100    0.2197      0.2197      191.6231%   0.4099      0.0282 s        2.84 s      
	0200    0.1877      0.1877      218.8722%   0.3515      0.0267 s        5.51 s      
Info Report: <Epoch 015> 
	State   Avg. Loss   Avg. MAE    Avg. MAPE   Avg. RMSE   Time Cost   
	train   0.2248      0.2224      249.6322%   0.3964      28.93 s     
	vali    0.1838      0.1838      254.3437%   0.3433      2.92 s      
	test    0.2070      0.2070      210.5103%   0.3871      5.81 s      
<Latest 5>	11          12          13          14          15          
    Loss	0.2112      0.2096      0.2122      0.2072      0.2070      

Epoch: 016
State: <train>
	iter    Loss        MAE         MAPE        RMSE        Speed (/iter)   Time Cost   
	0000    0.2580      0.2554      265.3396%   0.4563      0.0386 s        0.04 s      
	0100    0.2232      0.2208      252.6859%   0.3950      0.0402 s        4.06 s      
	0200    0.2251      0.2226      257.0130%   0.3971      0.0423 s        8.29 s      
	0300    0.2221      0.2196      247.9019%   0.3921      0.0385 s        12.14 s     
	0400    0.2230      0.2205      246.6112%   0.3941      0.0371 s        15.85 s     
	0500    0.2251      0.2226      238.7935%   0.3979      0.0401 s        19.86 s     
	0600    0.2248      0.2222      254.6078%   0.3972      0.0407 s        23.93 s     
	0700    0.2251      0.2226      248.7217%   0.3969      0.0428 s        28.21 s     
State: <vali>
	iter    Loss        MAE         MAPE        RMSE        Speed (/iter)   Time Cost   
	0000    0.2292      0.2292      416.7732%   0.4185      0.0323 s        0.03 s      
	0100    0.1826      0.1826      256.2997%   0.3426      0.0300 s        3.04 s      
State: <test>
	iter    Loss        MAE         MAPE        RMSE        Speed (/iter)   Time Cost   
	0000    0.2695      0.2695      170.5475%   0.4795      0.0236 s        0.02 s      
	0100    0.2187      0.2187      192.1608%   0.4096      0.0218 s        2.20 s      
	0200    0.1872      0.1872      220.9326%   0.3519      0.0204 s        4.24 s      
Info Report: <Epoch 016> 
	State   Avg. Loss   Avg. MAE    Avg. MAPE   Avg. RMSE   Time Cost   
	train   0.2240      0.2215      249.5006%   0.3957      30.73 s     
	vali    0.1828      0.1828      257.1251%   0.3430      3.10 s      
	test    0.2062      0.2062      211.8001%   0.3871      4.48 s      
<Latest 5>	12          13          14          15          16          
    Loss	0.2096      0.2122      0.2072      0.2070      0.2062      

Epoch: 017
State: <train>
	iter    Loss        MAE         MAPE        RMSE        Speed (/iter)   Time Cost   
	0000    0.2203      0.2178      294.5536%   0.3965      0.0253 s        0.03 s      
	0100    0.2255      0.2230      253.9938%   0.3990      0.0366 s        3.68 s      
	0200    0.2226      0.2201      251.4701%   0.3942      0.0427 s        7.95 s      
	0300    0.2218      0.2192      240.7610%   0.3916      0.0399 s        11.94 s     
	0400    0.2238      0.2214      257.6233%   0.3962      0.0376 s        15.70 s     
	0500    0.2217      0.2193      246.1131%   0.3933      0.0406 s        19.76 s     
	0600    0.2244      0.2220      252.5484%   0.3970      0.0439 s        24.15 s     
	0700    0.2224      0.2200      246.7931%   0.3939      0.0405 s        28.20 s     
State: <vali>
	iter    Loss        MAE         MAPE        RMSE        Speed (/iter)   Time Cost   
	0000    0.1972      0.1972      227.5843%   0.3691      0.0244 s        0.02 s      
	0100    0.1832      0.1832      258.7238%   0.3442      0.0280 s        2.83 s      
State: <test>
	iter    Loss        MAE         MAPE        RMSE        Speed (/iter)   Time Cost   
	0000    0.2745      0.2745      167.4448%   0.4919      0.0346 s        0.03 s      
	0100    0.2176      0.2176      191.0386%   0.4086      0.0306 s        3.09 s      
	0200    0.1860      0.1860      218.3478%   0.3505      0.0283 s        5.92 s      
Info Report: <Epoch 017> 
	State   Avg. Loss   Avg. MAE    Avg. MAPE   Avg. RMSE   Time Cost   
	train   0.2231      0.2206      250.0634%   0.3949      30.98 s     
	vali    0.1826      0.1826      257.0828%   0.3431      2.89 s      
	test    0.2051      0.2051      209.8751%   0.3860      6.25 s      
<Latest 5>	13          14          15          16          17          
    Loss	0.2122      0.2072      0.2070      0.2062      0.2051      

Epoch: 018
State: <train>
	iter    Loss        MAE         MAPE        RMSE        Speed (/iter)   Time Cost   
	0000    0.2884      0.2856      279.3090%   0.4996      0.0481 s        0.05 s      
	0100    0.2243      0.2219      245.0446%   0.3977      0.0425 s        4.30 s      
	0200    0.2183      0.2159      244.9500%   0.3874      0.0372 s        8.02 s      
	0300    0.2207      0.2182      251.6486%   0.3918      0.0350 s        11.52 s     
	0400    0.2244      0.2219      256.5035%   0.3971      0.0360 s        15.11 s     
	0500    0.2216      0.2192      245.9485%   0.3934      0.0393 s        19.04 s     
	0600    0.2231      0.2207      250.6396%   0.3957      0.0431 s        23.35 s     
	0700    0.2230      0.2207      250.3484%   0.3960      0.0447 s        27.82 s     
State: <vali>
	iter    Loss        MAE         MAPE        RMSE        Speed (/iter)   Time Cost   
	0000    0.1564      0.1564      152.9802%   0.2910      0.0286 s        0.03 s      
	0100    0.1821      0.1821      253.6592%   0.3416      0.0287 s        2.90 s      
State: <test>
	iter    Loss        MAE         MAPE        RMSE        Speed (/iter)   Time Cost   
	0000    0.2664      0.2664      174.4083%   0.4719      0.0187 s        0.02 s      
	0100    0.2170      0.2170      193.1566%   0.4064      0.0260 s        2.62 s      
	0200    0.1877      0.1877      222.9559%   0.3524      0.0264 s        5.26 s      
Info Report: <Epoch 018> 
	State   Avg. Loss   Avg. MAE    Avg. MAPE   Avg. RMSE   Time Cost   
	train   0.2223      0.2198      249.9518%   0.3943      30.41 s     
	vali    0.1820      0.1820      256.4685%   0.3416      2.95 s      
	test    0.2057      0.2057      213.4778%   0.3858      5.58 s      
<Latest 5>	14          15          16          17          18          
    Loss	0.2072      0.2070      0.2062      0.2051      0.2057      

Epoch: 019
State: <train>
	iter    Loss        MAE         MAPE        RMSE        Speed (/iter)   Time Cost   
	0000    0.2181      0.2154      238.1508%   0.3875      0.0447 s        0.04 s      
	0100    0.2223      0.2199      253.7642%   0.3949      0.0437 s        4.42 s      
	0200    0.2211      0.2186      242.5512%   0.3925      0.0414 s        8.56 s      
	0300    0.2228      0.2203      258.1876%   0.3959      0.0409 s        12.65 s     
	0400    0.2213      0.2189      251.0448%   0.3935      0.0420 s        16.85 s     
	0500    0.2210      0.2186      249.7850%   0.3926      0.0378 s        20.64 s     
	0600    0.2202      0.2177      247.7493%   0.3913      0.0339 s        24.02 s     
	0700    0.2241      0.2216      255.7898%   0.3977      0.0406 s        28.08 s     
State: <vali>
	iter    Loss        MAE         MAPE        RMSE        Speed (/iter)   Time Cost   
	0000    0.1706      0.1706      232.9227%   0.3192      0.0653 s        0.07 s      
	0100    0.1826      0.1826      254.1824%   0.3436      0.0313 s        3.19 s      
State: <test>
	iter    Loss        MAE         MAPE        RMSE        Speed (/iter)   Time Cost   
	0000    0.2712      0.2712      171.1425%   0.4838      0.0174 s        0.02 s      
	0100    0.2173      0.2173      192.1580%   0.4090      0.0280 s        2.82 s      
	0200    0.1863      0.1863      221.0104%   0.3523      0.0312 s        5.94 s      
Info Report: <Epoch 019> 
	State   Avg. Loss   Avg. MAE    Avg. MAPE   Avg. RMSE   Time Cost   
	train   0.2217      0.2192      250.1865%   0.3938      30.66 s     
	vali    0.1825      0.1825      255.9973%   0.3434      3.25 s      
	test    0.2050      0.2050      211.5753%   0.3869      6.35 s      
<Latest 5>	15          16          17          18          19          
    Loss	0.2070      0.2062      0.2051      0.2057      0.2050      

Epoch: 020
State: <train>
	iter    Loss        MAE         MAPE        RMSE        Speed (/iter)   Time Cost   
	0000    0.2025      0.1995      266.2127%   0.3649      0.0203 s        0.02 s      
	0100    0.2231      0.2207      256.7350%   0.3969      0.0411 s        4.14 s      
	0200    0.2211      0.2186      251.0082%   0.3929      0.0413 s        8.27 s      
	0300    0.2210      0.2185      249.3171%   0.3928      0.0402 s        12.28 s     
	0400    0.2212      0.2188      250.7351%   0.3947      0.0440 s        16.68 s     
	0500    0.2208      0.2185      253.8124%   0.3930      0.0401 s        20.70 s     
	0600    0.2216      0.2192      248.0888%   0.3946      0.0387 s        24.57 s     
	0700    0.2192      0.2167      244.2807%   0.3906      0.0446 s        29.03 s     
State: <vali>
	iter    Loss        MAE         MAPE        RMSE        Speed (/iter)   Time Cost   
	0000    0.1731      0.1731      176.4352%   0.3198      0.0204 s        0.02 s      
	0100    0.1823      0.1823      254.0155%   0.3410      0.0164 s        1.66 s      
State: <test>
	iter    Loss        MAE         MAPE        RMSE        Speed (/iter)   Time Cost   
	0000    0.2533      0.2533      169.3231%   0.4470      0.0160 s        0.02 s      
	0100    0.2162      0.2162      191.5024%   0.4050      0.0201 s        2.02 s      
	0200    0.1874      0.1874      221.6971%   0.3525      0.0254 s        4.57 s      
Info Report: <Epoch 020> 
	State   Avg. Loss   Avg. MAE    Avg. MAPE   Avg. RMSE   Time Cost   
	train   0.2210      0.2186      250.4739%   0.3934      31.24 s     
	vali    0.1817      0.1817      253.9070%   0.3401      1.69 s      
	test    0.2049      0.2049      211.7594%   0.3848      5.15 s      
<Latest 5>	16          17          18          19          20          
    Loss	0.2062      0.2051      0.2057      0.2050      0.2049      

Epoch: 021
State: <train>
	iter    Loss        MAE         MAPE        RMSE        Speed (/iter)   Time Cost   
	0000    0.2713      0.2686      337.4933%   0.4707      0.0753 s        0.08 s      
	0100    0.2229      0.2204      255.9579%   0.3965      0.0410 s        4.17 s      
	0200    0.2173      0.2147      239.5750%   0.3874      0.0419 s        8.36 s      
	0300    0.2210      0.2185      251.3341%   0.3932      0.0421 s        12.58 s     
	0400    0.2209      0.2185      250.9191%   0.3929      0.0427 s        16.85 s     
	0500    0.2227      0.2202      258.0846%   0.3973      0.0408 s        20.93 s     
	0600    0.2184      0.2159      256.8800%   0.3895      0.0376 s        24.69 s     
	0700    0.2204      0.2180      244.7214%   0.3937      0.0408 s        28.77 s     
State: <vali>
	iter    Loss        MAE         MAPE        RMSE        Speed (/iter)   Time Cost   
	0000    0.1976      0.1976      310.1885%   0.3675      0.0265 s        0.03 s      
	0100    0.1808      0.1808      255.8496%   0.3410      0.0287 s        2.89 s      
State: <test>
	iter    Loss        MAE         MAPE        RMSE        Speed (/iter)   Time Cost   
	0000    0.2508      0.2508      170.4518%   0.4429      0.0242 s        0.02 s      
	0100    0.2144      0.2144      190.9319%   0.4041      0.0264 s        2.66 s      
	0200    0.1859      0.1859      221.4047%   0.3516      0.0291 s        5.57 s      
Info Report: <Epoch 021> 
	State   Avg. Loss   Avg. MAE    Avg. MAPE   Avg. RMSE   Time Cost   
	train   0.2204      0.2179      250.5879%   0.3927      31.34 s     
	vali    0.1809      0.1809      256.6295%   0.3412      2.95 s      
	test    0.2034      0.2034      211.3836%   0.3840      5.93 s      
<Latest 5>	17          18          19          20          21          
    Loss	0.2051      0.2057      0.2050      0.2049      0.2034      

Epoch: 022
State: <train>
	iter    Loss        MAE         MAPE        RMSE        Speed (/iter)   Time Cost   
	0000    0.1777      0.1748      182.3226%   0.3215      0.0445 s        0.04 s      
	0100    0.2195      0.2169      252.6206%   0.3917      0.0427 s        4.31 s      
	0200    0.2251      0.2226      248.5074%   0.4001      0.0300 s        7.31 s      
	0300    0.2152      0.2126      238.3670%   0.3838      0.0364 s        10.95 s     
	0400    0.2199      0.2174      249.7640%   0.3922      0.0430 s        15.25 s     
	0500    0.2180      0.2155      255.1588%   0.3900      0.0417 s        19.42 s     
	0600    0.2220      0.2195      252.2438%   0.3955      0.0374 s        23.16 s     
	0700    0.2195      0.2170      256.7094%   0.3922      0.0400 s        27.16 s     
State: <vali>
	iter    Loss        MAE         MAPE        RMSE        Speed (/iter)   Time Cost   
	0000    0.1747      0.1747      198.0918%   0.3315      0.0364 s        0.04 s      
	0100    0.1793      0.1793      255.0690%   0.3393      0.0283 s        2.86 s      
State: <test>
	iter    Loss        MAE         MAPE        RMSE        Speed (/iter)   Time Cost   
	0000    0.2428      0.2428      173.1308%   0.4283      0.0387 s        0.04 s      
	0100    0.2140      0.2140      193.6842%   0.4041      0.0283 s        2.87 s      
	0200    0.1865      0.1865      226.2472%   0.3538      0.0272 s        5.58 s      
Info Report: <Epoch 022> 
	State   Avg. Loss   Avg. MAE    Avg. MAPE   Avg. RMSE   Time Cost   
	train   0.2198      0.2173      250.7406%   0.3921      29.63 s     
	vali    0.1800      0.1800      257.1529%   0.3405      2.92 s      
	test    0.2033      0.2033      215.3175%   0.3850      5.89 s      
<Latest 5>	18          19          20          21          22          
    Loss	0.2057      0.2050      0.2049      0.2034      0.2033      

Epoch: 023
State: <train>
	iter    Loss        MAE         MAPE        RMSE        Speed (/iter)   Time Cost   
	0000    0.2199      0.2173      224.1209%   0.3957      0.0334 s        0.03 s      
	0100    0.2226      0.2201      253.1162%   0.3966      0.0405 s        4.08 s      
	0200    0.2183      0.2157      242.2883%   0.3898      0.0443 s        8.51 s      
	0300    0.2217      0.2192      255.1804%   0.3962      0.0418 s        12.69 s     
	0400    0.2174      0.2150      247.1487%   0.3881      0.0444 s        17.13 s     
	0500    0.2202      0.2178      260.7408%   0.3935      0.0343 s        20.56 s     
	0600    0.2188      0.2164      250.4559%   0.3908      0.0320 s        23.76 s     
	0700    0.2179      0.2154      252.2503%   0.3900      0.0379 s        27.55 s     
State: <vali>
	iter    Loss        MAE         MAPE        RMSE        Speed (/iter)   Time Cost   
	0000    0.1667      0.1667      317.7902%   0.3145      0.0133 s        0.01 s      
	0100    0.1799      0.1799      254.7510%   0.3393      0.0243 s        2.44 s      
State: <test>
	iter    Loss        MAE         MAPE        RMSE        Speed (/iter)   Time Cost   
	0000    0.2520      0.2520      164.6735%   0.4499      0.0171 s        0.02 s      
	0100    0.2143      0.2143      191.1940%   0.4042      0.0270 s        2.72 s      
	0200    0.1854      0.1854      223.6581%   0.3518      0.0296 s        5.68 s      
Info Report: <Epoch 023> 
	State   Avg. Loss   Avg. MAE    Avg. MAPE   Avg. RMSE   Time Cost   
	train   0.2192      0.2168      251.0145%   0.3916      30.07 s     
	vali    0.1803      0.1803      255.7326%   0.3400      2.50 s      
	test    0.2029      0.2029      212.8167%   0.3840      5.99 s      
<Latest 5>	19          20          21          22          23          
    Loss	0.2050      0.2049      0.2034      0.2033      0.2029      

Epoch: 024
State: <train>
	iter    Loss        MAE         MAPE        RMSE        Speed (/iter)   Time Cost   
	0000    0.2090      0.2067      283.5663%   0.3755      0.0438 s        0.04 s      
	0100    0.2142      0.2118      240.2516%   0.3840      0.0416 s        4.21 s      
	0200    0.2196      0.2172      249.7246%   0.3926      0.0403 s        8.23 s      
	0300    0.2185      0.2160      243.1863%   0.3901      0.0399 s        12.22 s     
	0400    0.2203      0.2179      258.4616%   0.3942      0.0442 s        16.64 s     
	0500    0.2201      0.2177      254.1577%   0.3937      0.0422 s        20.86 s     
	0600    0.2201      0.2177      255.5132%   0.3937      0.0403 s        24.89 s     
	0700    0.2196      0.2171      256.6696%   0.3928      0.0407 s        28.96 s     
State: <vali>
	iter    Loss        MAE         MAPE        RMSE        Speed (/iter)   Time Cost   
	0000    0.1675      0.1675      257.3772%   0.3237      0.0145 s        0.01 s      
	0100    0.1800      0.1800      255.4150%   0.3402      0.0193 s        1.95 s      
State: <test>
	iter    Loss        MAE         MAPE        RMSE        Speed (/iter)   Time Cost   
	0000    0.2547      0.2547      170.1118%   0.4528      0.0176 s        0.02 s      
	0100    0.2135      0.2135      192.3148%   0.4038      0.0196 s        1.98 s      
	0200    0.1857      0.1857      224.5195%   0.3528      0.0302 s        5.00 s      
Info Report: <Epoch 024> 
	State   Avg. Loss   Avg. MAE    Avg. MAPE   Avg. RMSE   Time Cost   
	train   0.2187      0.2162      250.9171%   0.3912      31.09 s     
	vali    0.1799      0.1799      255.4823%   0.3402      1.98 s      
	test    0.2028      0.2028      213.9402%   0.3844      5.33 s      
<Latest 5>	20          21          22          23          24          
    Loss	0.2049      0.2034      0.2033      0.2029      0.2028      

Epoch: 025
State: <train>
	iter    Loss        MAE         MAPE        RMSE        Speed (/iter)   Time Cost   
	0000    0.2444      0.2421      417.4227%   0.4415      0.0335 s        0.03 s      
	0100    0.2161      0.2136      248.2443%   0.3877      0.0416 s        4.20 s      
	0200    0.2189      0.2163      255.1579%   0.3918      0.0381 s        8.01 s      
	0300    0.2194      0.2169      249.1712%   0.3918      0.0400 s        12.00 s     
	0400    0.2176      0.2151      247.6002%   0.3904      0.0445 s        16.46 s     
	0500    0.2151      0.2127      247.6634%   0.3852      0.0398 s        20.44 s     
	0600    0.2190      0.2165      257.8356%   0.3925      0.0405 s        24.49 s     
	0700    0.2212      0.2186      255.1686%   0.3953      0.0371 s        28.20 s     
State: <vali>
	iter    Loss        MAE         MAPE        RMSE        Speed (/iter)   Time Cost   
	0000    0.1675      0.1675      231.2003%   0.3180      0.0332 s        0.03 s      
	0100    0.1804      0.1804      254.4074%   0.3399      0.0274 s        2.77 s      
State: <test>
	iter    Loss        MAE         MAPE        RMSE        Speed (/iter)   Time Cost   
	0000    0.2542      0.2542      169.3387%   0.4542      0.0382 s        0.04 s      
	0100    0.2122      0.2122      189.5249%   0.4013      0.0300 s        3.04 s      
	0200    0.1842      0.1842      221.1558%   0.3505      0.0293 s        5.97 s      
Info Report: <Epoch 025> 
	State   Avg. Loss   Avg. MAE    Avg. MAPE   Avg. RMSE   Time Cost   
	train   0.2182      0.2157      251.1663%   0.3908      30.44 s     
	vali    0.1802      0.1802      253.5543%   0.3395      2.85 s      
	test    0.2014      0.2014      210.7188%   0.3819      6.34 s      
<Latest 5>	21          22          23          24          25          
    Loss	0.2034      0.2033      0.2029      0.2028      0.2014      

Epoch: 026
State: <train>
	iter    Loss        MAE         MAPE        RMSE        Speed (/iter)   Time Cost   
	0000    0.1873      0.1849      144.9358%   0.3351      0.0311 s        0.03 s      
	0100    0.2144      0.2119      243.9128%   0.3845      0.0393 s        3.97 s      
	0200    0.2186      0.2161      244.7277%   0.3912      0.0321 s        7.17 s      
	0300    0.2184      0.2160      247.5404%   0.3918      0.0350 s        10.68 s     
	0400    0.2201      0.2177      258.0691%   0.3940      0.0439 s        15.07 s     
	0500    0.2169      0.2144      256.1451%   0.3894      0.0441 s        19.48 s     
	0600    0.2168      0.2143      249.2313%   0.3893      0.0422 s        23.70 s     
	0700    0.2201      0.2177      258.1032%   0.3941      0.0417 s        27.87 s     
State: <vali>
	iter    Loss        MAE         MAPE        RMSE        Speed (/iter)   Time Cost   
	0000    0.1977      0.1977      249.8457%   0.3637      0.0264 s        0.03 s      
	0100    0.1792      0.1792      260.3957%   0.3403      0.0226 s        2.29 s      
State: <test>
	iter    Loss        MAE         MAPE        RMSE        Speed (/iter)   Time Cost   
	0000    0.2371      0.2371      172.8534%   0.4197      0.0244 s        0.02 s      
	0100    0.2118      0.2118      195.0076%   0.4017      0.0254 s        2.56 s      
	0200    0.1860      0.1860      229.8172%   0.3545      0.0271 s        5.27 s      
Info Report: <Epoch 026> 
	State   Avg. Loss   Avg. MAE    Avg. MAPE   Avg. RMSE   Time Cost   
	train   0.2177      0.2153      250.9209%   0.3903      30.12 s     
	vali    0.1789      0.1789      259.5874%   0.3398      2.35 s      
	test    0.2021      0.2021      218.0828%   0.3842      5.58 s      
<Latest 5>	22          23          24          25          26          
    Loss	0.2033      0.2029      0.2028      0.2014      0.2021      

Epoch: 027
State: <train>
	iter    Loss        MAE         MAPE        RMSE        Speed (/iter)   Time Cost   
	0000    0.2139      0.2116      181.8024%   0.3882      0.0304 s        0.03 s      
	0100    0.2175      0.2150      247.8288%   0.3906      0.0432 s        4.35 s      
	0200    0.2203      0.2178      263.9387%   0.3947      0.0403 s        8.38 s      
	0300    0.2174      0.2150      254.4113%   0.3901      0.0424 s        12.61 s     
	0400    0.2156      0.2132      246.5585%   0.3868      0.0386 s        16.47 s     
	0500    0.2136      0.2111      242.0774%   0.3843      0.0325 s        19.72 s     
	0600    0.2158      0.2133      245.4117%   0.3869      0.0360 s        23.32 s     
	0700    0.2185      0.2161      252.2530%   0.3924      0.0420 s        27.51 s     
State: <vali>
	iter    Loss        MAE         MAPE        RMSE        Speed (/iter)   Time Cost   
	0000    0.1936      0.1936      312.3517%   0.3660      0.0376 s        0.04 s      
	0100    0.1794      0.1794      253.0637%   0.3376      0.0253 s        2.57 s      
State: <test>
	iter    Loss        MAE         MAPE        RMSE        Speed (/iter)   Time Cost   
	0000    0.2417      0.2417      171.5606%   0.4291      0.0133 s        0.01 s      
	0100    0.2108      0.2108      189.2898%   0.3983      0.0242 s        2.43 s      
	0200    0.1843      0.1843      222.0663%   0.3504      0.0264 s        5.08 s      
Info Report: <Epoch 027> 
	State   Avg. Loss   Avg. MAE    Avg. MAPE   Avg. RMSE   Time Cost   
	train   0.2172      0.2147      250.8105%   0.3898      30.10 s     
	vali    0.1798      0.1798      253.1670%   0.3383      2.62 s      
	test    0.2004      0.2004      211.2407%   0.3801      5.43 s      
<Latest 5>	23          24          25          26          27          
    Loss	0.2029      0.2028      0.2014      0.2021      0.2004      

Epoch: 028
State: <train>
	iter    Loss        MAE         MAPE        RMSE        Speed (/iter)   Time Cost   
	0000    0.2133      0.2110      242.3372%   0.3833      0.0430 s        0.04 s      
	0100    0.2156      0.2132      244.9073%   0.3873      0.0442 s        4.46 s      
	0200    0.2170      0.2147      259.6468%   0.3899      0.0409 s        8.55 s      
	0300    0.2162      0.2138      254.4756%   0.3886      0.0404 s        12.59 s     
	0400    0.2168      0.2144      256.8545%   0.3892      0.0429 s        16.88 s     
	0500    0.2192      0.2167      250.8904%   0.3931      0.0445 s        21.34 s     
	0600    0.2162      0.2138      246.3987%   0.3892      0.0411 s        25.45 s     
	0700    0.2150      0.2126      243.3833%   0.3869      0.0453 s        29.97 s     
State: <vali>
	iter    Loss        MAE         MAPE        RMSE        Speed (/iter)   Time Cost   
	0000    0.1602      0.1602      97.3123%    0.2973      0.0133 s        0.01 s      
	0100    0.1790      0.1790      252.5646%   0.3375      0.0173 s        1.75 s      
State: <test>
	iter    Loss        MAE         MAPE        RMSE        Speed (/iter)   Time Cost   
	0000    0.2345      0.2345      161.5010%   0.4156      0.0126 s        0.01 s      
	0100    0.2118      0.2118      190.9505%   0.3999      0.0153 s        1.54 s      
	0200    0.1864      0.1864      225.2428%   0.3538      0.0213 s        3.67 s      
Info Report: <Epoch 028> 
	State   Avg. Loss   Avg. MAE    Avg. MAPE   Avg. RMSE   Time Cost   
	train   0.2167      0.2143      250.7997%   0.3893      32.09 s     
	vali    0.1794      0.1794      255.0523%   0.3383      1.80 s      
	test    0.2020      0.2020      213.7338%   0.3825      3.93 s      
<Latest 5>	24          25          26          27          28          
    Loss	0.2028      0.2014      0.2021      0.2004      0.2020      

Epoch: 029
State: <train>
	iter    Loss        MAE         MAPE        RMSE        Speed (/iter)   Time Cost   
	0000    0.2176      0.2150      231.6993%   0.3860      0.0390 s        0.04 s      
	0100    0.2155      0.2132      241.4897%   0.3875      0.0440 s        4.44 s      
	0200    0.2169      0.2145      254.3851%   0.3897      0.0438 s        8.82 s      
	0300    0.2154      0.2132      249.8859%   0.3875      0.0411 s        12.94 s     
	0400    0.2160      0.2136      250.4139%   0.3886      0.0437 s        17.30 s     
	0500    0.2156      0.2130      249.4624%   0.3874      0.0438 s        21.69 s     
	0600    0.2185      0.2160      253.8853%   0.3933      0.0429 s        25.98 s     
	0700    0.2153      0.2128      253.7412%   0.3875      0.0435 s        30.33 s     
State: <vali>
	iter    Loss        MAE         MAPE        RMSE        Speed (/iter)   Time Cost   
	0000    0.1835      0.1835      166.9514%   0.3466      0.0363 s        0.04 s      
	0100    0.1788      0.1788      258.0841%   0.3392      0.0267 s        2.70 s      
State: <test>
	iter    Loss        MAE         MAPE        RMSE        Speed (/iter)   Time Cost   
	0000    0.2439      0.2439      174.4061%   0.4319      0.0316 s        0.03 s      
	0100    0.2106      0.2106      191.6130%   0.3993      0.0269 s        2.72 s      
	0200    0.1847      0.1847      225.2962%   0.3519      0.0242 s        5.14 s      
Info Report: <Epoch 029> 
	State   Avg. Loss   Avg. MAE    Avg. MAPE   Avg. RMSE   Time Cost   
	train   0.2163      0.2139      250.6314%   0.3890      32.90 s     
	vali    0.1785      0.1785      255.9146%   0.3386      2.76 s      
	test    0.2006      0.2006      213.8567%   0.3815      5.50 s      
<Latest 5>	25          26          27          28          29          
    Loss	0.2014      0.2021      0.2004      0.2020      0.2006      

Epoch: 030
State: <train>
	iter    Loss        MAE         MAPE        RMSE        Speed (/iter)   Time Cost   
	0000    0.2080      0.2055      169.5722%   0.3709      0.0143 s        0.01 s      
	0100    0.2158      0.2133      251.3323%   0.3883      0.0336 s        3.38 s      
	0200    0.2143      0.2117      254.4364%   0.3849      0.0311 s        6.49 s      
	0300    0.2169      0.2146      258.6801%   0.3898      0.0354 s        10.02 s     
	0400    0.2157      0.2132      248.2363%   0.3879      0.0444 s        14.46 s     
	0500    0.2129      0.2104      238.7344%   0.3841      0.0432 s        18.79 s     
	0600    0.2173      0.2149      251.3566%   0.3912      0.0418 s        22.97 s     
	0700    0.2171      0.2146      252.0241%   0.3904      0.0421 s        27.17 s     
State: <vali>
	iter    Loss        MAE         MAPE        RMSE        Speed (/iter)   Time Cost   
	0000    0.1670      0.1670      249.5686%   0.3181      0.0179 s        0.02 s      
	0100    0.1781      0.1781      256.3007%   0.3370      0.0295 s        2.97 s      
State: <test>
	iter    Loss        MAE         MAPE        RMSE        Speed (/iter)   Time Cost   
	0000    0.2301      0.2301      184.2358%   0.4055      0.0364 s        0.04 s      
	0100    0.2114      0.2114      195.5870%   0.3985      0.0251 s        2.55 s      
	0200    0.1885      0.1885      231.8715%   0.3566      0.0279 s        5.34 s      
Info Report: <Epoch 030> 
	State   Avg. Loss   Avg. MAE    Avg. MAPE   Avg. RMSE   Time Cost   
	train   0.2159      0.2134      249.8427%   0.3884      29.82 s     
	vali    0.1786      0.1786      258.3271%   0.3378      3.04 s      
	test    0.2029      0.2029      219.7091%   0.3833      5.79 s      
<Latest 5>	26          27          28          29          30          
    Loss	0.2021      0.2004      0.2020      0.2006      0.2029      

Epoch: 031
State: <train>
	iter    Loss        MAE         MAPE        RMSE        Speed (/iter)   Time Cost   
	0000    0.1937      0.1915      200.0158%   0.3481      0.0831 s        0.08 s      
	0100    0.2159      0.2135      252.1139%   0.3880      0.0383 s        3.91 s      
	0200    0.2148      0.2124      249.4810%   0.3872      0.0412 s        8.04 s      
	0300    0.2149      0.2126      248.5018%   0.3873      0.0442 s        12.46 s     
	0400    0.2153      0.2128      246.6989%   0.3874      0.0400 s        16.46 s     
	0500    0.2158      0.2135      246.4399%   0.3884      0.0338 s        19.84 s     
	0600    0.2154      0.2130      252.9669%   0.3882      0.0391 s        23.75 s     
	0700    0.2155      0.2128      259.4847%   0.3883      0.0444 s        28.19 s     
State: <vali>
	iter    Loss        MAE         MAPE        RMSE        Speed (/iter)   Time Cost   
	0000    0.1655      0.1655      185.1512%   0.3119      0.0377 s        0.04 s      
	0100    0.1778      0.1778      258.3102%   0.3371      0.0295 s        2.99 s      
State: <test>
	iter    Loss        MAE         MAPE        RMSE        Speed (/iter)   Time Cost   
	0000    0.2303      0.2303      177.5801%   0.4058      0.0248 s        0.02 s      
	0100    0.2108      0.2108      194.3099%   0.3984      0.0255 s        2.58 s      
	0200    0.1877      0.1877      230.3237%   0.3559      0.0214 s        4.71 s      
Info Report: <Epoch 031> 
	State   Avg. Loss   Avg. MAE    Avg. MAPE   Avg. RMSE   Time Cost   
	train   0.2155      0.2131      250.6649%   0.3882      30.66 s     
	vali    0.1784      0.1784      258.1947%   0.3381      3.05 s      
	test    0.2022      0.2022      218.2408%   0.3829      5.04 s      
<Latest 5>	27          28          29          30          31          
    Loss	0.2004      0.2020      0.2006      0.2029      0.2022      

Epoch: 032
State: <train>
	iter    Loss        MAE         MAPE        RMSE        Speed (/iter)   Time Cost   
	0000    0.2086      0.2062      234.0508%   0.3807      0.0319 s        0.03 s      
	0100    0.2156      0.2130      254.9632%   0.3881      0.0402 s        4.05 s      
	0200    0.2122      0.2096      239.3038%   0.3827      0.0398 s        8.04 s      
	0300    0.2124      0.2099      248.2353%   0.3831      0.0421 s        12.25 s     
	0400    0.2144      0.2120      240.5612%   0.3867      0.0448 s        16.73 s     
	0500    0.2162      0.2136      255.8367%   0.3891      0.0416 s        20.89 s     
	0600    0.2173      0.2146      250.7983%   0.3913      0.0446 s        25.35 s     
	0700    0.2163      0.2138      258.0602%   0.3894      0.0421 s        29.56 s     
State: <vali>
	iter    Loss        MAE         MAPE        RMSE        Speed (/iter)   Time Cost   
	0000    0.1551      0.1551      209.6473%   0.2978      0.0144 s        0.01 s      
	0100    0.1791      0.1791      255.3640%   0.3374      0.0198 s        1.99 s      
State: <test>
	iter    Loss        MAE         MAPE        RMSE        Speed (/iter)   Time Cost   
	0000    0.2293      0.2293      170.0245%   0.4058      0.0388 s        0.04 s      
	0100    0.2099      0.2099      188.4308%   0.3967      0.0247 s        2.51 s      
	0200    0.1857      0.1857      223.4710%   0.3531      0.0292 s        5.42 s      
Info Report: <Epoch 032> 
	State   Avg. Loss   Avg. MAE    Avg. MAPE   Avg. RMSE   Time Cost   
	train   0.2152      0.2127      250.2592%   0.3877      31.49 s     
	vali    0.1793      0.1793      256.2518%   0.3379      2.03 s      
	test    0.2007      0.2007      211.6601%   0.3805      5.68 s      
<Latest 5>	28          29          30          31          32          
    Loss	0.2020      0.2006      0.2029      0.2022      0.2007      

Epoch: 033
State: <train>
	iter    Loss        MAE         MAPE        RMSE        Speed (/iter)   Time Cost   
	0000    0.1939      0.1915      206.7402%   0.3524      0.0245 s        0.02 s      
	0100    0.2131      0.2106      246.9554%   0.3842      0.0378 s        3.81 s      
	0200    0.2148      0.2123      257.8494%   0.3880      0.0403 s        7.84 s      
	0300    0.2137      0.2113      244.2154%   0.3851      0.0456 s        12.39 s     
	0400    0.2162      0.2137      243.3608%   0.3896      0.0447 s        16.87 s     
	0500    0.2156      0.2129      254.0069%   0.3877      0.0453 s        21.40 s     
	0600    0.2165      0.2140      254.4192%   0.3901      0.0411 s        25.51 s     
	0700    0.2153      0.2128      248.1217%   0.3878      0.0430 s        29.81 s     
State: <vali>
	iter    Loss        MAE         MAPE        RMSE        Speed (/iter)   Time Cost   
	0000    0.1906      0.1906      214.2157%   0.3457      0.0268 s        0.03 s      
	0100    0.1775      0.1775      253.6709%   0.3372      0.0281 s        2.84 s      
State: <test>
	iter    Loss        MAE         MAPE        RMSE        Speed (/iter)   Time Cost   
	0000    0.2368      0.2368      165.1468%   0.4217      0.0394 s        0.04 s      
	0100    0.2099      0.2099      190.2086%   0.3984      0.0285 s        2.89 s      
	0200    0.1857      0.1857      225.2624%   0.3543      0.0243 s        5.32 s      
Info Report: <Epoch 033> 
	State   Avg. Loss   Avg. MAE    Avg. MAPE   Avg. RMSE   Time Cost   
	train   0.2150      0.2124      250.6923%   0.3874      32.42 s     
	vali    0.1780      0.1780      255.2752%   0.3380      2.90 s      
	test    0.2006      0.2006      213.0334%   0.3818      5.57 s      
<Latest 5>	29          30          31          32          33          
    Loss	0.2006      0.2029      0.2022      0.2007      0.2006      

Epoch: 034
State: <train>
	iter    Loss        MAE         MAPE        RMSE        Speed (/iter)   Time Cost   
	0000    0.2015      0.1991      192.5874%   0.3645      0.0253 s        0.03 s      
	0100    0.2141      0.2115      249.2211%   0.3859      0.0307 s        3.10 s      
	0200    0.2158      0.2132      248.1972%   0.3891      0.0325 s        6.34 s      
	0300    0.2126      0.2101      255.4504%   0.3834      0.0418 s        10.52 s     
	0400    0.2140      0.2115      243.3886%   0.3863      0.0442 s        14.94 s     
	0500    0.2153      0.2129      242.0659%   0.3886      0.0446 s        19.40 s     
	0600    0.2174      0.2150      256.9941%   0.3924      0.0446 s        23.85 s     
	0700    0.2137      0.2113      252.9915%   0.3857      0.0434 s        28.20 s     
State: <vali>
	iter    Loss        MAE         MAPE        RMSE        Speed (/iter)   Time Cost   
	0000    0.2112      0.2112      254.0519%   0.3943      0.0348 s        0.03 s      
	0100    0.1778      0.1778      260.3699%   0.3375      0.0328 s        3.31 s      
State: <test>
	iter    Loss        MAE         MAPE        RMSE        Speed (/iter)   Time Cost   
	0000    0.2270      0.2270      172.4024%   0.4030      0.0141 s        0.01 s      
	0100    0.2090      0.2090      192.1938%   0.3970      0.0329 s        3.31 s      
	0200    0.1856      0.1856      228.9594%   0.3541      0.0271 s        6.02 s      
Info Report: <Epoch 034> 
	State   Avg. Loss   Avg. MAE    Avg. MAPE   Avg. RMSE   Time Cost   
	train   0.2146      0.2121      249.7805%   0.3871      30.78 s     
	vali    0.1779      0.1779      259.7061%   0.3377      3.39 s      
	test    0.2002      0.2002      216.4134%   0.3813      6.28 s      
<Latest 5>	30          31          32          33          34          
    Loss	0.2029      0.2022      0.2007      0.2006      0.2002      

Epoch: 035
State: <train>
	iter    Loss        MAE         MAPE        RMSE        Speed (/iter)   Time Cost   
	0000    0.2218      0.2197      373.8846%   0.4051      0.0356 s        0.04 s      
	0100    0.2154      0.2128      258.9526%   0.3887      0.0386 s        3.89 s      
	0200    0.2126      0.2101      247.2322%   0.3846      0.0397 s        7.86 s      
	0300    0.2180      0.2156      264.4336%   0.3933      0.0406 s        11.93 s     
	0400    0.2125      0.2101      244.2785%   0.3840      0.0336 s        15.29 s     
	0500    0.2135      0.2110      253.1380%   0.3848      0.0351 s        18.79 s     
	0600    0.2130      0.2104      249.1831%   0.3844      0.0426 s        23.05 s     
	0700    0.2140      0.2116      240.3496%   0.3867      0.0441 s        27.46 s     
State: <vali>
	iter    Loss        MAE         MAPE        RMSE        Speed (/iter)   Time Cost   
	0000    0.1813      0.1813      294.6082%   0.3371      0.0274 s        0.03 s      
	0100    0.1777      0.1777      253.9528%   0.3373      0.0270 s        2.72 s      
State: <test>
	iter    Loss        MAE         MAPE        RMSE        Speed (/iter)   Time Cost   
	0000    0.2311      0.2311      178.1863%   0.4110      0.0327 s        0.03 s      
	0100    0.2090      0.2090      189.6484%   0.3970      0.0360 s        3.64 s      
	0200    0.1864      0.1864      224.0951%   0.3555      0.0308 s        6.72 s      
Info Report: <Epoch 035> 
	State   Avg. Loss   Avg. MAE    Avg. MAPE   Avg. RMSE   Time Cost   
	train   0.2142      0.2118      250.7367%   0.3868      29.91 s     
	vali    0.1780      0.1780      254.2599%   0.3377      2.80 s      
	test    0.2004      0.2004      212.4706%   0.3816      7.12 s      
<Latest 5>	31          32          33          34          35          
    Loss	0.2022      0.2007      0.2006      0.2002      0.2004      

Epoch: 036
State: <train>
	iter    Loss        MAE         MAPE        RMSE        Speed (/iter)   Time Cost   
	0000    0.2067      0.2042      248.5302%   0.3718      0.0351 s        0.04 s      
	0100    0.2158      0.2133      250.7992%   0.3896      0.0334 s        3.37 s      
	0200    0.2112      0.2088      242.3276%   0.3817      0.0405 s        7.42 s      
	0300    0.2139      0.2114      250.6866%   0.3863      0.0430 s        11.72 s     
	0400    0.2133      0.2108      251.3992%   0.3853      0.0456 s        16.28 s     
	0500    0.2121      0.2097      243.5443%   0.3828      0.0426 s        20.55 s     
	0600    0.2122      0.2099      247.8380%   0.3841      0.0391 s        24.46 s     
	0700    0.2165      0.2139      265.0701%   0.3916      0.0359 s        28.05 s     
State: <vali>
	iter    Loss        MAE         MAPE        RMSE        Speed (/iter)   Time Cost   
	0000    0.1860      0.1860      262.4795%   0.3528      0.0191 s        0.02 s      
	0100    0.1778      0.1778      256.6762%   0.3366      0.0271 s        2.73 s      
State: <test>
	iter    Loss        MAE         MAPE        RMSE        Speed (/iter)   Time Cost   
	0000    0.2138      0.2138      182.0633%   0.3775      0.0230 s        0.02 s      
	0100    0.2085      0.2085      193.1476%   0.3951      0.0247 s        2.49 s      
	0200    0.1865      0.1865      231.4386%   0.3549      0.0255 s        5.04 s      
Info Report: <Epoch 036> 
	State   Avg. Loss   Avg. MAE    Avg. MAPE   Avg. RMSE   Time Cost   
	train   0.2137      0.2113      250.2054%   0.3862      30.05 s     
	vali    0.1781      0.1781      257.7393%   0.3371      2.79 s      
	test    0.2002      0.2002      217.9519%   0.3804      5.32 s      
<Latest 5>	32          33          34          35          36          
    Loss	0.2007      0.2006      0.2002      0.2004      0.2002      

Epoch: 037
State: <train>
	iter    Loss        MAE         MAPE        RMSE        Speed (/iter)   Time Cost   
	0000    0.1894      0.1869      168.9368%   0.3512      0.0391 s        0.04 s      
	0100    0.2125      0.2100      254.6778%   0.3836      0.0393 s        3.97 s      
	0200    0.2132      0.2106      252.2023%   0.3858      0.0388 s        7.85 s      
	0300    0.2142      0.2117      250.4871%   0.3870      0.0448 s        12.33 s     
	0400    0.2132      0.2107      251.1966%   0.3856      0.0456 s        16.89 s     
	0500    0.2123      0.2097      245.6138%   0.3835      0.0415 s        21.03 s     
	0600    0.2141      0.2116      255.0377%   0.3876      0.0438 s        25.42 s     
	0700    0.2161      0.2137      243.8851%   0.3899      0.0457 s        29.98 s     
State: <vali>
	iter    Loss        MAE         MAPE        RMSE        Speed (/iter)   Time Cost   
	0000    0.1722      0.1722      227.2031%   0.3263      0.0359 s        0.04 s      
	0100    0.1776      0.1776      256.7905%   0.3378      0.0265 s        2.69 s      
State: <test>
	iter    Loss        MAE         MAPE        RMSE        Speed (/iter)   Time Cost   
	0000    0.2246      0.2246      172.6033%   0.3971      0.0324 s        0.03 s      
	0100    0.2080      0.2080      191.9853%   0.3952      0.0210 s        2.13 s      
	0200    0.1851      0.1851      227.6968%   0.3531      0.0169 s        3.82 s      
Info Report: <Epoch 037> 
	State   Avg. Loss   Avg. MAE    Avg. MAPE   Avg. RMSE   Time Cost   
	train   0.2136      0.2111      250.0843%   0.3860      32.55 s     
	vali    0.1773      0.1773      256.9232%   0.3371      2.74 s      
	test    0.1994      0.1994      215.4751%   0.3797      4.06 s      
<Latest 5>	33          34          35          36          37          
    Loss	0.2006      0.2002      0.2004      0.2002      0.1994      

Epoch: 038
State: <train>
	iter    Loss        MAE         MAPE        RMSE        Speed (/iter)   Time Cost   
	0000    0.2099      0.2075      217.5562%   0.3741      0.0227 s        0.02 s      
	0100    0.2128      0.2104      244.0642%   0.3851      0.0296 s        2.98 s      
	0200    0.2160      0.2136      247.9145%   0.3901      0.0398 s        6.96 s      
	0300    0.2110      0.2085      246.1995%   0.3819      0.0420 s        11.16 s     
	0400    0.2124      0.2099      255.5657%   0.3847      0.0426 s        15.43 s     
	0500    0.2134      0.2110      249.3063%   0.3866      0.0421 s        19.64 s     
	0600    0.2138      0.2113      245.4910%   0.3861      0.0430 s        23.94 s     
	0700    0.2135      0.2110      258.2558%   0.3860      0.0435 s        28.29 s     
State: <vali>
	iter    Loss        MAE         MAPE        RMSE        Speed (/iter)   Time Cost   
	0000    0.1733      0.1733      295.8257%   0.3308      0.0131 s        0.01 s      
	0100    0.1787      0.1787      255.6707%   0.3378      0.0272 s        2.74 s      
State: <test>
	iter    Loss        MAE         MAPE        RMSE        Speed (/iter)   Time Cost   
	0000    0.2135      0.2135      168.6770%   0.3781      0.0326 s        0.03 s      
	0100    0.2082      0.2082      191.1718%   0.3944      0.0235 s        2.38 s      
	0200    0.1873      0.1873      228.7917%   0.3560      0.0245 s        4.84 s      
Info Report: <Epoch 038> 
	State   Avg. Loss   Avg. MAE    Avg. MAPE   Avg. RMSE   Time Cost   
	train   0.2132      0.2108      249.9262%   0.3857      31.06 s     
	vali    0.1784      0.1784      255.0404%   0.3373      2.79 s      
	test    0.2003      0.2003      215.6435%   0.3802      5.06 s      
<Latest 5>	34          35          36          37          38          
    Loss	0.2002      0.2004      0.2002      0.1994      0.2003      

Epoch: 039
State: <train>
	iter    Loss        MAE         MAPE        RMSE        Speed (/iter)   Time Cost   
	0000    0.2262      0.2236      252.9510%   0.4093      0.0261 s        0.03 s      
	0100    0.2104      0.2079      245.0094%   0.3810      0.0411 s        4.13 s      
	0200    0.2134      0.2110      253.2331%   0.3859      0.0425 s        8.39 s      
	0300    0.2116      0.2090      242.8697%   0.3832      0.0342 s        11.80 s     
	0400    0.2103      0.2078      241.2068%   0.3809      0.0360 s        15.41 s     
	0500    0.2177      0.2152      261.6286%   0.3934      0.0433 s        19.73 s     
	0600    0.2142      0.2117      249.4890%   0.3873      0.0451 s        24.25 s     
	0700    0.2138      0.2113      252.6961%   0.3867      0.0422 s        28.46 s     
State: <vali>
	iter    Loss        MAE         MAPE        RMSE        Speed (/iter)   Time Cost   
	0000    0.1758      0.1758      248.6773%   0.3286      0.0341 s        0.03 s      
	0100    0.1771      0.1771      258.8800%   0.3370      0.0272 s        2.75 s      
State: <test>
	iter    Loss        MAE         MAPE        RMSE        Speed (/iter)   Time Cost   
	0000    0.2093      0.2093      171.2725%   0.3683      0.0204 s        0.02 s      
	0100    0.2078      0.2078      192.7928%   0.3946      0.0281 s        2.83 s      
	0200    0.1865      0.1865      230.7447%   0.3554      0.0235 s        5.18 s      
Info Report: <Epoch 039> 
	State   Avg. Loss   Avg. MAE    Avg. MAPE   Avg. RMSE   Time Cost   
	train   0.2130      0.2105      249.8366%   0.3854      30.98 s     
	vali    0.1773      0.1773      258.3352%   0.3371      2.80 s      
	test    0.1997      0.1997      217.3364%   0.3802      5.49 s      
<Latest 5>	35          36          37          38          39          
    Loss	0.2004      0.2002      0.1994      0.2003      0.1997      

Epoch: 040
State: <train>
	iter    Loss        MAE         MAPE        RMSE        Speed (/iter)   Time Cost   
	0000    0.1915      0.1893      164.6057%   0.3486      0.0276 s        0.03 s      
	0100    0.2103      0.2079      244.6749%   0.3808      0.0418 s        4.21 s      
	0200    0.2141      0.2117      251.4036%   0.3879      0.0442 s        8.63 s      
	0300    0.2125      0.2100      247.8001%   0.3847      0.0403 s        12.66 s     
	0400    0.2125      0.2100      257.9158%   0.3846      0.0400 s        16.66 s     
	0500    0.2135      0.2112      245.2472%   0.3865      0.0429 s        20.96 s     
	0600    0.2147      0.2122      257.2083%   0.3882      0.0339 s        24.35 s     
	0700    0.2113      0.2089      243.1032%   0.3826      0.0361 s        27.96 s     
State: <vali>
	iter    Loss        MAE         MAPE        RMSE        Speed (/iter)   Time Cost   
	0000    0.1880      0.1880      217.8124%   0.3483      0.0148 s        0.01 s      
	0100    0.1768      0.1768      257.1798%   0.3362      0.0256 s        2.58 s      
State: <test>
	iter    Loss        MAE         MAPE        RMSE        Speed (/iter)   Time Cost   
	0000    0.2249      0.2249      193.6250%   0.3960      0.0219 s        0.02 s      
	0100    0.2081      0.2081      193.5556%   0.3951      0.0236 s        2.38 s      
	0200    0.1873      0.1873      232.7132%   0.3568      0.0254 s        4.91 s      
Info Report: <Epoch 040> 
	State   Avg. Loss   Avg. MAE    Avg. MAPE   Avg. RMSE   Time Cost   
	train   0.2126      0.2102      249.7368%   0.3849      30.40 s     
	vali    0.1769      0.1769      257.7512%   0.3365      2.63 s      
	test    0.2004      0.2004      219.1015%   0.3813      5.24 s      
<Latest 5>	36          37          38          39          40          
    Loss	0.2002      0.1994      0.2003      0.1997      0.2004      

Epoch: 041
State: <train>
	iter    Loss        MAE         MAPE        RMSE        Speed (/iter)   Time Cost   
	0000    0.2061      0.2037      250.2717%   0.3800      0.0247 s        0.02 s      
	0100    0.2122      0.2098      252.8117%   0.3842      0.0440 s        4.43 s      
	0200    0.2131      0.2107      248.3356%   0.3859      0.0442 s        8.84 s      
	0300    0.2128      0.2105      253.7476%   0.3858      0.0390 s        12.74 s     
	0400    0.2143      0.2119      254.1642%   0.3878      0.0406 s        16.80 s     
	0500    0.2112      0.2088      245.9266%   0.3827      0.0418 s        20.98 s     
	0600    0.2094      0.2070      249.7985%   0.3801      0.0445 s        25.42 s     
	0700    0.2114      0.2089      245.8865%   0.3828      0.0464 s        30.06 s     
State: <vali>
	iter    Loss        MAE         MAPE        RMSE        Speed (/iter)   Time Cost   
	0000    0.1949      0.1949      364.3180%   0.3681      0.0332 s        0.03 s      
	0100    0.1772      0.1772      249.8886%   0.3359      0.0224 s        2.27 s      
State: <test>
	iter    Loss        MAE         MAPE        RMSE        Speed (/iter)   Time Cost   
	0000    0.2262      0.2262      168.3862%   0.4026      0.0185 s        0.02 s      
	0100    0.2081      0.2081      187.3856%   0.3956      0.0165 s        1.67 s      
	0200    0.1866      0.1866      223.2766%   0.3566      0.0169 s        3.36 s      
Info Report: <Epoch 041> 
	State   Avg. Loss   Avg. MAE    Avg. MAPE   Avg. RMSE   Time Cost   
	train   0.2123      0.2099      249.8006%   0.3846      32.68 s     
	vali    0.1776      0.1776      251.7784%   0.3366      2.31 s      
	test    0.2001      0.2001      210.8454%   0.3813      3.60 s      
<Latest 5>	37          38          39          40          41          
    Loss	0.1994      0.2003      0.1997      0.2004      0.2001      

Epoch: 042
State: <train>
	iter    Loss        MAE         MAPE        RMSE        Speed (/iter)   Time Cost   
	0000    0.2177      0.2156      292.7503%   0.3936      0.0379 s        0.04 s      
	0100    0.2122      0.2098      245.1696%   0.3840      0.0414 s        4.18 s      
	0200    0.2136      0.2111      253.3772%   0.3872      0.0420 s        8.37 s      
	0300    0.2114      0.2090      245.8824%   0.3833      0.0425 s        12.62 s     
	0400    0.2127      0.2102      250.9817%   0.3852      0.0388 s        16.50 s     
	0500    0.2088      0.2064      245.8797%   0.3789      0.0408 s        20.58 s     
	0600    0.2102      0.2078      251.0948%   0.3815      0.0420 s        24.78 s     
	0700    0.2131      0.2107      249.3364%   0.3862      0.0453 s        29.31 s     
State: <vali>
	iter    Loss        MAE         MAPE        RMSE        Speed (/iter)   Time Cost   
	0000    0.1969      0.1969      215.1174%   0.3716      0.0338 s        0.03 s      
	0100    0.1760      0.1760      256.2482%   0.3359      0.0259 s        2.62 s      
State: <test>
	iter    Loss        MAE         MAPE        RMSE        Speed (/iter)   Time Cost   
	0000    0.2221      0.2221      175.8382%   0.3922      0.0268 s        0.03 s      
	0100    0.2063      0.2063      191.3349%   0.3930      0.0244 s        2.46 s      
	0200    0.1853      0.1853      229.1328%   0.3540      0.0247 s        4.93 s      
Info Report: <Epoch 042> 
	State   Avg. Loss   Avg. MAE    Avg. MAPE   Avg. RMSE   Time Cost   
	train   0.2119      0.2095      249.1455%   0.3842      31.91 s     
	vali    0.1763      0.1763      257.3760%   0.3364      2.68 s      
	test    0.1985      0.1985      215.8664%   0.3787      5.25 s      
<Latest 5>	38          39          40          41          42          
    Loss	0.2003      0.1997      0.2004      0.2001      0.1985      

<Final Report>
	Idx     Avg. MAE    Avg. MAPE   Avg. RMSE   Avg. MSE    
	42      0.19848     215.8664%   42.45836%   0.18027     
	Notes: None
	Training finished!

Script finished. Total runtime: 1550.705391 seconds
