nohup: ignoring input
Regenerating dataset.
	Done.
Loading existence torch dataset.
	choice channels ['0', '1', '2', '3', '4', '5', '6', '7', '8', '9', '10', '11', '12', '13', '14', '15', '16', '17', '18', '19', '20', '21', '22', '23', '24', '25', '26', '27', '28', '29', '30', '31', '32', '33', '34', '35', '36', '37', '38', '39', '40', '41', '42', '43', '44', '45', '46', '47', '48', '49', '50', '51', '52', '53', '54', '55', '56', '57', '58', '59', '60', '61', '62', '63', '64', '65', '66', '67', '68', '69', '70', '71', '72', '73', '74', '75', '76', '77', '78', '79', '80', '81', '82', '83', '84', '85', '86', '87', '88', '89', '90', '91', '92', '93', '94', '95', '96', '97', '98', '99', '100', '101', '102', '103', '104', '105', '106', '107', '108', '109', '110', '111', '112', '113', '114', '115', '116', '117', '118', '119', '120', '121', '122', '123', '124', '125', '126', '127', '128', '129', '130', '131', '132', '133', '134', '135', '136', '137', '138', '139', '140', '141', '142', '143', '144', '145', '146', '147', '148', '149', '150', '151', '152', '153', '154', '155', '156', '157', '158', '159', '160', '161', '162', '163', '164', '165', '166', '167', '168', '169', '170', '171', '172', '173', '174', '175', '176', '177', '178', '179', '180', '181', '182', '183', '184', '185', '186', '187', '188', '189', '190', '191', '192', '193', '194', '195', '196', '197', '198', '199', '200', '201', '202', '203', '204', '205', '206', '207', '208', '209', '210', '211', '212', '213', '214', '215', '216', '217', '218', '219', '220', '221', '222', '223', '224', '225', '226', '227', '228', '229', '230', '231', '232', '233', '234', '235', '236', '237', '238', '239', '240', '241', '242', '243', '244', '245', '246', '247', '248', '249', '250', '251', '252', '253', '254', '255', '256', '257', '258', '259', '260', '261', '262', '263', '264', '265', '266', '267', '268', '269', '270', '271', '272', '273', '274', '275', '276', '277', '278', '279', '280', '281', '282', '283', '284', '285', '286', '287', '288', '289', '290', '291', '292', '293', '294', '295', '296', '297', '298', '299', '300', '301', '302', '303', '304', '305', '306', '307', '308', '309', '310', '311', '312', '313', '314', '315', '316', '317', '318', '319', 'OT']
	train: 18288
	vali : 2328
	test : 5016
agga-fln

Experiment Start at <2025-02-19_09:19:26>
	PID: <2419644>
	Notes: <None>

Envs Setting:
    loss: "l1";      dataset_prob: "[0.7, 0.1, 0.2]";      data_scale: "True";  
    date_scale: "True";      c_out: "321";      regen_dataset: "True";  
    check_dataloader: "False";      muti_process: "False";      seed: "42";      device: "cuda:0";  
    dtype: "torch.float32";      adjust_lr: "False";      save_best_model: "True";  
    load_best_model: "False";      inp_len: "96";      pred_len: "96";      epochs: "42";  
    batch_size: "32";      optimizer: "amam";      learning_rate: "0.0001";  
    weight_decay: "0";      dropout: "0.3";      c_in: "321";  
Model Setting:
    name: "agga-fln";      order: "2";      dilation: "1";      kernel_size: "3";  
    emb_dim: "8";      dropout: "0.5";      sta_layers: "2";      share: "False";  
    use_update: "False";      c_date: "5";      n_nodes: "1";      c_in: "321";      c_out: "321";  
    device: "cuda:0";      inp_len: "96";      pred_len: "96";  
Dataset Setting:
    name: "electricity";      channels: "321";      n_nodes: "1";      lens: "26304";  
    time_window: "60mins";  
    channel_info: "['0', '1', '2', '3', '4', '5', '6', '7', '8', '9', '10', '11', '12', '13', '14', '15', '16', '17', '18', '19', '20', '21', '22', '23', '24', '25', '26', '27', '28', '29', '30', '31', '32', '33', '34', '35', '36', '37', '38', '39', '40', '41', '42', '43', '44', '45', '46', '47', '48', '49', '50', '51', '52', '53', '54', '55', '56', '57', '58', '59', '60', '61', '62', '63', '64', '65', '66', '67', '68', '69', '70', '71', '72', '73', '74', '75', '76', '77', '78', '79', '80', '81', '82', '83', '84', '85', '86', '87', '88', '89', '90', '91', '92', '93', '94', '95', '96', '97', '98', '99', '100', '101', '102', '103', '104', '105', '106', '107', '108', '109', '110', '111', '112', '113', '114', '115', '116', '117', '118', '119', '120', '121', '122', '123', '124', '125', '126', '127', '128', '129', '130', '131', '132', '133', '134', '135', '136', '137', '138', '139', '140', '141', '142', '143', '144', '145', '146', '147', '148', '149', '150', '151', '152', '153', '154', '155', '156', '157', '158', '159', '160', '161', '162', '163', '164', '165', '166', '167', '168', '169', '170', '171', '172', '173', '174', '175', '176', '177', '178', '179', '180', '181', '182', '183', '184', '185', '186', '187', '188', '189', '190', '191', '192', '193', '194', '195', '196', '197', '198', '199', '200', '201', '202', '203', '204', '205', '206', '207', '208', '209', '210', '211', '212', '213', '214', '215', '216', '217', '218', '219', '220', '221', '222', '223', '224', '225', '226', '227', '228', '229', '230', '231', '232', '233', '234', '235', '236', '237', '238', '239', '240', '241', '242', '243', '244', '245', '246', '247', '248', '249', '250', '251', '252', '253', '254', '255', '256', '257', '258', '259', '260', '261', '262', '263', '264', '265', '266', '267', '268', '269', '270', '271', '272', '273', '274', '275', '276', '277', '278', '279', '280', '281', '282', '283', '284', '285', '286', '287', '288', '289', '290', '291', '292', '293', '294', '295', '296', '297', '298', '299', '300', '301', '302', '303', '304', '305', '306', '307', '308', '309', '310', '311', '312', '313', '314', '315', '316', '317', '318', '319', 'OT']";  
    choise_channels: "[0, 1, 2, 3, 4, 5, 6, 7, 8, 9, 10, 11, 12, 13, 14, 15, 16, 17, 18, 19, 20, 21, 22, 23, 24, 25, 26, 27, 28, 29, 30, 31, 32, 33, 34, 35, 36, 37, 38, 39, 40, 41, 42, 43, 44, 45, 46, 47, 48, 49, 50, 51, 52, 53, 54, 55, 56, 57, 58, 59, 60, 61, 62, 63, 64, 65, 66, 67, 68, 69, 70, 71, 72, 73, 74, 75, 76, 77, 78, 79, 80, 81, 82, 83, 84, 85, 86, 87, 88, 89, 90, 91, 92, 93, 94, 95, 96, 97, 98, 99, 100, 101, 102, 103, 104, 105, 106, 107, 108, 109, 110, 111, 112, 113, 114, 115, 116, 117, 118, 119, 120, 121, 122, 123, 124, 125, 126, 127, 128, 129, 130, 131, 132, 133, 134, 135, 136, 137, 138, 139, 140, 141, 142, 143, 144, 145, 146, 147, 148, 149, 150, 151, 152, 153, 154, 155, 156, 157, 158, 159, 160, 161, 162, 163, 164, 165, 166, 167, 168, 169, 170, 171, 172, 173, 174, 175, 176, 177, 178, 179, 180, 181, 182, 183, 184, 185, 186, 187, 188, 189, 190, 191, 192, 193, 194, 195, 196, 197, 198, 199, 200, 201, 202, 203, 204, 205, 206, 207, 208, 209, 210, 211, 212, 213, 214, 215, 216, 217, 218, 219, 220, 221, 222, 223, 224, 225, 226, 227, 228, 229, 230, 231, 232, 233, 234, 235, 236, 237, 238, 239, 240, 241, 242, 243, 244, 245, 246, 247, 248, 249, 250, 251, 252, 253, 254, 255, 256, 257, 258, 259, 260, 261, 262, 263, 264, 265, 266, 267, 268, 269, 270, 271, 272, 273, 274, 275, 276, 277, 278, 279, 280, 281, 282, 283, 284, 285, 286, 287, 288, 289, 290, 291, 292, 293, 294, 295, 296, 297, 298, 299, 300, 301, 302, 303, 304, 305, 306, 307, 308, 309, 310, 311, 312, 313, 314, 315, 316, 317, 318, 319, 320]";  
    nodes_info: "['None']";      choise_nodes: "[-1]";      folder_path: "./dataset/electricity";  
    file_name: "electricity.csv";      adj_path: "None";      period_type: "week";  
    c_date: "5";      raw_path: "./raw_files/electricity/electricity.csv";  
    data_channels: "321";      dataset_type: "['train', 'test', 'vali']";      scale: "True";  
    inp_len: "96";      pred_len: "96";      dtype: "torch.float32";      num_nodes: "1";  
    n_channels: "321";      data_scale: "True";      date_scale: "True";  

Epoch: 001
State: <train>
	iter    Loss        MAE         MAPE        RMSE        Speed (/iter)   Time Cost   
	0000    6.1944      0.8294      135.3909%   0.9977      0.3810 s        0.38 s      
	0100    5.4456      0.5883      209.7907%   0.7510      0.0260 s        2.98 s      
	0200    4.5867      0.3631      218.0391%   0.5134      0.0289 s        5.87 s      
	0300    4.2688      0.3342      203.2645%   0.4820      0.0282 s        8.69 s      
	0400    3.7263      0.3202      198.1254%   0.4666      0.0282 s        11.50 s     
	0500    1.6281      0.3109      193.6433%   0.4559      0.0329 s        14.79 s     
State: <vali>
	iter    Loss        MAE         MAPE        RMSE        Speed (/iter)   Time Cost   
	0000    0.2664      0.2664      203.7911%   0.4154      0.0276 s        0.03 s      
State: <test>
	iter    Loss        MAE         MAPE        RMSE        Speed (/iter)   Time Cost   
	0000    0.2845      0.2845      143.3696%   0.4253      0.0323 s        0.03 s      
	0100    0.2983      0.2983      159.6731%   0.4470      0.0568 s        5.72 s      
Info Report: <Epoch 001> 
	State   Avg. Loss   Avg. MAE    Avg. MAPE   Avg. RMSE   Time Cost   
	train   3.4836      0.3737      203.0828%   0.5234      18.16 s     
	vali    0.2658      0.2658      202.9797%   0.4125      3.15 s      
	test    0.2953      0.2953      173.7363%   0.4470      10.01 s     
<Latest 5>	1           
    Loss	0.2953      

Epoch: 002
State: <train>
	iter    Loss        MAE         MAPE        RMSE        Speed (/iter)   Time Cost   
	0000    0.3172      0.3020      184.3439%   0.4456      0.0519 s        0.05 s      
	0100    0.3132      0.3006      190.6633%   0.4452      0.0488 s        4.93 s      
	0200    0.3051      0.2955      188.7121%   0.4397      0.0350 s        8.43 s      
	0300    0.3014      0.2930      186.9894%   0.4370      0.0327 s        11.70 s     
	0400    0.2971      0.2894      186.3042%   0.4335      0.0307 s        14.78 s     
	0500    0.2951      0.2876      183.4592%   0.4318      0.0282 s        17.60 s     
State: <vali>
	iter    Loss        MAE         MAPE        RMSE        Speed (/iter)   Time Cost   
	0000    0.2568      0.2568      209.8697%   0.4023      0.0299 s        0.03 s      
State: <test>
	iter    Loss        MAE         MAPE        RMSE        Speed (/iter)   Time Cost   
	0000    0.2619      0.2619      136.9762%   0.3982      0.0501 s        0.05 s      
	0100    0.2787      0.2787      150.3824%   0.4236      0.0355 s        3.60 s      
Info Report: <Epoch 002> 
	State   Avg. Loss   Avg. MAE    Avg. MAPE   Avg. RMSE   Time Cost   
	train   0.3010      0.2920      186.9085%   0.4361      19.95 s     
	vali    0.2501      0.2501      195.4250%   0.3939      3.54 s      
	test    0.2761      0.2761      164.5612%   0.4232      5.17 s      
<Latest 5>	1           2           
    Loss	0.2953      0.2761      

Epoch: 003
State: <train>
	iter    Loss        MAE         MAPE        RMSE        Speed (/iter)   Time Cost   
	0000    0.2812      0.2731      172.3954%   0.4143      0.0231 s        0.02 s      
	0100    0.2884      0.2811      181.0443%   0.4240      0.0257 s        2.59 s      
	0200    0.2849      0.2777      179.7478%   0.4189      0.0278 s        5.37 s      
	0300    0.2838      0.2770      180.1191%   0.4181      0.0245 s        7.82 s      
	0400    0.2809      0.2739      178.7467%   0.4148      0.0243 s        10.25 s     
	0500    0.2807      0.2738      176.4256%   0.4145      0.0282 s        13.07 s     
State: <vali>
	iter    Loss        MAE         MAPE        RMSE        Speed (/iter)   Time Cost   
	0000    0.2399      0.2399      177.1721%   0.3757      0.0175 s        0.02 s      
State: <test>
	iter    Loss        MAE         MAPE        RMSE        Speed (/iter)   Time Cost   
	0000    0.2510      0.2510      129.2849%   0.3844      0.0354 s        0.04 s      
	0100    0.2672      0.2672      146.2031%   0.4086      0.0257 s        2.60 s      
Info Report: <Epoch 003> 
	State   Avg. Loss   Avg. MAE    Avg. MAPE   Avg. RMSE   Time Cost   
	train   0.2830      0.2760      179.2174%   0.4172      14.87 s     
	vali    0.2392      0.2392      189.1358%   0.3803      1.94 s      
	test    0.2638      0.2638      160.1892%   0.4069      4.01 s      
<Latest 5>	1           2           3           
    Loss	0.2953      0.2761      0.2638      

Epoch: 004
State: <train>
	iter    Loss        MAE         MAPE        RMSE        Speed (/iter)   Time Cost   
	0000    0.2771      0.2699      167.0323%   0.4074      0.0419 s        0.04 s      
	0100    0.2759      0.2692      176.6005%   0.4083      0.0267 s        2.71 s      
	0200    0.2742      0.2677      176.2999%   0.4060      0.0282 s        5.53 s      
	0300    0.2735      0.2668      174.1910%   0.4052      0.0386 s        9.40 s      
	0400    0.2717      0.2649      171.7947%   0.4025      0.0365 s        13.04 s     
	0500    0.2695      0.2630      174.2723%   0.4004      0.0260 s        15.64 s     
State: <vali>
	iter    Loss        MAE         MAPE        RMSE        Speed (/iter)   Time Cost   
	0000    0.2312      0.2312      183.2015%   0.3680      0.0188 s        0.02 s      
State: <test>
	iter    Loss        MAE         MAPE        RMSE        Speed (/iter)   Time Cost   
	0000    0.2433      0.2433      125.0320%   0.3721      0.0270 s        0.03 s      
	0100    0.2593      0.2593      141.7817%   0.3964      0.0268 s        2.71 s      
Info Report: <Epoch 004> 
	State   Avg. Loss   Avg. MAE    Avg. MAPE   Avg. RMSE   Time Cost   
	train   0.2725      0.2659      174.2652%   0.4039      17.58 s     
	vali    0.2321      0.2321      183.5111%   0.3690      1.69 s      
	test    0.2559      0.2559      155.9281%   0.3944      4.17 s      
<Latest 5>	1           2           3           4           
    Loss	0.2953      0.2761      0.2638      0.2559      

Epoch: 005
State: <train>
	iter    Loss        MAE         MAPE        RMSE        Speed (/iter)   Time Cost   
	0000    0.2821      0.2751      173.8636%   0.4204      0.0352 s        0.04 s      
	0100    0.2667      0.2601      170.8296%   0.3962      0.0253 s        2.56 s      
	0200    0.2666      0.2601      171.4373%   0.3962      0.0274 s        5.30 s      
	0300    0.2663      0.2596      172.7098%   0.3959      0.0251 s        7.81 s      
	0400    0.2646      0.2581      168.8489%   0.3934      0.0267 s        10.49 s     
	0500    0.2649      0.2586      169.3517%   0.3949      0.0261 s        13.09 s     
State: <vali>
	iter    Loss        MAE         MAPE        RMSE        Speed (/iter)   Time Cost   
	0000    0.2292      0.2292      168.1656%   0.3749      0.0153 s        0.02 s      
State: <test>
	iter    Loss        MAE         MAPE        RMSE        Speed (/iter)   Time Cost   
	0000    0.2348      0.2348      125.0962%   0.3614      0.0437 s        0.04 s      
	0100    0.2536      0.2536      139.9593%   0.3887      0.0462 s        4.66 s      
Info Report: <Epoch 005> 
	State   Avg. Loss   Avg. MAE    Avg. MAPE   Avg. RMSE   Time Cost   
	train   0.2656      0.2591      170.7076%   0.3950      14.97 s     
	vali    0.2276      0.2276      182.0260%   0.3628      2.28 s      
	test    0.2502      0.2502      154.1595%   0.3865      6.48 s      
<Latest 5>	1           2           3           4           5           
    Loss	0.2953      0.2761      0.2638      0.2559      0.2502      

Epoch: 006
State: <train>
	iter    Loss        MAE         MAPE        RMSE        Speed (/iter)   Time Cost   
	0000    0.2600      0.2533      172.0379%   0.3939      0.0254 s        0.03 s      
	0100    0.2631      0.2565      167.9556%   0.3916      0.0271 s        2.73 s      
	0200    0.2608      0.2545      169.6281%   0.3889      0.0240 s        5.13 s      
	0300    0.2593      0.2528      168.0386%   0.3869      0.0266 s        7.79 s      
	0400    0.2609      0.2543      166.7564%   0.3894      0.0255 s        10.34 s     
	0500    0.2599      0.2535      167.0799%   0.3882      0.0256 s        12.90 s     
State: <vali>
	iter    Loss        MAE         MAPE        RMSE        Speed (/iter)   Time Cost   
	0000    0.2183      0.2183      163.2716%   0.3452      0.0087 s        0.01 s      
State: <test>
	iter    Loss        MAE         MAPE        RMSE        Speed (/iter)   Time Cost   
	0000    0.2304      0.2304      122.9950%   0.3550      0.0289 s        0.03 s      
	0100    0.2501      0.2501      136.6061%   0.3839      0.0270 s        2.72 s      
Info Report: <Epoch 006> 
	State   Avg. Loss   Avg. MAE    Avg. MAPE   Avg. RMSE   Time Cost   
	train   0.2605      0.2541      167.8245%   0.3887      14.83 s     
	vali    0.2236      0.2236      178.6577%   0.3576      1.73 s      
	test    0.2469      0.2469      150.9315%   0.3820      4.13 s      
<Latest 5>	2           3           4           5           6           
    Loss	0.2761      0.2638      0.2559      0.2502      0.2469      

Epoch: 007
State: <train>
	iter    Loss        MAE         MAPE        RMSE        Speed (/iter)   Time Cost   
	0000    0.2731      0.2672      157.7563%   0.4091      0.0363 s        0.04 s      
	0100    0.2570      0.2505      166.5947%   0.3843      0.0261 s        2.64 s      
	0200    0.2571      0.2507      167.2825%   0.3844      0.0265 s        5.30 s      
	0300    0.2573      0.2505      166.6691%   0.3841      0.0384 s        9.14 s      
	0400    0.2577      0.2514      166.3772%   0.3855      0.0425 s        13.38 s     
	0500    0.2564      0.2502      163.7144%   0.3838      0.0266 s        16.04 s     
State: <vali>
	iter    Loss        MAE         MAPE        RMSE        Speed (/iter)   Time Cost   
	0000    0.2200      0.2200      171.4654%   0.3554      0.0309 s        0.03 s      
State: <test>
	iter    Loss        MAE         MAPE        RMSE        Speed (/iter)   Time Cost   
	0000    0.2266      0.2266      122.3922%   0.3511      0.0282 s        0.03 s      
	0100    0.2475      0.2475      135.8349%   0.3807      0.0236 s        2.39 s      
Info Report: <Epoch 007> 
	State   Avg. Loss   Avg. MAE    Avg. MAPE   Avg. RMSE   Time Cost   
	train   0.2568      0.2504      165.8868%   0.3840      17.86 s     
	vali    0.2212      0.2212      177.0158%   0.3545      2.00 s      
	test    0.2443      0.2443      150.0523%   0.3788      3.87 s      
<Latest 5>	3           4           5           6           7           
    Loss	0.2638      0.2559      0.2502      0.2469      0.2443      

Epoch: 008
State: <train>
	iter    Loss        MAE         MAPE        RMSE        Speed (/iter)   Time Cost   
	0000    0.2633      0.2565      157.1773%   0.3892      0.0314 s        0.03 s      
	0100    0.2543      0.2478      163.5163%   0.3811      0.0271 s        2.74 s      
	0200    0.2558      0.2493      164.5683%   0.3830      0.0232 s        5.05 s      
	0300    0.2533      0.2469      163.2239%   0.3797      0.0236 s        7.42 s      
	0400    0.2529      0.2465      165.4237%   0.3791      0.0257 s        9.99 s      
	0500    0.2533      0.2471      162.4562%   0.3792      0.0248 s        12.47 s     
State: <vali>
	iter    Loss        MAE         MAPE        RMSE        Speed (/iter)   Time Cost   
	0000    0.2196      0.2196      175.4779%   0.3529      0.0108 s        0.01 s      
State: <test>
	iter    Loss        MAE         MAPE        RMSE        Speed (/iter)   Time Cost   
	0000    0.2230      0.2230      120.5787%   0.3464      0.0296 s        0.03 s      
	0100    0.2455      0.2455      134.5020%   0.3775      0.0328 s        3.30 s      
Info Report: <Epoch 008> 
	State   Avg. Loss   Avg. MAE    Avg. MAPE   Avg. RMSE   Time Cost   
	train   0.2537      0.2474      164.0719%   0.3802      13.98 s     
	vali    0.2197      0.2197      176.8055%   0.3523      1.45 s      
	test    0.2421      0.2421      149.1110%   0.3754      5.15 s      
<Latest 5>	4           5           6           7           8           
    Loss	0.2559      0.2502      0.2469      0.2443      0.2421      

Epoch: 009
State: <train>
	iter    Loss        MAE         MAPE        RMSE        Speed (/iter)   Time Cost   
	0000    0.2508      0.2446      149.6999%   0.3791      0.0335 s        0.03 s      
	0100    0.2527      0.2463      162.4106%   0.3794      0.0313 s        3.16 s      
	0200    0.2517      0.2450      162.2640%   0.3769      0.0256 s        5.72 s      
	0300    0.2510      0.2447      163.1449%   0.3769      0.0231 s        8.03 s      
	0400    0.2503      0.2438      161.9076%   0.3755      0.0213 s        10.16 s     
	0500    0.2508      0.2444      163.9133%   0.3764      0.0236 s        12.53 s     
State: <vali>
	iter    Loss        MAE         MAPE        RMSE        Speed (/iter)   Time Cost   
	0000    0.2101      0.2101      159.8896%   0.3413      0.0105 s        0.01 s      
State: <test>
	iter    Loss        MAE         MAPE        RMSE        Speed (/iter)   Time Cost   
	0000    0.2201      0.2201      120.3486%   0.3434      0.0127 s        0.01 s      
	0100    0.2437      0.2437      134.1085%   0.3755      0.0164 s        1.65 s      
Info Report: <Epoch 009> 
	State   Avg. Loss   Avg. MAE    Avg. MAPE   Avg. RMSE   Time Cost   
	train   0.2513      0.2448      162.7556%   0.3770      14.41 s     
	vali    0.2176      0.2176      175.4786%   0.3498      1.63 s      
	test    0.2404      0.2404      148.5969%   0.3734      2.80 s      
<Latest 5>	5           6           7           8           9           
    Loss	0.2502      0.2469      0.2443      0.2421      0.2404      

Epoch: 010
State: <train>
	iter    Loss        MAE         MAPE        RMSE        Speed (/iter)   Time Cost   
	0000    0.2555      0.2493      173.7722%   0.3917      0.0235 s        0.02 s      
	0100    0.2484      0.2422      160.5094%   0.3734      0.0252 s        2.55 s      
	0200    0.2492      0.2430      160.4524%   0.3742      0.0239 s        4.94 s      
	0300    0.2498      0.2435      162.6723%   0.3758      0.0215 s        7.09 s      
	0400    0.2480      0.2419      160.8311%   0.3732      0.0251 s        9.60 s      
	0500    0.2492      0.2426      163.2824%   0.3743      0.0246 s        12.05 s     
State: <vali>
	iter    Loss        MAE         MAPE        RMSE        Speed (/iter)   Time Cost   
	0000    0.2200      0.2200      174.6100%   0.3556      0.0091 s        0.01 s      
State: <test>
	iter    Loss        MAE         MAPE        RMSE        Speed (/iter)   Time Cost   
	0000    0.2199      0.2199      120.6971%   0.3426      0.0254 s        0.03 s      
	0100    0.2430      0.2430      133.3728%   0.3739      0.0353 s        3.56 s      
Info Report: <Epoch 010> 
	State   Avg. Loss   Avg. MAE    Avg. MAPE   Avg. RMSE   Time Cost   
	train   0.2490      0.2426      161.6118%   0.3742      13.51 s     
	vali    0.2167      0.2167      175.0021%   0.3484      2.32 s      
	test    0.2397      0.2397      147.6785%   0.3719      4.42 s      
<Latest 5>	6           7           8           9           10          
    Loss	0.2469      0.2443      0.2421      0.2404      0.2397      

Epoch: 011
State: <train>
	iter    Loss        MAE         MAPE        RMSE        Speed (/iter)   Time Cost   
	0000    0.2477      0.2405      155.3491%   0.3706      0.0221 s        0.02 s      
	0100    0.2479      0.2416      159.9476%   0.3729      0.0222 s        2.24 s      
	0200    0.2475      0.2413      161.8913%   0.3722      0.0257 s        4.81 s      
	0300    0.2465      0.2401      160.6914%   0.3711      0.0226 s        7.08 s      
	0400    0.2467      0.2403      158.7547%   0.3714      0.0239 s        9.47 s      
	0500    0.2472      0.2406      159.9635%   0.3719      0.0262 s        12.08 s     
State: <vali>
	iter    Loss        MAE         MAPE        RMSE        Speed (/iter)   Time Cost   
	0000    0.2159      0.2159      181.5703%   0.3393      0.0140 s        0.01 s      
State: <test>
	iter    Loss        MAE         MAPE        RMSE        Speed (/iter)   Time Cost   
	0000    0.2162      0.2162      118.4506%   0.3375      0.0339 s        0.03 s      
	0100    0.2415      0.2415      133.4539%   0.3720      0.0236 s        2.39 s      
Info Report: <Epoch 011> 
	State   Avg. Loss   Avg. MAE    Avg. MAPE   Avg. RMSE   Time Cost   
	train   0.2471      0.2407      160.3831%   0.3718      13.55 s     
	vali    0.2156      0.2156      175.8662%   0.3470      1.57 s      
	test    0.2381      0.2381      148.1150%   0.3698      3.65 s      
<Latest 5>	7           8           9           10          11          
    Loss	0.2443      0.2421      0.2404      0.2397      0.2381      

Epoch: 012
State: <train>
	iter    Loss        MAE         MAPE        RMSE        Speed (/iter)   Time Cost   
	0000    0.2352      0.2289      170.7762%   0.3521      0.0418 s        0.04 s      
	0100    0.2447      0.2383      159.7416%   0.3688      0.0211 s        2.16 s      
	0200    0.2458      0.2397      158.7370%   0.3704      0.0221 s        4.37 s      
	0300    0.2460      0.2398      160.5857%   0.3707      0.0256 s        6.93 s      
	0400    0.2453      0.2389      160.7580%   0.3691      0.0275 s        9.68 s      
	0500    0.2465      0.2401      159.4989%   0.3714      0.0372 s        13.40 s     
State: <vali>
	iter    Loss        MAE         MAPE        RMSE        Speed (/iter)   Time Cost   
	0000    0.2094      0.2094      161.6142%   0.3345      0.0108 s        0.01 s      
State: <test>
	iter    Loss        MAE         MAPE        RMSE        Speed (/iter)   Time Cost   
	0000    0.2155      0.2155      118.3758%   0.3370      0.0109 s        0.01 s      
	0100    0.2406      0.2406      131.9114%   0.3714      0.0147 s        1.48 s      
Info Report: <Epoch 012> 
	State   Avg. Loss   Avg. MAE    Avg. MAPE   Avg. RMSE   Time Cost   
	train   0.2453      0.2390      159.5771%   0.3696      15.15 s     
	vali    0.2146      0.2146      172.7419%   0.3462      1.06 s      
	test    0.2373      0.2373      146.5335%   0.3693      2.38 s      
<Latest 5>	8           9           10          11          12          
    Loss	0.2421      0.2404      0.2397      0.2381      0.2373      

Epoch: 013
State: <train>
	iter    Loss        MAE         MAPE        RMSE        Speed (/iter)   Time Cost   
	0000    0.2467      0.2403      153.7743%   0.3682      0.0236 s        0.02 s      
	0100    0.2443      0.2380      158.6319%   0.3683      0.0254 s        2.57 s      
	0200    0.2437      0.2373      159.0337%   0.3668      0.0247 s        5.04 s      
	0300    0.2443      0.2378      159.4221%   0.3682      0.0203 s        7.06 s      
	0400    0.2429      0.2366      159.2576%   0.3664      0.0212 s        9.19 s      
	0500    0.2437      0.2375      158.4361%   0.3683      0.0269 s        11.87 s     
State: <vali>
	iter    Loss        MAE         MAPE        RMSE        Speed (/iter)   Time Cost   
	0000    0.2198      0.2198      178.1694%   0.3602      0.0119 s        0.01 s      
State: <test>
	iter    Loss        MAE         MAPE        RMSE        Speed (/iter)   Time Cost   
	0000    0.2154      0.2154      118.4816%   0.3368      0.0109 s        0.01 s      
	0100    0.2400      0.2400      131.1266%   0.3704      0.0139 s        1.40 s      
Info Report: <Epoch 013> 
	State   Avg. Loss   Avg. MAE    Avg. MAPE   Avg. RMSE   Time Cost   
	train   0.2438      0.2375      158.8519%   0.3676      13.59 s     
	vali    0.2138      0.2138      172.2073%   0.3450      1.02 s      
	test    0.2367      0.2367      145.3293%   0.3684      2.23 s      
<Latest 5>	9           10          11          12          13          
    Loss	0.2404      0.2397      0.2381      0.2373      0.2367      

Epoch: 014
State: <train>
	iter    Loss        MAE         MAPE        RMSE        Speed (/iter)   Time Cost   
	0000    0.2327      0.2265      161.5237%   0.3495      0.0210 s        0.02 s      
	0100    0.2426      0.2363      157.2065%   0.3661      0.0222 s        2.25 s      
	0200    0.2412      0.2350      159.3235%   0.3646      0.0254 s        4.79 s      
	0300    0.2432      0.2371      157.5382%   0.3673      0.0213 s        6.92 s      
	0400    0.2420      0.2358      157.8028%   0.3653      0.0229 s        9.21 s      
	0500    0.2426      0.2365      158.3161%   0.3665      0.0359 s        12.80 s     
State: <vali>
	iter    Loss        MAE         MAPE        RMSE        Speed (/iter)   Time Cost   
	0000    0.2133      0.2133      171.7727%   0.3550      0.0116 s        0.01 s      
State: <test>
	iter    Loss        MAE         MAPE        RMSE        Speed (/iter)   Time Cost   
	0000    0.2133      0.2133      120.7854%   0.3349      0.0122 s        0.01 s      
	0100    0.2393      0.2393      131.8906%   0.3695      0.0206 s        2.07 s      
Info Report: <Epoch 014> 
	State   Avg. Loss   Avg. MAE    Avg. MAPE   Avg. RMSE   Time Cost   
	train   0.2423      0.2361      158.0386%   0.3659      14.55 s     
	vali    0.2130      0.2130      173.4735%   0.3442      0.98 s      
	test    0.2358      0.2358      146.5474%   0.3673      3.35 s      
<Latest 5>	10          11          12          13          14          
    Loss	0.2397      0.2381      0.2373      0.2367      0.2358      

Epoch: 015
State: <train>
	iter    Loss        MAE         MAPE        RMSE        Speed (/iter)   Time Cost   
	0000    0.2309      0.2248      150.4898%   0.3453      0.0251 s        0.03 s      
	0100    0.2403      0.2339      156.1978%   0.3630      0.0248 s        2.51 s      
	0200    0.2416      0.2354      156.9521%   0.3655      0.0233 s        4.84 s      
	0300    0.2418      0.2355      156.7058%   0.3653      0.0258 s        7.42 s      
	0400    0.2414      0.2351      159.2488%   0.3646      0.0222 s        9.64 s      
	0500    0.2401      0.2338      156.6209%   0.3630      0.0259 s        12.23 s     
State: <vali>
	iter    Loss        MAE         MAPE        RMSE        Speed (/iter)   Time Cost   
	0000    0.2213      0.2213      186.9148%   0.3544      0.0088 s        0.01 s      
State: <test>
	iter    Loss        MAE         MAPE        RMSE        Speed (/iter)   Time Cost   
	0000    0.2105      0.2105      118.7876%   0.3303      0.0099 s        0.01 s      
	0100    0.2382      0.2382      131.2284%   0.3676      0.0231 s        2.32 s      
Info Report: <Epoch 015> 
	State   Avg. Loss   Avg. MAE    Avg. MAPE   Avg. RMSE   Time Cost   
	train   0.2411      0.2348      157.2236%   0.3643      14.03 s     
	vali    0.2122      0.2122      172.0373%   0.3431      1.26 s      
	test    0.2348      0.2348      145.5641%   0.3655      3.71 s      
<Latest 5>	11          12          13          14          15          
    Loss	0.2381      0.2373      0.2367      0.2358      0.2348      

Epoch: 016
State: <train>
	iter    Loss        MAE         MAPE        RMSE        Speed (/iter)   Time Cost   
	0000    0.2409      0.2339      153.8905%   0.3645      0.0334 s        0.03 s      
	0100    0.2410      0.2346      158.2027%   0.3640      0.0236 s        2.40 s      
	0200    0.2414      0.2349      155.9711%   0.3648      0.0363 s        6.03 s      
	0300    0.2403      0.2338      157.3435%   0.3628      0.0402 s        10.06 s     
	0400    0.2395      0.2332      157.8954%   0.3628      0.0263 s        12.68 s     
	0500    0.2383      0.2321      154.2011%   0.3602      0.0218 s        14.86 s     
State: <vali>
	iter    Loss        MAE         MAPE        RMSE        Speed (/iter)   Time Cost   
	0000    0.2163      0.2163      167.9744%   0.3499      0.0110 s        0.01 s      
State: <test>
	iter    Loss        MAE         MAPE        RMSE        Speed (/iter)   Time Cost   
	0000    0.2097      0.2097      119.3106%   0.3292      0.0125 s        0.01 s      
	0100    0.2378      0.2378      131.0847%   0.3671      0.0254 s        2.55 s      
Info Report: <Epoch 016> 
	State   Avg. Loss   Avg. MAE    Avg. MAPE   Avg. RMSE   Time Cost   
	train   0.2400      0.2337      156.5710%   0.3629      16.33 s     
	vali    0.2121      0.2121      172.8286%   0.3427      1.63 s      
	test    0.2344      0.2344      146.1413%   0.3650      3.74 s      
<Latest 5>	12          13          14          15          16          
    Loss	0.2373      0.2367      0.2358      0.2348      0.2344      

Epoch: 017
State: <train>
	iter    Loss        MAE         MAPE        RMSE        Speed (/iter)   Time Cost   
	0000    0.2377      0.2310      160.3583%   0.3587      0.0167 s        0.02 s      
	0100    0.2391      0.2329      154.9444%   0.3623      0.0225 s        2.27 s      
	0200    0.2386      0.2323      156.8141%   0.3606      0.0262 s        4.89 s      
	0300    0.2405      0.2340      158.7479%   0.3640      0.0231 s        7.21 s      
	0400    0.2399      0.2336      156.0299%   0.3627      0.0225 s        9.46 s      
	0500    0.2372      0.2308      154.9675%   0.3584      0.0254 s        12.00 s     
State: <vali>
	iter    Loss        MAE         MAPE        RMSE        Speed (/iter)   Time Cost   
	0000    0.2092      0.2092      156.6386%   0.3455      0.0131 s        0.01 s      
State: <test>
	iter    Loss        MAE         MAPE        RMSE        Speed (/iter)   Time Cost   
	0000    0.2084      0.2084      120.5717%   0.3277      0.0103 s        0.01 s      
	0100    0.2371      0.2371      130.4891%   0.3660      0.0196 s        1.97 s      
Info Report: <Epoch 017> 
	State   Avg. Loss   Avg. MAE    Avg. MAPE   Avg. RMSE   Time Cost   
	train   0.2389      0.2326      156.1717%   0.3614      13.74 s     
	vali    0.2114      0.2114      172.3171%   0.3421      1.14 s      
	test    0.2336      0.2336      145.1697%   0.3640      3.77 s      
<Latest 5>	13          14          15          16          17          
    Loss	0.2367      0.2358      0.2348      0.2344      0.2336      

Epoch: 018
State: <train>
	iter    Loss        MAE         MAPE        RMSE        Speed (/iter)   Time Cost   
	0000    0.2404      0.2344      151.5707%   0.3656      0.0301 s        0.03 s      
	0100    0.2382      0.2319      155.9892%   0.3606      0.0391 s        3.94 s      
	0200    0.2384      0.2321      154.9301%   0.3609      0.0209 s        6.03 s      
	0300    0.2391      0.2328      158.1755%   0.3619      0.0243 s        8.47 s      
	0400    0.2361      0.2299      153.0426%   0.3574      0.0257 s        11.03 s     
	0500    0.2370      0.2308      154.9213%   0.3591      0.0217 s        13.21 s     
State: <vali>
	iter    Loss        MAE         MAPE        RMSE        Speed (/iter)   Time Cost   
	0000    0.2162      0.2162      179.7224%   0.3536      0.0151 s        0.02 s      
State: <test>
	iter    Loss        MAE         MAPE        RMSE        Speed (/iter)   Time Cost   
	0000    0.2100      0.2100      118.7405%   0.3302      0.0332 s        0.03 s      
	0100    0.2374      0.2374      129.5673%   0.3671      0.0183 s        1.86 s      
Info Report: <Epoch 018> 
	State   Avg. Loss   Avg. MAE    Avg. MAPE   Avg. RMSE   Time Cost   
	train   0.2378      0.2316      155.3528%   0.3602      15.03 s     
	vali    0.2107      0.2107      169.9851%   0.3418      1.65 s      
	test    0.2340      0.2340      144.0712%   0.3652      3.11 s      
<Latest 5>	14          15          16          17          18          
    Loss	0.2358      0.2348      0.2344      0.2336      0.2340      

Epoch: 019
State: <train>
	iter    Loss        MAE         MAPE        RMSE        Speed (/iter)   Time Cost   
	0000    0.2257      0.2191      144.5688%   0.3463      0.0222 s        0.02 s      
	0100    0.2372      0.2309      156.4634%   0.3595      0.0252 s        2.54 s      
	0200    0.2355      0.2294      154.6028%   0.3569      0.0230 s        4.84 s      
	0300    0.2369      0.2308      153.4189%   0.3591      0.0219 s        7.03 s      
	0400    0.2372      0.2310      154.9245%   0.3598      0.0259 s        9.61 s      
	0500    0.2373      0.2310      155.5271%   0.3595      0.0229 s        11.91 s     
State: <vali>
	iter    Loss        MAE         MAPE        RMSE        Speed (/iter)   Time Cost   
	0000    0.2023      0.2023      151.4521%   0.3327      0.0143 s        0.01 s      
State: <test>
	iter    Loss        MAE         MAPE        RMSE        Speed (/iter)   Time Cost   
	0000    0.2076      0.2076      119.5024%   0.3266      0.0413 s        0.04 s      
	0100    0.2361      0.2361      129.8473%   0.3646      0.0340 s        3.44 s      
Info Report: <Epoch 019> 
	State   Avg. Loss   Avg. MAE    Avg. MAPE   Avg. RMSE   Time Cost   
	train   0.2368      0.2307      154.7677%   0.3591      13.37 s     
	vali    0.2100      0.2100      170.4132%   0.3405      2.27 s      
	test    0.2327      0.2327      144.6167%   0.3628      4.64 s      
<Latest 5>	15          16          17          18          19          
    Loss	0.2348      0.2344      0.2336      0.2340      0.2327      

Epoch: 020
State: <train>
	iter    Loss        MAE         MAPE        RMSE        Speed (/iter)   Time Cost   
	0000    0.2317      0.2256      157.5994%   0.3470      0.0309 s        0.03 s      
	0100    0.2369      0.2305      153.8093%   0.3592      0.0252 s        2.55 s      
	0200    0.2360      0.2299      155.1444%   0.3579      0.0237 s        4.92 s      
	0300    0.2360      0.2297      155.3563%   0.3578      0.0202 s        6.94 s      
	0400    0.2360      0.2297      154.9279%   0.3585      0.0211 s        9.05 s      
	0500    0.2349      0.2286      153.7706%   0.3558      0.0234 s        11.38 s     
State: <vali>
	iter    Loss        MAE         MAPE        RMSE        Speed (/iter)   Time Cost   
	0000    0.2130      0.2130      162.3678%   0.3492      0.0090 s        0.01 s      
State: <test>
	iter    Loss        MAE         MAPE        RMSE        Speed (/iter)   Time Cost   
	0000    0.2072      0.2072      118.1388%   0.3265      0.0107 s        0.01 s      
	0100    0.2365      0.2365      129.8666%   0.3653      0.0144 s        1.45 s      
Info Report: <Epoch 020> 
	State   Avg. Loss   Avg. MAE    Avg. MAPE   Avg. RMSE   Time Cost   
	train   0.2360      0.2298      154.5061%   0.3579      13.11 s     
	vali    0.2099      0.2099      170.8864%   0.3404      1.63 s      
	test    0.2330      0.2330      144.3379%   0.3633      2.28 s      
<Latest 5>	16          17          18          19          20          
    Loss	0.2344      0.2336      0.2340      0.2327      0.2330      

Epoch: 021
State: <train>
	iter    Loss        MAE         MAPE        RMSE        Speed (/iter)   Time Cost   
	0000    0.2286      0.2222      138.9133%   0.3466      0.0200 s        0.02 s      
	0100    0.2345      0.2283      153.6868%   0.3559      0.0229 s        2.31 s      
	0200    0.2352      0.2289      153.3184%   0.3569      0.0254 s        4.84 s      
	0300    0.2343      0.2285      154.8731%   0.3560      0.0217 s        7.02 s      
	0400    0.2357      0.2295      153.1686%   0.3578      0.0193 s        8.94 s      
	0500    0.2351      0.2290      154.1776%   0.3572      0.0273 s        11.67 s     
State: <vali>
	iter    Loss        MAE         MAPE        RMSE        Speed (/iter)   Time Cost   
	0000    0.2079      0.2079      150.7344%   0.3439      0.0309 s        0.03 s      
State: <test>
	iter    Loss        MAE         MAPE        RMSE        Speed (/iter)   Time Cost   
	0000    0.2063      0.2063      118.5917%   0.3250      0.0121 s        0.01 s      
	0100    0.2358      0.2358      129.5247%   0.3645      0.0142 s        1.43 s      
Info Report: <Epoch 021> 
	State   Avg. Loss   Avg. MAE    Avg. MAPE   Avg. RMSE   Time Cost   
	train   0.2350      0.2289      153.7585%   0.3568      14.45 s     
	vali    0.2093      0.2093      170.9109%   0.3397      1.53 s      
	test    0.2323      0.2323      144.2329%   0.3624      2.23 s      
<Latest 5>	17          18          19          20          21          
    Loss	0.2336      0.2340      0.2327      0.2330      0.2323      

Epoch: 022
State: <train>
	iter    Loss        MAE         MAPE        RMSE        Speed (/iter)   Time Cost   
	0000    0.2305      0.2240      156.0032%   0.3593      0.0209 s        0.02 s      
	0100    0.2339      0.2276      155.0832%   0.3548      0.0225 s        2.27 s      
	0200    0.2337      0.2274      152.6393%   0.3547      0.0249 s        4.76 s      
	0300    0.2344      0.2280      152.3174%   0.3555      0.0228 s        7.03 s      
	0400    0.2350      0.2288      154.0195%   0.3573      0.0202 s        9.06 s      
	0500    0.2335      0.2273      153.0827%   0.3548      0.0224 s        11.30 s     
State: <vali>
	iter    Loss        MAE         MAPE        RMSE        Speed (/iter)   Time Cost   
	0000    0.2105      0.2105      183.7084%   0.3406      0.0184 s        0.02 s      
State: <test>
	iter    Loss        MAE         MAPE        RMSE        Speed (/iter)   Time Cost   
	0000    0.2061      0.2061      119.7686%   0.3251      0.0274 s        0.03 s      
	0100    0.2352      0.2352      128.8596%   0.3642      0.0166 s        1.69 s      
Info Report: <Epoch 022> 
	State   Avg. Loss   Avg. MAE    Avg. MAPE   Avg. RMSE   Time Cost   
	train   0.2344      0.2281      153.2854%   0.3558      13.04 s     
	vali    0.2092      0.2092      170.8070%   0.3394      1.63 s      
	test    0.2319      0.2319      143.7962%   0.3622      2.45 s      
<Latest 5>	18          19          20          21          22          
    Loss	0.2340      0.2327      0.2330      0.2323      0.2319      

Epoch: 023
State: <train>
	iter    Loss        MAE         MAPE        RMSE        Speed (/iter)   Time Cost   
	0000    0.2414      0.2354      169.1264%   0.3601      0.0281 s        0.03 s      
	0100    0.2326      0.2265      154.0536%   0.3541      0.0224 s        2.27 s      
	0200    0.2332      0.2271      151.3015%   0.3544      0.0249 s        4.76 s      
	0300    0.2339      0.2276      152.8927%   0.3555      0.0227 s        7.03 s      
	0400    0.2333      0.2270      153.8075%   0.3543      0.0192 s        8.96 s      
	0500    0.2337      0.2274      151.8570%   0.3551      0.0271 s        11.66 s     
State: <vali>
	iter    Loss        MAE         MAPE        RMSE        Speed (/iter)   Time Cost   
	0000    0.2115      0.2115      170.7200%   0.3426      0.0118 s        0.01 s      
State: <test>
	iter    Loss        MAE         MAPE        RMSE        Speed (/iter)   Time Cost   
	0000    0.2063      0.2063      120.2906%   0.3255      0.0113 s        0.01 s      
	0100    0.2351      0.2351      129.1247%   0.3634      0.0168 s        1.70 s      
Info Report: <Epoch 023> 
	State   Avg. Loss   Avg. MAE    Avg. MAPE   Avg. RMSE   Time Cost   
	train   0.2335      0.2273      152.7777%   0.3549      14.30 s     
	vali    0.2089      0.2089      169.7412%   0.3390      1.47 s      
	test    0.2317      0.2317      143.8153%   0.3614      2.87 s      
<Latest 5>	19          20          21          22          23          
    Loss	0.2327      0.2330      0.2323      0.2319      0.2317      

Epoch: 024
State: <train>
	iter    Loss        MAE         MAPE        RMSE        Speed (/iter)   Time Cost   
	0000    0.2258      0.2195      165.9254%   0.3417      0.0350 s        0.03 s      
	0100    0.2323      0.2261      152.7297%   0.3533      0.0246 s        2.50 s      
	0200    0.2318      0.2256      152.9149%   0.3524      0.0238 s        4.87 s      
	0300    0.2335      0.2272      151.6815%   0.3552      0.0249 s        7.36 s      
	0400    0.2317      0.2255      153.0773%   0.3527      0.0241 s        9.77 s      
	0500    0.2341      0.2279      151.3088%   0.3558      0.0237 s        12.14 s     
State: <vali>
	iter    Loss        MAE         MAPE        RMSE        Speed (/iter)   Time Cost   
	0000    0.2061      0.2061      161.8303%   0.3451      0.0188 s        0.02 s      
State: <test>
	iter    Loss        MAE         MAPE        RMSE        Speed (/iter)   Time Cost   
	0000    0.2041      0.2041      117.6917%   0.3225      0.0112 s        0.01 s      
	0100    0.2350      0.2350      129.8300%   0.3636      0.0194 s        1.95 s      
Info Report: <Epoch 024> 
	State   Avg. Loss   Avg. MAE    Avg. MAPE   Avg. RMSE   Time Cost   
	train   0.2328      0.2266      152.4270%   0.3541      14.21 s     
	vali    0.2084      0.2084      169.8783%   0.3388      1.61 s      
	test    0.2313      0.2313      144.2670%   0.3614      3.37 s      
<Latest 5>	20          21          22          23          24          
    Loss	0.2330      0.2323      0.2319      0.2317      0.2313      

Epoch: 025
State: <train>
	iter    Loss        MAE         MAPE        RMSE        Speed (/iter)   Time Cost   
	0000    0.2487      0.2422      142.2422%   0.3827      0.0182 s        0.02 s      
	0100    0.2302      0.2241      151.1810%   0.3505      0.0256 s        2.58 s      
	0200    0.2316      0.2256      153.5543%   0.3521      0.0267 s        5.25 s      
	0300    0.2314      0.2254      150.4555%   0.3528      0.0394 s        9.19 s      
	0400    0.2338      0.2277      154.6045%   0.3559      0.0295 s        12.14 s     
	0500    0.2332      0.2270      151.9983%   0.3551      0.0256 s        14.70 s     
State: <vali>
	iter    Loss        MAE         MAPE        RMSE        Speed (/iter)   Time Cost   
	0000    0.2058      0.2058      159.2827%   0.3340      0.0130 s        0.01 s      
State: <test>
	iter    Loss        MAE         MAPE        RMSE        Speed (/iter)   Time Cost   
	0000    0.2043      0.2043      118.6904%   0.3220      0.0263 s        0.03 s      
	0100    0.2346      0.2346      129.0124%   0.3627      0.0234 s        2.36 s      
Info Report: <Epoch 025> 
	State   Avg. Loss   Avg. MAE    Avg. MAPE   Avg. RMSE   Time Cost   
	train   0.2320      0.2259      152.0073%   0.3531      16.17 s     
	vali    0.2082      0.2082      169.8376%   0.3386      1.23 s      
	test    0.2312      0.2312      143.6028%   0.3609      3.70 s      
<Latest 5>	21          22          23          24          25          
    Loss	0.2323      0.2319      0.2317      0.2313      0.2312      

Epoch: 026
State: <train>
	iter    Loss        MAE         MAPE        RMSE        Speed (/iter)   Time Cost   
	0000    0.2293      0.2228      157.4802%   0.3523      0.0371 s        0.04 s      
	0100    0.2311      0.2250      152.4940%   0.3520      0.0228 s        2.31 s      
	0200    0.2304      0.2242      150.7206%   0.3507      0.0208 s        4.40 s      
	0300    0.2325      0.2264      151.8917%   0.3543      0.0231 s        6.71 s      
	0400    0.2321      0.2259      151.5970%   0.3531      0.0261 s        9.31 s      
	0500    0.2311      0.2249      151.5433%   0.3513      0.0221 s        11.53 s     
State: <vali>
	iter    Loss        MAE         MAPE        RMSE        Speed (/iter)   Time Cost   
	0000    0.2009      0.2009      160.9884%   0.3261      0.0112 s        0.01 s      
State: <test>
	iter    Loss        MAE         MAPE        RMSE        Speed (/iter)   Time Cost   
	0000    0.2043      0.2043      119.3045%   0.3225      0.0284 s        0.03 s      
	0100    0.2339      0.2339      129.1547%   0.3622      0.0225 s        2.28 s      
Info Report: <Epoch 026> 
	State   Avg. Loss   Avg. MAE    Avg. MAPE   Avg. RMSE   Time Cost   
	train   0.2315      0.2253      151.4813%   0.3523      12.99 s     
	vali    0.2080      0.2080      169.5074%   0.3383      1.50 s      
	test    0.2305      0.2305      143.7250%   0.3603      4.11 s      
<Latest 5>	22          23          24          25          26          
    Loss	0.2319      0.2317      0.2313      0.2312      0.2305      

Epoch: 027
State: <train>
	iter    Loss        MAE         MAPE        RMSE        Speed (/iter)   Time Cost   
	0000    0.2309      0.2244      153.3165%   0.3447      0.0310 s        0.03 s      
	0100    0.2311      0.2250      149.7439%   0.3522      0.0243 s        2.46 s      
	0200    0.2313      0.2252      152.9627%   0.3525      0.0364 s        6.10 s      
	0300    0.2307      0.2247      150.5794%   0.3517      0.0237 s        8.47 s      
	0400    0.2309      0.2246      150.4482%   0.3511      0.0258 s        11.05 s     
	0500    0.2312      0.2249      151.1150%   0.3524      0.0236 s        13.40 s     
State: <vali>
	iter    Loss        MAE         MAPE        RMSE        Speed (/iter)   Time Cost   
	0000    0.2116      0.2116      169.8607%   0.3468      0.0112 s        0.01 s      
State: <test>
	iter    Loss        MAE         MAPE        RMSE        Speed (/iter)   Time Cost   
	0000    0.2034      0.2034      118.0941%   0.3214      0.0127 s        0.01 s      
	0100    0.2341      0.2341      128.8792%   0.3622      0.0242 s        2.43 s      
Info Report: <Epoch 027> 
	State   Avg. Loss   Avg. MAE    Avg. MAPE   Avg. RMSE   Time Cost   
	train   0.2308      0.2246      151.0408%   0.3515      14.99 s     
	vali    0.2077      0.2077      169.6241%   0.3377      1.62 s      
	test    0.2306      0.2306      143.7741%   0.3602      3.33 s      
<Latest 5>	23          24          25          26          27          
    Loss	0.2317      0.2313      0.2312      0.2305      0.2306      

Epoch: 028
State: <train>
	iter    Loss        MAE         MAPE        RMSE        Speed (/iter)   Time Cost   
	0000    0.2319      0.2251      146.8066%   0.3540      0.0218 s        0.02 s      
	0100    0.2293      0.2231      149.9832%   0.3497      0.0245 s        2.48 s      
	0200    0.2312      0.2249      151.3614%   0.3520      0.0259 s        5.06 s      
	0300    0.2311      0.2248      152.6339%   0.3519      0.0219 s        7.25 s      
	0400    0.2303      0.2243      149.5728%   0.3510      0.0264 s        9.89 s      
	0500    0.2294      0.2232      149.7515%   0.3494      0.0230 s        12.19 s     
State: <vali>
	iter    Loss        MAE         MAPE        RMSE        Speed (/iter)   Time Cost   
	0000    0.2155      0.2155      177.0262%   0.3558      0.0123 s        0.01 s      
State: <test>
	iter    Loss        MAE         MAPE        RMSE        Speed (/iter)   Time Cost   
	0000    0.2034      0.2034      118.4643%   0.3219      0.0492 s        0.05 s      
	0100    0.2338      0.2338      128.5131%   0.3618      0.0387 s        3.92 s      
Info Report: <Epoch 028> 
	State   Avg. Loss   Avg. MAE    Avg. MAPE   Avg. RMSE   Time Cost   
	train   0.2302      0.2240      150.6789%   0.3507      13.62 s     
	vali    0.2072      0.2072      169.1751%   0.3375      2.59 s      
	test    0.2303      0.2303      143.1669%   0.3599      5.19 s      
<Latest 5>	24          25          26          27          28          
    Loss	0.2313      0.2312      0.2305      0.2306      0.2303      

Epoch: 029
State: <train>
	iter    Loss        MAE         MAPE        RMSE        Speed (/iter)   Time Cost   
	0000    0.2350      0.2289      150.8795%   0.3593      0.0153 s        0.02 s      
	0100    0.2293      0.2231      150.1505%   0.3499      0.0252 s        2.54 s      
	0200    0.2291      0.2227      151.1724%   0.3488      0.0240 s        4.94 s      
	0300    0.2292      0.2231      150.4594%   0.3502      0.0253 s        7.47 s      
	0400    0.2308      0.2246      149.8390%   0.3518      0.0231 s        9.78 s      
	0500    0.2303      0.2240      150.1757%   0.3503      0.0249 s        12.27 s     
State: <vali>
	iter    Loss        MAE         MAPE        RMSE        Speed (/iter)   Time Cost   
	0000    0.2056      0.2056      168.6671%   0.3343      0.0112 s        0.01 s      
State: <test>
	iter    Loss        MAE         MAPE        RMSE        Speed (/iter)   Time Cost   
	0000    0.2029      0.2029      118.8824%   0.3209      0.0209 s        0.02 s      
	0100    0.2336      0.2336      128.6704%   0.3613      0.0161 s        1.63 s      
Info Report: <Epoch 029> 
	State   Avg. Loss   Avg. MAE    Avg. MAPE   Avg. RMSE   Time Cost   
	train   0.2297      0.2234      150.4343%   0.3500      14.02 s     
	vali    0.2073      0.2073      169.9046%   0.3372      1.32 s      
	test    0.2301      0.2301      143.6252%   0.3592      2.82 s      
<Latest 5>	25          26          27          28          29          
    Loss	0.2312      0.2305      0.2306      0.2303      0.2301      

Epoch: 030
State: <train>
	iter    Loss        MAE         MAPE        RMSE        Speed (/iter)   Time Cost   
	0000    0.2311      0.2249      144.1238%   0.3540      0.0400 s        0.04 s      
	0100    0.2282      0.2220      150.0308%   0.3478      0.0246 s        2.50 s      
	0200    0.2296      0.2234      150.0358%   0.3499      0.0236 s        4.86 s      
	0300    0.2284      0.2222      148.0683%   0.3485      0.0245 s        7.31 s      
	0400    0.2306      0.2241      151.1829%   0.3515      0.0306 s        10.38 s     
	0500    0.2289      0.2227      150.5994%   0.3491      0.0246 s        12.84 s     
State: <vali>
	iter    Loss        MAE         MAPE        RMSE        Speed (/iter)   Time Cost   
	0000    0.2101      0.2101      175.4578%   0.3385      0.0103 s        0.01 s      
State: <test>
	iter    Loss        MAE         MAPE        RMSE        Speed (/iter)   Time Cost   
	0000    0.2033      0.2033      120.6293%   0.3219      0.0246 s        0.02 s      
	0100    0.2335      0.2335      128.2923%   0.3613      0.0172 s        1.75 s      
Info Report: <Epoch 030> 
	State   Avg. Loss   Avg. MAE    Avg. MAPE   Avg. RMSE   Time Cost   
	train   0.2291      0.2229      150.1081%   0.3494      15.28 s     
	vali    0.2070      0.2070      168.4432%   0.3370      1.64 s      
	test    0.2301      0.2301      142.9345%   0.3595      2.86 s      
<Latest 5>	26          27          28          29          30          
    Loss	0.2305      0.2306      0.2303      0.2301      0.2301      

Epoch: 031
State: <train>
	iter    Loss        MAE         MAPE        RMSE        Speed (/iter)   Time Cost   
	0000    0.2283      0.2220      146.2505%   0.3462      0.0364 s        0.04 s      
	0100    0.2285      0.2223      150.8081%   0.3483      0.0257 s        2.60 s      
	0200    0.2290      0.2227      151.1843%   0.3496      0.0244 s        5.04 s      
	0300    0.2285      0.2221      149.8616%   0.3482      0.0215 s        7.20 s      
	0400    0.2289      0.2228      148.2768%   0.3495      0.0248 s        9.67 s      
	0500    0.2296      0.2232      150.6813%   0.3496      0.0251 s        12.19 s     
State: <vali>
	iter    Loss        MAE         MAPE        RMSE        Speed (/iter)   Time Cost   
	0000    0.2125      0.2125      169.6598%   0.3569      0.0150 s        0.01 s      
State: <test>
	iter    Loss        MAE         MAPE        RMSE        Speed (/iter)   Time Cost   
	0000    0.2026      0.2026      118.7762%   0.3205      0.0115 s        0.01 s      
	0100    0.2333      0.2333      127.9660%   0.3614      0.0152 s        1.53 s      
Info Report: <Epoch 031> 
	State   Avg. Loss   Avg. MAE    Avg. MAPE   Avg. RMSE   Time Cost   
	train   0.2286      0.2224      149.9781%   0.3487      13.67 s     
	vali    0.2070      0.2070      169.0866%   0.3370      1.11 s      
	test    0.2300      0.2300      143.1155%   0.3595      2.40 s      
<Latest 5>	27          28          29          30          31          
    Loss	0.2306      0.2303      0.2301      0.2301      0.2300      

Epoch: 032
State: <train>
	iter    Loss        MAE         MAPE        RMSE        Speed (/iter)   Time Cost   
	0000    0.2322      0.2255      154.2989%   0.3566      0.0207 s        0.02 s      
	0100    0.2287      0.2226      149.9602%   0.3491      0.0238 s        2.40 s      
	0200    0.2268      0.2207      148.6450%   0.3468      0.0256 s        4.96 s      
	0300    0.2292      0.2228      150.8367%   0.3494      0.0201 s        6.98 s      
	0400    0.2282      0.2219      150.1067%   0.3480      0.0225 s        9.23 s      
	0500    0.2274      0.2210      148.4138%   0.3468      0.0352 s        12.75 s     
State: <vali>
	iter    Loss        MAE         MAPE        RMSE        Speed (/iter)   Time Cost   
	0000    0.2139      0.2139      167.4533%   0.3553      0.0132 s        0.01 s      
State: <test>
	iter    Loss        MAE         MAPE        RMSE        Speed (/iter)   Time Cost   
	0000    0.2022      0.2022      116.8674%   0.3207      0.0106 s        0.01 s      
	0100    0.2328      0.2328      127.5138%   0.3607      0.0217 s        2.18 s      
Info Report: <Epoch 032> 
	State   Avg. Loss   Avg. MAE    Avg. MAPE   Avg. RMSE   Time Cost   
	train   0.2282      0.2219      149.4797%   0.3481      14.62 s     
	vali    0.2068      0.2068      168.6863%   0.3369      1.13 s      
	test    0.2295      0.2295      142.4593%   0.3588      3.48 s      
<Latest 5>	28          29          30          31          32          
    Loss	0.2303      0.2301      0.2301      0.2300      0.2295      

Epoch: 033
State: <train>
	iter    Loss        MAE         MAPE        RMSE        Speed (/iter)   Time Cost   
	0000    0.2268      0.2211      145.5225%   0.3499      0.0220 s        0.02 s      
	0100    0.2266      0.2203      149.3771%   0.3460      0.0244 s        2.46 s      
	0200    0.2271      0.2209      147.8204%   0.3468      0.0210 s        4.56 s      
	0300    0.2284      0.2222      149.3570%   0.3486      0.0247 s        7.04 s      
	0400    0.2282      0.2220      149.6699%   0.3483      0.0241 s        9.45 s      
	0500    0.2278      0.2216      149.1247%   0.3479      0.0203 s        11.48 s     
State: <vali>
	iter    Loss        MAE         MAPE        RMSE        Speed (/iter)   Time Cost   
	0000    0.2106      0.2106      164.4831%   0.3473      0.0122 s        0.01 s      
State: <test>
	iter    Loss        MAE         MAPE        RMSE        Speed (/iter)   Time Cost   
	0000    0.2018      0.2018      119.4227%   0.3207      0.0168 s        0.02 s      
	0100    0.2329      0.2329      128.3632%   0.3608      0.0212 s        2.14 s      
Info Report: <Epoch 033> 
	State   Avg. Loss   Avg. MAE    Avg. MAPE   Avg. RMSE   Time Cost   
	train   0.2276      0.2213      149.1197%   0.3474      12.87 s     
	vali    0.2064      0.2064      168.8254%   0.3365      1.05 s      
	test    0.2293      0.2293      143.2135%   0.3586      3.45 s      
<Latest 5>	29          30          31          32          33          
    Loss	0.2301      0.2301      0.2300      0.2295      0.2293      

Epoch: 034
State: <train>
	iter    Loss        MAE         MAPE        RMSE        Speed (/iter)   Time Cost   
	0000    0.2262      0.2197      133.3068%   0.3451      0.0360 s        0.04 s      
	0100    0.2267      0.2203      147.9361%   0.3457      0.0239 s        2.43 s      
	0200    0.2263      0.2200      148.6468%   0.3449      0.0221 s        4.63 s      
	0300    0.2267      0.2206      148.5250%   0.3463      0.0334 s        7.97 s      
	0400    0.2271      0.2209      148.9006%   0.3465      0.0296 s        10.93 s     
	0500    0.2289      0.2225      149.1223%   0.3498      0.0246 s        13.39 s     
State: <vali>
	iter    Loss        MAE         MAPE        RMSE        Speed (/iter)   Time Cost   
	0000    0.2021      0.2021      167.0194%   0.3303      0.0107 s        0.01 s      
State: <test>
	iter    Loss        MAE         MAPE        RMSE        Speed (/iter)   Time Cost   
	0000    0.2021      0.2021      119.2818%   0.3197      0.0109 s        0.01 s      
	0100    0.2330      0.2330      128.2898%   0.3604      0.0168 s        1.69 s      
Info Report: <Epoch 034> 
	State   Avg. Loss   Avg. MAE    Avg. MAPE   Avg. RMSE   Time Cost   
	train   0.2271      0.2209      148.7343%   0.3467      15.25 s     
	vali    0.2064      0.2064      169.2895%   0.3364      1.34 s      
	test    0.2294      0.2294      143.2488%   0.3584      2.83 s      
<Latest 5>	30          31          32          33          34          
    Loss	0.2301      0.2300      0.2295      0.2293      0.2294      

Epoch: 035
State: <train>
	iter    Loss        MAE         MAPE        RMSE        Speed (/iter)   Time Cost   
	0000    0.2369      0.2302      151.0705%   0.3617      0.0457 s        0.05 s      
	0100    0.2266      0.2206      149.0956%   0.3459      0.0254 s        2.59 s      
	0200    0.2268      0.2207      148.8770%   0.3472      0.0221 s        4.80 s      
	0300    0.2264      0.2202      149.4522%   0.3462      0.0225 s        7.05 s      
	0400    0.2263      0.2200      148.9000%   0.3454      0.0251 s        9.56 s      
	0500    0.2262      0.2199      147.4363%   0.3453      0.0228 s        11.84 s     
State: <vali>
	iter    Loss        MAE         MAPE        RMSE        Speed (/iter)   Time Cost   
	0000    0.2053      0.2053      172.9537%   0.3444      0.0140 s        0.01 s      
State: <test>
	iter    Loss        MAE         MAPE        RMSE        Speed (/iter)   Time Cost   
	0000    0.2021      0.2021      115.9668%   0.3209      0.0174 s        0.02 s      
	0100    0.2318      0.2318      126.8322%   0.3598      0.0155 s        1.57 s      
Info Report: <Epoch 035> 
	State   Avg. Loss   Avg. MAE    Avg. MAPE   Avg. RMSE   Time Cost   
	train   0.2265      0.2204      148.5735%   0.3461      13.31 s     
	vali    0.2059      0.2059      168.1591%   0.3359      1.00 s      
	test    0.2286      0.2286      141.8860%   0.3580      2.67 s      
<Latest 5>	31          32          33          34          35          
    Loss	0.2300      0.2295      0.2293      0.2294      0.2286      

Epoch: 036
State: <train>
	iter    Loss        MAE         MAPE        RMSE        Speed (/iter)   Time Cost   
	0000    0.2216      0.2159      157.0976%   0.3380      0.0341 s        0.03 s      
	0100    0.2245      0.2184      147.7649%   0.3431      0.0322 s        3.25 s      
	0200    0.2270      0.2204      148.0026%   0.3461      0.0235 s        5.61 s      
	0300    0.2258      0.2195      148.1232%   0.3448      0.0262 s        8.22 s      
	0400    0.2257      0.2196      148.5154%   0.3447      0.0244 s        10.66 s     
	0500    0.2271      0.2208      149.2052%   0.3475      0.0225 s        12.91 s     
State: <vali>
	iter    Loss        MAE         MAPE        RMSE        Speed (/iter)   Time Cost   
	0000    0.2059      0.2059      166.0113%   0.3354      0.0130 s        0.01 s      
State: <test>
	iter    Loss        MAE         MAPE        RMSE        Speed (/iter)   Time Cost   
	0000    0.2012      0.2012      119.9326%   0.3189      0.0205 s        0.02 s      
	0100    0.2321      0.2321      127.0684%   0.3595      0.0206 s        2.08 s      
Info Report: <Epoch 036> 
	State   Avg. Loss   Avg. MAE    Avg. MAPE   Avg. RMSE   Time Cost   
	train   0.2262      0.2200      148.2505%   0.3456      14.35 s     
	vali    0.2056      0.2056      167.7076%   0.3354      1.03 s      
	test    0.2288      0.2288      142.0737%   0.3578      3.40 s      
<Latest 5>	32          33          34          35          36          
    Loss	0.2295      0.2293      0.2294      0.2286      0.2288      

Epoch: 037
State: <train>
	iter    Loss        MAE         MAPE        RMSE        Speed (/iter)   Time Cost   
	0000    0.2300      0.2233      160.7949%   0.3424      0.0217 s        0.02 s      
	0100    0.2252      0.2191      148.4930%   0.3443      0.0242 s        2.44 s      
	0200    0.2251      0.2191      148.6316%   0.3443      0.0207 s        4.51 s      
	0300    0.2266      0.2202      147.4764%   0.3459      0.0223 s        6.74 s      
	0400    0.2253      0.2190      147.9892%   0.3438      0.0244 s        9.18 s      
	0500    0.2268      0.2207      147.5741%   0.3471      0.0236 s        11.54 s     
State: <vali>
	iter    Loss        MAE         MAPE        RMSE        Speed (/iter)   Time Cost   
	0000    0.2009      0.2009      146.3429%   0.3323      0.0112 s        0.01 s      
State: <test>
	iter    Loss        MAE         MAPE        RMSE        Speed (/iter)   Time Cost   
	0000    0.2002      0.2002      118.1943%   0.3180      0.0213 s        0.02 s      
	0100    0.2315      0.2315      127.1163%   0.3594      0.0193 s        1.95 s      
Info Report: <Epoch 037> 
	State   Avg. Loss   Avg. MAE    Avg. MAPE   Avg. RMSE   Time Cost   
	train   0.2258      0.2196      147.9952%   0.3451      12.92 s     
	vali    0.2055      0.2055      169.3512%   0.3355      0.96 s      
	test    0.2282      0.2282      142.5258%   0.3575      3.31 s      
<Latest 5>	33          34          35          36          37          
    Loss	0.2293      0.2294      0.2286      0.2288      0.2282      

Epoch: 038
State: <train>
	iter    Loss        MAE         MAPE        RMSE        Speed (/iter)   Time Cost   
	0000    0.2176      0.2115      152.1079%   0.3344      0.0470 s        0.05 s      
	0100    0.2257      0.2194      147.9242%   0.3455      0.0366 s        3.70 s      
	0200    0.2252      0.2191      148.6242%   0.3446      0.0363 s        7.33 s      
	0300    0.2253      0.2191      148.2344%   0.3441      0.0233 s        9.66 s      
	0400    0.2252      0.2191      148.6000%   0.3443      0.0258 s        12.24 s     
	0500    0.2249      0.2185      146.3869%   0.3435      0.0228 s        14.52 s     
State: <vali>
	iter    Loss        MAE         MAPE        RMSE        Speed (/iter)   Time Cost   
	0000    0.2057      0.2057      160.3257%   0.3328      0.0136 s        0.01 s      
State: <test>
	iter    Loss        MAE         MAPE        RMSE        Speed (/iter)   Time Cost   
	0000    0.2009      0.2009      119.0966%   0.3184      0.0141 s        0.01 s      
	0100    0.2317      0.2317      126.8322%   0.3595      0.0221 s        2.22 s      
Info Report: <Epoch 038> 
	State   Avg. Loss   Avg. MAE    Avg. MAPE   Avg. RMSE   Time Cost   
	train   0.2253      0.2191      147.7817%   0.3445      16.02 s     
	vali    0.2055      0.2055      166.7793%   0.3353      1.63 s      
	test    0.2286      0.2286      142.0270%   0.3577      3.29 s      
<Latest 5>	34          35          36          37          38          
    Loss	0.2294      0.2286      0.2288      0.2282      0.2286      

Epoch: 039
State: <train>
	iter    Loss        MAE         MAPE        RMSE        Speed (/iter)   Time Cost   
	0000    0.2214      0.2154      137.7415%   0.3419      0.0211 s        0.02 s      
	0100    0.2242      0.2180      145.9653%   0.3428      0.0247 s        2.49 s      
	0200    0.2256      0.2193      148.1133%   0.3451      0.0253 s        5.03 s      
	0300    0.2250      0.2186      147.9545%   0.3437      0.0208 s        7.11 s      
	0400    0.2249      0.2187      146.8783%   0.3437      0.0230 s        9.41 s      
	0500    0.2252      0.2190      148.9483%   0.3443      0.0249 s        11.90 s     
State: <vali>
	iter    Loss        MAE         MAPE        RMSE        Speed (/iter)   Time Cost   
	0000    0.2102      0.2102      164.0237%   0.3379      0.0092 s        0.01 s      
State: <test>
	iter    Loss        MAE         MAPE        RMSE        Speed (/iter)   Time Cost   
	0000    0.2009      0.2009      118.8926%   0.3192      0.0431 s        0.04 s      
	0100    0.2316      0.2316      127.0617%   0.3595      0.0382 s        3.87 s      
Info Report: <Epoch 039> 
	State   Avg. Loss   Avg. MAE    Avg. MAPE   Avg. RMSE   Time Cost   
	train   0.2250      0.2187      147.5967%   0.3440      13.51 s     
	vali    0.2054      0.2054      167.7729%   0.3355      1.82 s      
	test    0.2282      0.2282      142.2270%   0.3574      5.08 s      
<Latest 5>	35          36          37          38          39          
    Loss	0.2286      0.2288      0.2282      0.2286      0.2282      

Epoch: 040
State: <train>
	iter    Loss        MAE         MAPE        RMSE        Speed (/iter)   Time Cost   
	0000    0.2205      0.2145      152.9628%   0.3379      0.0254 s        0.03 s      
	0100    0.2239      0.2176      146.2643%   0.3423      0.0237 s        2.39 s      
	0200    0.2239      0.2177      147.0128%   0.3425      0.0247 s        4.86 s      
	0300    0.2244      0.2181      147.2796%   0.3430      0.0222 s        7.08 s      
	0400    0.2255      0.2192      148.1407%   0.3449      0.0218 s        9.27 s      
	0500    0.2254      0.2189      147.4335%   0.3441      0.0258 s        11.85 s     
State: <vali>
	iter    Loss        MAE         MAPE        RMSE        Speed (/iter)   Time Cost   
	0000    0.2071      0.2071      169.4931%   0.3472      0.0130 s        0.01 s      
State: <test>
	iter    Loss        MAE         MAPE        RMSE        Speed (/iter)   Time Cost   
	0000    0.2015      0.2015      117.7581%   0.3197      0.0149 s        0.01 s      
	0100    0.2318      0.2318      126.6836%   0.3590      0.0176 s        1.78 s      
Info Report: <Epoch 040> 
	State   Avg. Loss   Avg. MAE    Avg. MAPE   Avg. RMSE   Time Cost   
	train   0.2247      0.2184      147.2227%   0.3435      13.58 s     
	vali    0.2054      0.2054      167.5698%   0.3348      1.06 s      
	test    0.2286      0.2286      141.9380%   0.3572      3.22 s      
<Latest 5>	36          37          38          39          40          
    Loss	0.2288      0.2282      0.2286      0.2282      0.2286      

Epoch: 041
State: <train>
	iter    Loss        MAE         MAPE        RMSE        Speed (/iter)   Time Cost   
	0000    0.2238      0.2170      142.6956%   0.3418      0.0446 s        0.04 s      
	0100    0.2250      0.2184      146.7958%   0.3436      0.0269 s        2.74 s      
	0200    0.2242      0.2179      147.1834%   0.3427      0.0221 s        4.95 s      
	0300    0.2234      0.2170      148.9620%   0.3415      0.0254 s        7.48 s      
	0400    0.2233      0.2170      147.0374%   0.3414      0.0247 s        9.96 s      
	0500    0.2255      0.2193      146.6430%   0.3449      0.0373 s        13.69 s     
State: <vali>
	iter    Loss        MAE         MAPE        RMSE        Speed (/iter)   Time Cost   
	0000    0.2070      0.2070      171.0982%   0.3304      0.0130 s        0.01 s      
State: <test>
	iter    Loss        MAE         MAPE        RMSE        Speed (/iter)   Time Cost   
	0000    0.2003      0.2003      119.8346%   0.3167      0.0148 s        0.01 s      
	0100    0.2314      0.2314      127.7081%   0.3583      0.0203 s        2.05 s      
Info Report: <Epoch 041> 
	State   Avg. Loss   Avg. MAE    Avg. MAPE   Avg. RMSE   Time Cost   
	train   0.2243      0.2180      147.0101%   0.3429      15.79 s     
	vali    0.2051      0.2051      169.1416%   0.3348      1.18 s      
	test    0.2282      0.2282      143.1682%   0.3566      3.33 s      
<Latest 5>	37          38          39          40          41          
    Loss	0.2282      0.2286      0.2282      0.2286      0.2282      

Epoch: 042
State: <train>
	iter    Loss        MAE         MAPE        RMSE        Speed (/iter)   Time Cost   
	0000    0.2185      0.2127      142.5033%   0.3322      0.0303 s        0.03 s      
	0100    0.2239      0.2176      146.7768%   0.3425      0.0253 s        2.56 s      
	0200    0.2229      0.2168      146.8773%   0.3413      0.0208 s        4.64 s      
	0300    0.2241      0.2179      146.9682%   0.3429      0.0246 s        7.10 s      
	0400    0.2242      0.2181      146.0375%   0.3430      0.0256 s        9.66 s      
	0500    0.2238      0.2178      146.8064%   0.3427      0.0202 s        11.69 s     
State: <vali>
	iter    Loss        MAE         MAPE        RMSE        Speed (/iter)   Time Cost   
	0000    0.2073      0.2073      165.4768%   0.3292      0.0112 s        0.01 s      
State: <test>
	iter    Loss        MAE         MAPE        RMSE        Speed (/iter)   Time Cost   
	0000    0.2008      0.2008      117.4580%   0.3190      0.0140 s        0.01 s      
	0100    0.2311      0.2311      126.5430%   0.3585      0.0247 s        2.48 s      
Info Report: <Epoch 042> 
	State   Avg. Loss   Avg. MAE    Avg. MAPE   Avg. RMSE   Time Cost   
	train   0.2238      0.2176      146.8566%   0.3425      13.28 s     
	vali    0.2052      0.2052      167.8881%   0.3349      1.60 s      
	test    0.2278      0.2278      141.6800%   0.3566      3.34 s      
<Latest 5>	38          39          40          41          42          
    Loss	0.2286      0.2282      0.2286      0.2282      0.2278      

<Final Report>
	Idx     Avg. MAE    Avg. MAPE   Avg. RMSE   Avg. MSE    
	41      0.22816     143.1682%   36.21709%   0.13117     
	Notes: None
	Training finished!

Script finished. Total runtime: 839.44273 seconds
